running develop
Removing /home/kev/ldlidar_ros2_ws/install/map_remapper/lib/python3.10/site-packages/map-remapper.egg-link (link to .)
running egg_info
writing ../../build/map_remapper/map_remapper.egg-info/PKG-INFO
writing dependency_links to ../../build/map_remapper/map_remapper.egg-info/dependency_links.txt
writing entry points to ../../build/map_remapper/map_remapper.egg-info/entry_points.txt
writing requirements to ../../build/map_remapper/map_remapper.egg-info/requires.txt
writing top-level names to ../../build/map_remapper/map_remapper.egg-info/top_level.txt
reading manifest file '../../build/map_remapper/map_remapper.egg-info/SOURCES.txt'
writing manifest file '../../build/map_remapper/map_remapper.egg-info/SOURCES.txt'
running build
running build_py
running install
running install_lib
creating /home/kev/ldlidar_ros2_ws/install/map_remapper/lib/python3.10/site-packages/map_remapper
copying /home/kev/ldlidar_ros2_ws/build/map_remapper/build/lib/map_remapper/__init__.py -> /home/kev/ldlidar_ros2_ws/install/map_remapper/lib/python3.10/site-packages/map_remapper
copying /home/kev/ldlidar_ros2_ws/build/map_remapper/build/lib/map_remapper/map_remapper.py -> /home/kev/ldlidar_ros2_ws/install/map_remapper/lib/python3.10/site-packages/map_remapper
byte-compiling /home/kev/ldlidar_ros2_ws/install/map_remapper/lib/python3.10/site-packages/map_remapper/__init__.py to __init__.cpython-310.pyc
byte-compiling /home/kev/ldlidar_ros2_ws/install/map_remapper/lib/python3.10/site-packages/map_remapper/map_remapper.py to map_remapper.cpython-310.pyc
running install_data
copying resource/map_remapper -> /home/kev/ldlidar_ros2_ws/install/map_remapper/share/ament_index/resource_index/packages
copying package.xml -> /home/kev/ldlidar_ros2_ws/install/map_remapper/share/map_remapper
running install_egg_info
Copying ../../build/map_remapper/map_remapper.egg-info to /home/kev/ldlidar_ros2_ws/install/map_remapper/lib/python3.10/site-packages/map_remapper-0.0.0-py3.10.egg-info
running install_scripts
Installing map_remapper script to /home/kev/ldlidar_ros2_ws/install/map_remapper/lib/map_remapper
writing list of installed files to '/home/kev/ldlidar_ros2_ws/build/map_remapper/install.log'
