[0.894s] Invoking command in '/home/kev/ldlidar_ros2_ws/build/map_remapper': PYTHONPATH=/home/kev/ldlidar_ros2_ws/build/map_remapper/prefix_override:/home/kev/ldlidar_ros2_ws/install/map_remapper/lib/python3.10/site-packages:${PYTHONPATH} /usr/bin/python3 -W ignore:setup.py install is deprecated setup.py develop --uninstall --editable --build-directory /home/kev/ldlidar_ros2_ws/build/map_remapper/build
[1.100s] running develop
[1.100s] /usr/lib/python3/dist-packages/setuptools/command/easy_install.py:158: EasyInstallDeprecationWarning: easy_install command is deprecated. Use build and pip and other standards-based tools.
[1.100s]   warnings.warn(
[1.262s] Removing /home/kev/ldlidar_ros2_ws/install/map_remapper/lib/python3.10/site-packages/map-remapper.egg-link (link to .)
[1.287s] Invoked command in '/home/kev/ldlidar_ros2_ws/build/map_remapper' returned '0': PYTHONPATH=/home/kev/ldlidar_ros2_ws/build/map_remapper/prefix_override:/home/kev/ldlidar_ros2_ws/install/map_remapper/lib/python3.10/site-packages:${PYTHONPATH} /usr/bin/python3 -W ignore:setup.py install is deprecated setup.py develop --uninstall --editable --build-directory /home/kev/ldlidar_ros2_ws/build/map_remapper/build
[1.288s] Invoking command in '/home/kev/ldlidar_ros2_ws/src/map_remapper': PYTHONPATH=/home/kev/ldlidar_ros2_ws/build/map_remapper/prefix_override:/home/kev/ldlidar_ros2_ws/install/map_remapper/lib/python3.10/site-packages:${PYTHONPATH} /usr/bin/python3 -W ignore:setup.py install is deprecated setup.py egg_info --egg-base ../../build/map_remapper build --build-base /home/kev/ldlidar_ros2_ws/build/map_remapper/build install --record /home/kev/ldlidar_ros2_ws/build/map_remapper/install.log --single-version-externally-managed install_data --force
[1.471s] running egg_info
[1.471s] writing ../../build/map_remapper/map_remapper.egg-info/PKG-INFO
[1.472s] writing dependency_links to ../../build/map_remapper/map_remapper.egg-info/dependency_links.txt
[1.472s] writing entry points to ../../build/map_remapper/map_remapper.egg-info/entry_points.txt
[1.472s] writing requirements to ../../build/map_remapper/map_remapper.egg-info/requires.txt
[1.472s] writing top-level names to ../../build/map_remapper/map_remapper.egg-info/top_level.txt
[1.473s] reading manifest file '../../build/map_remapper/map_remapper.egg-info/SOURCES.txt'
[1.474s] writing manifest file '../../build/map_remapper/map_remapper.egg-info/SOURCES.txt'
[1.474s] running build
[1.474s] running build_py
[1.474s] running install
[1.474s] running install_lib
[1.475s] creating /home/kev/ldlidar_ros2_ws/install/map_remapper/lib/python3.10/site-packages/map_remapper
[1.475s] copying /home/kev/ldlidar_ros2_ws/build/map_remapper/build/lib/map_remapper/__init__.py -> /home/kev/ldlidar_ros2_ws/install/map_remapper/lib/python3.10/site-packages/map_remapper
[1.475s] copying /home/kev/ldlidar_ros2_ws/build/map_remapper/build/lib/map_remapper/map_remapper.py -> /home/kev/ldlidar_ros2_ws/install/map_remapper/lib/python3.10/site-packages/map_remapper
[1.476s] byte-compiling /home/kev/ldlidar_ros2_ws/install/map_remapper/lib/python3.10/site-packages/map_remapper/__init__.py to __init__.cpython-310.pyc
[1.476s] byte-compiling /home/kev/ldlidar_ros2_ws/install/map_remapper/lib/python3.10/site-packages/map_remapper/map_remapper.py to map_remapper.cpython-310.pyc
[1.476s] running install_data
[1.476s] copying resource/map_remapper -> /home/kev/ldlidar_ros2_ws/install/map_remapper/share/ament_index/resource_index/packages
[1.476s] copying package.xml -> /home/kev/ldlidar_ros2_ws/install/map_remapper/share/map_remapper
[1.477s] running install_egg_info
[1.478s] Copying ../../build/map_remapper/map_remapper.egg-info to /home/kev/ldlidar_ros2_ws/install/map_remapper/lib/python3.10/site-packages/map_remapper-0.0.0-py3.10.egg-info
[1.478s] running install_scripts
[1.499s] Installing map_remapper script to /home/kev/ldlidar_ros2_ws/install/map_remapper/lib/map_remapper
[1.499s] writing list of installed files to '/home/kev/ldlidar_ros2_ws/build/map_remapper/install.log'
[1.525s] Invoked command in '/home/kev/ldlidar_ros2_ws/src/map_remapper' returned '0': PYTHONPATH=/home/kev/ldlidar_ros2_ws/build/map_remapper/prefix_override:/home/kev/ldlidar_ros2_ws/install/map_remapper/lib/python3.10/site-packages:${PYTHONPATH} /usr/bin/python3 -W ignore:setup.py install is deprecated setup.py egg_info --egg-base ../../build/map_remapper build --build-base /home/kev/ldlidar_ros2_ws/build/map_remapper/build install --record /home/kev/ldlidar_ros2_ws/build/map_remapper/install.log --single-version-externally-managed install_data --force
