[0.071s] DEBUG:colcon:Command line arguments: ['/usr/bin/colcon', 'build']
[0.071s] DEBUG:colcon:Parsed command line arguments: Namespace(log_base=None, log_level=None, verb_name='build', build_base='build', install_base='install', merge_install=False, symlink_install=False, test_result_base=None, continue_on_error=False, executor='parallel', parallel_workers=8, event_handlers=None, ignore_user_meta=False, metas=['./colcon.meta'], base_paths=['.'], packages_ignore=None, packages_ignore_regex=None, paths=None, packages_up_to=None, packages_up_to_regex=None, packages_above=None, packages_above_and_dependencies=None, packages_above_depth=None, packages_select_by_dep=None, packages_skip_by_dep=None, packages_skip_up_to=None, packages_select_build_failed=False, packages_skip_build_finished=False, packages_select_test_failures=False, packages_skip_test_passed=False, packages_select=None, packages_skip=None, packages_select_regex=None, packages_skip_regex=None, packages_start=None, packages_end=None, allow_overriding=[], cmake_args=None, cmake_target=None, cmake_target_skip_unavailable=False, cmake_clean_cache=False, cmake_clean_first=False, cmake_force_configure=False, ament_cmake_args=None, catkin_cmake_args=None, catkin_skip_building_tests=False, mixin_files=None, mixin=None, verb_parser=<colcon_mixin.mixin.mixin_argument.MixinArgumentDecorator object at 0x7aca2862b6a0>, verb_extension=<colcon_core.verb.build.BuildVerb object at 0x7aca2871fd60>, main=<bound method BuildVerb.main of <colcon_core.verb.build.BuildVerb object at 0x7aca2871fd60>>, mixin_verb=('build',))
[0.189s] Level 1:colcon.colcon_core.package_discovery:discover_packages(colcon_meta) check parameters
[0.189s] Level 1:colcon.colcon_core.package_discovery:discover_packages(recursive) check parameters
[0.189s] Level 1:colcon.colcon_core.package_discovery:discover_packages(ignore) check parameters
[0.189s] Level 1:colcon.colcon_core.package_discovery:discover_packages(path) check parameters
[0.189s] Level 1:colcon.colcon_core.package_discovery:discover_packages(colcon_meta) discover
[0.189s] Level 1:colcon.colcon_core.package_discovery:discover_packages(recursive) discover
[0.189s] INFO:colcon.colcon_core.package_discovery:Crawling recursively for packages in '/home/kev/ldlidar_ros2_ws'
[0.189s] Level 1:colcon.colcon_core.package_identification:_identify(.) by extensions ['ignore', 'ignore_ament_install']
[0.189s] Level 1:colcon.colcon_core.package_identification:_identify(.) by extension 'ignore'
[0.189s] Level 1:colcon.colcon_core.package_identification:_identify(.) by extension 'ignore_ament_install'
[0.189s] Level 1:colcon.colcon_core.package_identification:_identify(.) by extensions ['colcon_pkg']
[0.189s] Level 1:colcon.colcon_core.package_identification:_identify(.) by extension 'colcon_pkg'
[0.189s] Level 1:colcon.colcon_core.package_identification:_identify(.) by extensions ['colcon_meta']
[0.189s] Level 1:colcon.colcon_core.package_identification:_identify(.) by extension 'colcon_meta'
[0.189s] Level 1:colcon.colcon_core.package_identification:_identify(.) by extensions ['ros']
[0.189s] Level 1:colcon.colcon_core.package_identification:_identify(.) by extension 'ros'
[0.197s] Level 1:colcon.colcon_core.package_identification:_identify(.) by extensions ['cmake', 'python']
[0.197s] Level 1:colcon.colcon_core.package_identification:_identify(.) by extension 'cmake'
[0.197s] Level 1:colcon.colcon_core.package_identification:_identify(.) by extension 'python'
[0.197s] Level 1:colcon.colcon_core.package_identification:_identify(.) by extensions ['python_setup_py']
[0.197s] Level 1:colcon.colcon_core.package_identification:_identify(.) by extension 'python_setup_py'
[0.198s] Level 1:colcon.colcon_core.package_identification:_identify(build) by extensions ['ignore', 'ignore_ament_install']
[0.198s] Level 1:colcon.colcon_core.package_identification:_identify(build) by extension 'ignore'
[0.198s] Level 1:colcon.colcon_core.package_identification:_identify(build) ignored
[0.198s] Level 1:colcon.colcon_core.package_identification:_identify(install) by extensions ['ignore', 'ignore_ament_install']
[0.198s] Level 1:colcon.colcon_core.package_identification:_identify(install) by extension 'ignore'
[0.198s] Level 1:colcon.colcon_core.package_identification:_identify(install) ignored
[0.198s] Level 1:colcon.colcon_core.package_identification:_identify(log) by extensions ['ignore', 'ignore_ament_install']
[0.198s] Level 1:colcon.colcon_core.package_identification:_identify(log) by extension 'ignore'
[0.198s] Level 1:colcon.colcon_core.package_identification:_identify(log) ignored
[0.198s] Level 1:colcon.colcon_core.package_identification:_identify(maps) by extensions ['ignore', 'ignore_ament_install']
[0.198s] Level 1:colcon.colcon_core.package_identification:_identify(maps) by extension 'ignore'
[0.198s] Level 1:colcon.colcon_core.package_identification:_identify(maps) by extension 'ignore_ament_install'
[0.198s] Level 1:colcon.colcon_core.package_identification:_identify(maps) by extensions ['colcon_pkg']
[0.198s] Level 1:colcon.colcon_core.package_identification:_identify(maps) by extension 'colcon_pkg'
[0.198s] Level 1:colcon.colcon_core.package_identification:_identify(maps) by extensions ['colcon_meta']
[0.198s] Level 1:colcon.colcon_core.package_identification:_identify(maps) by extension 'colcon_meta'
[0.198s] Level 1:colcon.colcon_core.package_identification:_identify(maps) by extensions ['ros']
[0.198s] Level 1:colcon.colcon_core.package_identification:_identify(maps) by extension 'ros'
[0.198s] Level 1:colcon.colcon_core.package_identification:_identify(maps) by extensions ['cmake', 'python']
[0.198s] Level 1:colcon.colcon_core.package_identification:_identify(maps) by extension 'cmake'
[0.199s] Level 1:colcon.colcon_core.package_identification:_identify(maps) by extension 'python'
[0.199s] Level 1:colcon.colcon_core.package_identification:_identify(maps) by extensions ['python_setup_py']
[0.199s] Level 1:colcon.colcon_core.package_identification:_identify(maps) by extension 'python_setup_py'
[0.199s] Level 1:colcon.colcon_core.package_identification:_identify(src) by extensions ['ignore', 'ignore_ament_install']
[0.199s] Level 1:colcon.colcon_core.package_identification:_identify(src) by extension 'ignore'
[0.199s] Level 1:colcon.colcon_core.package_identification:_identify(src) by extension 'ignore_ament_install'
[0.199s] Level 1:colcon.colcon_core.package_identification:_identify(src) by extensions ['colcon_pkg']
[0.199s] Level 1:colcon.colcon_core.package_identification:_identify(src) by extension 'colcon_pkg'
[0.199s] Level 1:colcon.colcon_core.package_identification:_identify(src) by extensions ['colcon_meta']
[0.199s] Level 1:colcon.colcon_core.package_identification:_identify(src) by extension 'colcon_meta'
[0.199s] Level 1:colcon.colcon_core.package_identification:_identify(src) by extensions ['ros']
[0.199s] Level 1:colcon.colcon_core.package_identification:_identify(src) by extension 'ros'
[0.199s] Level 1:colcon.colcon_core.package_identification:_identify(src) by extensions ['cmake', 'python']
[0.199s] Level 1:colcon.colcon_core.package_identification:_identify(src) by extension 'cmake'
[0.199s] Level 1:colcon.colcon_core.package_identification:_identify(src) by extension 'python'
[0.199s] Level 1:colcon.colcon_core.package_identification:_identify(src) by extensions ['python_setup_py']
[0.199s] Level 1:colcon.colcon_core.package_identification:_identify(src) by extension 'python_setup_py'
[0.199s] Level 1:colcon.colcon_core.package_identification:_identify(src/autonomous_exploration) by extensions ['ignore', 'ignore_ament_install']
[0.199s] Level 1:colcon.colcon_core.package_identification:_identify(src/autonomous_exploration) by extension 'ignore'
[0.199s] Level 1:colcon.colcon_core.package_identification:_identify(src/autonomous_exploration) by extension 'ignore_ament_install'
[0.199s] Level 1:colcon.colcon_core.package_identification:_identify(src/autonomous_exploration) by extensions ['colcon_pkg']
[0.199s] Level 1:colcon.colcon_core.package_identification:_identify(src/autonomous_exploration) by extension 'colcon_pkg'
[0.199s] Level 1:colcon.colcon_core.package_identification:_identify(src/autonomous_exploration) by extensions ['colcon_meta']
[0.199s] Level 1:colcon.colcon_core.package_identification:_identify(src/autonomous_exploration) by extension 'colcon_meta'
[0.199s] Level 1:colcon.colcon_core.package_identification:_identify(src/autonomous_exploration) by extensions ['ros']
[0.199s] Level 1:colcon.colcon_core.package_identification:_identify(src/autonomous_exploration) by extension 'ros'
[0.201s] DEBUG:colcon.colcon_core.package_identification:Package 'src/autonomous_exploration' with type 'ros.ament_python' and name 'autonomous_exploration'
[0.201s] Level 1:colcon.colcon_core.package_identification:_identify(src/lidar_cartographer) by extensions ['ignore', 'ignore_ament_install']
[0.201s] Level 1:colcon.colcon_core.package_identification:_identify(src/lidar_cartographer) by extension 'ignore'
[0.201s] Level 1:colcon.colcon_core.package_identification:_identify(src/lidar_cartographer) by extension 'ignore_ament_install'
[0.201s] Level 1:colcon.colcon_core.package_identification:_identify(src/lidar_cartographer) by extensions ['colcon_pkg']
[0.201s] Level 1:colcon.colcon_core.package_identification:_identify(src/lidar_cartographer) by extension 'colcon_pkg'
[0.201s] Level 1:colcon.colcon_core.package_identification:_identify(src/lidar_cartographer) by extensions ['colcon_meta']
[0.201s] Level 1:colcon.colcon_core.package_identification:_identify(src/lidar_cartographer) by extension 'colcon_meta'
[0.202s] Level 1:colcon.colcon_core.package_identification:_identify(src/lidar_cartographer) by extensions ['ros']
[0.202s] Level 1:colcon.colcon_core.package_identification:_identify(src/lidar_cartographer) by extension 'ros'
[0.202s] DEBUG:colcon.colcon_core.package_identification:Package 'src/lidar_cartographer' with type 'ros.ament_cmake' and name 'lidar_cartographer'
[0.202s] Level 1:colcon.colcon_core.package_identification:_identify(src/map_remapper) by extensions ['ignore', 'ignore_ament_install']
[0.202s] Level 1:colcon.colcon_core.package_identification:_identify(src/map_remapper) by extension 'ignore'
[0.202s] Level 1:colcon.colcon_core.package_identification:_identify(src/map_remapper) by extension 'ignore_ament_install'
[0.202s] Level 1:colcon.colcon_core.package_identification:_identify(src/map_remapper) by extensions ['colcon_pkg']
[0.202s] Level 1:colcon.colcon_core.package_identification:_identify(src/map_remapper) by extension 'colcon_pkg'
[0.202s] Level 1:colcon.colcon_core.package_identification:_identify(src/map_remapper) by extensions ['colcon_meta']
[0.202s] Level 1:colcon.colcon_core.package_identification:_identify(src/map_remapper) by extension 'colcon_meta'
[0.202s] Level 1:colcon.colcon_core.package_identification:_identify(src/map_remapper) by extensions ['ros']
[0.202s] Level 1:colcon.colcon_core.package_identification:_identify(src/map_remapper) by extension 'ros'
[0.202s] DEBUG:colcon.colcon_core.package_identification:Package 'src/map_remapper' with type 'ros.ament_python' and name 'map_remapper'
[0.203s] Level 1:colcon.colcon_core.package_identification:_identify(src/my_turtlebot3_simulations) by extensions ['ignore', 'ignore_ament_install']
[0.203s] Level 1:colcon.colcon_core.package_identification:_identify(src/my_turtlebot3_simulations) by extension 'ignore'
[0.203s] Level 1:colcon.colcon_core.package_identification:_identify(src/my_turtlebot3_simulations) by extension 'ignore_ament_install'
[0.203s] Level 1:colcon.colcon_core.package_identification:_identify(src/my_turtlebot3_simulations) by extensions ['colcon_pkg']
[0.203s] Level 1:colcon.colcon_core.package_identification:_identify(src/my_turtlebot3_simulations) by extension 'colcon_pkg'
[0.203s] Level 1:colcon.colcon_core.package_identification:_identify(src/my_turtlebot3_simulations) by extensions ['colcon_meta']
[0.203s] Level 1:colcon.colcon_core.package_identification:_identify(src/my_turtlebot3_simulations) by extension 'colcon_meta'
[0.203s] Level 1:colcon.colcon_core.package_identification:_identify(src/my_turtlebot3_simulations) by extensions ['ros']
[0.203s] Level 1:colcon.colcon_core.package_identification:_identify(src/my_turtlebot3_simulations) by extension 'ros'
[0.203s] DEBUG:colcon.colcon_core.package_identification:Package 'src/my_turtlebot3_simulations' with type 'ros.ament_python' and name 'my_turtlebot3_simulations'
[0.203s] Level 1:colcon.colcon_core.package_identification:_identify(src/remapping) by extensions ['ignore', 'ignore_ament_install']
[0.203s] Level 1:colcon.colcon_core.package_identification:_identify(src/remapping) by extension 'ignore'
[0.203s] Level 1:colcon.colcon_core.package_identification:_identify(src/remapping) by extension 'ignore_ament_install'
[0.203s] Level 1:colcon.colcon_core.package_identification:_identify(src/remapping) by extensions ['colcon_pkg']
[0.203s] Level 1:colcon.colcon_core.package_identification:_identify(src/remapping) by extension 'colcon_pkg'
[0.203s] Level 1:colcon.colcon_core.package_identification:_identify(src/remapping) by extensions ['colcon_meta']
[0.203s] Level 1:colcon.colcon_core.package_identification:_identify(src/remapping) by extension 'colcon_meta'
[0.203s] Level 1:colcon.colcon_core.package_identification:_identify(src/remapping) by extensions ['ros']
[0.203s] Level 1:colcon.colcon_core.package_identification:_identify(src/remapping) by extension 'ros'
[0.204s] DEBUG:colcon.colcon_core.package_identification:Package 'src/remapping' with type 'ros.ament_python' and name 'remapping'
[0.204s] Level 1:colcon.colcon_core.package_identification:_identify(src/rf2o_laser_odometry) by extensions ['ignore', 'ignore_ament_install']
[0.204s] Level 1:colcon.colcon_core.package_identification:_identify(src/rf2o_laser_odometry) by extension 'ignore'
[0.204s] Level 1:colcon.colcon_core.package_identification:_identify(src/rf2o_laser_odometry) by extension 'ignore_ament_install'
[0.204s] Level 1:colcon.colcon_core.package_identification:_identify(src/rf2o_laser_odometry) by extensions ['colcon_pkg']
[0.204s] Level 1:colcon.colcon_core.package_identification:_identify(src/rf2o_laser_odometry) by extension 'colcon_pkg'
[0.204s] Level 1:colcon.colcon_core.package_identification:_identify(src/rf2o_laser_odometry) by extensions ['colcon_meta']
[0.204s] Level 1:colcon.colcon_core.package_identification:_identify(src/rf2o_laser_odometry) by extension 'colcon_meta'
[0.204s] Level 1:colcon.colcon_core.package_identification:_identify(src/rf2o_laser_odometry) by extensions ['ros']
[0.204s] Level 1:colcon.colcon_core.package_identification:_identify(src/rf2o_laser_odometry) by extension 'ros'
[0.204s] DEBUG:colcon.colcon_core.package_identification:Package 'src/rf2o_laser_odometry' with type 'ros.ament_cmake' and name 'rf2o_laser_odometry'
[0.204s] Level 1:colcon.colcon_core.package_identification:_identify(src/toolbox_lidar) by extensions ['ignore', 'ignore_ament_install']
[0.204s] Level 1:colcon.colcon_core.package_identification:_identify(src/toolbox_lidar) by extension 'ignore'
[0.204s] Level 1:colcon.colcon_core.package_identification:_identify(src/toolbox_lidar) by extension 'ignore_ament_install'
[0.205s] Level 1:colcon.colcon_core.package_identification:_identify(src/toolbox_lidar) by extensions ['colcon_pkg']
[0.205s] Level 1:colcon.colcon_core.package_identification:_identify(src/toolbox_lidar) by extension 'colcon_pkg'
[0.205s] Level 1:colcon.colcon_core.package_identification:_identify(src/toolbox_lidar) by extensions ['colcon_meta']
[0.205s] Level 1:colcon.colcon_core.package_identification:_identify(src/toolbox_lidar) by extension 'colcon_meta'
[0.205s] Level 1:colcon.colcon_core.package_identification:_identify(src/toolbox_lidar) by extensions ['ros']
[0.205s] Level 1:colcon.colcon_core.package_identification:_identify(src/toolbox_lidar) by extension 'ros'
[0.205s] DEBUG:colcon.colcon_core.package_identification:Package 'src/toolbox_lidar' with type 'ros.ament_cmake' and name 'toolbox_lidar'
[0.205s] Level 1:colcon.colcon_core.package_discovery:discover_packages(recursive) using defaults
[0.205s] Level 1:colcon.colcon_core.package_discovery:discover_packages(ignore) discover
[0.205s] Level 1:colcon.colcon_core.package_discovery:discover_packages(ignore) using defaults
[0.205s] Level 1:colcon.colcon_core.package_discovery:discover_packages(path) discover
[0.205s] Level 1:colcon.colcon_core.package_discovery:discover_packages(path) using defaults
[0.227s] Level 1:colcon.colcon_core.package_discovery:discover_packages(prefix_path) check parameters
[0.227s] Level 1:colcon.colcon_core.package_discovery:discover_packages(prefix_path) discover
[0.228s] DEBUG:colcon.colcon_installed_package_information.package_discovery:Found 9 installed packages in /home/kev/ldlidar_ros2_ws/install
[0.230s] DEBUG:colcon.colcon_installed_package_information.package_discovery:Found 423 installed packages in /opt/ros/humble
[0.232s] Level 1:colcon.colcon_core.package_discovery:discover_packages(prefix_path) using defaults
[0.265s] Level 5:colcon.colcon_core.verb:set package 'autonomous_exploration' build argument 'cmake_args' from command line to 'None'
[0.265s] Level 5:colcon.colcon_core.verb:set package 'autonomous_exploration' build argument 'cmake_target' from command line to 'None'
[0.265s] Level 5:colcon.colcon_core.verb:set package 'autonomous_exploration' build argument 'cmake_target_skip_unavailable' from command line to 'False'
[0.265s] Level 5:colcon.colcon_core.verb:set package 'autonomous_exploration' build argument 'cmake_clean_cache' from command line to 'False'
[0.265s] Level 5:colcon.colcon_core.verb:set package 'autonomous_exploration' build argument 'cmake_clean_first' from command line to 'False'
[0.265s] Level 5:colcon.colcon_core.verb:set package 'autonomous_exploration' build argument 'cmake_force_configure' from command line to 'False'
[0.265s] Level 5:colcon.colcon_core.verb:set package 'autonomous_exploration' build argument 'ament_cmake_args' from command line to 'None'
[0.265s] Level 5:colcon.colcon_core.verb:set package 'autonomous_exploration' build argument 'catkin_cmake_args' from command line to 'None'
[0.265s] Level 5:colcon.colcon_core.verb:set package 'autonomous_exploration' build argument 'catkin_skip_building_tests' from command line to 'False'
[0.265s] DEBUG:colcon.colcon_core.verb:Building package 'autonomous_exploration' with the following arguments: {'ament_cmake_args': None, 'build_base': '/home/kev/ldlidar_ros2_ws/build/autonomous_exploration', 'catkin_cmake_args': None, 'catkin_skip_building_tests': False, 'cmake_args': None, 'cmake_clean_cache': False, 'cmake_clean_first': False, 'cmake_force_configure': False, 'cmake_target': None, 'cmake_target_skip_unavailable': False, 'install_base': '/home/kev/ldlidar_ros2_ws/install/autonomous_exploration', 'merge_install': False, 'path': '/home/kev/ldlidar_ros2_ws/src/autonomous_exploration', 'symlink_install': False, 'test_result_base': None}
[0.265s] Level 5:colcon.colcon_core.verb:set package 'lidar_cartographer' build argument 'cmake_args' from command line to 'None'
[0.265s] Level 5:colcon.colcon_core.verb:set package 'lidar_cartographer' build argument 'cmake_target' from command line to 'None'
[0.265s] Level 5:colcon.colcon_core.verb:set package 'lidar_cartographer' build argument 'cmake_target_skip_unavailable' from command line to 'False'
[0.265s] Level 5:colcon.colcon_core.verb:set package 'lidar_cartographer' build argument 'cmake_clean_cache' from command line to 'False'
[0.265s] Level 5:colcon.colcon_core.verb:set package 'lidar_cartographer' build argument 'cmake_clean_first' from command line to 'False'
[0.265s] Level 5:colcon.colcon_core.verb:set package 'lidar_cartographer' build argument 'cmake_force_configure' from command line to 'False'
[0.265s] Level 5:colcon.colcon_core.verb:set package 'lidar_cartographer' build argument 'ament_cmake_args' from command line to 'None'
[0.265s] Level 5:colcon.colcon_core.verb:set package 'lidar_cartographer' build argument 'catkin_cmake_args' from command line to 'None'
[0.265s] Level 5:colcon.colcon_core.verb:set package 'lidar_cartographer' build argument 'catkin_skip_building_tests' from command line to 'False'
[0.266s] DEBUG:colcon.colcon_core.verb:Building package 'lidar_cartographer' with the following arguments: {'ament_cmake_args': None, 'build_base': '/home/kev/ldlidar_ros2_ws/build/lidar_cartographer', 'catkin_cmake_args': None, 'catkin_skip_building_tests': False, 'cmake_args': None, 'cmake_clean_cache': False, 'cmake_clean_first': False, 'cmake_force_configure': False, 'cmake_target': None, 'cmake_target_skip_unavailable': False, 'install_base': '/home/kev/ldlidar_ros2_ws/install/lidar_cartographer', 'merge_install': False, 'path': '/home/kev/ldlidar_ros2_ws/src/lidar_cartographer', 'symlink_install': False, 'test_result_base': None}
[0.266s] Level 5:colcon.colcon_core.verb:set package 'map_remapper' build argument 'cmake_args' from command line to 'None'
[0.266s] Level 5:colcon.colcon_core.verb:set package 'map_remapper' build argument 'cmake_target' from command line to 'None'
[0.266s] Level 5:colcon.colcon_core.verb:set package 'map_remapper' build argument 'cmake_target_skip_unavailable' from command line to 'False'
[0.266s] Level 5:colcon.colcon_core.verb:set package 'map_remapper' build argument 'cmake_clean_cache' from command line to 'False'
[0.266s] Level 5:colcon.colcon_core.verb:set package 'map_remapper' build argument 'cmake_clean_first' from command line to 'False'
[0.266s] Level 5:colcon.colcon_core.verb:set package 'map_remapper' build argument 'cmake_force_configure' from command line to 'False'
[0.266s] Level 5:colcon.colcon_core.verb:set package 'map_remapper' build argument 'ament_cmake_args' from command line to 'None'
[0.266s] Level 5:colcon.colcon_core.verb:set package 'map_remapper' build argument 'catkin_cmake_args' from command line to 'None'
[0.266s] Level 5:colcon.colcon_core.verb:set package 'map_remapper' build argument 'catkin_skip_building_tests' from command line to 'False'
[0.266s] DEBUG:colcon.colcon_core.verb:Building package 'map_remapper' with the following arguments: {'ament_cmake_args': None, 'build_base': '/home/kev/ldlidar_ros2_ws/build/map_remapper', 'catkin_cmake_args': None, 'catkin_skip_building_tests': False, 'cmake_args': None, 'cmake_clean_cache': False, 'cmake_clean_first': False, 'cmake_force_configure': False, 'cmake_target': None, 'cmake_target_skip_unavailable': False, 'install_base': '/home/kev/ldlidar_ros2_ws/install/map_remapper', 'merge_install': False, 'path': '/home/kev/ldlidar_ros2_ws/src/map_remapper', 'symlink_install': False, 'test_result_base': None}
[0.266s] Level 5:colcon.colcon_core.verb:set package 'my_turtlebot3_simulations' build argument 'cmake_args' from command line to 'None'
[0.266s] Level 5:colcon.colcon_core.verb:set package 'my_turtlebot3_simulations' build argument 'cmake_target' from command line to 'None'
[0.266s] Level 5:colcon.colcon_core.verb:set package 'my_turtlebot3_simulations' build argument 'cmake_target_skip_unavailable' from command line to 'False'
[0.266s] Level 5:colcon.colcon_core.verb:set package 'my_turtlebot3_simulations' build argument 'cmake_clean_cache' from command line to 'False'
[0.266s] Level 5:colcon.colcon_core.verb:set package 'my_turtlebot3_simulations' build argument 'cmake_clean_first' from command line to 'False'
[0.266s] Level 5:colcon.colcon_core.verb:set package 'my_turtlebot3_simulations' build argument 'cmake_force_configure' from command line to 'False'
[0.266s] Level 5:colcon.colcon_core.verb:set package 'my_turtlebot3_simulations' build argument 'ament_cmake_args' from command line to 'None'
[0.266s] Level 5:colcon.colcon_core.verb:set package 'my_turtlebot3_simulations' build argument 'catkin_cmake_args' from command line to 'None'
[0.266s] Level 5:colcon.colcon_core.verb:set package 'my_turtlebot3_simulations' build argument 'catkin_skip_building_tests' from command line to 'False'
[0.266s] DEBUG:colcon.colcon_core.verb:Building package 'my_turtlebot3_simulations' with the following arguments: {'ament_cmake_args': None, 'build_base': '/home/kev/ldlidar_ros2_ws/build/my_turtlebot3_simulations', 'catkin_cmake_args': None, 'catkin_skip_building_tests': False, 'cmake_args': None, 'cmake_clean_cache': False, 'cmake_clean_first': False, 'cmake_force_configure': False, 'cmake_target': None, 'cmake_target_skip_unavailable': False, 'install_base': '/home/kev/ldlidar_ros2_ws/install/my_turtlebot3_simulations', 'merge_install': False, 'path': '/home/kev/ldlidar_ros2_ws/src/my_turtlebot3_simulations', 'symlink_install': False, 'test_result_base': None}
[0.267s] Level 5:colcon.colcon_core.verb:set package 'remapping' build argument 'cmake_args' from command line to 'None'
[0.267s] Level 5:colcon.colcon_core.verb:set package 'remapping' build argument 'cmake_target' from command line to 'None'
[0.267s] Level 5:colcon.colcon_core.verb:set package 'remapping' build argument 'cmake_target_skip_unavailable' from command line to 'False'
[0.267s] Level 5:colcon.colcon_core.verb:set package 'remapping' build argument 'cmake_clean_cache' from command line to 'False'
[0.267s] Level 5:colcon.colcon_core.verb:set package 'remapping' build argument 'cmake_clean_first' from command line to 'False'
[0.267s] Level 5:colcon.colcon_core.verb:set package 'remapping' build argument 'cmake_force_configure' from command line to 'False'
[0.267s] Level 5:colcon.colcon_core.verb:set package 'remapping' build argument 'ament_cmake_args' from command line to 'None'
[0.267s] Level 5:colcon.colcon_core.verb:set package 'remapping' build argument 'catkin_cmake_args' from command line to 'None'
[0.267s] Level 5:colcon.colcon_core.verb:set package 'remapping' build argument 'catkin_skip_building_tests' from command line to 'False'
[0.267s] DEBUG:colcon.colcon_core.verb:Building package 'remapping' with the following arguments: {'ament_cmake_args': None, 'build_base': '/home/kev/ldlidar_ros2_ws/build/remapping', 'catkin_cmake_args': None, 'catkin_skip_building_tests': False, 'cmake_args': None, 'cmake_clean_cache': False, 'cmake_clean_first': False, 'cmake_force_configure': False, 'cmake_target': None, 'cmake_target_skip_unavailable': False, 'install_base': '/home/kev/ldlidar_ros2_ws/install/remapping', 'merge_install': False, 'path': '/home/kev/ldlidar_ros2_ws/src/remapping', 'symlink_install': False, 'test_result_base': None}
[0.267s] Level 5:colcon.colcon_core.verb:set package 'rf2o_laser_odometry' build argument 'cmake_args' from command line to 'None'
[0.267s] Level 5:colcon.colcon_core.verb:set package 'rf2o_laser_odometry' build argument 'cmake_target' from command line to 'None'
[0.267s] Level 5:colcon.colcon_core.verb:set package 'rf2o_laser_odometry' build argument 'cmake_target_skip_unavailable' from command line to 'False'
[0.267s] Level 5:colcon.colcon_core.verb:set package 'rf2o_laser_odometry' build argument 'cmake_clean_cache' from command line to 'False'
[0.267s] Level 5:colcon.colcon_core.verb:set package 'rf2o_laser_odometry' build argument 'cmake_clean_first' from command line to 'False'
[0.267s] Level 5:colcon.colcon_core.verb:set package 'rf2o_laser_odometry' build argument 'cmake_force_configure' from command line to 'False'
[0.267s] Level 5:colcon.colcon_core.verb:set package 'rf2o_laser_odometry' build argument 'ament_cmake_args' from command line to 'None'
[0.267s] Level 5:colcon.colcon_core.verb:set package 'rf2o_laser_odometry' build argument 'catkin_cmake_args' from command line to 'None'
[0.267s] Level 5:colcon.colcon_core.verb:set package 'rf2o_laser_odometry' build argument 'catkin_skip_building_tests' from command line to 'False'
[0.267s] DEBUG:colcon.colcon_core.verb:Building package 'rf2o_laser_odometry' with the following arguments: {'ament_cmake_args': None, 'build_base': '/home/kev/ldlidar_ros2_ws/build/rf2o_laser_odometry', 'catkin_cmake_args': None, 'catkin_skip_building_tests': False, 'cmake_args': None, 'cmake_clean_cache': False, 'cmake_clean_first': False, 'cmake_force_configure': False, 'cmake_target': None, 'cmake_target_skip_unavailable': False, 'install_base': '/home/kev/ldlidar_ros2_ws/install/rf2o_laser_odometry', 'merge_install': False, 'path': '/home/kev/ldlidar_ros2_ws/src/rf2o_laser_odometry', 'symlink_install': False, 'test_result_base': None}
[0.267s] Level 5:colcon.colcon_core.verb:set package 'toolbox_lidar' build argument 'cmake_args' from command line to 'None'
[0.267s] Level 5:colcon.colcon_core.verb:set package 'toolbox_lidar' build argument 'cmake_target' from command line to 'None'
[0.267s] Level 5:colcon.colcon_core.verb:set package 'toolbox_lidar' build argument 'cmake_target_skip_unavailable' from command line to 'False'
[0.267s] Level 5:colcon.colcon_core.verb:set package 'toolbox_lidar' build argument 'cmake_clean_cache' from command line to 'False'
[0.267s] Level 5:colcon.colcon_core.verb:set package 'toolbox_lidar' build argument 'cmake_clean_first' from command line to 'False'
[0.267s] Level 5:colcon.colcon_core.verb:set package 'toolbox_lidar' build argument 'cmake_force_configure' from command line to 'False'
[0.267s] Level 5:colcon.colcon_core.verb:set package 'toolbox_lidar' build argument 'ament_cmake_args' from command line to 'None'
[0.267s] Level 5:colcon.colcon_core.verb:set package 'toolbox_lidar' build argument 'catkin_cmake_args' from command line to 'None'
[0.267s] Level 5:colcon.colcon_core.verb:set package 'toolbox_lidar' build argument 'catkin_skip_building_tests' from command line to 'False'
[0.268s] DEBUG:colcon.colcon_core.verb:Building package 'toolbox_lidar' with the following arguments: {'ament_cmake_args': None, 'build_base': '/home/kev/ldlidar_ros2_ws/build/toolbox_lidar', 'catkin_cmake_args': None, 'catkin_skip_building_tests': False, 'cmake_args': None, 'cmake_clean_cache': False, 'cmake_clean_first': False, 'cmake_force_configure': False, 'cmake_target': None, 'cmake_target_skip_unavailable': False, 'install_base': '/home/kev/ldlidar_ros2_ws/install/toolbox_lidar', 'merge_install': False, 'path': '/home/kev/ldlidar_ros2_ws/src/toolbox_lidar', 'symlink_install': False, 'test_result_base': None}
[0.268s] INFO:colcon.colcon_core.executor:Executing jobs using 'parallel' executor
[0.268s] DEBUG:colcon.colcon_parallel_executor.executor.parallel:run_until_complete
[0.269s] INFO:colcon.colcon_ros.task.ament_python.build:Building ROS package in '/home/kev/ldlidar_ros2_ws/src/autonomous_exploration' with build type 'ament_python'
[0.269s] Level 1:colcon.colcon_core.shell:create_environment_hook('autonomous_exploration', 'ament_prefix_path')
[0.270s] INFO:colcon.colcon_core.plugin_system:Skipping extension 'colcon_core.shell.bat': Not used on non-Windows systems
[0.271s] INFO:colcon.colcon_core.shell:Creating environment hook '/home/kev/ldlidar_ros2_ws/install/autonomous_exploration/share/autonomous_exploration/hook/ament_prefix_path.ps1'
[0.271s] INFO:colcon.colcon_core.shell:Creating environment descriptor '/home/kev/ldlidar_ros2_ws/install/autonomous_exploration/share/autonomous_exploration/hook/ament_prefix_path.dsv'
[0.271s] INFO:colcon.colcon_core.shell:Creating environment hook '/home/kev/ldlidar_ros2_ws/install/autonomous_exploration/share/autonomous_exploration/hook/ament_prefix_path.sh'
[0.272s] INFO:colcon.colcon_core.shell:Skip shell extension 'powershell' for command environment: Not usable outside of PowerShell
[0.272s] DEBUG:colcon.colcon_core.shell:Skip shell extension 'dsv' for command environment
[0.275s] INFO:colcon.colcon_ros.task.ament_cmake.build:Building ROS package in '/home/kev/ldlidar_ros2_ws/src/lidar_cartographer' with build type 'ament_cmake'
[0.275s] INFO:colcon.colcon_cmake.task.cmake.build:Building CMake package in '/home/kev/ldlidar_ros2_ws/src/lidar_cartographer'
[0.275s] INFO:colcon.colcon_core.shell:Skip shell extension 'powershell' for command environment: Not usable outside of PowerShell
[0.275s] DEBUG:colcon.colcon_core.shell:Skip shell extension 'dsv' for command environment
[0.278s] INFO:colcon.colcon_ros.task.ament_python.build:Building ROS package in '/home/kev/ldlidar_ros2_ws/src/map_remapper' with build type 'ament_python'
[0.278s] Level 1:colcon.colcon_core.shell:create_environment_hook('map_remapper', 'ament_prefix_path')
[0.278s] INFO:colcon.colcon_core.shell:Creating environment hook '/home/kev/ldlidar_ros2_ws/install/map_remapper/share/map_remapper/hook/ament_prefix_path.ps1'
[0.278s] INFO:colcon.colcon_core.shell:Creating environment descriptor '/home/kev/ldlidar_ros2_ws/install/map_remapper/share/map_remapper/hook/ament_prefix_path.dsv'
[0.278s] INFO:colcon.colcon_core.shell:Creating environment hook '/home/kev/ldlidar_ros2_ws/install/map_remapper/share/map_remapper/hook/ament_prefix_path.sh'
[0.279s] INFO:colcon.colcon_core.shell:Skip shell extension 'powershell' for command environment: Not usable outside of PowerShell
[0.279s] DEBUG:colcon.colcon_core.shell:Skip shell extension 'dsv' for command environment
[0.281s] INFO:colcon.colcon_ros.task.ament_python.build:Building ROS package in '/home/kev/ldlidar_ros2_ws/src/my_turtlebot3_simulations' with build type 'ament_python'
[0.281s] Level 1:colcon.colcon_core.shell:create_environment_hook('my_turtlebot3_simulations', 'ament_prefix_path')
[0.281s] INFO:colcon.colcon_core.shell:Creating environment hook '/home/kev/ldlidar_ros2_ws/install/my_turtlebot3_simulations/share/my_turtlebot3_simulations/hook/ament_prefix_path.ps1'
[0.281s] INFO:colcon.colcon_core.shell:Creating environment descriptor '/home/kev/ldlidar_ros2_ws/install/my_turtlebot3_simulations/share/my_turtlebot3_simulations/hook/ament_prefix_path.dsv'
[0.282s] INFO:colcon.colcon_core.shell:Creating environment hook '/home/kev/ldlidar_ros2_ws/install/my_turtlebot3_simulations/share/my_turtlebot3_simulations/hook/ament_prefix_path.sh'
[0.282s] INFO:colcon.colcon_core.shell:Skip shell extension 'powershell' for command environment: Not usable outside of PowerShell
[0.282s] DEBUG:colcon.colcon_core.shell:Skip shell extension 'dsv' for command environment
[0.284s] INFO:colcon.colcon_ros.task.ament_python.build:Building ROS package in '/home/kev/ldlidar_ros2_ws/src/remapping' with build type 'ament_python'
[0.284s] Level 1:colcon.colcon_core.shell:create_environment_hook('remapping', 'ament_prefix_path')
[0.284s] INFO:colcon.colcon_core.shell:Creating environment hook '/home/kev/ldlidar_ros2_ws/install/remapping/share/remapping/hook/ament_prefix_path.ps1'
[0.285s] INFO:colcon.colcon_core.shell:Creating environment descriptor '/home/kev/ldlidar_ros2_ws/install/remapping/share/remapping/hook/ament_prefix_path.dsv'
[0.285s] INFO:colcon.colcon_core.shell:Creating environment hook '/home/kev/ldlidar_ros2_ws/install/remapping/share/remapping/hook/ament_prefix_path.sh'
[0.285s] INFO:colcon.colcon_core.shell:Skip shell extension 'powershell' for command environment: Not usable outside of PowerShell
[0.285s] DEBUG:colcon.colcon_core.shell:Skip shell extension 'dsv' for command environment
[0.287s] INFO:colcon.colcon_ros.task.ament_cmake.build:Building ROS package in '/home/kev/ldlidar_ros2_ws/src/rf2o_laser_odometry' with build type 'ament_cmake'
[0.287s] INFO:colcon.colcon_cmake.task.cmake.build:Building CMake package in '/home/kev/ldlidar_ros2_ws/src/rf2o_laser_odometry'
[0.287s] INFO:colcon.colcon_core.shell:Skip shell extension 'powershell' for command environment: Not usable outside of PowerShell
[0.287s] DEBUG:colcon.colcon_core.shell:Skip shell extension 'dsv' for command environment
[0.291s] INFO:colcon.colcon_ros.task.ament_cmake.build:Building ROS package in '/home/kev/ldlidar_ros2_ws/src/toolbox_lidar' with build type 'ament_cmake'
[0.291s] INFO:colcon.colcon_cmake.task.cmake.build:Building CMake package in '/home/kev/ldlidar_ros2_ws/src/toolbox_lidar'
[0.291s] INFO:colcon.colcon_core.shell:Skip shell extension 'powershell' for command environment: Not usable outside of PowerShell
[0.291s] DEBUG:colcon.colcon_core.shell:Skip shell extension 'dsv' for command environment
[0.469s] INFO:colcon.colcon_core.task.python.build:Building Python package in '/home/kev/ldlidar_ros2_ws/src/autonomous_exploration'
[0.469s] INFO:colcon.colcon_core.shell:Skip shell extension 'powershell' for command environment: Not usable outside of PowerShell
[0.469s] DEBUG:colcon.colcon_core.shell:Skip shell extension 'dsv' for command environment
[0.475s] DEBUG:colcon.colcon_core.event_handler.log_command:Invoking command in '/home/kev/ldlidar_ros2_ws/build/lidar_cartographer': CMAKE_PREFIX_PATH=${CMAKE_PREFIX_PATH}:/home/kev/ldlidar_ros2_ws/install/remapping:/home/kev/ldlidar_ros2_ws/install/my_turtlebot3_simulations:/home/kev/ldlidar_ros2_ws/install/map_remapper:/home/kev/ldlidar_ros2_ws/install/autonomous_exploration:/opt/ros/humble /usr/bin/cmake --build /home/kev/ldlidar_ros2_ws/build/lidar_cartographer -- -j8 -l8
[0.644s] INFO:colcon.colcon_core.task.python.build:Building Python package in '/home/kev/ldlidar_ros2_ws/src/map_remapper'
[0.644s] INFO:colcon.colcon_core.shell:Skip shell extension 'powershell' for command environment: Not usable outside of PowerShell
[0.644s] DEBUG:colcon.colcon_core.shell:Skip shell extension 'dsv' for command environment
[0.837s] WARNING:colcon.colcon_ros.task.ament_python.build:Package 'my_turtlebot3_simulations' doesn't explicitly install a marker in the package index (colcon-ros currently does it implicitly but that fallback will be removed in the future)
[0.838s] INFO:colcon.colcon_core.task.python.build:Building Python package in '/home/kev/ldlidar_ros2_ws/src/my_turtlebot3_simulations'
[0.838s] INFO:colcon.colcon_core.shell:Skip shell extension 'powershell' for command environment: Not usable outside of PowerShell
[0.838s] DEBUG:colcon.colcon_core.shell:Skip shell extension 'dsv' for command environment
[1.040s] INFO:colcon.colcon_core.task.python.build:Building Python package in '/home/kev/ldlidar_ros2_ws/src/remapping'
[1.040s] INFO:colcon.colcon_core.shell:Skip shell extension 'powershell' for command environment: Not usable outside of PowerShell
[1.040s] DEBUG:colcon.colcon_core.shell:Skip shell extension 'dsv' for command environment
[1.046s] DEBUG:colcon.colcon_core.event_handler.log_command:Invoking command in '/home/kev/ldlidar_ros2_ws/build/rf2o_laser_odometry': CMAKE_PREFIX_PATH=${CMAKE_PREFIX_PATH}:/home/kev/ldlidar_ros2_ws/install/remapping:/home/kev/ldlidar_ros2_ws/install/my_turtlebot3_simulations:/home/kev/ldlidar_ros2_ws/install/map_remapper:/home/kev/ldlidar_ros2_ws/install/autonomous_exploration:/opt/ros/humble /usr/bin/cmake --build /home/kev/ldlidar_ros2_ws/build/rf2o_laser_odometry -- -j8 -l8
[1.050s] DEBUG:colcon.colcon_core.event_handler.log_command:Invoking command in '/home/kev/ldlidar_ros2_ws/build/toolbox_lidar': CMAKE_PREFIX_PATH=${CMAKE_PREFIX_PATH}:/home/kev/ldlidar_ros2_ws/install/remapping:/home/kev/ldlidar_ros2_ws/install/my_turtlebot3_simulations:/home/kev/ldlidar_ros2_ws/install/map_remapper:/home/kev/ldlidar_ros2_ws/install/autonomous_exploration:/opt/ros/humble /usr/bin/cmake --build /home/kev/ldlidar_ros2_ws/build/toolbox_lidar -- -j8 -l8
[1.051s] DEBUG:colcon.colcon_core.event_handler.log_command:Invoked command in '/home/kev/ldlidar_ros2_ws/build/lidar_cartographer' returned '0': CMAKE_PREFIX_PATH=${CMAKE_PREFIX_PATH}:/home/kev/ldlidar_ros2_ws/install/remapping:/home/kev/ldlidar_ros2_ws/install/my_turtlebot3_simulations:/home/kev/ldlidar_ros2_ws/install/map_remapper:/home/kev/ldlidar_ros2_ws/install/autonomous_exploration:/opt/ros/humble /usr/bin/cmake --build /home/kev/ldlidar_ros2_ws/build/lidar_cartographer -- -j8 -l8
[1.130s] DEBUG:colcon.colcon_core.event_handler.log_command:Invoking command in '/home/kev/ldlidar_ros2_ws/build/lidar_cartographer': CMAKE_PREFIX_PATH=${CMAKE_PREFIX_PATH}:/home/kev/ldlidar_ros2_ws/install/remapping:/home/kev/ldlidar_ros2_ws/install/my_turtlebot3_simulations:/home/kev/ldlidar_ros2_ws/install/map_remapper:/home/kev/ldlidar_ros2_ws/install/autonomous_exploration:/opt/ros/humble /usr/bin/cmake --install /home/kev/ldlidar_ros2_ws/build/lidar_cartographer
[1.137s] DEBUG:colcon.colcon_core.event_handler.log_command:Invoked command in '/home/kev/ldlidar_ros2_ws/build/toolbox_lidar' returned '0': CMAKE_PREFIX_PATH=${CMAKE_PREFIX_PATH}:/home/kev/ldlidar_ros2_ws/install/remapping:/home/kev/ldlidar_ros2_ws/install/my_turtlebot3_simulations:/home/kev/ldlidar_ros2_ws/install/map_remapper:/home/kev/ldlidar_ros2_ws/install/autonomous_exploration:/opt/ros/humble /usr/bin/cmake --build /home/kev/ldlidar_ros2_ws/build/toolbox_lidar -- -j8 -l8
[1.151s] DEBUG:colcon.colcon_core.event_handler.log_command:Invoked command in '/home/kev/ldlidar_ros2_ws/build/rf2o_laser_odometry' returned '0': CMAKE_PREFIX_PATH=${CMAKE_PREFIX_PATH}:/home/kev/ldlidar_ros2_ws/install/remapping:/home/kev/ldlidar_ros2_ws/install/my_turtlebot3_simulations:/home/kev/ldlidar_ros2_ws/install/map_remapper:/home/kev/ldlidar_ros2_ws/install/autonomous_exploration:/opt/ros/humble /usr/bin/cmake --build /home/kev/ldlidar_ros2_ws/build/rf2o_laser_odometry -- -j8 -l8
[1.165s] Level 1:colcon.colcon_core.environment:create_environment_scripts_only(lidar_cartographer)
[1.165s] DEBUG:colcon.colcon_core.event_handler.log_command:Invoked command in '/home/kev/ldlidar_ros2_ws/build/lidar_cartographer' returned '0': CMAKE_PREFIX_PATH=${CMAKE_PREFIX_PATH}:/home/kev/ldlidar_ros2_ws/install/remapping:/home/kev/ldlidar_ros2_ws/install/my_turtlebot3_simulations:/home/kev/ldlidar_ros2_ws/install/map_remapper:/home/kev/ldlidar_ros2_ws/install/autonomous_exploration:/opt/ros/humble /usr/bin/cmake --install /home/kev/ldlidar_ros2_ws/build/lidar_cartographer
[1.168s] Level 1:colcon.colcon_core.environment:checking '/home/kev/ldlidar_ros2_ws/install/lidar_cartographer' for CMake module files
[1.169s] Level 1:colcon.colcon_core.environment:checking '/home/kev/ldlidar_ros2_ws/install/lidar_cartographer' for CMake config files
[1.169s] Level 1:colcon.colcon_core.shell:create_environment_hook('lidar_cartographer', 'cmake_prefix_path')
[1.169s] INFO:colcon.colcon_core.shell:Creating environment hook '/home/kev/ldlidar_ros2_ws/install/lidar_cartographer/share/lidar_cartographer/hook/cmake_prefix_path.ps1'
[1.170s] INFO:colcon.colcon_core.shell:Creating environment descriptor '/home/kev/ldlidar_ros2_ws/install/lidar_cartographer/share/lidar_cartographer/hook/cmake_prefix_path.dsv'
[1.170s] INFO:colcon.colcon_core.shell:Creating environment hook '/home/kev/ldlidar_ros2_ws/install/lidar_cartographer/share/lidar_cartographer/hook/cmake_prefix_path.sh'
[1.171s] Level 1:colcon.colcon_core.environment:checking '/home/kev/ldlidar_ros2_ws/install/lidar_cartographer/bin'
[1.171s] Level 1:colcon.colcon_core.environment:checking '/home/kev/ldlidar_ros2_ws/install/lidar_cartographer/lib/pkgconfig/lidar_cartographer.pc'
[1.172s] Level 1:colcon.colcon_core.environment:checking '/home/kev/ldlidar_ros2_ws/install/lidar_cartographer/lib/python3.10/site-packages'
[1.172s] Level 1:colcon.colcon_core.environment:checking '/home/kev/ldlidar_ros2_ws/install/lidar_cartographer/bin'
[1.172s] INFO:colcon.colcon_core.shell:Creating package script '/home/kev/ldlidar_ros2_ws/install/lidar_cartographer/share/lidar_cartographer/package.ps1'
[1.174s] INFO:colcon.colcon_core.shell:Creating package descriptor '/home/kev/ldlidar_ros2_ws/install/lidar_cartographer/share/lidar_cartographer/package.dsv'
[1.175s] INFO:colcon.colcon_core.shell:Creating package script '/home/kev/ldlidar_ros2_ws/install/lidar_cartographer/share/lidar_cartographer/package.sh'
[1.176s] INFO:colcon.colcon_core.shell:Creating package script '/home/kev/ldlidar_ros2_ws/install/lidar_cartographer/share/lidar_cartographer/package.bash'
[1.177s] INFO:colcon.colcon_core.shell:Creating package script '/home/kev/ldlidar_ros2_ws/install/lidar_cartographer/share/lidar_cartographer/package.zsh'
[1.177s] Level 1:colcon.colcon_core.environment:create_file_with_runtime_dependencies(/home/kev/ldlidar_ros2_ws/install/lidar_cartographer/share/colcon-core/packages/lidar_cartographer)
[1.181s] DEBUG:colcon.colcon_core.event_handler.log_command:Invoking command in '/home/kev/ldlidar_ros2_ws/build/toolbox_lidar': CMAKE_PREFIX_PATH=${CMAKE_PREFIX_PATH}:/home/kev/ldlidar_ros2_ws/install/remapping:/home/kev/ldlidar_ros2_ws/install/my_turtlebot3_simulations:/home/kev/ldlidar_ros2_ws/install/map_remapper:/home/kev/ldlidar_ros2_ws/install/autonomous_exploration:/opt/ros/humble /usr/bin/cmake --install /home/kev/ldlidar_ros2_ws/build/toolbox_lidar
[1.188s] DEBUG:colcon.colcon_core.event_handler.log_command:Invoking command in '/home/kev/ldlidar_ros2_ws/build/rf2o_laser_odometry': CMAKE_PREFIX_PATH=${CMAKE_PREFIX_PATH}:/home/kev/ldlidar_ros2_ws/install/remapping:/home/kev/ldlidar_ros2_ws/install/my_turtlebot3_simulations:/home/kev/ldlidar_ros2_ws/install/map_remapper:/home/kev/ldlidar_ros2_ws/install/autonomous_exploration:/opt/ros/humble /usr/bin/cmake --install /home/kev/ldlidar_ros2_ws/build/rf2o_laser_odometry
[1.215s] Level 1:colcon.colcon_core.environment:create_environment_scripts_only(toolbox_lidar)
[1.216s] Level 1:colcon.colcon_core.environment:checking '/home/kev/ldlidar_ros2_ws/install/toolbox_lidar' for CMake module files
[1.216s] Level 1:colcon.colcon_core.environment:checking '/home/kev/ldlidar_ros2_ws/install/toolbox_lidar' for CMake config files
[1.217s] Level 1:colcon.colcon_core.shell:create_environment_hook('toolbox_lidar', 'cmake_prefix_path')
[1.217s] INFO:colcon.colcon_core.shell:Creating environment hook '/home/kev/ldlidar_ros2_ws/install/toolbox_lidar/share/toolbox_lidar/hook/cmake_prefix_path.ps1'
[1.218s] INFO:colcon.colcon_core.shell:Creating environment descriptor '/home/kev/ldlidar_ros2_ws/install/toolbox_lidar/share/toolbox_lidar/hook/cmake_prefix_path.dsv'
[1.218s] INFO:colcon.colcon_core.shell:Creating environment hook '/home/kev/ldlidar_ros2_ws/install/toolbox_lidar/share/toolbox_lidar/hook/cmake_prefix_path.sh'
[1.219s] Level 1:colcon.colcon_core.environment:checking '/home/kev/ldlidar_ros2_ws/install/toolbox_lidar/bin'
[1.219s] Level 1:colcon.colcon_core.environment:checking '/home/kev/ldlidar_ros2_ws/install/toolbox_lidar/lib/pkgconfig/toolbox_lidar.pc'
[1.219s] Level 1:colcon.colcon_core.environment:checking '/home/kev/ldlidar_ros2_ws/install/toolbox_lidar/lib/python3.10/site-packages'
[1.219s] Level 1:colcon.colcon_core.environment:checking '/home/kev/ldlidar_ros2_ws/install/toolbox_lidar/bin'
[1.217s] DEBUG:colcon.colcon_core.event_handler.log_command:Invoked command in '/home/kev/ldlidar_ros2_ws/build/toolbox_lidar' returned '0': CMAKE_PREFIX_PATH=${CMAKE_PREFIX_PATH}:/home/kev/ldlidar_ros2_ws/install/remapping:/home/kev/ldlidar_ros2_ws/install/my_turtlebot3_simulations:/home/kev/ldlidar_ros2_ws/install/map_remapper:/home/kev/ldlidar_ros2_ws/install/autonomous_exploration:/opt/ros/humble /usr/bin/cmake --install /home/kev/ldlidar_ros2_ws/build/toolbox_lidar
[1.219s] INFO:colcon.colcon_core.shell:Creating package script '/home/kev/ldlidar_ros2_ws/install/toolbox_lidar/share/toolbox_lidar/package.ps1'
[1.221s] INFO:colcon.colcon_core.shell:Creating package descriptor '/home/kev/ldlidar_ros2_ws/install/toolbox_lidar/share/toolbox_lidar/package.dsv'
[1.221s] INFO:colcon.colcon_core.shell:Creating package script '/home/kev/ldlidar_ros2_ws/install/toolbox_lidar/share/toolbox_lidar/package.sh'
[1.222s] INFO:colcon.colcon_core.shell:Creating package script '/home/kev/ldlidar_ros2_ws/install/toolbox_lidar/share/toolbox_lidar/package.bash'
[1.222s] INFO:colcon.colcon_core.shell:Creating package script '/home/kev/ldlidar_ros2_ws/install/toolbox_lidar/share/toolbox_lidar/package.zsh'
[1.222s] Level 1:colcon.colcon_core.environment:create_file_with_runtime_dependencies(/home/kev/ldlidar_ros2_ws/install/toolbox_lidar/share/colcon-core/packages/toolbox_lidar)
[1.224s] Level 1:colcon.colcon_core.environment:create_environment_scripts_only(lidar_cartographer)
[1.224s] Level 1:colcon.colcon_core.environment:checking '/home/kev/ldlidar_ros2_ws/install/lidar_cartographer' for CMake module files
[1.225s] Level 1:colcon.colcon_core.environment:checking '/home/kev/ldlidar_ros2_ws/install/lidar_cartographer' for CMake config files
[1.225s] Level 1:colcon.colcon_core.shell:create_environment_hook('lidar_cartographer', 'cmake_prefix_path')
[1.225s] INFO:colcon.colcon_core.shell:Creating environment hook '/home/kev/ldlidar_ros2_ws/install/lidar_cartographer/share/lidar_cartographer/hook/cmake_prefix_path.ps1'
[1.226s] INFO:colcon.colcon_core.shell:Creating environment descriptor '/home/kev/ldlidar_ros2_ws/install/lidar_cartographer/share/lidar_cartographer/hook/cmake_prefix_path.dsv'
[1.226s] INFO:colcon.colcon_core.shell:Creating environment hook '/home/kev/ldlidar_ros2_ws/install/lidar_cartographer/share/lidar_cartographer/hook/cmake_prefix_path.sh'
[1.227s] Level 1:colcon.colcon_core.environment:checking '/home/kev/ldlidar_ros2_ws/install/lidar_cartographer/bin'
[1.227s] Level 1:colcon.colcon_core.environment:checking '/home/kev/ldlidar_ros2_ws/install/lidar_cartographer/lib/pkgconfig/lidar_cartographer.pc'
[1.228s] Level 1:colcon.colcon_core.environment:checking '/home/kev/ldlidar_ros2_ws/install/lidar_cartographer/lib/python3.10/site-packages'
[1.228s] Level 1:colcon.colcon_core.environment:checking '/home/kev/ldlidar_ros2_ws/install/lidar_cartographer/bin'
[1.228s] INFO:colcon.colcon_core.shell:Creating package script '/home/kev/ldlidar_ros2_ws/install/lidar_cartographer/share/lidar_cartographer/package.ps1'
[1.229s] INFO:colcon.colcon_core.shell:Creating package descriptor '/home/kev/ldlidar_ros2_ws/install/lidar_cartographer/share/lidar_cartographer/package.dsv'
[1.229s] INFO:colcon.colcon_core.shell:Creating package script '/home/kev/ldlidar_ros2_ws/install/lidar_cartographer/share/lidar_cartographer/package.sh'
[1.229s] INFO:colcon.colcon_core.shell:Creating package script '/home/kev/ldlidar_ros2_ws/install/lidar_cartographer/share/lidar_cartographer/package.bash'
[1.230s] INFO:colcon.colcon_core.shell:Creating package script '/home/kev/ldlidar_ros2_ws/install/lidar_cartographer/share/lidar_cartographer/package.zsh'
[1.230s] Level 1:colcon.colcon_core.environment:create_file_with_runtime_dependencies(/home/kev/ldlidar_ros2_ws/install/lidar_cartographer/share/colcon-core/packages/lidar_cartographer)
[1.231s] Level 1:colcon.colcon_core.environment:create_environment_scripts_only(rf2o_laser_odometry)
[1.231s] DEBUG:colcon.colcon_core.event_handler.log_command:Invoked command in '/home/kev/ldlidar_ros2_ws/build/rf2o_laser_odometry' returned '0': CMAKE_PREFIX_PATH=${CMAKE_PREFIX_PATH}:/home/kev/ldlidar_ros2_ws/install/remapping:/home/kev/ldlidar_ros2_ws/install/my_turtlebot3_simulations:/home/kev/ldlidar_ros2_ws/install/map_remapper:/home/kev/ldlidar_ros2_ws/install/autonomous_exploration:/opt/ros/humble /usr/bin/cmake --install /home/kev/ldlidar_ros2_ws/build/rf2o_laser_odometry
[1.232s] Level 1:colcon.colcon_core.environment:checking '/home/kev/ldlidar_ros2_ws/install/rf2o_laser_odometry' for CMake module files
[1.232s] Level 1:colcon.colcon_core.environment:checking '/home/kev/ldlidar_ros2_ws/install/rf2o_laser_odometry' for CMake config files
[1.233s] Level 1:colcon.colcon_core.shell:create_environment_hook('rf2o_laser_odometry', 'cmake_prefix_path')
[1.233s] INFO:colcon.colcon_core.shell:Creating environment hook '/home/kev/ldlidar_ros2_ws/install/rf2o_laser_odometry/share/rf2o_laser_odometry/hook/cmake_prefix_path.ps1'
[1.233s] INFO:colcon.colcon_core.shell:Creating environment descriptor '/home/kev/ldlidar_ros2_ws/install/rf2o_laser_odometry/share/rf2o_laser_odometry/hook/cmake_prefix_path.dsv'
[1.234s] INFO:colcon.colcon_core.shell:Creating environment hook '/home/kev/ldlidar_ros2_ws/install/rf2o_laser_odometry/share/rf2o_laser_odometry/hook/cmake_prefix_path.sh'
[1.234s] Level 1:colcon.colcon_core.environment:checking '/home/kev/ldlidar_ros2_ws/install/rf2o_laser_odometry/lib'
[1.235s] Level 1:colcon.colcon_core.environment:checking '/home/kev/ldlidar_ros2_ws/install/rf2o_laser_odometry/bin'
[1.235s] Level 1:colcon.colcon_core.environment:checking '/home/kev/ldlidar_ros2_ws/install/rf2o_laser_odometry/lib/pkgconfig/rf2o_laser_odometry.pc'
[1.236s] Level 1:colcon.colcon_core.environment:checking '/home/kev/ldlidar_ros2_ws/install/rf2o_laser_odometry/lib/python3.10/site-packages'
[1.236s] Level 1:colcon.colcon_core.environment:checking '/home/kev/ldlidar_ros2_ws/install/rf2o_laser_odometry/bin'
[1.236s] INFO:colcon.colcon_core.shell:Creating package script '/home/kev/ldlidar_ros2_ws/install/rf2o_laser_odometry/share/rf2o_laser_odometry/package.ps1'
[1.236s] INFO:colcon.colcon_core.shell:Creating package descriptor '/home/kev/ldlidar_ros2_ws/install/rf2o_laser_odometry/share/rf2o_laser_odometry/package.dsv'
[1.237s] INFO:colcon.colcon_core.shell:Creating package script '/home/kev/ldlidar_ros2_ws/install/rf2o_laser_odometry/share/rf2o_laser_odometry/package.sh'
[1.237s] INFO:colcon.colcon_core.shell:Creating package script '/home/kev/ldlidar_ros2_ws/install/rf2o_laser_odometry/share/rf2o_laser_odometry/package.bash'
[1.237s] INFO:colcon.colcon_core.shell:Creating package script '/home/kev/ldlidar_ros2_ws/install/rf2o_laser_odometry/share/rf2o_laser_odometry/package.zsh'
[1.237s] Level 1:colcon.colcon_core.environment:create_file_with_runtime_dependencies(/home/kev/ldlidar_ros2_ws/install/rf2o_laser_odometry/share/colcon-core/packages/rf2o_laser_odometry)
[1.261s] Level 1:colcon.colcon_core.environment:create_environment_scripts_only(toolbox_lidar)
[1.262s] Level 1:colcon.colcon_core.environment:checking '/home/kev/ldlidar_ros2_ws/install/toolbox_lidar' for CMake module files
[1.262s] Level 1:colcon.colcon_core.environment:checking '/home/kev/ldlidar_ros2_ws/install/toolbox_lidar' for CMake config files
[1.262s] Level 1:colcon.colcon_core.shell:create_environment_hook('toolbox_lidar', 'cmake_prefix_path')
[1.263s] INFO:colcon.colcon_core.shell:Creating environment hook '/home/kev/ldlidar_ros2_ws/install/toolbox_lidar/share/toolbox_lidar/hook/cmake_prefix_path.ps1'
[1.264s] INFO:colcon.colcon_core.shell:Creating environment descriptor '/home/kev/ldlidar_ros2_ws/install/toolbox_lidar/share/toolbox_lidar/hook/cmake_prefix_path.dsv'
[1.264s] INFO:colcon.colcon_core.shell:Creating environment hook '/home/kev/ldlidar_ros2_ws/install/toolbox_lidar/share/toolbox_lidar/hook/cmake_prefix_path.sh'
[1.265s] Level 1:colcon.colcon_core.environment:checking '/home/kev/ldlidar_ros2_ws/install/toolbox_lidar/bin'
[1.265s] Level 1:colcon.colcon_core.environment:checking '/home/kev/ldlidar_ros2_ws/install/toolbox_lidar/lib/pkgconfig/toolbox_lidar.pc'
[1.265s] Level 1:colcon.colcon_core.environment:checking '/home/kev/ldlidar_ros2_ws/install/toolbox_lidar/lib/python3.10/site-packages'
[1.265s] Level 1:colcon.colcon_core.environment:checking '/home/kev/ldlidar_ros2_ws/install/toolbox_lidar/bin'
[1.265s] INFO:colcon.colcon_core.shell:Creating package script '/home/kev/ldlidar_ros2_ws/install/toolbox_lidar/share/toolbox_lidar/package.ps1'
[1.266s] INFO:colcon.colcon_core.shell:Creating package descriptor '/home/kev/ldlidar_ros2_ws/install/toolbox_lidar/share/toolbox_lidar/package.dsv'
[1.266s] INFO:colcon.colcon_core.shell:Creating package script '/home/kev/ldlidar_ros2_ws/install/toolbox_lidar/share/toolbox_lidar/package.sh'
[1.267s] INFO:colcon.colcon_core.shell:Creating package script '/home/kev/ldlidar_ros2_ws/install/toolbox_lidar/share/toolbox_lidar/package.bash'
[1.267s] INFO:colcon.colcon_core.shell:Creating package script '/home/kev/ldlidar_ros2_ws/install/toolbox_lidar/share/toolbox_lidar/package.zsh'
[1.267s] Level 1:colcon.colcon_core.environment:create_file_with_runtime_dependencies(/home/kev/ldlidar_ros2_ws/install/toolbox_lidar/share/colcon-core/packages/toolbox_lidar)
[1.269s] Level 1:colcon.colcon_core.environment:create_environment_scripts_only(rf2o_laser_odometry)
[1.270s] Level 1:colcon.colcon_core.environment:checking '/home/kev/ldlidar_ros2_ws/install/rf2o_laser_odometry' for CMake module files
[1.270s] Level 1:colcon.colcon_core.environment:checking '/home/kev/ldlidar_ros2_ws/install/rf2o_laser_odometry' for CMake config files
[1.270s] Level 1:colcon.colcon_core.shell:create_environment_hook('rf2o_laser_odometry', 'cmake_prefix_path')
[1.271s] INFO:colcon.colcon_core.shell:Creating environment hook '/home/kev/ldlidar_ros2_ws/install/rf2o_laser_odometry/share/rf2o_laser_odometry/hook/cmake_prefix_path.ps1'
[1.271s] INFO:colcon.colcon_core.shell:Creating environment descriptor '/home/kev/ldlidar_ros2_ws/install/rf2o_laser_odometry/share/rf2o_laser_odometry/hook/cmake_prefix_path.dsv'
[1.271s] INFO:colcon.colcon_core.shell:Creating environment hook '/home/kev/ldlidar_ros2_ws/install/rf2o_laser_odometry/share/rf2o_laser_odometry/hook/cmake_prefix_path.sh'
[1.271s] Level 1:colcon.colcon_core.environment:checking '/home/kev/ldlidar_ros2_ws/install/rf2o_laser_odometry/lib'
[1.271s] Level 1:colcon.colcon_core.environment:checking '/home/kev/ldlidar_ros2_ws/install/rf2o_laser_odometry/bin'
[1.272s] Level 1:colcon.colcon_core.environment:checking '/home/kev/ldlidar_ros2_ws/install/rf2o_laser_odometry/lib/pkgconfig/rf2o_laser_odometry.pc'
[1.272s] Level 1:colcon.colcon_core.environment:checking '/home/kev/ldlidar_ros2_ws/install/rf2o_laser_odometry/lib/python3.10/site-packages'
[1.272s] Level 1:colcon.colcon_core.environment:checking '/home/kev/ldlidar_ros2_ws/install/rf2o_laser_odometry/bin'
[1.272s] INFO:colcon.colcon_core.shell:Creating package script '/home/kev/ldlidar_ros2_ws/install/rf2o_laser_odometry/share/rf2o_laser_odometry/package.ps1'
[1.272s] INFO:colcon.colcon_core.shell:Creating package descriptor '/home/kev/ldlidar_ros2_ws/install/rf2o_laser_odometry/share/rf2o_laser_odometry/package.dsv'
[1.272s] INFO:colcon.colcon_core.shell:Creating package script '/home/kev/ldlidar_ros2_ws/install/rf2o_laser_odometry/share/rf2o_laser_odometry/package.sh'
[1.273s] INFO:colcon.colcon_core.shell:Creating package script '/home/kev/ldlidar_ros2_ws/install/rf2o_laser_odometry/share/rf2o_laser_odometry/package.bash'
[1.273s] INFO:colcon.colcon_core.shell:Creating package script '/home/kev/ldlidar_ros2_ws/install/rf2o_laser_odometry/share/rf2o_laser_odometry/package.zsh'
[1.273s] Level 1:colcon.colcon_core.environment:create_file_with_runtime_dependencies(/home/kev/ldlidar_ros2_ws/install/rf2o_laser_odometry/share/colcon-core/packages/rf2o_laser_odometry)
[1.452s] DEBUG:colcon.colcon_core.event_handler.log_command:Invoking command in '/home/kev/ldlidar_ros2_ws/src/map_remapper': PYTHONPATH=/home/kev/ldlidar_ros2_ws/build/map_remapper/prefix_override:/home/kev/ldlidar_ros2_ws/install/map_remapper/lib/python3.10/site-packages:${PYTHONPATH} /usr/bin/python3 -W ignore:setup.py install is deprecated setup.py egg_info --egg-base ../../build/map_remapper build --build-base /home/kev/ldlidar_ros2_ws/build/map_remapper/build install --record /home/kev/ldlidar_ros2_ws/build/map_remapper/install.log --single-version-externally-managed install_data
[1.469s] DEBUG:colcon.colcon_core.event_handler.log_command:Invoking command in '/home/kev/ldlidar_ros2_ws/src/remapping': PYTHONPATH=/home/kev/ldlidar_ros2_ws/build/remapping/prefix_override:/home/kev/ldlidar_ros2_ws/install/remapping/lib/python3.10/site-packages:${PYTHONPATH} /usr/bin/python3 -W ignore:setup.py install is deprecated setup.py egg_info --egg-base ../../build/remapping build --build-base /home/kev/ldlidar_ros2_ws/build/remapping/build install --record /home/kev/ldlidar_ros2_ws/build/remapping/install.log --single-version-externally-managed install_data
[1.536s] DEBUG:colcon.colcon_core.event_handler.log_command:Invoking command in '/home/kev/ldlidar_ros2_ws/src/autonomous_exploration': PYTHONPATH=/home/kev/ldlidar_ros2_ws/build/autonomous_exploration/prefix_override:/home/kev/ldlidar_ros2_ws/install/autonomous_exploration/lib/python3.10/site-packages:${PYTHONPATH} /usr/bin/python3 -W ignore:setup.py install is deprecated setup.py egg_info --egg-base ../../build/autonomous_exploration build --build-base /home/kev/ldlidar_ros2_ws/build/autonomous_exploration/build install --record /home/kev/ldlidar_ros2_ws/build/autonomous_exploration/install.log --single-version-externally-managed install_data
[1.553s] DEBUG:colcon.colcon_core.event_handler.log_command:Invoking command in '/home/kev/ldlidar_ros2_ws/src/my_turtlebot3_simulations': PYTHONPATH=/home/kev/ldlidar_ros2_ws/build/my_turtlebot3_simulations/prefix_override:/home/kev/ldlidar_ros2_ws/install/my_turtlebot3_simulations/lib/python3.10/site-packages:${PYTHONPATH} /usr/bin/python3 -W ignore:setup.py install is deprecated setup.py egg_info --egg-base ../../build/my_turtlebot3_simulations build --build-base /home/kev/ldlidar_ros2_ws/build/my_turtlebot3_simulations/build install --record /home/kev/ldlidar_ros2_ws/build/my_turtlebot3_simulations/install.log --single-version-externally-managed install_data
[1.739s] Level 1:colcon.colcon_core.environment:checking '/home/kev/ldlidar_ros2_ws/install/map_remapper' for CMake module files
[1.740s] DEBUG:colcon.colcon_core.event_handler.log_command:Invoked command in '/home/kev/ldlidar_ros2_ws/src/map_remapper' returned '0': PYTHONPATH=/home/kev/ldlidar_ros2_ws/build/map_remapper/prefix_override:/home/kev/ldlidar_ros2_ws/install/map_remapper/lib/python3.10/site-packages:${PYTHONPATH} /usr/bin/python3 -W ignore:setup.py install is deprecated setup.py egg_info --egg-base ../../build/map_remapper build --build-base /home/kev/ldlidar_ros2_ws/build/map_remapper/build install --record /home/kev/ldlidar_ros2_ws/build/map_remapper/install.log --single-version-externally-managed install_data
[1.740s] Level 1:colcon.colcon_core.environment:checking '/home/kev/ldlidar_ros2_ws/install/map_remapper' for CMake config files
[1.741s] Level 1:colcon.colcon_core.environment:checking '/home/kev/ldlidar_ros2_ws/install/map_remapper/lib'
[1.742s] Level 1:colcon.colcon_core.environment:checking '/home/kev/ldlidar_ros2_ws/install/map_remapper/bin'
[1.742s] Level 1:colcon.colcon_core.environment:checking '/home/kev/ldlidar_ros2_ws/install/map_remapper/lib/pkgconfig/map_remapper.pc'
[1.742s] Level 1:colcon.colcon_core.environment:checking '/home/kev/ldlidar_ros2_ws/install/map_remapper/lib/python3.10/site-packages'
[1.742s] Level 1:colcon.colcon_core.shell:create_environment_hook('map_remapper', 'pythonpath')
[1.742s] INFO:colcon.colcon_core.shell:Creating environment hook '/home/kev/ldlidar_ros2_ws/install/map_remapper/share/map_remapper/hook/pythonpath.ps1'
[1.743s] INFO:colcon.colcon_core.shell:Creating environment descriptor '/home/kev/ldlidar_ros2_ws/install/map_remapper/share/map_remapper/hook/pythonpath.dsv'
[1.743s] INFO:colcon.colcon_core.shell:Creating environment hook '/home/kev/ldlidar_ros2_ws/install/map_remapper/share/map_remapper/hook/pythonpath.sh'
[1.744s] Level 1:colcon.colcon_core.environment:checking '/home/kev/ldlidar_ros2_ws/install/map_remapper/bin'
[1.744s] Level 1:colcon.colcon_core.environment:create_environment_scripts_only(map_remapper)
[1.744s] INFO:colcon.colcon_core.shell:Creating package script '/home/kev/ldlidar_ros2_ws/install/map_remapper/share/map_remapper/package.ps1'
[1.745s] INFO:colcon.colcon_core.shell:Creating package descriptor '/home/kev/ldlidar_ros2_ws/install/map_remapper/share/map_remapper/package.dsv'
[1.745s] INFO:colcon.colcon_core.shell:Creating package script '/home/kev/ldlidar_ros2_ws/install/map_remapper/share/map_remapper/package.sh'
[1.745s] INFO:colcon.colcon_core.shell:Creating package script '/home/kev/ldlidar_ros2_ws/install/map_remapper/share/map_remapper/package.bash'
[1.745s] INFO:colcon.colcon_core.shell:Creating package script '/home/kev/ldlidar_ros2_ws/install/map_remapper/share/map_remapper/package.zsh'
[1.745s] Level 1:colcon.colcon_core.environment:create_file_with_runtime_dependencies(/home/kev/ldlidar_ros2_ws/install/map_remapper/share/colcon-core/packages/map_remapper)
[1.746s] Level 1:colcon.colcon_core.environment:checking '/home/kev/ldlidar_ros2_ws/install/remapping' for CMake module files
[1.747s] Level 1:colcon.colcon_core.environment:checking '/home/kev/ldlidar_ros2_ws/install/remapping' for CMake config files
[1.747s] DEBUG:colcon.colcon_core.event_handler.log_command:Invoked command in '/home/kev/ldlidar_ros2_ws/src/remapping' returned '0': PYTHONPATH=/home/kev/ldlidar_ros2_ws/build/remapping/prefix_override:/home/kev/ldlidar_ros2_ws/install/remapping/lib/python3.10/site-packages:${PYTHONPATH} /usr/bin/python3 -W ignore:setup.py install is deprecated setup.py egg_info --egg-base ../../build/remapping build --build-base /home/kev/ldlidar_ros2_ws/build/remapping/build install --record /home/kev/ldlidar_ros2_ws/build/remapping/install.log --single-version-externally-managed install_data
[1.748s] Level 1:colcon.colcon_core.environment:checking '/home/kev/ldlidar_ros2_ws/install/remapping/lib'
[1.748s] Level 1:colcon.colcon_core.environment:checking '/home/kev/ldlidar_ros2_ws/install/remapping/bin'
[1.748s] Level 1:colcon.colcon_core.environment:checking '/home/kev/ldlidar_ros2_ws/install/remapping/lib/pkgconfig/remapping.pc'
[1.748s] Level 1:colcon.colcon_core.environment:checking '/home/kev/ldlidar_ros2_ws/install/remapping/lib/python3.10/site-packages'
[1.748s] Level 1:colcon.colcon_core.shell:create_environment_hook('remapping', 'pythonpath')
[1.749s] INFO:colcon.colcon_core.shell:Creating environment hook '/home/kev/ldlidar_ros2_ws/install/remapping/share/remapping/hook/pythonpath.ps1'
[1.749s] INFO:colcon.colcon_core.shell:Creating environment descriptor '/home/kev/ldlidar_ros2_ws/install/remapping/share/remapping/hook/pythonpath.dsv'
[1.750s] INFO:colcon.colcon_core.shell:Creating environment hook '/home/kev/ldlidar_ros2_ws/install/remapping/share/remapping/hook/pythonpath.sh'
[1.750s] Level 1:colcon.colcon_core.environment:checking '/home/kev/ldlidar_ros2_ws/install/remapping/bin'
[1.750s] Level 1:colcon.colcon_core.environment:create_environment_scripts_only(remapping)
[1.750s] INFO:colcon.colcon_core.shell:Creating package script '/home/kev/ldlidar_ros2_ws/install/remapping/share/remapping/package.ps1'
[1.750s] INFO:colcon.colcon_core.shell:Creating package descriptor '/home/kev/ldlidar_ros2_ws/install/remapping/share/remapping/package.dsv'
[1.751s] INFO:colcon.colcon_core.shell:Creating package script '/home/kev/ldlidar_ros2_ws/install/remapping/share/remapping/package.sh'
[1.751s] INFO:colcon.colcon_core.shell:Creating package script '/home/kev/ldlidar_ros2_ws/install/remapping/share/remapping/package.bash'
[1.751s] INFO:colcon.colcon_core.shell:Creating package script '/home/kev/ldlidar_ros2_ws/install/remapping/share/remapping/package.zsh'
[1.751s] Level 1:colcon.colcon_core.environment:create_file_with_runtime_dependencies(/home/kev/ldlidar_ros2_ws/install/remapping/share/colcon-core/packages/remapping)
[1.787s] Level 1:colcon.colcon_core.environment:checking '/home/kev/ldlidar_ros2_ws/install/autonomous_exploration' for CMake module files
[1.788s] DEBUG:colcon.colcon_core.event_handler.log_command:Invoked command in '/home/kev/ldlidar_ros2_ws/src/autonomous_exploration' returned '0': PYTHONPATH=/home/kev/ldlidar_ros2_ws/build/autonomous_exploration/prefix_override:/home/kev/ldlidar_ros2_ws/install/autonomous_exploration/lib/python3.10/site-packages:${PYTHONPATH} /usr/bin/python3 -W ignore:setup.py install is deprecated setup.py egg_info --egg-base ../../build/autonomous_exploration build --build-base /home/kev/ldlidar_ros2_ws/build/autonomous_exploration/build install --record /home/kev/ldlidar_ros2_ws/build/autonomous_exploration/install.log --single-version-externally-managed install_data
[1.788s] Level 1:colcon.colcon_core.environment:checking '/home/kev/ldlidar_ros2_ws/install/autonomous_exploration' for CMake config files
[1.788s] Level 1:colcon.colcon_core.environment:checking '/home/kev/ldlidar_ros2_ws/install/autonomous_exploration/lib'
[1.789s] Level 1:colcon.colcon_core.environment:checking '/home/kev/ldlidar_ros2_ws/install/autonomous_exploration/bin'
[1.789s] Level 1:colcon.colcon_core.environment:checking '/home/kev/ldlidar_ros2_ws/install/autonomous_exploration/lib/pkgconfig/autonomous_exploration.pc'
[1.789s] Level 1:colcon.colcon_core.environment:checking '/home/kev/ldlidar_ros2_ws/install/autonomous_exploration/lib/python3.10/site-packages'
[1.789s] Level 1:colcon.colcon_core.shell:create_environment_hook('autonomous_exploration', 'pythonpath')
[1.789s] INFO:colcon.colcon_core.shell:Creating environment hook '/home/kev/ldlidar_ros2_ws/install/autonomous_exploration/share/autonomous_exploration/hook/pythonpath.ps1'
[1.789s] INFO:colcon.colcon_core.shell:Creating environment descriptor '/home/kev/ldlidar_ros2_ws/install/autonomous_exploration/share/autonomous_exploration/hook/pythonpath.dsv'
[1.789s] INFO:colcon.colcon_core.shell:Creating environment hook '/home/kev/ldlidar_ros2_ws/install/autonomous_exploration/share/autonomous_exploration/hook/pythonpath.sh'
[1.790s] Level 1:colcon.colcon_core.environment:checking '/home/kev/ldlidar_ros2_ws/install/autonomous_exploration/bin'
[1.790s] Level 1:colcon.colcon_core.environment:create_environment_scripts_only(autonomous_exploration)
[1.790s] INFO:colcon.colcon_core.shell:Creating package script '/home/kev/ldlidar_ros2_ws/install/autonomous_exploration/share/autonomous_exploration/package.ps1'
[1.791s] INFO:colcon.colcon_core.shell:Creating package descriptor '/home/kev/ldlidar_ros2_ws/install/autonomous_exploration/share/autonomous_exploration/package.dsv'
[1.791s] INFO:colcon.colcon_core.shell:Creating package script '/home/kev/ldlidar_ros2_ws/install/autonomous_exploration/share/autonomous_exploration/package.sh'
[1.791s] INFO:colcon.colcon_core.shell:Creating package script '/home/kev/ldlidar_ros2_ws/install/autonomous_exploration/share/autonomous_exploration/package.bash'
[1.791s] INFO:colcon.colcon_core.shell:Creating package script '/home/kev/ldlidar_ros2_ws/install/autonomous_exploration/share/autonomous_exploration/package.zsh'
[1.792s] Level 1:colcon.colcon_core.environment:create_file_with_runtime_dependencies(/home/kev/ldlidar_ros2_ws/install/autonomous_exploration/share/colcon-core/packages/autonomous_exploration)
[1.803s] Level 1:colcon.colcon_core.environment:checking '/home/kev/ldlidar_ros2_ws/install/my_turtlebot3_simulations' for CMake module files
[1.804s] DEBUG:colcon.colcon_core.event_handler.log_command:Invoked command in '/home/kev/ldlidar_ros2_ws/src/my_turtlebot3_simulations' returned '0': PYTHONPATH=/home/kev/ldlidar_ros2_ws/build/my_turtlebot3_simulations/prefix_override:/home/kev/ldlidar_ros2_ws/install/my_turtlebot3_simulations/lib/python3.10/site-packages:${PYTHONPATH} /usr/bin/python3 -W ignore:setup.py install is deprecated setup.py egg_info --egg-base ../../build/my_turtlebot3_simulations build --build-base /home/kev/ldlidar_ros2_ws/build/my_turtlebot3_simulations/build install --record /home/kev/ldlidar_ros2_ws/build/my_turtlebot3_simulations/install.log --single-version-externally-managed install_data
[1.804s] Level 1:colcon.colcon_core.environment:checking '/home/kev/ldlidar_ros2_ws/install/my_turtlebot3_simulations' for CMake config files
[1.804s] Level 1:colcon.colcon_core.environment:checking '/home/kev/ldlidar_ros2_ws/install/my_turtlebot3_simulations/lib'
[1.805s] Level 1:colcon.colcon_core.environment:checking '/home/kev/ldlidar_ros2_ws/install/my_turtlebot3_simulations/bin'
[1.805s] Level 1:colcon.colcon_core.environment:checking '/home/kev/ldlidar_ros2_ws/install/my_turtlebot3_simulations/lib/pkgconfig/my_turtlebot3_simulations.pc'
[1.805s] Level 1:colcon.colcon_core.environment:checking '/home/kev/ldlidar_ros2_ws/install/my_turtlebot3_simulations/lib/python3.10/site-packages'
[1.805s] Level 1:colcon.colcon_core.shell:create_environment_hook('my_turtlebot3_simulations', 'pythonpath')
[1.805s] INFO:colcon.colcon_core.shell:Creating environment hook '/home/kev/ldlidar_ros2_ws/install/my_turtlebot3_simulations/share/my_turtlebot3_simulations/hook/pythonpath.ps1'
[1.805s] INFO:colcon.colcon_core.shell:Creating environment descriptor '/home/kev/ldlidar_ros2_ws/install/my_turtlebot3_simulations/share/my_turtlebot3_simulations/hook/pythonpath.dsv'
[1.805s] INFO:colcon.colcon_core.shell:Creating environment hook '/home/kev/ldlidar_ros2_ws/install/my_turtlebot3_simulations/share/my_turtlebot3_simulations/hook/pythonpath.sh'
[1.806s] Level 1:colcon.colcon_core.environment:checking '/home/kev/ldlidar_ros2_ws/install/my_turtlebot3_simulations/bin'
[1.806s] Level 1:colcon.colcon_core.environment:create_environment_scripts_only(my_turtlebot3_simulations)
[1.806s] INFO:colcon.colcon_core.shell:Creating package script '/home/kev/ldlidar_ros2_ws/install/my_turtlebot3_simulations/share/my_turtlebot3_simulations/package.ps1'
[1.806s] INFO:colcon.colcon_core.shell:Creating package descriptor '/home/kev/ldlidar_ros2_ws/install/my_turtlebot3_simulations/share/my_turtlebot3_simulations/package.dsv'
[1.807s] INFO:colcon.colcon_core.shell:Creating package script '/home/kev/ldlidar_ros2_ws/install/my_turtlebot3_simulations/share/my_turtlebot3_simulations/package.sh'
[1.807s] INFO:colcon.colcon_core.shell:Creating package script '/home/kev/ldlidar_ros2_ws/install/my_turtlebot3_simulations/share/my_turtlebot3_simulations/package.bash'
[1.807s] INFO:colcon.colcon_core.shell:Creating package script '/home/kev/ldlidar_ros2_ws/install/my_turtlebot3_simulations/share/my_turtlebot3_simulations/package.zsh'
[1.807s] Level 1:colcon.colcon_core.environment:create_file_with_runtime_dependencies(/home/kev/ldlidar_ros2_ws/install/my_turtlebot3_simulations/share/colcon-core/packages/my_turtlebot3_simulations)
[1.807s] DEBUG:colcon.colcon_parallel_executor.executor.parallel:closing loop
[1.807s] DEBUG:colcon.colcon_parallel_executor.executor.parallel:loop closed
[1.807s] DEBUG:colcon.colcon_parallel_executor.executor.parallel:run_until_complete finished with '0'
[1.808s] DEBUG:colcon.colcon_core.event_reactor:joining thread
[1.811s] INFO:colcon.colcon_core.plugin_system:Skipping extension 'colcon_notification.desktop_notification.terminal_notifier': Not used on non-Darwin systems
[1.811s] INFO:colcon.colcon_core.plugin_system:Skipping extension 'colcon_notification.desktop_notification.win32': Not used on non-Windows systems
[1.811s] INFO:colcon.colcon_notification.desktop_notification:Sending desktop notification using 'notify2'
[1.819s] DEBUG:colcon.colcon_core.event_reactor:joined thread
[1.820s] INFO:colcon.colcon_core.shell:Creating prefix script '/home/kev/ldlidar_ros2_ws/install/local_setup.ps1'
[1.820s] INFO:colcon.colcon_core.shell:Creating prefix util module '/home/kev/ldlidar_ros2_ws/install/_local_setup_util_ps1.py'
[1.821s] INFO:colcon.colcon_core.shell:Creating prefix chain script '/home/kev/ldlidar_ros2_ws/install/setup.ps1'
[1.822s] INFO:colcon.colcon_core.shell:Creating prefix script '/home/kev/ldlidar_ros2_ws/install/local_setup.sh'
[1.822s] INFO:colcon.colcon_core.shell:Creating prefix util module '/home/kev/ldlidar_ros2_ws/install/_local_setup_util_sh.py'
[1.822s] INFO:colcon.colcon_core.shell:Creating prefix chain script '/home/kev/ldlidar_ros2_ws/install/setup.sh'
[1.823s] INFO:colcon.colcon_core.shell:Creating prefix script '/home/kev/ldlidar_ros2_ws/install/local_setup.bash'
[1.823s] INFO:colcon.colcon_core.shell:Creating prefix chain script '/home/kev/ldlidar_ros2_ws/install/setup.bash'
[1.824s] INFO:colcon.colcon_core.shell:Creating prefix script '/home/kev/ldlidar_ros2_ws/install/local_setup.zsh'
[1.825s] INFO:colcon.colcon_core.shell:Creating prefix chain script '/home/kev/ldlidar_ros2_ws/install/setup.zsh'
