[1.159s] Invoking command in '/home/kev/ldlidar_ros2_ws/src/map_remapper': PYTHONPATH=/home/kev/ldlidar_ros2_ws/build/map_remapper/prefix_override:/home/kev/ldlidar_ros2_ws/install/map_remapper/lib/python3.10/site-packages:${PYTHONPATH} /usr/bin/python3 -W ignore:setup.py install is deprecated setup.py egg_info --egg-base ../../build/map_remapper build --build-base /home/kev/ldlidar_ros2_ws/build/map_remapper/build install --record /home/kev/ldlidar_ros2_ws/build/map_remapper/install.log --single-version-externally-managed install_data
[1.338s] running egg_info
[1.339s] writing ../../build/map_remapper/map_remapper.egg-info/PKG-INFO
[1.339s] writing dependency_links to ../../build/map_remapper/map_remapper.egg-info/dependency_links.txt
[1.339s] writing entry points to ../../build/map_remapper/map_remapper.egg-info/entry_points.txt
[1.339s] writing requirements to ../../build/map_remapper/map_remapper.egg-info/requires.txt
[1.340s] writing top-level names to ../../build/map_remapper/map_remapper.egg-info/top_level.txt
[1.341s] reading manifest file '../../build/map_remapper/map_remapper.egg-info/SOURCES.txt'
[1.342s] writing manifest file '../../build/map_remapper/map_remapper.egg-info/SOURCES.txt'
[1.342s] running build
[1.342s] running build_py
[1.342s] copying map_remapper/costmap_printer.py -> /home/kev/ldlidar_ros2_ws/build/map_remapper/build/lib/map_remapper
[1.342s] running install
[1.342s] running install_lib
[1.343s] copying /home/kev/ldlidar_ros2_ws/build/map_remapper/build/lib/map_remapper/costmap_printer.py -> /home/kev/ldlidar_ros2_ws/install/map_remapper/lib/python3.10/site-packages/map_remapper
[1.344s] byte-compiling /home/kev/ldlidar_ros2_ws/install/map_remapper/lib/python3.10/site-packages/map_remapper/costmap_printer.py to costmap_printer.cpython-310.pyc
[1.344s] running install_data
[1.344s] running install_egg_info
[1.346s] removing '/home/kev/ldlidar_ros2_ws/install/map_remapper/lib/python3.10/site-packages/map_remapper-0.0.0-py3.10.egg-info' (and everything under it)
[1.346s] Copying ../../build/map_remapper/map_remapper.egg-info to /home/kev/ldlidar_ros2_ws/install/map_remapper/lib/python3.10/site-packages/map_remapper-0.0.0-py3.10.egg-info
[1.346s] running install_scripts
[1.362s] Installing costmap_printer script to /home/kev/ldlidar_ros2_ws/install/map_remapper/lib/map_remapper
[1.362s] Installing map_remapper script to /home/kev/ldlidar_ros2_ws/install/map_remapper/lib/map_remapper
[1.362s] writing list of installed files to '/home/kev/ldlidar_ros2_ws/build/map_remapper/install.log'
[1.398s] Invoked command in '/home/kev/ldlidar_ros2_ws/src/map_remapper' returned '0': PYTHONPATH=/home/kev/ldlidar_ros2_ws/build/map_remapper/prefix_override:/home/kev/ldlidar_ros2_ws/install/map_remapper/lib/python3.10/site-packages:${PYTHONPATH} /usr/bin/python3 -W ignore:setup.py install is deprecated setup.py egg_info --egg-base ../../build/map_remapper build --build-base /home/kev/ldlidar_ros2_ws/build/map_remapper/build install --record /home/kev/ldlidar_ros2_ws/build/map_remapper/install.log --single-version-externally-managed install_data
