[1.092s] Invoking command in '/home/kev/ldlidar_ros2_ws/src/remapping': PYTHONPATH=/home/kev/ldlidar_ros2_ws/build/remapping/prefix_override:/home/kev/ldlidar_ros2_ws/install/remapping/lib/python3.10/site-packages:${PYTHONPATH} /usr/bin/python3 -W ignore:setup.py install is deprecated setup.py egg_info --egg-base ../../build/remapping build --build-base /home/kev/ldlidar_ros2_ws/build/remapping/build install --record /home/kev/ldlidar_ros2_ws/build/remapping/install.log --single-version-externally-managed install_data
[1.270s] running egg_info
[1.270s] writing ../../build/remapping/remapping.egg-info/PKG-INFO
[1.271s] writing dependency_links to ../../build/remapping/remapping.egg-info/dependency_links.txt
[1.271s] writing entry points to ../../build/remapping/remapping.egg-info/entry_points.txt
[1.271s] writing requirements to ../../build/remapping/remapping.egg-info/requires.txt
[1.271s] writing top-level names to ../../build/remapping/remapping.egg-info/top_level.txt
[1.272s] reading manifest file '../../build/remapping/remapping.egg-info/SOURCES.txt'
[1.273s] writing manifest file '../../build/remapping/remapping.egg-info/SOURCES.txt'
[1.273s] running build
[1.273s] running build_py
[1.274s] running install
[1.274s] running install_lib
[1.274s] running install_data
[1.274s] running install_egg_info
[1.275s] removing '/home/kev/ldlidar_ros2_ws/install/remapping/lib/python3.10/site-packages/remapping-0.0.0-py3.10.egg-info' (and everything under it)
[1.275s] Copying ../../build/remapping/remapping.egg-info to /home/kev/ldlidar_ros2_ws/install/remapping/lib/python3.10/site-packages/remapping-0.0.0-py3.10.egg-info
[1.276s] running install_scripts
[1.291s] Installing remap script to /home/kev/ldlidar_ros2_ws/install/remapping/lib/remapping
[1.291s] writing list of installed files to '/home/kev/ldlidar_ros2_ws/build/remapping/install.log'
[1.310s] Invoked command in '/home/kev/ldlidar_ros2_ws/src/remapping' returned '0': PYTHONPATH=/home/kev/ldlidar_ros2_ws/build/remapping/prefix_override:/home/kev/ldlidar_ros2_ws/install/remapping/lib/python3.10/site-packages:${PYTHONPATH} /usr/bin/python3 -W ignore:setup.py install is deprecated setup.py egg_info --egg-base ../../build/remapping build --build-base /home/kev/ldlidar_ros2_ws/build/remapping/build install --record /home/kev/ldlidar_ros2_ws/build/remapping/install.log --single-version-externally-managed install_data
