[1.076s] Invoking command in '/home/kev/ldlidar_ros2_ws/src/autonomous_exploration': PYTHONPATH=/home/kev/ldlidar_ros2_ws/build/autonomous_exploration/prefix_override:/home/kev/ldlidar_ros2_ws/install/autonomous_exploration/lib/python3.10/site-packages:${PYTHONPATH} /usr/bin/python3 -W ignore:setup.py install is deprecated setup.py egg_info --egg-base ../../build/autonomous_exploration build --build-base /home/kev/ldlidar_ros2_ws/build/autonomous_exploration/build install --record /home/kev/ldlidar_ros2_ws/build/autonomous_exploration/install.log --single-version-externally-managed install_data
[1.250s] running egg_info
[1.251s] writing ../../build/autonomous_exploration/autonomous_exploration.egg-info/PKG-INFO
[1.251s] writing dependency_links to ../../build/autonomous_exploration/autonomous_exploration.egg-info/dependency_links.txt
[1.251s] writing entry points to ../../build/autonomous_exploration/autonomous_exploration.egg-info/entry_points.txt
[1.251s] writing requirements to ../../build/autonomous_exploration/autonomous_exploration.egg-info/requires.txt
[1.251s] writing top-level names to ../../build/autonomous_exploration/autonomous_exploration.egg-info/top_level.txt
[1.253s] reading manifest file '../../build/autonomous_exploration/autonomous_exploration.egg-info/SOURCES.txt'
[1.254s] writing manifest file '../../build/autonomous_exploration/autonomous_exploration.egg-info/SOURCES.txt'
[1.254s] running build
[1.254s] running build_py
[1.254s] copying autonomous_exploration/listener.py -> /home/kev/ldlidar_ros2_ws/build/autonomous_exploration/build/lib/autonomous_exploration
[1.254s] running install
[1.254s] running install_lib
[1.255s] copying /home/kev/ldlidar_ros2_ws/build/autonomous_exploration/build/lib/autonomous_exploration/listener.py -> /home/kev/ldlidar_ros2_ws/install/autonomous_exploration/lib/python3.10/site-packages/autonomous_exploration
[1.255s] byte-compiling /home/kev/ldlidar_ros2_ws/install/autonomous_exploration/lib/python3.10/site-packages/autonomous_exploration/listener.py to listener.cpython-310.pyc
[1.257s] running install_data
[1.257s] running install_egg_info
[1.258s] removing '/home/kev/ldlidar_ros2_ws/install/autonomous_exploration/lib/python3.10/site-packages/autonomous_exploration-0.0.0-py3.10.egg-info' (and everything under it)
[1.259s] Copying ../../build/autonomous_exploration/autonomous_exploration.egg-info to /home/kev/ldlidar_ros2_ws/install/autonomous_exploration/lib/python3.10/site-packages/autonomous_exploration-0.0.0-py3.10.egg-info
[1.259s] running install_scripts
[1.275s] Installing control script to /home/kev/ldlidar_ros2_ws/install/autonomous_exploration/lib/autonomous_exploration
[1.275s] Installing listener script to /home/kev/ldlidar_ros2_ws/install/autonomous_exploration/lib/autonomous_exploration
[1.276s] writing list of installed files to '/home/kev/ldlidar_ros2_ws/build/autonomous_exploration/install.log'
[1.305s] Invoked command in '/home/kev/ldlidar_ros2_ws/src/autonomous_exploration' returned '0': PYTHONPATH=/home/kev/ldlidar_ros2_ws/build/autonomous_exploration/prefix_override:/home/kev/ldlidar_ros2_ws/install/autonomous_exploration/lib/python3.10/site-packages:${PYTHONPATH} /usr/bin/python3 -W ignore:setup.py install is deprecated setup.py egg_info --egg-base ../../build/autonomous_exploration build --build-base /home/kev/ldlidar_ros2_ws/build/autonomous_exploration/build install --record /home/kev/ldlidar_ros2_ws/build/autonomous_exploration/install.log --single-version-externally-managed install_data
