[1.184s] Invoking command in '/home/kev/ldlidar_ros2_ws/build/remapping': PYTHONPATH=/home/kev/ldlidar_ros2_ws/build/remapping/prefix_override:/home/kev/ldlidar_ros2_ws/install/remapping/lib/python3.10/site-packages:${PYTHONPATH} /usr/bin/python3 -W ignore:setup.py install is deprecated setup.py develop --editable --build-directory /home/kev/ldlidar_ros2_ws/build/remapping/build --no-deps symlink_data --force
[1.833s] running develop
[1.833s] running egg_info
[1.833s] writing remapping.egg-info/PKG-INFO
[1.833s] writing dependency_links to remapping.egg-info/dependency_links.txt
[1.833s] writing entry points to remapping.egg-info/entry_points.txt
[1.833s] writing requirements to remapping.egg-info/requires.txt
[1.833s] writing top-level names to remapping.egg-info/top_level.txt
[1.833s] reading manifest file 'remapping.egg-info/SOURCES.txt'
[1.833s] writing manifest file 'remapping.egg-info/SOURCES.txt'
[1.833s] running build_ext
[1.833s] Creating /home/kev/ldlidar_ros2_ws/install/remapping/lib/python3.10/site-packages/remapping.egg-link (link to .)
[1.833s] Installing remap script to /home/kev/ldlidar_ros2_ws/install/remapping/lib/remapping
[1.833s] 
[1.833s] Installed /home/kev/ldlidar_ros2_ws/build/remapping
[1.834s] running symlink_data
[1.834s] symbolically linking /home/kev/ldlidar_ros2_ws/build/remapping/resource/remapping -> /home/kev/ldlidar_ros2_ws/install/remapping/share/ament_index/resource_index/packages
[1.834s] symbolically linking /home/kev/ldlidar_ros2_ws/build/remapping/package.xml -> /home/kev/ldlidar_ros2_ws/install/remapping/share/remapping
[1.834s] /usr/lib/python3/dist-packages/setuptools/command/easy_install.py:158: EasyInstallDeprecationWarning: easy_install command is deprecated. Use build and pip and other standards-based tools.
[1.834s]   warnings.warn(
[1.842s] Invoked command in '/home/kev/ldlidar_ros2_ws/build/remapping' returned '0': PYTHONPATH=/home/kev/ldlidar_ros2_ws/build/remapping/prefix_override:/home/kev/ldlidar_ros2_ws/install/remapping/lib/python3.10/site-packages:${PYTHONPATH} /usr/bin/python3 -W ignore:setup.py install is deprecated setup.py develop --editable --build-directory /home/kev/ldlidar_ros2_ws/build/remapping/build --no-deps symlink_data --force
