[1.105s] Invoking command in '/home/kev/ldlidar_ros2_ws/src/map_remapper': PYTHONPATH=/home/kev/ldlidar_ros2_ws/build/map_remapper/prefix_override:/home/kev/ldlidar_ros2_ws/install/map_remapper/lib/python3.10/site-packages:${PYTHONPATH} /usr/bin/python3 -W ignore:setup.py install is deprecated setup.py egg_info --egg-base ../../build/map_remapper build --build-base /home/kev/ldlidar_ros2_ws/build/map_remapper/build install --record /home/kev/ldlidar_ros2_ws/build/map_remapper/install.log --single-version-externally-managed install_data
[1.308s] running egg_info
[1.310s] writing ../../build/map_remapper/map_remapper.egg-info/PKG-INFO
[1.310s] writing dependency_links to ../../build/map_remapper/map_remapper.egg-info/dependency_links.txt
[1.310s] writing entry points to ../../build/map_remapper/map_remapper.egg-info/entry_points.txt
[1.310s] writing requirements to ../../build/map_remapper/map_remapper.egg-info/requires.txt
[1.310s] writing top-level names to ../../build/map_remapper/map_remapper.egg-info/top_level.txt
[1.313s] reading manifest file '../../build/map_remapper/map_remapper.egg-info/SOURCES.txt'
[1.313s] writing manifest file '../../build/map_remapper/map_remapper.egg-info/SOURCES.txt'
[1.314s] running build
[1.314s] running build_py
[1.314s] copying map_remapper/costmap_printer.py -> /home/kev/ldlidar_ros2_ws/build/map_remapper/build/lib/map_remapper
[1.314s] running install
[1.314s] running install_lib
[1.315s] copying /home/kev/ldlidar_ros2_ws/build/map_remapper/build/lib/map_remapper/costmap_printer.py -> /home/kev/ldlidar_ros2_ws/install/map_remapper/lib/python3.10/site-packages/map_remapper
[1.315s] byte-compiling /home/kev/ldlidar_ros2_ws/install/map_remapper/lib/python3.10/site-packages/map_remapper/costmap_printer.py to costmap_printer.cpython-310.pyc
[1.316s] running install_data
[1.316s] running install_egg_info
[1.317s] removing '/home/kev/ldlidar_ros2_ws/install/map_remapper/lib/python3.10/site-packages/map_remapper-0.0.0-py3.10.egg-info' (and everything under it)
[1.317s] Copying ../../build/map_remapper/map_remapper.egg-info to /home/kev/ldlidar_ros2_ws/install/map_remapper/lib/python3.10/site-packages/map_remapper-0.0.0-py3.10.egg-info
[1.318s] running install_scripts
[1.335s] Installing costmap_printer script to /home/kev/ldlidar_ros2_ws/install/map_remapper/lib/map_remapper
[1.336s] Installing map_remapper script to /home/kev/ldlidar_ros2_ws/install/map_remapper/lib/map_remapper
[1.336s] writing list of installed files to '/home/kev/ldlidar_ros2_ws/build/map_remapper/install.log'
[1.365s] Invoked command in '/home/kev/ldlidar_ros2_ws/src/map_remapper' returned '0': PYTHONPATH=/home/kev/ldlidar_ros2_ws/build/map_remapper/prefix_override:/home/kev/ldlidar_ros2_ws/install/map_remapper/lib/python3.10/site-packages:${PYTHONPATH} /usr/bin/python3 -W ignore:setup.py install is deprecated setup.py egg_info --egg-base ../../build/map_remapper build --build-base /home/kev/ldlidar_ros2_ws/build/map_remapper/build install --record /home/kev/ldlidar_ros2_ws/build/map_remapper/install.log --single-version-externally-managed install_data
