[1.037s] Invoking command in '/home/kev/ldlidar_ros2_ws/src/remapping': PYTHONPATH=/home/kev/ldlidar_ros2_ws/build/remapping/prefix_override:/home/kev/ldlidar_ros2_ws/install/remapping/lib/python3.10/site-packages:${PYTHONPATH} /usr/bin/python3 -W ignore:setup.py install is deprecated setup.py egg_info --egg-base ../../build/remapping build --build-base /home/kev/ldlidar_ros2_ws/build/remapping/build install --record /home/kev/ldlidar_ros2_ws/build/remapping/install.log --single-version-externally-managed install_data
[1.213s] running egg_info
[1.214s] writing ../../build/remapping/remapping.egg-info/PKG-INFO
[1.214s] writing dependency_links to ../../build/remapping/remapping.egg-info/dependency_links.txt
[1.214s] writing entry points to ../../build/remapping/remapping.egg-info/entry_points.txt
[1.214s] writing requirements to ../../build/remapping/remapping.egg-info/requires.txt
[1.214s] writing top-level names to ../../build/remapping/remapping.egg-info/top_level.txt
[1.216s] reading manifest file '../../build/remapping/remapping.egg-info/SOURCES.txt'
[1.216s] writing manifest file '../../build/remapping/remapping.egg-info/SOURCES.txt'
[1.216s] running build
[1.216s] running build_py
[1.216s] running install
[1.216s] running install_lib
[1.217s] running install_data
[1.217s] running install_egg_info
[1.219s] removing '/home/kev/ldlidar_ros2_ws/install/remapping/lib/python3.10/site-packages/remapping-0.0.0-py3.10.egg-info' (and everything under it)
[1.219s] Copying ../../build/remapping/remapping.egg-info to /home/kev/ldlidar_ros2_ws/install/remapping/lib/python3.10/site-packages/remapping-0.0.0-py3.10.egg-info
[1.219s] running install_scripts
[1.234s] Installing remap script to /home/kev/ldlidar_ros2_ws/install/remapping/lib/remapping
[1.235s] writing list of installed files to '/home/kev/ldlidar_ros2_ws/build/remapping/install.log'
[1.261s] Invoked command in '/home/kev/ldlidar_ros2_ws/src/remapping' returned '0': PYTHONPATH=/home/kev/ldlidar_ros2_ws/build/remapping/prefix_override:/home/kev/ldlidar_ros2_ws/install/remapping/lib/python3.10/site-packages:${PYTHONPATH} /usr/bin/python3 -W ignore:setup.py install is deprecated setup.py egg_info --egg-base ../../build/remapping build --build-base /home/kev/ldlidar_ros2_ws/build/remapping/build install --record /home/kev/ldlidar_ros2_ws/build/remapping/install.log --single-version-externally-managed install_data
