[0.067s] DEBUG:colcon:Command line arguments: ['/usr/bin/colcon', 'build']
[0.067s] DEBUG:colcon:Parsed command line arguments: Namespace(log_base=None, log_level=None, verb_name='build', build_base='build', install_base='install', merge_install=False, symlink_install=False, test_result_base=None, continue_on_error=False, executor='parallel', parallel_workers=8, event_handlers=None, ignore_user_meta=False, metas=['./colcon.meta'], base_paths=['.'], packages_ignore=None, packages_ignore_regex=None, paths=None, packages_up_to=None, packages_up_to_regex=None, packages_above=None, packages_above_and_dependencies=None, packages_above_depth=None, packages_select_by_dep=None, packages_skip_by_dep=None, packages_skip_up_to=None, packages_select_build_failed=False, packages_skip_build_finished=False, packages_select_test_failures=False, packages_skip_test_passed=False, packages_select=None, packages_skip=None, packages_select_regex=None, packages_skip_regex=None, packages_start=None, packages_end=None, allow_overriding=[], cmake_args=None, cmake_target=None, cmake_target_skip_unavailable=False, cmake_clean_cache=False, cmake_clean_first=False, cmake_force_configure=False, ament_cmake_args=None, catkin_cmake_args=None, catkin_skip_building_tests=False, mixin_files=None, mixin=None, verb_parser=<colcon_mixin.mixin.mixin_argument.MixinArgumentDecorator object at 0x73247a9371f0>, verb_extension=<colcon_core.verb.build.BuildVerb object at 0x73247aa2b8b0>, main=<bound method BuildVerb.main of <colcon_core.verb.build.BuildVerb object at 0x73247aa2b8b0>>, mixin_verb=('build',))
[0.175s] Level 1:colcon.colcon_core.package_discovery:discover_packages(colcon_meta) check parameters
[0.175s] Level 1:colcon.colcon_core.package_discovery:discover_packages(recursive) check parameters
[0.175s] Level 1:colcon.colcon_core.package_discovery:discover_packages(ignore) check parameters
[0.175s] Level 1:colcon.colcon_core.package_discovery:discover_packages(path) check parameters
[0.175s] Level 1:colcon.colcon_core.package_discovery:discover_packages(colcon_meta) discover
[0.175s] Level 1:colcon.colcon_core.package_discovery:discover_packages(recursive) discover
[0.175s] INFO:colcon.colcon_core.package_discovery:Crawling recursively for packages in '/home/kev/ldlidar_ros2_ws'
[0.175s] Level 1:colcon.colcon_core.package_identification:_identify(.) by extensions ['ignore', 'ignore_ament_install']
[0.175s] Level 1:colcon.colcon_core.package_identification:_identify(.) by extension 'ignore'
[0.175s] Level 1:colcon.colcon_core.package_identification:_identify(.) by extension 'ignore_ament_install'
[0.175s] Level 1:colcon.colcon_core.package_identification:_identify(.) by extensions ['colcon_pkg']
[0.175s] Level 1:colcon.colcon_core.package_identification:_identify(.) by extension 'colcon_pkg'
[0.175s] Level 1:colcon.colcon_core.package_identification:_identify(.) by extensions ['colcon_meta']
[0.175s] Level 1:colcon.colcon_core.package_identification:_identify(.) by extension 'colcon_meta'
[0.175s] Level 1:colcon.colcon_core.package_identification:_identify(.) by extensions ['ros']
[0.175s] Level 1:colcon.colcon_core.package_identification:_identify(.) by extension 'ros'
[0.182s] Level 1:colcon.colcon_core.package_identification:_identify(.) by extensions ['cmake', 'python']
[0.182s] Level 1:colcon.colcon_core.package_identification:_identify(.) by extension 'cmake'
[0.182s] Level 1:colcon.colcon_core.package_identification:_identify(.) by extension 'python'
[0.182s] Level 1:colcon.colcon_core.package_identification:_identify(.) by extensions ['python_setup_py']
[0.182s] Level 1:colcon.colcon_core.package_identification:_identify(.) by extension 'python_setup_py'
[0.182s] Level 1:colcon.colcon_core.package_identification:_identify(build) by extensions ['ignore', 'ignore_ament_install']
[0.182s] Level 1:colcon.colcon_core.package_identification:_identify(build) by extension 'ignore'
[0.183s] Level 1:colcon.colcon_core.package_identification:_identify(build) ignored
[0.183s] Level 1:colcon.colcon_core.package_identification:_identify(install) by extensions ['ignore', 'ignore_ament_install']
[0.183s] Level 1:colcon.colcon_core.package_identification:_identify(install) by extension 'ignore'
[0.183s] Level 1:colcon.colcon_core.package_identification:_identify(install) ignored
[0.183s] Level 1:colcon.colcon_core.package_identification:_identify(log) by extensions ['ignore', 'ignore_ament_install']
[0.183s] Level 1:colcon.colcon_core.package_identification:_identify(log) by extension 'ignore'
[0.183s] Level 1:colcon.colcon_core.package_identification:_identify(log) ignored
[0.183s] Level 1:colcon.colcon_core.package_identification:_identify(src) by extensions ['ignore', 'ignore_ament_install']
[0.183s] Level 1:colcon.colcon_core.package_identification:_identify(src) by extension 'ignore'
[0.183s] Level 1:colcon.colcon_core.package_identification:_identify(src) by extension 'ignore_ament_install'
[0.183s] Level 1:colcon.colcon_core.package_identification:_identify(src) by extensions ['colcon_pkg']
[0.183s] Level 1:colcon.colcon_core.package_identification:_identify(src) by extension 'colcon_pkg'
[0.183s] Level 1:colcon.colcon_core.package_identification:_identify(src) by extensions ['colcon_meta']
[0.183s] Level 1:colcon.colcon_core.package_identification:_identify(src) by extension 'colcon_meta'
[0.183s] Level 1:colcon.colcon_core.package_identification:_identify(src) by extensions ['ros']
[0.183s] Level 1:colcon.colcon_core.package_identification:_identify(src) by extension 'ros'
[0.183s] Level 1:colcon.colcon_core.package_identification:_identify(src) by extensions ['cmake', 'python']
[0.183s] Level 1:colcon.colcon_core.package_identification:_identify(src) by extension 'cmake'
[0.183s] Level 1:colcon.colcon_core.package_identification:_identify(src) by extension 'python'
[0.183s] Level 1:colcon.colcon_core.package_identification:_identify(src) by extensions ['python_setup_py']
[0.183s] Level 1:colcon.colcon_core.package_identification:_identify(src) by extension 'python_setup_py'
[0.183s] Level 1:colcon.colcon_core.package_identification:_identify(src/autonomous_exploration) by extensions ['ignore', 'ignore_ament_install']
[0.183s] Level 1:colcon.colcon_core.package_identification:_identify(src/autonomous_exploration) by extension 'ignore'
[0.183s] Level 1:colcon.colcon_core.package_identification:_identify(src/autonomous_exploration) by extension 'ignore_ament_install'
[0.183s] Level 1:colcon.colcon_core.package_identification:_identify(src/autonomous_exploration) by extensions ['colcon_pkg']
[0.183s] Level 1:colcon.colcon_core.package_identification:_identify(src/autonomous_exploration) by extension 'colcon_pkg'
[0.183s] Level 1:colcon.colcon_core.package_identification:_identify(src/autonomous_exploration) by extensions ['colcon_meta']
[0.183s] Level 1:colcon.colcon_core.package_identification:_identify(src/autonomous_exploration) by extension 'colcon_meta'
[0.183s] Level 1:colcon.colcon_core.package_identification:_identify(src/autonomous_exploration) by extensions ['ros']
[0.183s] Level 1:colcon.colcon_core.package_identification:_identify(src/autonomous_exploration) by extension 'ros'
[0.185s] DEBUG:colcon.colcon_core.package_identification:Package 'src/autonomous_exploration' with type 'ros.ament_python' and name 'autonomous_exploration'
[0.185s] Level 1:colcon.colcon_core.package_identification:_identify(src/lidar_cartographer) by extensions ['ignore', 'ignore_ament_install']
[0.185s] Level 1:colcon.colcon_core.package_identification:_identify(src/lidar_cartographer) by extension 'ignore'
[0.185s] Level 1:colcon.colcon_core.package_identification:_identify(src/lidar_cartographer) by extension 'ignore_ament_install'
[0.185s] Level 1:colcon.colcon_core.package_identification:_identify(src/lidar_cartographer) by extensions ['colcon_pkg']
[0.185s] Level 1:colcon.colcon_core.package_identification:_identify(src/lidar_cartographer) by extension 'colcon_pkg'
[0.185s] Level 1:colcon.colcon_core.package_identification:_identify(src/lidar_cartographer) by extensions ['colcon_meta']
[0.185s] Level 1:colcon.colcon_core.package_identification:_identify(src/lidar_cartographer) by extension 'colcon_meta'
[0.185s] Level 1:colcon.colcon_core.package_identification:_identify(src/lidar_cartographer) by extensions ['ros']
[0.185s] Level 1:colcon.colcon_core.package_identification:_identify(src/lidar_cartographer) by extension 'ros'
[0.185s] DEBUG:colcon.colcon_core.package_identification:Package 'src/lidar_cartographer' with type 'ros.ament_cmake' and name 'lidar_cartographer'
[0.185s] Level 1:colcon.colcon_core.package_identification:_identify(src/map_remapper) by extensions ['ignore', 'ignore_ament_install']
[0.186s] Level 1:colcon.colcon_core.package_identification:_identify(src/map_remapper) by extension 'ignore'
[0.186s] Level 1:colcon.colcon_core.package_identification:_identify(src/map_remapper) by extension 'ignore_ament_install'
[0.186s] Level 1:colcon.colcon_core.package_identification:_identify(src/map_remapper) by extensions ['colcon_pkg']
[0.186s] Level 1:colcon.colcon_core.package_identification:_identify(src/map_remapper) by extension 'colcon_pkg'
[0.186s] Level 1:colcon.colcon_core.package_identification:_identify(src/map_remapper) by extensions ['colcon_meta']
[0.186s] Level 1:colcon.colcon_core.package_identification:_identify(src/map_remapper) by extension 'colcon_meta'
[0.186s] Level 1:colcon.colcon_core.package_identification:_identify(src/map_remapper) by extensions ['ros']
[0.186s] Level 1:colcon.colcon_core.package_identification:_identify(src/map_remapper) by extension 'ros'
[0.187s] DEBUG:colcon.colcon_core.package_identification:Package 'src/map_remapper' with type 'ros.ament_python' and name 'map_remapper'
[0.187s] Level 1:colcon.colcon_core.package_identification:_identify(src/remapping) by extensions ['ignore', 'ignore_ament_install']
[0.187s] Level 1:colcon.colcon_core.package_identification:_identify(src/remapping) by extension 'ignore'
[0.187s] Level 1:colcon.colcon_core.package_identification:_identify(src/remapping) by extension 'ignore_ament_install'
[0.187s] Level 1:colcon.colcon_core.package_identification:_identify(src/remapping) by extensions ['colcon_pkg']
[0.187s] Level 1:colcon.colcon_core.package_identification:_identify(src/remapping) by extension 'colcon_pkg'
[0.187s] Level 1:colcon.colcon_core.package_identification:_identify(src/remapping) by extensions ['colcon_meta']
[0.187s] Level 1:colcon.colcon_core.package_identification:_identify(src/remapping) by extension 'colcon_meta'
[0.187s] Level 1:colcon.colcon_core.package_identification:_identify(src/remapping) by extensions ['ros']
[0.187s] Level 1:colcon.colcon_core.package_identification:_identify(src/remapping) by extension 'ros'
[0.187s] DEBUG:colcon.colcon_core.package_identification:Package 'src/remapping' with type 'ros.ament_python' and name 'remapping'
[0.187s] Level 1:colcon.colcon_core.package_identification:_identify(src/rf2o_laser_odometry) by extensions ['ignore', 'ignore_ament_install']
[0.187s] Level 1:colcon.colcon_core.package_identification:_identify(src/rf2o_laser_odometry) by extension 'ignore'
[0.187s] Level 1:colcon.colcon_core.package_identification:_identify(src/rf2o_laser_odometry) by extension 'ignore_ament_install'
[0.188s] Level 1:colcon.colcon_core.package_identification:_identify(src/rf2o_laser_odometry) by extensions ['colcon_pkg']
[0.188s] Level 1:colcon.colcon_core.package_identification:_identify(src/rf2o_laser_odometry) by extension 'colcon_pkg'
[0.188s] Level 1:colcon.colcon_core.package_identification:_identify(src/rf2o_laser_odometry) by extensions ['colcon_meta']
[0.188s] Level 1:colcon.colcon_core.package_identification:_identify(src/rf2o_laser_odometry) by extension 'colcon_meta'
[0.188s] Level 1:colcon.colcon_core.package_identification:_identify(src/rf2o_laser_odometry) by extensions ['ros']
[0.188s] Level 1:colcon.colcon_core.package_identification:_identify(src/rf2o_laser_odometry) by extension 'ros'
[0.188s] DEBUG:colcon.colcon_core.package_identification:Package 'src/rf2o_laser_odometry' with type 'ros.ament_cmake' and name 'rf2o_laser_odometry'
[0.188s] Level 1:colcon.colcon_core.package_identification:_identify(src/toolbox_lidar) by extensions ['ignore', 'ignore_ament_install']
[0.188s] Level 1:colcon.colcon_core.package_identification:_identify(src/toolbox_lidar) by extension 'ignore'
[0.188s] Level 1:colcon.colcon_core.package_identification:_identify(src/toolbox_lidar) by extension 'ignore_ament_install'
[0.188s] Level 1:colcon.colcon_core.package_identification:_identify(src/toolbox_lidar) by extensions ['colcon_pkg']
[0.188s] Level 1:colcon.colcon_core.package_identification:_identify(src/toolbox_lidar) by extension 'colcon_pkg'
[0.188s] Level 1:colcon.colcon_core.package_identification:_identify(src/toolbox_lidar) by extensions ['colcon_meta']
[0.188s] Level 1:colcon.colcon_core.package_identification:_identify(src/toolbox_lidar) by extension 'colcon_meta'
[0.188s] Level 1:colcon.colcon_core.package_identification:_identify(src/toolbox_lidar) by extensions ['ros']
[0.188s] Level 1:colcon.colcon_core.package_identification:_identify(src/toolbox_lidar) by extension 'ros'
[0.189s] DEBUG:colcon.colcon_core.package_identification:Package 'src/toolbox_lidar' with type 'ros.ament_cmake' and name 'toolbox_lidar'
[0.189s] Level 1:colcon.colcon_core.package_discovery:discover_packages(recursive) using defaults
[0.189s] Level 1:colcon.colcon_core.package_discovery:discover_packages(ignore) discover
[0.189s] Level 1:colcon.colcon_core.package_discovery:discover_packages(ignore) using defaults
[0.189s] Level 1:colcon.colcon_core.package_discovery:discover_packages(path) discover
[0.189s] Level 1:colcon.colcon_core.package_discovery:discover_packages(path) using defaults
[0.209s] Level 1:colcon.colcon_core.package_discovery:discover_packages(prefix_path) check parameters
[0.209s] Level 1:colcon.colcon_core.package_discovery:discover_packages(prefix_path) discover
[0.210s] WARNING:colcon.colcon_ros.prefix_path.ament:The path '/home/kev/ldlidar_ros2_ws/install/slam' in the environment variable AMENT_PREFIX_PATH doesn't exist
[0.210s] WARNING:colcon.colcon_ros.prefix_path.ament:The path '/home/kev/ldlidar_ros2_ws/install/lidar_bringup' in the environment variable AMENT_PREFIX_PATH doesn't exist
[0.210s] WARNING:colcon.colcon_ros.prefix_path.ament:The path '/home/kev/ldlidar_ros2_ws/install/ldlidar_stl_ros2' in the environment variable AMENT_PREFIX_PATH doesn't exist
[0.210s] WARNING:colcon.colcon_ros.prefix_path.ament:The path '/home/kev/ldlidar_ros2_ws/install/fuckbox' in the environment variable AMENT_PREFIX_PATH doesn't exist
[0.210s] WARNING:colcon.colcon_ros.prefix_path.catkin:The path '/home/kev/ldlidar_ros2_ws/install/slam' in the environment variable CMAKE_PREFIX_PATH doesn't exist
[0.210s] WARNING:colcon.colcon_ros.prefix_path.catkin:The path '/home/kev/ldlidar_ros2_ws/install/lidar_bringup' in the environment variable CMAKE_PREFIX_PATH doesn't exist
[0.210s] WARNING:colcon.colcon_ros.prefix_path.catkin:The path '/home/kev/ldlidar_ros2_ws/install/ldlidar_stl_ros2' in the environment variable CMAKE_PREFIX_PATH doesn't exist
[0.210s] WARNING:colcon.colcon_ros.prefix_path.catkin:The path '/home/kev/ldlidar_ros2_ws/install/fuckbox' in the environment variable CMAKE_PREFIX_PATH doesn't exist
[0.210s] DEBUG:colcon.colcon_installed_package_information.package_discovery:Found 8 installed packages in /home/kev/ldlidar_ros2_ws/install
[0.212s] DEBUG:colcon.colcon_installed_package_information.package_discovery:Found 425 installed packages in /opt/ros/humble
[0.213s] Level 1:colcon.colcon_core.package_discovery:discover_packages(prefix_path) using defaults
[0.244s] Level 5:colcon.colcon_core.verb:set package 'autonomous_exploration' build argument 'cmake_args' from command line to 'None'
[0.244s] Level 5:colcon.colcon_core.verb:set package 'autonomous_exploration' build argument 'cmake_target' from command line to 'None'
[0.244s] Level 5:colcon.colcon_core.verb:set package 'autonomous_exploration' build argument 'cmake_target_skip_unavailable' from command line to 'False'
[0.244s] Level 5:colcon.colcon_core.verb:set package 'autonomous_exploration' build argument 'cmake_clean_cache' from command line to 'False'
[0.244s] Level 5:colcon.colcon_core.verb:set package 'autonomous_exploration' build argument 'cmake_clean_first' from command line to 'False'
[0.244s] Level 5:colcon.colcon_core.verb:set package 'autonomous_exploration' build argument 'cmake_force_configure' from command line to 'False'
[0.244s] Level 5:colcon.colcon_core.verb:set package 'autonomous_exploration' build argument 'ament_cmake_args' from command line to 'None'
[0.244s] Level 5:colcon.colcon_core.verb:set package 'autonomous_exploration' build argument 'catkin_cmake_args' from command line to 'None'
[0.244s] Level 5:colcon.colcon_core.verb:set package 'autonomous_exploration' build argument 'catkin_skip_building_tests' from command line to 'False'
[0.244s] DEBUG:colcon.colcon_core.verb:Building package 'autonomous_exploration' with the following arguments: {'ament_cmake_args': None, 'build_base': '/home/kev/ldlidar_ros2_ws/build/autonomous_exploration', 'catkin_cmake_args': None, 'catkin_skip_building_tests': False, 'cmake_args': None, 'cmake_clean_cache': False, 'cmake_clean_first': False, 'cmake_force_configure': False, 'cmake_target': None, 'cmake_target_skip_unavailable': False, 'install_base': '/home/kev/ldlidar_ros2_ws/install/autonomous_exploration', 'merge_install': False, 'path': '/home/kev/ldlidar_ros2_ws/src/autonomous_exploration', 'symlink_install': False, 'test_result_base': None}
[0.244s] Level 5:colcon.colcon_core.verb:set package 'lidar_cartographer' build argument 'cmake_args' from command line to 'None'
[0.244s] Level 5:colcon.colcon_core.verb:set package 'lidar_cartographer' build argument 'cmake_target' from command line to 'None'
[0.244s] Level 5:colcon.colcon_core.verb:set package 'lidar_cartographer' build argument 'cmake_target_skip_unavailable' from command line to 'False'
[0.244s] Level 5:colcon.colcon_core.verb:set package 'lidar_cartographer' build argument 'cmake_clean_cache' from command line to 'False'
[0.244s] Level 5:colcon.colcon_core.verb:set package 'lidar_cartographer' build argument 'cmake_clean_first' from command line to 'False'
[0.244s] Level 5:colcon.colcon_core.verb:set package 'lidar_cartographer' build argument 'cmake_force_configure' from command line to 'False'
[0.245s] Level 5:colcon.colcon_core.verb:set package 'lidar_cartographer' build argument 'ament_cmake_args' from command line to 'None'
[0.245s] Level 5:colcon.colcon_core.verb:set package 'lidar_cartographer' build argument 'catkin_cmake_args' from command line to 'None'
[0.245s] Level 5:colcon.colcon_core.verb:set package 'lidar_cartographer' build argument 'catkin_skip_building_tests' from command line to 'False'
[0.245s] DEBUG:colcon.colcon_core.verb:Building package 'lidar_cartographer' with the following arguments: {'ament_cmake_args': None, 'build_base': '/home/kev/ldlidar_ros2_ws/build/lidar_cartographer', 'catkin_cmake_args': None, 'catkin_skip_building_tests': False, 'cmake_args': None, 'cmake_clean_cache': False, 'cmake_clean_first': False, 'cmake_force_configure': False, 'cmake_target': None, 'cmake_target_skip_unavailable': False, 'install_base': '/home/kev/ldlidar_ros2_ws/install/lidar_cartographer', 'merge_install': False, 'path': '/home/kev/ldlidar_ros2_ws/src/lidar_cartographer', 'symlink_install': False, 'test_result_base': None}
[0.245s] Level 5:colcon.colcon_core.verb:set package 'map_remapper' build argument 'cmake_args' from command line to 'None'
[0.245s] Level 5:colcon.colcon_core.verb:set package 'map_remapper' build argument 'cmake_target' from command line to 'None'
[0.245s] Level 5:colcon.colcon_core.verb:set package 'map_remapper' build argument 'cmake_target_skip_unavailable' from command line to 'False'
[0.245s] Level 5:colcon.colcon_core.verb:set package 'map_remapper' build argument 'cmake_clean_cache' from command line to 'False'
[0.245s] Level 5:colcon.colcon_core.verb:set package 'map_remapper' build argument 'cmake_clean_first' from command line to 'False'
[0.245s] Level 5:colcon.colcon_core.verb:set package 'map_remapper' build argument 'cmake_force_configure' from command line to 'False'
[0.245s] Level 5:colcon.colcon_core.verb:set package 'map_remapper' build argument 'ament_cmake_args' from command line to 'None'
[0.245s] Level 5:colcon.colcon_core.verb:set package 'map_remapper' build argument 'catkin_cmake_args' from command line to 'None'
[0.245s] Level 5:colcon.colcon_core.verb:set package 'map_remapper' build argument 'catkin_skip_building_tests' from command line to 'False'
[0.245s] DEBUG:colcon.colcon_core.verb:Building package 'map_remapper' with the following arguments: {'ament_cmake_args': None, 'build_base': '/home/kev/ldlidar_ros2_ws/build/map_remapper', 'catkin_cmake_args': None, 'catkin_skip_building_tests': False, 'cmake_args': None, 'cmake_clean_cache': False, 'cmake_clean_first': False, 'cmake_force_configure': False, 'cmake_target': None, 'cmake_target_skip_unavailable': False, 'install_base': '/home/kev/ldlidar_ros2_ws/install/map_remapper', 'merge_install': False, 'path': '/home/kev/ldlidar_ros2_ws/src/map_remapper', 'symlink_install': False, 'test_result_base': None}
[0.245s] Level 5:colcon.colcon_core.verb:set package 'remapping' build argument 'cmake_args' from command line to 'None'
[0.245s] Level 5:colcon.colcon_core.verb:set package 'remapping' build argument 'cmake_target' from command line to 'None'
[0.245s] Level 5:colcon.colcon_core.verb:set package 'remapping' build argument 'cmake_target_skip_unavailable' from command line to 'False'
[0.245s] Level 5:colcon.colcon_core.verb:set package 'remapping' build argument 'cmake_clean_cache' from command line to 'False'
[0.245s] Level 5:colcon.colcon_core.verb:set package 'remapping' build argument 'cmake_clean_first' from command line to 'False'
[0.245s] Level 5:colcon.colcon_core.verb:set package 'remapping' build argument 'cmake_force_configure' from command line to 'False'
[0.245s] Level 5:colcon.colcon_core.verb:set package 'remapping' build argument 'ament_cmake_args' from command line to 'None'
[0.245s] Level 5:colcon.colcon_core.verb:set package 'remapping' build argument 'catkin_cmake_args' from command line to 'None'
[0.245s] Level 5:colcon.colcon_core.verb:set package 'remapping' build argument 'catkin_skip_building_tests' from command line to 'False'
[0.245s] DEBUG:colcon.colcon_core.verb:Building package 'remapping' with the following arguments: {'ament_cmake_args': None, 'build_base': '/home/kev/ldlidar_ros2_ws/build/remapping', 'catkin_cmake_args': None, 'catkin_skip_building_tests': False, 'cmake_args': None, 'cmake_clean_cache': False, 'cmake_clean_first': False, 'cmake_force_configure': False, 'cmake_target': None, 'cmake_target_skip_unavailable': False, 'install_base': '/home/kev/ldlidar_ros2_ws/install/remapping', 'merge_install': False, 'path': '/home/kev/ldlidar_ros2_ws/src/remapping', 'symlink_install': False, 'test_result_base': None}
[0.245s] Level 5:colcon.colcon_core.verb:set package 'rf2o_laser_odometry' build argument 'cmake_args' from command line to 'None'
[0.245s] Level 5:colcon.colcon_core.verb:set package 'rf2o_laser_odometry' build argument 'cmake_target' from command line to 'None'
[0.245s] Level 5:colcon.colcon_core.verb:set package 'rf2o_laser_odometry' build argument 'cmake_target_skip_unavailable' from command line to 'False'
[0.245s] Level 5:colcon.colcon_core.verb:set package 'rf2o_laser_odometry' build argument 'cmake_clean_cache' from command line to 'False'
[0.245s] Level 5:colcon.colcon_core.verb:set package 'rf2o_laser_odometry' build argument 'cmake_clean_first' from command line to 'False'
[0.245s] Level 5:colcon.colcon_core.verb:set package 'rf2o_laser_odometry' build argument 'cmake_force_configure' from command line to 'False'
[0.245s] Level 5:colcon.colcon_core.verb:set package 'rf2o_laser_odometry' build argument 'ament_cmake_args' from command line to 'None'
[0.245s] Level 5:colcon.colcon_core.verb:set package 'rf2o_laser_odometry' build argument 'catkin_cmake_args' from command line to 'None'
[0.245s] Level 5:colcon.colcon_core.verb:set package 'rf2o_laser_odometry' build argument 'catkin_skip_building_tests' from command line to 'False'
[0.245s] DEBUG:colcon.colcon_core.verb:Building package 'rf2o_laser_odometry' with the following arguments: {'ament_cmake_args': None, 'build_base': '/home/kev/ldlidar_ros2_ws/build/rf2o_laser_odometry', 'catkin_cmake_args': None, 'catkin_skip_building_tests': False, 'cmake_args': None, 'cmake_clean_cache': False, 'cmake_clean_first': False, 'cmake_force_configure': False, 'cmake_target': None, 'cmake_target_skip_unavailable': False, 'install_base': '/home/kev/ldlidar_ros2_ws/install/rf2o_laser_odometry', 'merge_install': False, 'path': '/home/kev/ldlidar_ros2_ws/src/rf2o_laser_odometry', 'symlink_install': False, 'test_result_base': None}
[0.246s] Level 5:colcon.colcon_core.verb:set package 'toolbox_lidar' build argument 'cmake_args' from command line to 'None'
[0.246s] Level 5:colcon.colcon_core.verb:set package 'toolbox_lidar' build argument 'cmake_target' from command line to 'None'
[0.246s] Level 5:colcon.colcon_core.verb:set package 'toolbox_lidar' build argument 'cmake_target_skip_unavailable' from command line to 'False'
[0.246s] Level 5:colcon.colcon_core.verb:set package 'toolbox_lidar' build argument 'cmake_clean_cache' from command line to 'False'
[0.246s] Level 5:colcon.colcon_core.verb:set package 'toolbox_lidar' build argument 'cmake_clean_first' from command line to 'False'
[0.246s] Level 5:colcon.colcon_core.verb:set package 'toolbox_lidar' build argument 'cmake_force_configure' from command line to 'False'
[0.246s] Level 5:colcon.colcon_core.verb:set package 'toolbox_lidar' build argument 'ament_cmake_args' from command line to 'None'
[0.246s] Level 5:colcon.colcon_core.verb:set package 'toolbox_lidar' build argument 'catkin_cmake_args' from command line to 'None'
[0.246s] Level 5:colcon.colcon_core.verb:set package 'toolbox_lidar' build argument 'catkin_skip_building_tests' from command line to 'False'
[0.246s] DEBUG:colcon.colcon_core.verb:Building package 'toolbox_lidar' with the following arguments: {'ament_cmake_args': None, 'build_base': '/home/kev/ldlidar_ros2_ws/build/toolbox_lidar', 'catkin_cmake_args': None, 'catkin_skip_building_tests': False, 'cmake_args': None, 'cmake_clean_cache': False, 'cmake_clean_first': False, 'cmake_force_configure': False, 'cmake_target': None, 'cmake_target_skip_unavailable': False, 'install_base': '/home/kev/ldlidar_ros2_ws/install/toolbox_lidar', 'merge_install': False, 'path': '/home/kev/ldlidar_ros2_ws/src/toolbox_lidar', 'symlink_install': False, 'test_result_base': None}
[0.246s] INFO:colcon.colcon_core.executor:Executing jobs using 'parallel' executor
[0.247s] DEBUG:colcon.colcon_parallel_executor.executor.parallel:run_until_complete
[0.247s] INFO:colcon.colcon_ros.task.ament_python.build:Building ROS package in '/home/kev/ldlidar_ros2_ws/src/autonomous_exploration' with build type 'ament_python'
[0.247s] Level 1:colcon.colcon_core.shell:create_environment_hook('autonomous_exploration', 'ament_prefix_path')
[0.248s] INFO:colcon.colcon_core.plugin_system:Skipping extension 'colcon_core.shell.bat': Not used on non-Windows systems
[0.248s] INFO:colcon.colcon_core.shell:Creating environment hook '/home/kev/ldlidar_ros2_ws/install/autonomous_exploration/share/autonomous_exploration/hook/ament_prefix_path.ps1'
[0.249s] INFO:colcon.colcon_core.shell:Creating environment descriptor '/home/kev/ldlidar_ros2_ws/install/autonomous_exploration/share/autonomous_exploration/hook/ament_prefix_path.dsv'
[0.249s] INFO:colcon.colcon_core.shell:Creating environment hook '/home/kev/ldlidar_ros2_ws/install/autonomous_exploration/share/autonomous_exploration/hook/ament_prefix_path.sh'
[0.249s] INFO:colcon.colcon_core.shell:Skip shell extension 'powershell' for command environment: Not usable outside of PowerShell
[0.249s] DEBUG:colcon.colcon_core.shell:Skip shell extension 'dsv' for command environment
[0.252s] INFO:colcon.colcon_ros.task.ament_cmake.build:Building ROS package in '/home/kev/ldlidar_ros2_ws/src/lidar_cartographer' with build type 'ament_cmake'
[0.252s] INFO:colcon.colcon_cmake.task.cmake.build:Building CMake package in '/home/kev/ldlidar_ros2_ws/src/lidar_cartographer'
[0.252s] INFO:colcon.colcon_core.shell:Skip shell extension 'powershell' for command environment: Not usable outside of PowerShell
[0.252s] DEBUG:colcon.colcon_core.shell:Skip shell extension 'dsv' for command environment
[0.254s] INFO:colcon.colcon_ros.task.ament_python.build:Building ROS package in '/home/kev/ldlidar_ros2_ws/src/map_remapper' with build type 'ament_python'
[0.254s] Level 1:colcon.colcon_core.shell:create_environment_hook('map_remapper', 'ament_prefix_path')
[0.254s] INFO:colcon.colcon_core.shell:Creating environment hook '/home/kev/ldlidar_ros2_ws/install/map_remapper/share/map_remapper/hook/ament_prefix_path.ps1'
[0.255s] INFO:colcon.colcon_core.shell:Creating environment descriptor '/home/kev/ldlidar_ros2_ws/install/map_remapper/share/map_remapper/hook/ament_prefix_path.dsv'
[0.255s] INFO:colcon.colcon_core.shell:Creating environment hook '/home/kev/ldlidar_ros2_ws/install/map_remapper/share/map_remapper/hook/ament_prefix_path.sh'
[0.255s] INFO:colcon.colcon_core.shell:Skip shell extension 'powershell' for command environment: Not usable outside of PowerShell
[0.255s] DEBUG:colcon.colcon_core.shell:Skip shell extension 'dsv' for command environment
[0.257s] INFO:colcon.colcon_ros.task.ament_python.build:Building ROS package in '/home/kev/ldlidar_ros2_ws/src/remapping' with build type 'ament_python'
[0.257s] Level 1:colcon.colcon_core.shell:create_environment_hook('remapping', 'ament_prefix_path')
[0.257s] INFO:colcon.colcon_core.shell:Creating environment hook '/home/kev/ldlidar_ros2_ws/install/remapping/share/remapping/hook/ament_prefix_path.ps1'
[0.258s] INFO:colcon.colcon_core.shell:Creating environment descriptor '/home/kev/ldlidar_ros2_ws/install/remapping/share/remapping/hook/ament_prefix_path.dsv'
[0.258s] INFO:colcon.colcon_core.shell:Creating environment hook '/home/kev/ldlidar_ros2_ws/install/remapping/share/remapping/hook/ament_prefix_path.sh'
[0.258s] INFO:colcon.colcon_core.shell:Skip shell extension 'powershell' for command environment: Not usable outside of PowerShell
[0.258s] DEBUG:colcon.colcon_core.shell:Skip shell extension 'dsv' for command environment
[0.261s] INFO:colcon.colcon_ros.task.ament_cmake.build:Building ROS package in '/home/kev/ldlidar_ros2_ws/src/rf2o_laser_odometry' with build type 'ament_cmake'
[0.261s] INFO:colcon.colcon_cmake.task.cmake.build:Building CMake package in '/home/kev/ldlidar_ros2_ws/src/rf2o_laser_odometry'
[0.262s] INFO:colcon.colcon_core.shell:Skip shell extension 'powershell' for command environment: Not usable outside of PowerShell
[0.262s] DEBUG:colcon.colcon_core.shell:Skip shell extension 'dsv' for command environment
[0.264s] INFO:colcon.colcon_ros.task.ament_cmake.build:Building ROS package in '/home/kev/ldlidar_ros2_ws/src/toolbox_lidar' with build type 'ament_cmake'
[0.264s] INFO:colcon.colcon_cmake.task.cmake.build:Building CMake package in '/home/kev/ldlidar_ros2_ws/src/toolbox_lidar'
[0.264s] INFO:colcon.colcon_core.shell:Skip shell extension 'powershell' for command environment: Not usable outside of PowerShell
[0.264s] DEBUG:colcon.colcon_core.shell:Skip shell extension 'dsv' for command environment
[0.430s] INFO:colcon.colcon_core.task.python.build:Building Python package in '/home/kev/ldlidar_ros2_ws/src/autonomous_exploration'
[0.430s] INFO:colcon.colcon_core.shell:Skip shell extension 'powershell' for command environment: Not usable outside of PowerShell
[0.431s] DEBUG:colcon.colcon_core.shell:Skip shell extension 'dsv' for command environment
[0.436s] DEBUG:colcon.colcon_core.event_handler.log_command:Invoking command in '/home/kev/ldlidar_ros2_ws/build/lidar_cartographer': CMAKE_PREFIX_PATH=${CMAKE_PREFIX_PATH}:/home/kev/ldlidar_ros2_ws/install/remapping:/home/kev/ldlidar_ros2_ws/install/map_remapper:/home/kev/ldlidar_ros2_ws/install/autonomous_exploration:/opt/ros/humble /usr/bin/cmake /home/kev/ldlidar_ros2_ws/src/lidar_cartographer -DCMAKE_INSTALL_PREFIX=/home/kev/ldlidar_ros2_ws/install/lidar_cartographer
[0.607s] INFO:colcon.colcon_core.task.python.build:Building Python package in '/home/kev/ldlidar_ros2_ws/src/map_remapper'
[0.607s] INFO:colcon.colcon_core.shell:Skip shell extension 'powershell' for command environment: Not usable outside of PowerShell
[0.607s] DEBUG:colcon.colcon_core.shell:Skip shell extension 'dsv' for command environment
[0.771s] INFO:colcon.colcon_core.task.python.build:Building Python package in '/home/kev/ldlidar_ros2_ws/src/remapping'
[0.772s] INFO:colcon.colcon_core.shell:Skip shell extension 'powershell' for command environment: Not usable outside of PowerShell
[0.772s] DEBUG:colcon.colcon_core.shell:Skip shell extension 'dsv' for command environment
[0.778s] DEBUG:colcon.colcon_core.event_handler.log_command:Invoking command in '/home/kev/ldlidar_ros2_ws/build/rf2o_laser_odometry': CMAKE_PREFIX_PATH=${CMAKE_PREFIX_PATH}:/home/kev/ldlidar_ros2_ws/install/remapping:/home/kev/ldlidar_ros2_ws/install/map_remapper:/home/kev/ldlidar_ros2_ws/install/autonomous_exploration:/opt/ros/humble /usr/bin/cmake /home/kev/ldlidar_ros2_ws/src/rf2o_laser_odometry -DCMAKE_INSTALL_PREFIX=/home/kev/ldlidar_ros2_ws/install/rf2o_laser_odometry
[0.783s] DEBUG:colcon.colcon_core.event_handler.log_command:Invoking command in '/home/kev/ldlidar_ros2_ws/build/toolbox_lidar': CMAKE_PREFIX_PATH=${CMAKE_PREFIX_PATH}:/home/kev/ldlidar_ros2_ws/install/remapping:/home/kev/ldlidar_ros2_ws/install/map_remapper:/home/kev/ldlidar_ros2_ws/install/autonomous_exploration:/opt/ros/humble /usr/bin/cmake /home/kev/ldlidar_ros2_ws/src/toolbox_lidar -DCMAKE_INSTALL_PREFIX=/home/kev/ldlidar_ros2_ws/install/toolbox_lidar
[0.783s] DEBUG:colcon.colcon_core.event_handler.log_command:Invoked command in '/home/kev/ldlidar_ros2_ws/build/lidar_cartographer' returned '0': CMAKE_PREFIX_PATH=${CMAKE_PREFIX_PATH}:/home/kev/ldlidar_ros2_ws/install/remapping:/home/kev/ldlidar_ros2_ws/install/map_remapper:/home/kev/ldlidar_ros2_ws/install/autonomous_exploration:/opt/ros/humble /usr/bin/cmake /home/kev/ldlidar_ros2_ws/src/lidar_cartographer -DCMAKE_INSTALL_PREFIX=/home/kev/ldlidar_ros2_ws/install/lidar_cartographer
[0.784s] DEBUG:colcon.colcon_core.event_handler.log_command:Invoking command in '/home/kev/ldlidar_ros2_ws/build/lidar_cartographer': CMAKE_PREFIX_PATH=${CMAKE_PREFIX_PATH}:/home/kev/ldlidar_ros2_ws/install/remapping:/home/kev/ldlidar_ros2_ws/install/map_remapper:/home/kev/ldlidar_ros2_ws/install/autonomous_exploration:/opt/ros/humble /usr/bin/cmake --build /home/kev/ldlidar_ros2_ws/build/lidar_cartographer -- -j8 -l8
[0.813s] DEBUG:colcon.colcon_core.event_handler.log_command:Invoked command in '/home/kev/ldlidar_ros2_ws/build/lidar_cartographer' returned '0': CMAKE_PREFIX_PATH=${CMAKE_PREFIX_PATH}:/home/kev/ldlidar_ros2_ws/install/remapping:/home/kev/ldlidar_ros2_ws/install/map_remapper:/home/kev/ldlidar_ros2_ws/install/autonomous_exploration:/opt/ros/humble /usr/bin/cmake --build /home/kev/ldlidar_ros2_ws/build/lidar_cartographer -- -j8 -l8
[0.846s] DEBUG:colcon.colcon_core.event_handler.log_command:Invoking command in '/home/kev/ldlidar_ros2_ws/build/lidar_cartographer': CMAKE_PREFIX_PATH=${CMAKE_PREFIX_PATH}:/home/kev/ldlidar_ros2_ws/install/remapping:/home/kev/ldlidar_ros2_ws/install/map_remapper:/home/kev/ldlidar_ros2_ws/install/autonomous_exploration:/opt/ros/humble /usr/bin/cmake --install /home/kev/ldlidar_ros2_ws/build/lidar_cartographer
[0.871s] Level 1:colcon.colcon_core.environment:create_environment_scripts_only(lidar_cartographer)
[0.872s] DEBUG:colcon.colcon_core.event_handler.log_command:Invoked command in '/home/kev/ldlidar_ros2_ws/build/lidar_cartographer' returned '0': CMAKE_PREFIX_PATH=${CMAKE_PREFIX_PATH}:/home/kev/ldlidar_ros2_ws/install/remapping:/home/kev/ldlidar_ros2_ws/install/map_remapper:/home/kev/ldlidar_ros2_ws/install/autonomous_exploration:/opt/ros/humble /usr/bin/cmake --install /home/kev/ldlidar_ros2_ws/build/lidar_cartographer
[0.874s] Level 1:colcon.colcon_core.environment:checking '/home/kev/ldlidar_ros2_ws/install/lidar_cartographer' for CMake module files
[0.875s] Level 1:colcon.colcon_core.environment:checking '/home/kev/ldlidar_ros2_ws/install/lidar_cartographer' for CMake config files
[0.875s] Level 1:colcon.colcon_core.shell:create_environment_hook('lidar_cartographer', 'cmake_prefix_path')
[0.875s] INFO:colcon.colcon_core.shell:Creating environment hook '/home/kev/ldlidar_ros2_ws/install/lidar_cartographer/share/lidar_cartographer/hook/cmake_prefix_path.ps1'
[0.876s] INFO:colcon.colcon_core.shell:Creating environment descriptor '/home/kev/ldlidar_ros2_ws/install/lidar_cartographer/share/lidar_cartographer/hook/cmake_prefix_path.dsv'
[0.876s] INFO:colcon.colcon_core.shell:Creating environment hook '/home/kev/ldlidar_ros2_ws/install/lidar_cartographer/share/lidar_cartographer/hook/cmake_prefix_path.sh'
[0.877s] Level 1:colcon.colcon_core.environment:checking '/home/kev/ldlidar_ros2_ws/install/lidar_cartographer/bin'
[0.877s] Level 1:colcon.colcon_core.environment:checking '/home/kev/ldlidar_ros2_ws/install/lidar_cartographer/lib/pkgconfig/lidar_cartographer.pc'
[0.877s] Level 1:colcon.colcon_core.environment:checking '/home/kev/ldlidar_ros2_ws/install/lidar_cartographer/lib/python3.10/site-packages'
[0.877s] Level 1:colcon.colcon_core.environment:checking '/home/kev/ldlidar_ros2_ws/install/lidar_cartographer/bin'
[0.878s] INFO:colcon.colcon_core.shell:Creating package script '/home/kev/ldlidar_ros2_ws/install/lidar_cartographer/share/lidar_cartographer/package.ps1'
[0.879s] INFO:colcon.colcon_core.shell:Creating package descriptor '/home/kev/ldlidar_ros2_ws/install/lidar_cartographer/share/lidar_cartographer/package.dsv'
[0.879s] INFO:colcon.colcon_core.shell:Creating package script '/home/kev/ldlidar_ros2_ws/install/lidar_cartographer/share/lidar_cartographer/package.sh'
[0.880s] INFO:colcon.colcon_core.shell:Creating package script '/home/kev/ldlidar_ros2_ws/install/lidar_cartographer/share/lidar_cartographer/package.bash'
[0.881s] INFO:colcon.colcon_core.shell:Creating package script '/home/kev/ldlidar_ros2_ws/install/lidar_cartographer/share/lidar_cartographer/package.zsh'
[0.882s] Level 1:colcon.colcon_core.environment:create_file_with_runtime_dependencies(/home/kev/ldlidar_ros2_ws/install/lidar_cartographer/share/colcon-core/packages/lidar_cartographer)
[0.920s] Level 1:colcon.colcon_core.environment:create_environment_scripts_only(lidar_cartographer)
[0.920s] Level 1:colcon.colcon_core.environment:checking '/home/kev/ldlidar_ros2_ws/install/lidar_cartographer' for CMake module files
[0.921s] Level 1:colcon.colcon_core.environment:checking '/home/kev/ldlidar_ros2_ws/install/lidar_cartographer' for CMake config files
[0.921s] Level 1:colcon.colcon_core.shell:create_environment_hook('lidar_cartographer', 'cmake_prefix_path')
[0.921s] INFO:colcon.colcon_core.shell:Creating environment hook '/home/kev/ldlidar_ros2_ws/install/lidar_cartographer/share/lidar_cartographer/hook/cmake_prefix_path.ps1'
[0.921s] INFO:colcon.colcon_core.shell:Creating environment descriptor '/home/kev/ldlidar_ros2_ws/install/lidar_cartographer/share/lidar_cartographer/hook/cmake_prefix_path.dsv'
[0.921s] INFO:colcon.colcon_core.shell:Creating environment hook '/home/kev/ldlidar_ros2_ws/install/lidar_cartographer/share/lidar_cartographer/hook/cmake_prefix_path.sh'
[0.922s] Level 1:colcon.colcon_core.environment:checking '/home/kev/ldlidar_ros2_ws/install/lidar_cartographer/bin'
[0.922s] Level 1:colcon.colcon_core.environment:checking '/home/kev/ldlidar_ros2_ws/install/lidar_cartographer/lib/pkgconfig/lidar_cartographer.pc'
[0.922s] Level 1:colcon.colcon_core.environment:checking '/home/kev/ldlidar_ros2_ws/install/lidar_cartographer/lib/python3.10/site-packages'
[0.922s] Level 1:colcon.colcon_core.environment:checking '/home/kev/ldlidar_ros2_ws/install/lidar_cartographer/bin'
[0.922s] INFO:colcon.colcon_core.shell:Creating package script '/home/kev/ldlidar_ros2_ws/install/lidar_cartographer/share/lidar_cartographer/package.ps1'
[0.923s] INFO:colcon.colcon_core.shell:Creating package descriptor '/home/kev/ldlidar_ros2_ws/install/lidar_cartographer/share/lidar_cartographer/package.dsv'
[0.923s] INFO:colcon.colcon_core.shell:Creating package script '/home/kev/ldlidar_ros2_ws/install/lidar_cartographer/share/lidar_cartographer/package.sh'
[0.923s] INFO:colcon.colcon_core.shell:Creating package script '/home/kev/ldlidar_ros2_ws/install/lidar_cartographer/share/lidar_cartographer/package.bash'
[0.923s] INFO:colcon.colcon_core.shell:Creating package script '/home/kev/ldlidar_ros2_ws/install/lidar_cartographer/share/lidar_cartographer/package.zsh'
[0.924s] Level 1:colcon.colcon_core.environment:create_file_with_runtime_dependencies(/home/kev/ldlidar_ros2_ws/install/lidar_cartographer/share/colcon-core/packages/lidar_cartographer)
[1.149s] DEBUG:colcon.colcon_core.event_handler.log_command:Invoking command in '/home/kev/ldlidar_ros2_ws/build/map_remapper': PYTHONPATH=/home/kev/ldlidar_ros2_ws/build/map_remapper/prefix_override:/home/kev/ldlidar_ros2_ws/install/map_remapper/lib/python3.10/site-packages:${PYTHONPATH} /usr/bin/python3 -W ignore:setup.py install is deprecated setup.py develop --uninstall --editable --build-directory /home/kev/ldlidar_ros2_ws/build/map_remapper/build
[1.230s] DEBUG:colcon.colcon_core.event_handler.log_command:Invoking command in '/home/kev/ldlidar_ros2_ws/build/autonomous_exploration': PYTHONPATH=/home/kev/ldlidar_ros2_ws/build/autonomous_exploration/prefix_override:/home/kev/ldlidar_ros2_ws/install/autonomous_exploration/lib/python3.10/site-packages:${PYTHONPATH} /usr/bin/python3 -W ignore:setup.py install is deprecated setup.py develop --uninstall --editable --build-directory /home/kev/ldlidar_ros2_ws/build/autonomous_exploration/build
[1.232s] DEBUG:colcon.colcon_core.event_handler.log_command:Invoking command in '/home/kev/ldlidar_ros2_ws/build/remapping': PYTHONPATH=/home/kev/ldlidar_ros2_ws/build/remapping/prefix_override:/home/kev/ldlidar_ros2_ws/install/remapping/lib/python3.10/site-packages:${PYTHONPATH} /usr/bin/python3 -W ignore:setup.py install is deprecated setup.py develop --uninstall --editable --build-directory /home/kev/ldlidar_ros2_ws/build/remapping/build
[1.542s] DEBUG:colcon.colcon_core.event_handler.log_command:Invoked command in '/home/kev/ldlidar_ros2_ws/build/map_remapper' returned '0': PYTHONPATH=/home/kev/ldlidar_ros2_ws/build/map_remapper/prefix_override:/home/kev/ldlidar_ros2_ws/install/map_remapper/lib/python3.10/site-packages:${PYTHONPATH} /usr/bin/python3 -W ignore:setup.py install is deprecated setup.py develop --uninstall --editable --build-directory /home/kev/ldlidar_ros2_ws/build/map_remapper/build
[1.543s] DEBUG:colcon.colcon_core.event_handler.log_command:Invoking command in '/home/kev/ldlidar_ros2_ws/src/map_remapper': PYTHONPATH=/home/kev/ldlidar_ros2_ws/build/map_remapper/prefix_override:/home/kev/ldlidar_ros2_ws/install/map_remapper/lib/python3.10/site-packages:${PYTHONPATH} /usr/bin/python3 -W ignore:setup.py install is deprecated setup.py egg_info --egg-base ../../build/map_remapper build --build-base /home/kev/ldlidar_ros2_ws/build/map_remapper/build install --record /home/kev/ldlidar_ros2_ws/build/map_remapper/install.log --single-version-externally-managed install_data --force
[1.711s] DEBUG:colcon.colcon_core.event_handler.log_command:Invoked command in '/home/kev/ldlidar_ros2_ws/build/rf2o_laser_odometry' returned '0': CMAKE_PREFIX_PATH=${CMAKE_PREFIX_PATH}:/home/kev/ldlidar_ros2_ws/install/remapping:/home/kev/ldlidar_ros2_ws/install/map_remapper:/home/kev/ldlidar_ros2_ws/install/autonomous_exploration:/opt/ros/humble /usr/bin/cmake /home/kev/ldlidar_ros2_ws/src/rf2o_laser_odometry -DCMAKE_INSTALL_PREFIX=/home/kev/ldlidar_ros2_ws/install/rf2o_laser_odometry
[1.713s] DEBUG:colcon.colcon_core.event_handler.log_command:Invoking command in '/home/kev/ldlidar_ros2_ws/build/rf2o_laser_odometry': CMAKE_PREFIX_PATH=${CMAKE_PREFIX_PATH}:/home/kev/ldlidar_ros2_ws/install/remapping:/home/kev/ldlidar_ros2_ws/install/map_remapper:/home/kev/ldlidar_ros2_ws/install/autonomous_exploration:/opt/ros/humble /usr/bin/cmake --build /home/kev/ldlidar_ros2_ws/build/rf2o_laser_odometry -- -j8 -l8
[1.779s] Level 1:colcon.colcon_core.environment:checking '/home/kev/ldlidar_ros2_ws/install/map_remapper' for CMake module files
[1.780s] DEBUG:colcon.colcon_core.event_handler.log_command:Invoked command in '/home/kev/ldlidar_ros2_ws/src/map_remapper' returned '0': PYTHONPATH=/home/kev/ldlidar_ros2_ws/build/map_remapper/prefix_override:/home/kev/ldlidar_ros2_ws/install/map_remapper/lib/python3.10/site-packages:${PYTHONPATH} /usr/bin/python3 -W ignore:setup.py install is deprecated setup.py egg_info --egg-base ../../build/map_remapper build --build-base /home/kev/ldlidar_ros2_ws/build/map_remapper/build install --record /home/kev/ldlidar_ros2_ws/build/map_remapper/install.log --single-version-externally-managed install_data --force
[1.780s] Level 1:colcon.colcon_core.environment:checking '/home/kev/ldlidar_ros2_ws/install/map_remapper' for CMake config files
[1.780s] Level 1:colcon.colcon_core.environment:checking '/home/kev/ldlidar_ros2_ws/install/map_remapper/lib'
[1.780s] Level 1:colcon.colcon_core.environment:checking '/home/kev/ldlidar_ros2_ws/install/map_remapper/bin'
[1.780s] Level 1:colcon.colcon_core.environment:checking '/home/kev/ldlidar_ros2_ws/install/map_remapper/lib/pkgconfig/map_remapper.pc'
[1.781s] Level 1:colcon.colcon_core.environment:checking '/home/kev/ldlidar_ros2_ws/install/map_remapper/lib/python3.10/site-packages'
[1.781s] Level 1:colcon.colcon_core.shell:create_environment_hook('map_remapper', 'pythonpath')
[1.781s] INFO:colcon.colcon_core.shell:Creating environment hook '/home/kev/ldlidar_ros2_ws/install/map_remapper/share/map_remapper/hook/pythonpath.ps1'
[1.781s] INFO:colcon.colcon_core.shell:Creating environment descriptor '/home/kev/ldlidar_ros2_ws/install/map_remapper/share/map_remapper/hook/pythonpath.dsv'
[1.781s] INFO:colcon.colcon_core.shell:Creating environment hook '/home/kev/ldlidar_ros2_ws/install/map_remapper/share/map_remapper/hook/pythonpath.sh'
[1.782s] Level 1:colcon.colcon_core.environment:checking '/home/kev/ldlidar_ros2_ws/install/map_remapper/bin'
[1.782s] Level 1:colcon.colcon_core.environment:create_environment_scripts_only(map_remapper)
[1.782s] INFO:colcon.colcon_core.shell:Creating package script '/home/kev/ldlidar_ros2_ws/install/map_remapper/share/map_remapper/package.ps1'
[1.782s] INFO:colcon.colcon_core.shell:Creating package descriptor '/home/kev/ldlidar_ros2_ws/install/map_remapper/share/map_remapper/package.dsv'
[1.783s] INFO:colcon.colcon_core.shell:Creating package script '/home/kev/ldlidar_ros2_ws/install/map_remapper/share/map_remapper/package.sh'
[1.783s] INFO:colcon.colcon_core.shell:Creating package script '/home/kev/ldlidar_ros2_ws/install/map_remapper/share/map_remapper/package.bash'
[1.783s] INFO:colcon.colcon_core.shell:Creating package script '/home/kev/ldlidar_ros2_ws/install/map_remapper/share/map_remapper/package.zsh'
[1.783s] Level 1:colcon.colcon_core.environment:create_file_with_runtime_dependencies(/home/kev/ldlidar_ros2_ws/install/map_remapper/share/colcon-core/packages/map_remapper)
[1.787s] DEBUG:colcon.colcon_core.event_handler.log_command:Invoked command in '/home/kev/ldlidar_ros2_ws/build/rf2o_laser_odometry' returned '0': CMAKE_PREFIX_PATH=${CMAKE_PREFIX_PATH}:/home/kev/ldlidar_ros2_ws/install/remapping:/home/kev/ldlidar_ros2_ws/install/map_remapper:/home/kev/ldlidar_ros2_ws/install/autonomous_exploration:/opt/ros/humble /usr/bin/cmake --build /home/kev/ldlidar_ros2_ws/build/rf2o_laser_odometry -- -j8 -l8
[1.810s] DEBUG:colcon.colcon_core.event_handler.log_command:Invoking command in '/home/kev/ldlidar_ros2_ws/build/rf2o_laser_odometry': CMAKE_PREFIX_PATH=${CMAKE_PREFIX_PATH}:/home/kev/ldlidar_ros2_ws/install/remapping:/home/kev/ldlidar_ros2_ws/install/map_remapper:/home/kev/ldlidar_ros2_ws/install/autonomous_exploration:/opt/ros/humble /usr/bin/cmake --install /home/kev/ldlidar_ros2_ws/build/rf2o_laser_odometry
[1.826s] Level 1:colcon.colcon_core.environment:create_environment_scripts_only(rf2o_laser_odometry)
[1.826s] Level 1:colcon.colcon_core.environment:checking '/home/kev/ldlidar_ros2_ws/install/rf2o_laser_odometry' for CMake module files
[1.827s] DEBUG:colcon.colcon_core.event_handler.log_command:Invoked command in '/home/kev/ldlidar_ros2_ws/build/rf2o_laser_odometry' returned '0': CMAKE_PREFIX_PATH=${CMAKE_PREFIX_PATH}:/home/kev/ldlidar_ros2_ws/install/remapping:/home/kev/ldlidar_ros2_ws/install/map_remapper:/home/kev/ldlidar_ros2_ws/install/autonomous_exploration:/opt/ros/humble /usr/bin/cmake --install /home/kev/ldlidar_ros2_ws/build/rf2o_laser_odometry
[1.827s] Level 1:colcon.colcon_core.environment:checking '/home/kev/ldlidar_ros2_ws/install/rf2o_laser_odometry' for CMake config files
[1.827s] Level 1:colcon.colcon_core.shell:create_environment_hook('rf2o_laser_odometry', 'cmake_prefix_path')
[1.827s] INFO:colcon.colcon_core.shell:Creating environment hook '/home/kev/ldlidar_ros2_ws/install/rf2o_laser_odometry/share/rf2o_laser_odometry/hook/cmake_prefix_path.ps1'
[1.828s] INFO:colcon.colcon_core.shell:Creating environment descriptor '/home/kev/ldlidar_ros2_ws/install/rf2o_laser_odometry/share/rf2o_laser_odometry/hook/cmake_prefix_path.dsv'
[1.828s] INFO:colcon.colcon_core.shell:Creating environment hook '/home/kev/ldlidar_ros2_ws/install/rf2o_laser_odometry/share/rf2o_laser_odometry/hook/cmake_prefix_path.sh'
[1.828s] Level 1:colcon.colcon_core.environment:checking '/home/kev/ldlidar_ros2_ws/install/rf2o_laser_odometry/lib'
[1.828s] Level 1:colcon.colcon_core.environment:checking '/home/kev/ldlidar_ros2_ws/install/rf2o_laser_odometry/bin'
[1.828s] Level 1:colcon.colcon_core.environment:checking '/home/kev/ldlidar_ros2_ws/install/rf2o_laser_odometry/lib/pkgconfig/rf2o_laser_odometry.pc'
[1.828s] Level 1:colcon.colcon_core.environment:checking '/home/kev/ldlidar_ros2_ws/install/rf2o_laser_odometry/lib/python3.10/site-packages'
[1.828s] Level 1:colcon.colcon_core.environment:checking '/home/kev/ldlidar_ros2_ws/install/rf2o_laser_odometry/bin'
[1.829s] INFO:colcon.colcon_core.shell:Creating package script '/home/kev/ldlidar_ros2_ws/install/rf2o_laser_odometry/share/rf2o_laser_odometry/package.ps1'
[1.829s] INFO:colcon.colcon_core.shell:Creating package descriptor '/home/kev/ldlidar_ros2_ws/install/rf2o_laser_odometry/share/rf2o_laser_odometry/package.dsv'
[1.829s] INFO:colcon.colcon_core.shell:Creating package script '/home/kev/ldlidar_ros2_ws/install/rf2o_laser_odometry/share/rf2o_laser_odometry/package.sh'
[1.829s] INFO:colcon.colcon_core.shell:Creating package script '/home/kev/ldlidar_ros2_ws/install/rf2o_laser_odometry/share/rf2o_laser_odometry/package.bash'
[1.829s] INFO:colcon.colcon_core.shell:Creating package script '/home/kev/ldlidar_ros2_ws/install/rf2o_laser_odometry/share/rf2o_laser_odometry/package.zsh'
[1.830s] Level 1:colcon.colcon_core.environment:create_file_with_runtime_dependencies(/home/kev/ldlidar_ros2_ws/install/rf2o_laser_odometry/share/colcon-core/packages/rf2o_laser_odometry)
[1.851s] Level 1:colcon.colcon_core.environment:create_environment_scripts_only(rf2o_laser_odometry)
[1.851s] Level 1:colcon.colcon_core.environment:checking '/home/kev/ldlidar_ros2_ws/install/rf2o_laser_odometry' for CMake module files
[1.852s] Level 1:colcon.colcon_core.environment:checking '/home/kev/ldlidar_ros2_ws/install/rf2o_laser_odometry' for CMake config files
[1.852s] Level 1:colcon.colcon_core.shell:create_environment_hook('rf2o_laser_odometry', 'cmake_prefix_path')
[1.852s] INFO:colcon.colcon_core.shell:Creating environment hook '/home/kev/ldlidar_ros2_ws/install/rf2o_laser_odometry/share/rf2o_laser_odometry/hook/cmake_prefix_path.ps1'
[1.853s] INFO:colcon.colcon_core.shell:Creating environment descriptor '/home/kev/ldlidar_ros2_ws/install/rf2o_laser_odometry/share/rf2o_laser_odometry/hook/cmake_prefix_path.dsv'
[1.853s] INFO:colcon.colcon_core.shell:Creating environment hook '/home/kev/ldlidar_ros2_ws/install/rf2o_laser_odometry/share/rf2o_laser_odometry/hook/cmake_prefix_path.sh'
[1.853s] Level 1:colcon.colcon_core.environment:checking '/home/kev/ldlidar_ros2_ws/install/rf2o_laser_odometry/lib'
[1.853s] Level 1:colcon.colcon_core.environment:checking '/home/kev/ldlidar_ros2_ws/install/rf2o_laser_odometry/bin'
[1.854s] Level 1:colcon.colcon_core.environment:checking '/home/kev/ldlidar_ros2_ws/install/rf2o_laser_odometry/lib/pkgconfig/rf2o_laser_odometry.pc'
[1.854s] Level 1:colcon.colcon_core.environment:checking '/home/kev/ldlidar_ros2_ws/install/rf2o_laser_odometry/lib/python3.10/site-packages'
[1.854s] Level 1:colcon.colcon_core.environment:checking '/home/kev/ldlidar_ros2_ws/install/rf2o_laser_odometry/bin'
[1.854s] INFO:colcon.colcon_core.shell:Creating package script '/home/kev/ldlidar_ros2_ws/install/rf2o_laser_odometry/share/rf2o_laser_odometry/package.ps1'
[1.855s] INFO:colcon.colcon_core.shell:Creating package descriptor '/home/kev/ldlidar_ros2_ws/install/rf2o_laser_odometry/share/rf2o_laser_odometry/package.dsv'
[1.855s] INFO:colcon.colcon_core.shell:Creating package script '/home/kev/ldlidar_ros2_ws/install/rf2o_laser_odometry/share/rf2o_laser_odometry/package.sh'
[1.855s] INFO:colcon.colcon_core.shell:Creating package script '/home/kev/ldlidar_ros2_ws/install/rf2o_laser_odometry/share/rf2o_laser_odometry/package.bash'
[1.856s] INFO:colcon.colcon_core.shell:Creating package script '/home/kev/ldlidar_ros2_ws/install/rf2o_laser_odometry/share/rf2o_laser_odometry/package.zsh'
[1.856s] Level 1:colcon.colcon_core.environment:create_file_with_runtime_dependencies(/home/kev/ldlidar_ros2_ws/install/rf2o_laser_odometry/share/colcon-core/packages/rf2o_laser_odometry)
[1.870s] DEBUG:colcon.colcon_core.event_handler.log_command:Invoked command in '/home/kev/ldlidar_ros2_ws/build/remapping' returned '0': PYTHONPATH=/home/kev/ldlidar_ros2_ws/build/remapping/prefix_override:/home/kev/ldlidar_ros2_ws/install/remapping/lib/python3.10/site-packages:${PYTHONPATH} /usr/bin/python3 -W ignore:setup.py install is deprecated setup.py develop --uninstall --editable --build-directory /home/kev/ldlidar_ros2_ws/build/remapping/build
[1.871s] DEBUG:colcon.colcon_core.event_handler.log_command:Invoking command in '/home/kev/ldlidar_ros2_ws/src/remapping': PYTHONPATH=/home/kev/ldlidar_ros2_ws/build/remapping/prefix_override:/home/kev/ldlidar_ros2_ws/install/remapping/lib/python3.10/site-packages:${PYTHONPATH} /usr/bin/python3 -W ignore:setup.py install is deprecated setup.py egg_info --egg-base ../../build/remapping build --build-base /home/kev/ldlidar_ros2_ws/build/remapping/build install --record /home/kev/ldlidar_ros2_ws/build/remapping/install.log --single-version-externally-managed install_data --force
[1.871s] DEBUG:colcon.colcon_core.event_handler.log_command:Invoked command in '/home/kev/ldlidar_ros2_ws/build/autonomous_exploration' returned '0': PYTHONPATH=/home/kev/ldlidar_ros2_ws/build/autonomous_exploration/prefix_override:/home/kev/ldlidar_ros2_ws/install/autonomous_exploration/lib/python3.10/site-packages:${PYTHONPATH} /usr/bin/python3 -W ignore:setup.py install is deprecated setup.py develop --uninstall --editable --build-directory /home/kev/ldlidar_ros2_ws/build/autonomous_exploration/build
[1.872s] DEBUG:colcon.colcon_core.event_handler.log_command:Invoking command in '/home/kev/ldlidar_ros2_ws/src/autonomous_exploration': PYTHONPATH=/home/kev/ldlidar_ros2_ws/build/autonomous_exploration/prefix_override:/home/kev/ldlidar_ros2_ws/install/autonomous_exploration/lib/python3.10/site-packages:${PYTHONPATH} /usr/bin/python3 -W ignore:setup.py install is deprecated setup.py egg_info --egg-base ../../build/autonomous_exploration build --build-base /home/kev/ldlidar_ros2_ws/build/autonomous_exploration/build install --record /home/kev/ldlidar_ros2_ws/build/autonomous_exploration/install.log --single-version-externally-managed install_data --force
[2.079s] Level 1:colcon.colcon_core.environment:checking '/home/kev/ldlidar_ros2_ws/install/remapping' for CMake module files
[2.080s] DEBUG:colcon.colcon_core.event_handler.log_command:Invoked command in '/home/kev/ldlidar_ros2_ws/src/remapping' returned '0': PYTHONPATH=/home/kev/ldlidar_ros2_ws/build/remapping/prefix_override:/home/kev/ldlidar_ros2_ws/install/remapping/lib/python3.10/site-packages:${PYTHONPATH} /usr/bin/python3 -W ignore:setup.py install is deprecated setup.py egg_info --egg-base ../../build/remapping build --build-base /home/kev/ldlidar_ros2_ws/build/remapping/build install --record /home/kev/ldlidar_ros2_ws/build/remapping/install.log --single-version-externally-managed install_data --force
[2.080s] Level 1:colcon.colcon_core.environment:checking '/home/kev/ldlidar_ros2_ws/install/remapping' for CMake config files
[2.080s] Level 1:colcon.colcon_core.environment:checking '/home/kev/ldlidar_ros2_ws/install/remapping/lib'
[2.080s] Level 1:colcon.colcon_core.environment:checking '/home/kev/ldlidar_ros2_ws/install/remapping/bin'
[2.080s] Level 1:colcon.colcon_core.environment:checking '/home/kev/ldlidar_ros2_ws/install/remapping/lib/pkgconfig/remapping.pc'
[2.080s] Level 1:colcon.colcon_core.environment:checking '/home/kev/ldlidar_ros2_ws/install/remapping/lib/python3.10/site-packages'
[2.081s] Level 1:colcon.colcon_core.shell:create_environment_hook('remapping', 'pythonpath')
[2.081s] INFO:colcon.colcon_core.shell:Creating environment hook '/home/kev/ldlidar_ros2_ws/install/remapping/share/remapping/hook/pythonpath.ps1'
[2.081s] INFO:colcon.colcon_core.shell:Creating environment descriptor '/home/kev/ldlidar_ros2_ws/install/remapping/share/remapping/hook/pythonpath.dsv'
[2.081s] INFO:colcon.colcon_core.shell:Creating environment hook '/home/kev/ldlidar_ros2_ws/install/remapping/share/remapping/hook/pythonpath.sh'
[2.082s] Level 1:colcon.colcon_core.environment:checking '/home/kev/ldlidar_ros2_ws/install/remapping/bin'
[2.082s] Level 1:colcon.colcon_core.environment:create_environment_scripts_only(remapping)
[2.082s] INFO:colcon.colcon_core.shell:Creating package script '/home/kev/ldlidar_ros2_ws/install/remapping/share/remapping/package.ps1'
[2.082s] INFO:colcon.colcon_core.shell:Creating package descriptor '/home/kev/ldlidar_ros2_ws/install/remapping/share/remapping/package.dsv'
[2.082s] INFO:colcon.colcon_core.shell:Creating package script '/home/kev/ldlidar_ros2_ws/install/remapping/share/remapping/package.sh'
[2.083s] INFO:colcon.colcon_core.shell:Creating package script '/home/kev/ldlidar_ros2_ws/install/remapping/share/remapping/package.bash'
[2.083s] INFO:colcon.colcon_core.shell:Creating package script '/home/kev/ldlidar_ros2_ws/install/remapping/share/remapping/package.zsh'
[2.083s] Level 1:colcon.colcon_core.environment:create_file_with_runtime_dependencies(/home/kev/ldlidar_ros2_ws/install/remapping/share/colcon-core/packages/remapping)
[2.084s] Level 1:colcon.colcon_core.environment:checking '/home/kev/ldlidar_ros2_ws/install/autonomous_exploration' for CMake module files
[2.084s] DEBUG:colcon.colcon_core.event_handler.log_command:Invoked command in '/home/kev/ldlidar_ros2_ws/src/autonomous_exploration' returned '0': PYTHONPATH=/home/kev/ldlidar_ros2_ws/build/autonomous_exploration/prefix_override:/home/kev/ldlidar_ros2_ws/install/autonomous_exploration/lib/python3.10/site-packages:${PYTHONPATH} /usr/bin/python3 -W ignore:setup.py install is deprecated setup.py egg_info --egg-base ../../build/autonomous_exploration build --build-base /home/kev/ldlidar_ros2_ws/build/autonomous_exploration/build install --record /home/kev/ldlidar_ros2_ws/build/autonomous_exploration/install.log --single-version-externally-managed install_data --force
[2.084s] Level 1:colcon.colcon_core.environment:checking '/home/kev/ldlidar_ros2_ws/install/autonomous_exploration' for CMake config files
[2.085s] Level 1:colcon.colcon_core.environment:checking '/home/kev/ldlidar_ros2_ws/install/autonomous_exploration/lib'
[2.085s] Level 1:colcon.colcon_core.environment:checking '/home/kev/ldlidar_ros2_ws/install/autonomous_exploration/bin'
[2.085s] Level 1:colcon.colcon_core.environment:checking '/home/kev/ldlidar_ros2_ws/install/autonomous_exploration/lib/pkgconfig/autonomous_exploration.pc'
[2.085s] Level 1:colcon.colcon_core.environment:checking '/home/kev/ldlidar_ros2_ws/install/autonomous_exploration/lib/python3.10/site-packages'
[2.085s] Level 1:colcon.colcon_core.shell:create_environment_hook('autonomous_exploration', 'pythonpath')
[2.085s] INFO:colcon.colcon_core.shell:Creating environment hook '/home/kev/ldlidar_ros2_ws/install/autonomous_exploration/share/autonomous_exploration/hook/pythonpath.ps1'
[2.085s] INFO:colcon.colcon_core.shell:Creating environment descriptor '/home/kev/ldlidar_ros2_ws/install/autonomous_exploration/share/autonomous_exploration/hook/pythonpath.dsv'
[2.085s] INFO:colcon.colcon_core.shell:Creating environment hook '/home/kev/ldlidar_ros2_ws/install/autonomous_exploration/share/autonomous_exploration/hook/pythonpath.sh'
[2.086s] Level 1:colcon.colcon_core.environment:checking '/home/kev/ldlidar_ros2_ws/install/autonomous_exploration/bin'
[2.086s] Level 1:colcon.colcon_core.environment:create_environment_scripts_only(autonomous_exploration)
[2.086s] INFO:colcon.colcon_core.shell:Creating package script '/home/kev/ldlidar_ros2_ws/install/autonomous_exploration/share/autonomous_exploration/package.ps1'
[2.086s] INFO:colcon.colcon_core.shell:Creating package descriptor '/home/kev/ldlidar_ros2_ws/install/autonomous_exploration/share/autonomous_exploration/package.dsv'
[2.086s] INFO:colcon.colcon_core.shell:Creating package script '/home/kev/ldlidar_ros2_ws/install/autonomous_exploration/share/autonomous_exploration/package.sh'
[2.087s] INFO:colcon.colcon_core.shell:Creating package script '/home/kev/ldlidar_ros2_ws/install/autonomous_exploration/share/autonomous_exploration/package.bash'
[2.087s] INFO:colcon.colcon_core.shell:Creating package script '/home/kev/ldlidar_ros2_ws/install/autonomous_exploration/share/autonomous_exploration/package.zsh'
[2.087s] Level 1:colcon.colcon_core.environment:create_file_with_runtime_dependencies(/home/kev/ldlidar_ros2_ws/install/autonomous_exploration/share/colcon-core/packages/autonomous_exploration)
[2.464s] DEBUG:colcon.colcon_core.event_handler.log_command:Invoked command in '/home/kev/ldlidar_ros2_ws/build/toolbox_lidar' returned '0': CMAKE_PREFIX_PATH=${CMAKE_PREFIX_PATH}:/home/kev/ldlidar_ros2_ws/install/remapping:/home/kev/ldlidar_ros2_ws/install/map_remapper:/home/kev/ldlidar_ros2_ws/install/autonomous_exploration:/opt/ros/humble /usr/bin/cmake /home/kev/ldlidar_ros2_ws/src/toolbox_lidar -DCMAKE_INSTALL_PREFIX=/home/kev/ldlidar_ros2_ws/install/toolbox_lidar
[2.465s] DEBUG:colcon.colcon_core.event_handler.log_command:Invoking command in '/home/kev/ldlidar_ros2_ws/build/toolbox_lidar': CMAKE_PREFIX_PATH=${CMAKE_PREFIX_PATH}:/home/kev/ldlidar_ros2_ws/install/remapping:/home/kev/ldlidar_ros2_ws/install/map_remapper:/home/kev/ldlidar_ros2_ws/install/autonomous_exploration:/opt/ros/humble /usr/bin/cmake --build /home/kev/ldlidar_ros2_ws/build/toolbox_lidar -- -j8 -l8
[2.503s] DEBUG:colcon.colcon_core.event_handler.log_command:Invoked command in '/home/kev/ldlidar_ros2_ws/build/toolbox_lidar' returned '0': CMAKE_PREFIX_PATH=${CMAKE_PREFIX_PATH}:/home/kev/ldlidar_ros2_ws/install/remapping:/home/kev/ldlidar_ros2_ws/install/map_remapper:/home/kev/ldlidar_ros2_ws/install/autonomous_exploration:/opt/ros/humble /usr/bin/cmake --build /home/kev/ldlidar_ros2_ws/build/toolbox_lidar -- -j8 -l8
[2.534s] DEBUG:colcon.colcon_core.event_handler.log_command:Invoking command in '/home/kev/ldlidar_ros2_ws/build/toolbox_lidar': CMAKE_PREFIX_PATH=${CMAKE_PREFIX_PATH}:/home/kev/ldlidar_ros2_ws/install/remapping:/home/kev/ldlidar_ros2_ws/install/map_remapper:/home/kev/ldlidar_ros2_ws/install/autonomous_exploration:/opt/ros/humble /usr/bin/cmake --install /home/kev/ldlidar_ros2_ws/build/toolbox_lidar
[2.557s] Level 1:colcon.colcon_core.environment:create_environment_scripts_only(toolbox_lidar)
[2.558s] Level 1:colcon.colcon_core.environment:checking '/home/kev/ldlidar_ros2_ws/install/toolbox_lidar' for CMake module files
[2.558s] DEBUG:colcon.colcon_core.event_handler.log_command:Invoked command in '/home/kev/ldlidar_ros2_ws/build/toolbox_lidar' returned '0': CMAKE_PREFIX_PATH=${CMAKE_PREFIX_PATH}:/home/kev/ldlidar_ros2_ws/install/remapping:/home/kev/ldlidar_ros2_ws/install/map_remapper:/home/kev/ldlidar_ros2_ws/install/autonomous_exploration:/opt/ros/humble /usr/bin/cmake --install /home/kev/ldlidar_ros2_ws/build/toolbox_lidar
[2.558s] Level 1:colcon.colcon_core.environment:checking '/home/kev/ldlidar_ros2_ws/install/toolbox_lidar' for CMake config files
[2.559s] Level 1:colcon.colcon_core.shell:create_environment_hook('toolbox_lidar', 'cmake_prefix_path')
[2.559s] INFO:colcon.colcon_core.shell:Creating environment hook '/home/kev/ldlidar_ros2_ws/install/toolbox_lidar/share/toolbox_lidar/hook/cmake_prefix_path.ps1'
[2.559s] INFO:colcon.colcon_core.shell:Creating environment descriptor '/home/kev/ldlidar_ros2_ws/install/toolbox_lidar/share/toolbox_lidar/hook/cmake_prefix_path.dsv'
[2.559s] INFO:colcon.colcon_core.shell:Creating environment hook '/home/kev/ldlidar_ros2_ws/install/toolbox_lidar/share/toolbox_lidar/hook/cmake_prefix_path.sh'
[2.560s] Level 1:colcon.colcon_core.environment:checking '/home/kev/ldlidar_ros2_ws/install/toolbox_lidar/bin'
[2.560s] Level 1:colcon.colcon_core.environment:checking '/home/kev/ldlidar_ros2_ws/install/toolbox_lidar/lib/pkgconfig/toolbox_lidar.pc'
[2.560s] Level 1:colcon.colcon_core.environment:checking '/home/kev/ldlidar_ros2_ws/install/toolbox_lidar/lib/python3.10/site-packages'
[2.560s] Level 1:colcon.colcon_core.environment:checking '/home/kev/ldlidar_ros2_ws/install/toolbox_lidar/bin'
[2.560s] INFO:colcon.colcon_core.shell:Creating package script '/home/kev/ldlidar_ros2_ws/install/toolbox_lidar/share/toolbox_lidar/package.ps1'
[2.561s] INFO:colcon.colcon_core.shell:Creating package descriptor '/home/kev/ldlidar_ros2_ws/install/toolbox_lidar/share/toolbox_lidar/package.dsv'
[2.561s] INFO:colcon.colcon_core.shell:Creating package script '/home/kev/ldlidar_ros2_ws/install/toolbox_lidar/share/toolbox_lidar/package.sh'
[2.561s] INFO:colcon.colcon_core.shell:Creating package script '/home/kev/ldlidar_ros2_ws/install/toolbox_lidar/share/toolbox_lidar/package.bash'
[2.561s] INFO:colcon.colcon_core.shell:Creating package script '/home/kev/ldlidar_ros2_ws/install/toolbox_lidar/share/toolbox_lidar/package.zsh'
[2.561s] Level 1:colcon.colcon_core.environment:create_file_with_runtime_dependencies(/home/kev/ldlidar_ros2_ws/install/toolbox_lidar/share/colcon-core/packages/toolbox_lidar)
[2.578s] Level 1:colcon.colcon_core.environment:create_environment_scripts_only(toolbox_lidar)
[2.578s] Level 1:colcon.colcon_core.environment:checking '/home/kev/ldlidar_ros2_ws/install/toolbox_lidar' for CMake module files
[2.579s] Level 1:colcon.colcon_core.environment:checking '/home/kev/ldlidar_ros2_ws/install/toolbox_lidar' for CMake config files
[2.579s] Level 1:colcon.colcon_core.shell:create_environment_hook('toolbox_lidar', 'cmake_prefix_path')
[2.579s] INFO:colcon.colcon_core.shell:Creating environment hook '/home/kev/ldlidar_ros2_ws/install/toolbox_lidar/share/toolbox_lidar/hook/cmake_prefix_path.ps1'
[2.579s] INFO:colcon.colcon_core.shell:Creating environment descriptor '/home/kev/ldlidar_ros2_ws/install/toolbox_lidar/share/toolbox_lidar/hook/cmake_prefix_path.dsv'
[2.580s] INFO:colcon.colcon_core.shell:Creating environment hook '/home/kev/ldlidar_ros2_ws/install/toolbox_lidar/share/toolbox_lidar/hook/cmake_prefix_path.sh'
[2.580s] Level 1:colcon.colcon_core.environment:checking '/home/kev/ldlidar_ros2_ws/install/toolbox_lidar/bin'
[2.580s] Level 1:colcon.colcon_core.environment:checking '/home/kev/ldlidar_ros2_ws/install/toolbox_lidar/lib/pkgconfig/toolbox_lidar.pc'
[2.580s] Level 1:colcon.colcon_core.environment:checking '/home/kev/ldlidar_ros2_ws/install/toolbox_lidar/lib/python3.10/site-packages'
[2.580s] Level 1:colcon.colcon_core.environment:checking '/home/kev/ldlidar_ros2_ws/install/toolbox_lidar/bin'
[2.580s] INFO:colcon.colcon_core.shell:Creating package script '/home/kev/ldlidar_ros2_ws/install/toolbox_lidar/share/toolbox_lidar/package.ps1'
[2.581s] INFO:colcon.colcon_core.shell:Creating package descriptor '/home/kev/ldlidar_ros2_ws/install/toolbox_lidar/share/toolbox_lidar/package.dsv'
[2.581s] INFO:colcon.colcon_core.shell:Creating package script '/home/kev/ldlidar_ros2_ws/install/toolbox_lidar/share/toolbox_lidar/package.sh'
[2.581s] INFO:colcon.colcon_core.shell:Creating package script '/home/kev/ldlidar_ros2_ws/install/toolbox_lidar/share/toolbox_lidar/package.bash'
[2.581s] INFO:colcon.colcon_core.shell:Creating package script '/home/kev/ldlidar_ros2_ws/install/toolbox_lidar/share/toolbox_lidar/package.zsh'
[2.582s] Level 1:colcon.colcon_core.environment:create_file_with_runtime_dependencies(/home/kev/ldlidar_ros2_ws/install/toolbox_lidar/share/colcon-core/packages/toolbox_lidar)
[2.582s] DEBUG:colcon.colcon_parallel_executor.executor.parallel:closing loop
[2.582s] DEBUG:colcon.colcon_parallel_executor.executor.parallel:loop closed
[2.582s] DEBUG:colcon.colcon_parallel_executor.executor.parallel:run_until_complete finished with '0'
[2.582s] DEBUG:colcon.colcon_core.event_reactor:joining thread
[2.586s] INFO:colcon.colcon_core.plugin_system:Skipping extension 'colcon_notification.desktop_notification.terminal_notifier': Not used on non-Darwin systems
[2.586s] INFO:colcon.colcon_core.plugin_system:Skipping extension 'colcon_notification.desktop_notification.win32': Not used on non-Windows systems
[2.586s] INFO:colcon.colcon_notification.desktop_notification:Sending desktop notification using 'notify2'
[2.595s] DEBUG:colcon.colcon_core.event_reactor:joined thread
[2.596s] INFO:colcon.colcon_core.shell:Creating prefix script '/home/kev/ldlidar_ros2_ws/install/local_setup.ps1'
[2.596s] INFO:colcon.colcon_core.shell:Creating prefix util module '/home/kev/ldlidar_ros2_ws/install/_local_setup_util_ps1.py'
[2.597s] INFO:colcon.colcon_core.shell:Creating prefix chain script '/home/kev/ldlidar_ros2_ws/install/setup.ps1'
[2.598s] INFO:colcon.colcon_core.shell:Creating prefix script '/home/kev/ldlidar_ros2_ws/install/local_setup.sh'
[2.598s] INFO:colcon.colcon_core.shell:Creating prefix util module '/home/kev/ldlidar_ros2_ws/install/_local_setup_util_sh.py'
[2.598s] INFO:colcon.colcon_core.shell:Creating prefix chain script '/home/kev/ldlidar_ros2_ws/install/setup.sh'
[2.599s] INFO:colcon.colcon_core.shell:Creating prefix script '/home/kev/ldlidar_ros2_ws/install/local_setup.bash'
[2.600s] INFO:colcon.colcon_core.shell:Creating prefix chain script '/home/kev/ldlidar_ros2_ws/install/setup.bash'
[2.600s] INFO:colcon.colcon_core.shell:Creating prefix script '/home/kev/ldlidar_ros2_ws/install/local_setup.zsh'
[2.600s] INFO:colcon.colcon_core.shell:Creating prefix chain script '/home/kev/ldlidar_ros2_ws/install/setup.zsh'
