[0.518s] Invoking command in '/home/kev/ldlidar_ros2_ws/build/toolbox_lidar': CMAKE_PREFIX_PATH=${CMAKE_PREFIX_PATH}:/home/kev/ldlidar_ros2_ws/install/remapping:/home/kev/ldlidar_ros2_ws/install/map_remapper:/home/kev/ldlidar_ros2_ws/install/autonomous_exploration:/opt/ros/humble /usr/bin/cmake /home/kev/ldlidar_ros2_ws/src/toolbox_lidar -DCMAKE_INSTALL_PREFIX=/home/kev/ldlidar_ros2_ws/install/toolbox_lidar
[0.528s] -- Found ament_cmake: 1.3.9 (/opt/ros/humble/share/ament_cmake/cmake)
[0.653s] -- Override CMake install command with custom implementation using symlinks instead of copying resources
[0.661s] -- Found rclcpp: 16.0.9 (/opt/ros/humble/share/rclcpp/cmake)
[0.697s] -- Found rosidl_generator_c: 3.1.5 (/opt/ros/humble/share/rosidl_generator_c/cmake)
[0.700s] -- Found rosidl_adapter: 3.1.5 (/opt/ros/humble/share/rosidl_adapter/cmake)
[0.706s] -- Found rosidl_generator_cpp: 3.1.5 (/opt/ros/humble/share/rosidl_generator_cpp/cmake)
[0.720s] -- Using all available rosidl_typesupport_c: rosidl_typesupport_fastrtps_c;rosidl_typesupport_introspection_c
[0.739s] -- Using all available rosidl_typesupport_cpp: rosidl_typesupport_fastrtps_cpp;rosidl_typesupport_introspection_cpp
[0.809s] -- Found rmw_implementation_cmake: 6.1.2 (/opt/ros/humble/share/rmw_implementation_cmake/cmake)
[0.813s] -- Found rmw_fastrtps_cpp: 6.2.6 (/opt/ros/humble/share/rmw_fastrtps_cpp/cmake)
[0.933s] -- Using RMW implementation 'rmw_fastrtps_cpp' as default
[1.047s] -- Found slam_toolbox: 2.6.8 (/opt/ros/humble/share/slam_toolbox/cmake)
[1.722s] -- Found eigen3_cmake_module: 0.1.1 (/opt/ros/humble/share/eigen3_cmake_module/cmake)
[1.723s] -- Ensuring Eigen3 include directory is part of orocos-kdl CMake target
[1.792s] -- Setting OGRE_DIR to: '/opt/ros/humble/share/rviz_ogre_vendor/cmake/../../../opt/rviz_ogre_vendor/lib/OGRE/cmake'
[1.793s] -- Found OGRE
[1.793s] --   static     : OFF
[1.793s] --   components : HLMS;MeshLodGenerator;Overlay;Paging;Property;RTShaderSystem;Terrain;Volume
[1.793s] --   plugins    : Plugin_BSPSceneManager;Plugin_OctreeSceneManager;Plugin_PCZSceneManager;Plugin_ParticleFX;RenderSystem_GL;RenderSystem_GL3Plus;Codec_STBI
[1.793s] --   media      : /opt/ros/humble/opt/rviz_ogre_vendor/share/OGRE/Media
[1.793s] -- OGRE_LIBRARIES: OgreHLMS;OgreMeshLodGenerator;OgreOverlay;OgrePaging;OgreProperty;OgreRTShaderSystem;OgreTerrain;OgreVolume;OgreMain
[1.793s] -- OGRE_LIBRARY_DIRS: /opt/ros/humble/opt/rviz_ogre_vendor/lib
[1.793s] -- OGRE_PLUGINS: Plugin_BSPSceneManager;Plugin_OctreeSceneManager;Plugin_PCZSceneManager;Plugin_ParticleFX;RenderSystem_GL;RenderSystem_GL3Plus;Codec_STBI
[1.793s] -- OGRE_PLUGIN_DIR: /opt/ros/humble/opt/rviz_ogre_vendor/lib/OGRE
[1.793s] -- rviz_ogre_vendor::OgreOverlay for IMPORTED_LOCATION_RELEASE: /opt/ros/humble/opt/rviz_ogre_vendor/lib/libOgreOverlay.so
[1.793s] -- rviz_ogre_vendor::OgreOverlay for IMPORTED_LOCATION_DEBUG: /opt/ros/humble/opt/rviz_ogre_vendor/lib/libOgreOverlay.so
[1.793s] -- rviz_ogre_vendor::OgreMain for IMPORTED_LOCATION_RELEASE: /opt/ros/humble/opt/rviz_ogre_vendor/lib/libOgreMain.so
[1.793s] -- rviz_ogre_vendor::OgreMain for IMPORTED_LOCATION_DEBUG: /opt/ros/humble/opt/rviz_ogre_vendor/lib/libOgreMain.so
[1.827s] -- rviz_ogre_vendor::RenderSystem_GL for IMPORTED_LOCATION_RELEASE: _render_system_gl_static_library_abs-NOTFOUND
[1.827s] -- rviz_ogre_vendor::RenderSystem_GL for IMPORTED_LOCATION_DEBUG: _render_system_gl_static_library_abs-NOTFOUND
[1.851s] -- library: /usr/lib/x86_64-linux-gnu/libcurl.so
[2.141s] -- Found ament_lint_auto: 0.12.11 (/opt/ros/humble/share/ament_lint_auto/cmake)
[2.185s] -- Added test 'flake8' to check Python code syntax and style conventions
[2.185s] -- Added test 'lint_cmake' to check CMake code style
[2.185s] -- Added test 'pep257' to check Python code against some of the docstring style conventions in PEP 257
[2.186s] -- Added test 'xmllint' to check XML markup files
[2.186s] -- Configuring done
[2.190s] -- Generating done
[2.191s] -- Build files have been written to: /home/kev/ldlidar_ros2_ws/build/toolbox_lidar
[2.199s] Invoked command in '/home/kev/ldlidar_ros2_ws/build/toolbox_lidar' returned '0': CMAKE_PREFIX_PATH=${CMAKE_PREFIX_PATH}:/home/kev/ldlidar_ros2_ws/install/remapping:/home/kev/ldlidar_ros2_ws/install/map_remapper:/home/kev/ldlidar_ros2_ws/install/autonomous_exploration:/opt/ros/humble /usr/bin/cmake /home/kev/ldlidar_ros2_ws/src/toolbox_lidar -DCMAKE_INSTALL_PREFIX=/home/kev/ldlidar_ros2_ws/install/toolbox_lidar
[2.200s] Invoking command in '/home/kev/ldlidar_ros2_ws/build/toolbox_lidar': CMAKE_PREFIX_PATH=${CMAKE_PREFIX_PATH}:/home/kev/ldlidar_ros2_ws/install/remapping:/home/kev/ldlidar_ros2_ws/install/map_remapper:/home/kev/ldlidar_ros2_ws/install/autonomous_exploration:/opt/ros/humble /usr/bin/cmake --build /home/kev/ldlidar_ros2_ws/build/toolbox_lidar -- -j8 -l8
[2.239s] Invoked command in '/home/kev/ldlidar_ros2_ws/build/toolbox_lidar' returned '0': CMAKE_PREFIX_PATH=${CMAKE_PREFIX_PATH}:/home/kev/ldlidar_ros2_ws/install/remapping:/home/kev/ldlidar_ros2_ws/install/map_remapper:/home/kev/ldlidar_ros2_ws/install/autonomous_exploration:/opt/ros/humble /usr/bin/cmake --build /home/kev/ldlidar_ros2_ws/build/toolbox_lidar -- -j8 -l8
[2.269s] Invoking command in '/home/kev/ldlidar_ros2_ws/build/toolbox_lidar': CMAKE_PREFIX_PATH=${CMAKE_PREFIX_PATH}:/home/kev/ldlidar_ros2_ws/install/remapping:/home/kev/ldlidar_ros2_ws/install/map_remapper:/home/kev/ldlidar_ros2_ws/install/autonomous_exploration:/opt/ros/humble /usr/bin/cmake --install /home/kev/ldlidar_ros2_ws/build/toolbox_lidar
[2.280s] -- Install configuration: ""
[2.281s] -- Execute custom install script
[2.281s] -- Up-to-date symlink: /home/kev/ldlidar_ros2_ws/install/toolbox_lidar/share/toolbox_lidar/launch/slam_toolbox.launch.py
[2.281s] -- Up-to-date symlink: /home/kev/ldlidar_ros2_ws/install/toolbox_lidar/share/toolbox_lidar/config/slam_toolbox_config.yaml
[2.281s] -- Up-to-date symlink: /home/kev/ldlidar_ros2_ws/install/toolbox_lidar/share/ament_index/resource_index/package_run_dependencies/toolbox_lidar
[2.282s] -- Up-to-date symlink: /home/kev/ldlidar_ros2_ws/install/toolbox_lidar/share/ament_index/resource_index/parent_prefix_path/toolbox_lidar
[2.282s] -- Up-to-date symlink: /home/kev/ldlidar_ros2_ws/install/toolbox_lidar/share/toolbox_lidar/environment/ament_prefix_path.sh
[2.282s] -- Up-to-date symlink: /home/kev/ldlidar_ros2_ws/install/toolbox_lidar/share/toolbox_lidar/environment/ament_prefix_path.dsv
[2.282s] -- Up-to-date symlink: /home/kev/ldlidar_ros2_ws/install/toolbox_lidar/share/toolbox_lidar/environment/path.sh
[2.282s] -- Up-to-date symlink: /home/kev/ldlidar_ros2_ws/install/toolbox_lidar/share/toolbox_lidar/environment/path.dsv
[2.282s] -- Up-to-date symlink: /home/kev/ldlidar_ros2_ws/install/toolbox_lidar/share/toolbox_lidar/local_setup.bash
[2.282s] -- Up-to-date symlink: /home/kev/ldlidar_ros2_ws/install/toolbox_lidar/share/toolbox_lidar/local_setup.sh
[2.282s] -- Up-to-date symlink: /home/kev/ldlidar_ros2_ws/install/toolbox_lidar/share/toolbox_lidar/local_setup.zsh
[2.283s] -- Up-to-date symlink: /home/kev/ldlidar_ros2_ws/install/toolbox_lidar/share/toolbox_lidar/local_setup.dsv
[2.283s] -- Symlinking: /home/kev/ldlidar_ros2_ws/install/toolbox_lidar/share/toolbox_lidar/package.dsv
[2.291s] -- Up-to-date symlink: /home/kev/ldlidar_ros2_ws/install/toolbox_lidar/share/ament_index/resource_index/packages/toolbox_lidar
[2.291s] -- Up-to-date symlink: /home/kev/ldlidar_ros2_ws/install/toolbox_lidar/share/toolbox_lidar/cmake/toolbox_lidarConfig.cmake
[2.291s] -- Up-to-date symlink: /home/kev/ldlidar_ros2_ws/install/toolbox_lidar/share/toolbox_lidar/cmake/toolbox_lidarConfig-version.cmake
[2.292s] -- Up-to-date symlink: /home/kev/ldlidar_ros2_ws/install/toolbox_lidar/share/toolbox_lidar/package.xml
[2.294s] Invoked command in '/home/kev/ldlidar_ros2_ws/build/toolbox_lidar' returned '0': CMAKE_PREFIX_PATH=${CMAKE_PREFIX_PATH}:/home/kev/ldlidar_ros2_ws/install/remapping:/home/kev/ldlidar_ros2_ws/install/map_remapper:/home/kev/ldlidar_ros2_ws/install/autonomous_exploration:/opt/ros/humble /usr/bin/cmake --install /home/kev/ldlidar_ros2_ws/build/toolbox_lidar
