[0.928s] Invoking command in '/home/kev/ldlidar_ros2_ws/src/remapping': PYTHONPATH=/home/kev/ldlidar_ros2_ws/build/remapping/prefix_override:/home/kev/ldlidar_ros2_ws/install/remapping/lib/python3.10/site-packages:${PYTHONPATH} /usr/bin/python3 -W ignore:setup.py install is deprecated setup.py egg_info --egg-base ../../build/remapping build --build-base /home/kev/ldlidar_ros2_ws/build/remapping/build install --record /home/kev/ldlidar_ros2_ws/build/remapping/install.log --single-version-externally-managed install_data
[1.172s] running egg_info
[1.172s] creating ../../build/remapping/remapping.egg-info
[1.172s] writing ../../build/remapping/remapping.egg-info/PKG-INFO
[1.173s] writing dependency_links to ../../build/remapping/remapping.egg-info/dependency_links.txt
[1.173s] writing entry points to ../../build/remapping/remapping.egg-info/entry_points.txt
[1.173s] writing requirements to ../../build/remapping/remapping.egg-info/requires.txt
[1.173s] writing top-level names to ../../build/remapping/remapping.egg-info/top_level.txt
[1.173s] writing manifest file '../../build/remapping/remapping.egg-info/SOURCES.txt'
[1.175s] reading manifest file '../../build/remapping/remapping.egg-info/SOURCES.txt'
[1.175s] writing manifest file '../../build/remapping/remapping.egg-info/SOURCES.txt'
[1.175s] running build
[1.175s] running build_py
[1.175s] creating /home/kev/ldlidar_ros2_ws/build/remapping/build
[1.176s] creating /home/kev/ldlidar_ros2_ws/build/remapping/build/lib
[1.176s] creating /home/kev/ldlidar_ros2_ws/build/remapping/build/lib/remapping
[1.176s] copying remapping/remap.py -> /home/kev/ldlidar_ros2_ws/build/remapping/build/lib/remapping
[1.176s] copying remapping/__init__.py -> /home/kev/ldlidar_ros2_ws/build/remapping/build/lib/remapping
[1.176s] running install
[1.176s] running install_lib
[1.177s] creating /home/kev/ldlidar_ros2_ws/install/remapping/lib/python3.10/site-packages/remapping
[1.177s] copying /home/kev/ldlidar_ros2_ws/build/remapping/build/lib/remapping/remap.py -> /home/kev/ldlidar_ros2_ws/install/remapping/lib/python3.10/site-packages/remapping
[1.177s] copying /home/kev/ldlidar_ros2_ws/build/remapping/build/lib/remapping/__init__.py -> /home/kev/ldlidar_ros2_ws/install/remapping/lib/python3.10/site-packages/remapping
[1.178s] byte-compiling /home/kev/ldlidar_ros2_ws/install/remapping/lib/python3.10/site-packages/remapping/remap.py to remap.cpython-310.pyc
[1.178s] byte-compiling /home/kev/ldlidar_ros2_ws/install/remapping/lib/python3.10/site-packages/remapping/__init__.py to __init__.cpython-310.pyc
[1.178s] running install_data
[1.178s] creating /home/kev/ldlidar_ros2_ws/install/remapping/share/ament_index
[1.178s] creating /home/kev/ldlidar_ros2_ws/install/remapping/share/ament_index/resource_index
[1.178s] creating /home/kev/ldlidar_ros2_ws/install/remapping/share/ament_index/resource_index/packages
[1.178s] copying resource/remapping -> /home/kev/ldlidar_ros2_ws/install/remapping/share/ament_index/resource_index/packages
[1.178s] copying package.xml -> /home/kev/ldlidar_ros2_ws/install/remapping/share/remapping
[1.178s] running install_egg_info
[1.180s] Copying ../../build/remapping/remapping.egg-info to /home/kev/ldlidar_ros2_ws/install/remapping/lib/python3.10/site-packages/remapping-0.0.0-py3.10.egg-info
[1.181s] running install_scripts
[1.204s] Installing remap script to /home/kev/ldlidar_ros2_ws/install/remapping/lib/remapping
[1.204s] writing list of installed files to '/home/kev/ldlidar_ros2_ws/build/remapping/install.log'
[1.230s] Invoked command in '/home/kev/ldlidar_ros2_ws/src/remapping' returned '0': PYTHONPATH=/home/kev/ldlidar_ros2_ws/build/remapping/prefix_override:/home/kev/ldlidar_ros2_ws/install/remapping/lib/python3.10/site-packages:${PYTHONPATH} /usr/bin/python3 -W ignore:setup.py install is deprecated setup.py egg_info --egg-base ../../build/remapping build --build-base /home/kev/ldlidar_ros2_ws/build/remapping/build install --record /home/kev/ldlidar_ros2_ws/build/remapping/install.log --single-version-externally-managed install_data
