[0.714s] Invoking command in '/home/kev/ldlidar_ros2_ws/build/toolbox_lidar': CMAKE_PREFIX_PATH=/opt/ros/humble /usr/bin/cmake --build /home/kev/ldlidar_ros2_ws/build/toolbox_lidar -- -j8 -l8
[0.766s] Invoked command in '/home/kev/ldlidar_ros2_ws/build/toolbox_lidar' returned '0': CMAKE_PREFIX_PATH=/opt/ros/humble /usr/bin/cmake --build /home/kev/ldlidar_ros2_ws/build/toolbox_lidar -- -j8 -l8
[0.816s] Invoking command in '/home/kev/ldlidar_ros2_ws/build/toolbox_lidar': CMAKE_PREFIX_PATH=/opt/ros/humble /usr/bin/cmake --install /home/kev/ldlidar_ros2_ws/build/toolbox_lidar
[0.825s] -- Install configuration: ""
[0.826s] -- Execute custom install script
[0.826s] -- Up-to-date symlink: /home/kev/ldlidar_ros2_ws/install/toolbox_lidar/share/toolbox_lidar/launch/slam_toolbox.launch.py
[0.827s] -- Up-to-date symlink: /home/kev/ldlidar_ros2_ws/install/toolbox_lidar/share/toolbox_lidar/config/slam_toolbox_config.yaml
[0.827s] -- Up-to-date symlink: /home/kev/ldlidar_ros2_ws/install/toolbox_lidar/share/ament_index/resource_index/package_run_dependencies/toolbox_lidar
[0.827s] -- Up-to-date symlink: /home/kev/ldlidar_ros2_ws/install/toolbox_lidar/share/ament_index/resource_index/parent_prefix_path/toolbox_lidar
[0.828s] -- Up-to-date symlink: /home/kev/ldlidar_ros2_ws/install/toolbox_lidar/share/toolbox_lidar/environment/ament_prefix_path.sh
[0.829s] -- Up-to-date symlink: /home/kev/ldlidar_ros2_ws/install/toolbox_lidar/share/toolbox_lidar/environment/ament_prefix_path.dsv
[0.829s] -- Up-to-date symlink: /home/kev/ldlidar_ros2_ws/install/toolbox_lidar/share/toolbox_lidar/environment/path.sh
[0.829s] -- Up-to-date symlink: /home/kev/ldlidar_ros2_ws/install/toolbox_lidar/share/toolbox_lidar/environment/path.dsv
[0.829s] -- Up-to-date symlink: /home/kev/ldlidar_ros2_ws/install/toolbox_lidar/share/toolbox_lidar/local_setup.bash
[0.829s] -- Up-to-date symlink: /home/kev/ldlidar_ros2_ws/install/toolbox_lidar/share/toolbox_lidar/local_setup.sh
[0.829s] -- Up-to-date symlink: /home/kev/ldlidar_ros2_ws/install/toolbox_lidar/share/toolbox_lidar/local_setup.zsh
[0.830s] -- Up-to-date symlink: /home/kev/ldlidar_ros2_ws/install/toolbox_lidar/share/toolbox_lidar/local_setup.dsv
[0.830s] -- Symlinking: /home/kev/ldlidar_ros2_ws/install/toolbox_lidar/share/toolbox_lidar/package.dsv
[0.844s] -- Up-to-date symlink: /home/kev/ldlidar_ros2_ws/install/toolbox_lidar/share/ament_index/resource_index/packages/toolbox_lidar
[0.844s] -- Up-to-date symlink: /home/kev/ldlidar_ros2_ws/install/toolbox_lidar/share/toolbox_lidar/cmake/toolbox_lidarConfig.cmake
[0.844s] -- Up-to-date symlink: /home/kev/ldlidar_ros2_ws/install/toolbox_lidar/share/toolbox_lidar/cmake/toolbox_lidarConfig-version.cmake
[0.844s] -- Up-to-date symlink: /home/kev/ldlidar_ros2_ws/install/toolbox_lidar/share/toolbox_lidar/package.xml
[0.846s] Invoked command in '/home/kev/ldlidar_ros2_ws/build/toolbox_lidar' returned '0': CMAKE_PREFIX_PATH=/opt/ros/humble /usr/bin/cmake --install /home/kev/ldlidar_ros2_ws/build/toolbox_lidar
