running egg_info
creating ../../build/my_turtlebot3_simulations/my_turtlebot3_simulations.egg-info
writing ../../build/my_turtlebot3_simulations/my_turtlebot3_simulations.egg-info/PKG-INFO
writing dependency_links to ../../build/my_turtlebot3_simulations/my_turtlebot3_simulations.egg-info/dependency_links.txt
writing entry points to ../../build/my_turtlebot3_simulations/my_turtlebot3_simulations.egg-info/entry_points.txt
writing requirements to ../../build/my_turtlebot3_simulations/my_turtlebot3_simulations.egg-info/requires.txt
writing top-level names to ../../build/my_turtlebot3_simulations/my_turtlebot3_simulations.egg-info/top_level.txt
writing manifest file '../../build/my_turtlebot3_simulations/my_turtlebot3_simulations.egg-info/SOURCES.txt'
reading manifest file '../../build/my_turtlebot3_simulations/my_turtlebot3_simulations.egg-info/SOURCES.txt'
writing manifest file '../../build/my_turtlebot3_simulations/my_turtlebot3_simulations.egg-info/SOURCES.txt'
running build
running build_py
creating /home/kev/ldlidar_ros2_ws/build/my_turtlebot3_simulations/build
creating /home/kev/ldlidar_ros2_ws/build/my_turtlebot3_simulations/build/lib
creating /home/kev/ldlidar_ros2_ws/build/my_turtlebot3_simulations/build/lib/my_turtlebot3_simulations
copying my_turtlebot3_simulations/__init__.py -> /home/kev/ldlidar_ros2_ws/build/my_turtlebot3_simulations/build/lib/my_turtlebot3_simulations
running install
running install_lib
creating /home/kev/ldlidar_ros2_ws/install/my_turtlebot3_simulations/lib/python3.10/site-packages/my_turtlebot3_simulations
copying /home/kev/ldlidar_ros2_ws/build/my_turtlebot3_simulations/build/lib/my_turtlebot3_simulations/__init__.py -> /home/kev/ldlidar_ros2_ws/install/my_turtlebot3_simulations/lib/python3.10/site-packages/my_turtlebot3_simulations
byte-compiling /home/kev/ldlidar_ros2_ws/install/my_turtlebot3_simulations/lib/python3.10/site-packages/my_turtlebot3_simulations/__init__.py to __init__.cpython-310.pyc
running install_data
creating /home/kev/ldlidar_ros2_ws/install/my_turtlebot3_simulations/share/my_turtlebot3_simulations/launch
copying launch/turtlebot3_my_map.launch.py -> /home/kev/ldlidar_ros2_ws/install/my_turtlebot3_simulations/share/my_turtlebot3_simulations/launch
creating /home/kev/ldlidar_ros2_ws/install/my_turtlebot3_simulations/share/my_turtlebot3_simulations/worlds
copying worlds/my_map.world -> /home/kev/ldlidar_ros2_ws/install/my_turtlebot3_simulations/share/my_turtlebot3_simulations/worlds
running install_egg_info
Copying ../../build/my_turtlebot3_simulations/my_turtlebot3_simulations.egg-info to /home/kev/ldlidar_ros2_ws/install/my_turtlebot3_simulations/lib/python3.10/site-packages/my_turtlebot3_simulations-0.0.0-py3.10.egg-info
running install_scripts
writing list of installed files to '/home/kev/ldlidar_ros2_ws/build/my_turtlebot3_simulations/install.log'
