[1.097s] Invoking command in '/home/kev/ldlidar_ros2_ws/src/autonomous_exploration': PYTHONPATH=/home/kev/ldlidar_ros2_ws/build/autonomous_exploration/prefix_override:/home/kev/ldlidar_ros2_ws/install/autonomous_exploration/lib/python3.10/site-packages:${PYTHONPATH} /usr/bin/python3 -W ignore:setup.py install is deprecated setup.py egg_info --egg-base ../../build/autonomous_exploration build --build-base /home/kev/ldlidar_ros2_ws/build/autonomous_exploration/build install --record /home/kev/ldlidar_ros2_ws/build/autonomous_exploration/install.log --single-version-externally-managed install_data
[1.278s] running egg_info
[1.279s] writing ../../build/autonomous_exploration/autonomous_exploration.egg-info/PKG-INFO
[1.279s] writing dependency_links to ../../build/autonomous_exploration/autonomous_exploration.egg-info/dependency_links.txt
[1.279s] writing entry points to ../../build/autonomous_exploration/autonomous_exploration.egg-info/entry_points.txt
[1.280s] writing requirements to ../../build/autonomous_exploration/autonomous_exploration.egg-info/requires.txt
[1.280s] writing top-level names to ../../build/autonomous_exploration/autonomous_exploration.egg-info/top_level.txt
[1.282s] reading manifest file '../../build/autonomous_exploration/autonomous_exploration.egg-info/SOURCES.txt'
[1.283s] writing manifest file '../../build/autonomous_exploration/autonomous_exploration.egg-info/SOURCES.txt'
[1.283s] running build
[1.283s] running build_py
[1.283s] copying autonomous_exploration/control.py -> /home/kev/ldlidar_ros2_ws/build/autonomous_exploration/build/lib/autonomous_exploration
[1.283s] running install
[1.284s] running install_lib
[1.285s] copying /home/kev/ldlidar_ros2_ws/build/autonomous_exploration/build/lib/autonomous_exploration/control.py -> /home/kev/ldlidar_ros2_ws/install/autonomous_exploration/lib/python3.10/site-packages/autonomous_exploration
[1.286s] byte-compiling /home/kev/ldlidar_ros2_ws/install/autonomous_exploration/lib/python3.10/site-packages/autonomous_exploration/control.py to control.cpython-310.pyc
[1.290s] running install_data
[1.290s] running install_egg_info
[1.292s] removing '/home/kev/ldlidar_ros2_ws/install/autonomous_exploration/lib/python3.10/site-packages/autonomous_exploration-0.0.0-py3.10.egg-info' (and everything under it)
[1.292s] Copying ../../build/autonomous_exploration/autonomous_exploration.egg-info to /home/kev/ldlidar_ros2_ws/install/autonomous_exploration/lib/python3.10/site-packages/autonomous_exploration-0.0.0-py3.10.egg-info
[1.293s] running install_scripts
[1.311s] Installing control script to /home/kev/ldlidar_ros2_ws/install/autonomous_exploration/lib/autonomous_exploration
[1.311s] Installing listener script to /home/kev/ldlidar_ros2_ws/install/autonomous_exploration/lib/autonomous_exploration
[1.311s] writing list of installed files to '/home/kev/ldlidar_ros2_ws/build/autonomous_exploration/install.log'
[1.332s] Invoked command in '/home/kev/ldlidar_ros2_ws/src/autonomous_exploration' returned '0': PYTHONPATH=/home/kev/ldlidar_ros2_ws/build/autonomous_exploration/prefix_override:/home/kev/ldlidar_ros2_ws/install/autonomous_exploration/lib/python3.10/site-packages:${PYTHONPATH} /usr/bin/python3 -W ignore:setup.py install is deprecated setup.py egg_info --egg-base ../../build/autonomous_exploration build --build-base /home/kev/ldlidar_ros2_ws/build/autonomous_exploration/build install --record /home/kev/ldlidar_ros2_ws/build/autonomous_exploration/install.log --single-version-externally-managed install_data
