[0.395s] Invoking command in '/home/kev/ldlidar_ros2_ws/build/multirobot_map_merge': CMAKE_PREFIX_PATH=/opt/ros/humble /usr/bin/cmake /home/kev/ldlidar_ros2_ws/src/m-explore-ros2/map_merge -DAMENT_CMAKE_SYMLINK_INSTALL=1 -DCMAKE_INSTALL_PREFIX=/home/kev/ldlidar_ros2_ws/install/multirobot_map_merge
[0.621s] -- The C compiler identification is GNU 11.4.0
[0.622s] -- The CXX compiler identification is GNU 11.4.0
[0.623s] -- Detecting C compiler ABI info
[0.623s] -- Detecting C compiler ABI info - done
[0.623s] -- Check for working C compiler: /usr/bin/cc - skipped
[0.623s] -- Detecting C compile features
[0.623s] -- Detecting C compile features - done
[0.624s] -- Detecting CXX compiler ABI info
[0.645s] -- Detecting CXX compiler ABI info - done
[0.658s] -- Check for working CXX compiler: /usr/bin/c++ - skipped
[0.659s] -- Detecting CXX compile features
[0.660s] -- Detecting CXX compile features - done
[0.663s] -- Found ament_cmake: 1.3.9 (/opt/ros/humble/share/ament_cmake/cmake)
[0.876s] -- Found Python3: /usr/bin/python3 (found version "3.10.12") found components: Interpreter 
[0.960s] -- Override CMake install command with custom implementation using symlinks instead of copying resources
[0.995s] -- Found rclcpp: 16.0.9 (/opt/ros/humble/share/rclcpp/cmake)
[1.052s] -- Found rosidl_generator_c: 3.1.5 (/opt/ros/humble/share/rosidl_generator_c/cmake)
[1.059s] -- Found rosidl_adapter: 3.1.5 (/opt/ros/humble/share/rosidl_adapter/cmake)
[1.070s] -- Found rosidl_generator_cpp: 3.1.5 (/opt/ros/humble/share/rosidl_generator_cpp/cmake)
[1.089s] -- Using all available rosidl_typesupport_c: rosidl_typesupport_fastrtps_c;rosidl_typesupport_introspection_c
[1.124s] -- Using all available rosidl_typesupport_cpp: rosidl_typesupport_fastrtps_cpp;rosidl_typesupport_introspection_cpp
[1.213s] -- Found rmw_implementation_cmake: 6.1.2 (/opt/ros/humble/share/rmw_implementation_cmake/cmake)
[1.218s] -- Found rmw_fastrtps_cpp: 6.2.6 (/opt/ros/humble/share/rmw_fastrtps_cpp/cmake)
[1.345s] -- Found OpenSSL: /usr/lib/x86_64-linux-gnu/libcrypto.so (found version "3.0.2")  
[1.387s] -- Found FastRTPS: /opt/ros/humble/include  
[1.441s] -- Using RMW implementation 'rmw_fastrtps_cpp' as default
[1.449s] -- Looking for pthread.h
[1.513s] -- Looking for pthread.h - found
[1.513s] -- Performing Test CMAKE_HAVE_LIBC_PTHREAD
[1.609s] -- Performing Test CMAKE_HAVE_LIBC_PTHREAD - Success
[1.611s] -- Found Threads: TRUE  
[1.836s] -- Found geometry_msgs: 4.2.4 (/opt/ros/humble/share/geometry_msgs/cmake)
[1.891s] -- Found image_geometry: 3.2.1 (/opt/ros/humble/share/image_geometry/cmake)
[2.020s] -- Found map_msgs: 2.1.0 (/opt/ros/humble/share/map_msgs/cmake)
[2.257s] -- Found tf2_geometry_msgs: 0.25.7 (/opt/ros/humble/share/tf2_geometry_msgs/cmake)
[2.268s] -- Found eigen3_cmake_module: 0.1.1 (/opt/ros/humble/share/eigen3_cmake_module/cmake)
[2.269s] -- Found Eigen3: TRUE (found version "3.4.0") 
[2.269s] -- Ensuring Eigen3 include directory is part of orocos-kdl CMake target
[2.635s] -- Found Boost: /usr/lib/x86_64-linux-gnu/cmake/Boost-1.74.0/BoostConfig.cmake (found version "1.74.0") found components: thread 
[2.641s] -- Found OpenCV: /usr (found version "4.5.4") 
[2.662s] -- Found ament_lint_auto: 0.12.11 (/opt/ros/humble/share/ament_lint_auto/cmake)
[2.737s] -- Found ament_cmake_gtest: 1.3.9 (/opt/ros/humble/share/ament_cmake_gtest/cmake)
[2.746s] --2024-06-19 17:17:28--  https://raw.githubusercontent.com/hrnr/m-explore-extra/master/map_merge/hector_maps/map00.pgm
[2.828s] Resolving raw.githubusercontent.com (raw.githubusercontent.com)... 185.199.110.133, 185.199.111.133, 185.199.108.133, ...
[2.854s] Connecting to raw.githubusercontent.com (raw.githubusercontent.com)|185.199.110.133|:443... connected.
[3.283s] HTTP request sent, awaiting response... 200 OK
[3.283s] Length: 4194362 (4.0M) [application/octet-stream]
[3.283s] Saving to: ‘/home/kev/ldlidar_ros2_ws/build/multirobot_map_merge/map00.pgm’
[3.283s] 
[3.315s]      0K .......... .......... .......... .......... ..........  1% 1.54M 3s
[3.388s]     50K .......... .......... .......... .......... ..........  2%  684K 4s
[3.434s]    100K .......... .......... .......... .......... ..........  3% 1.06M 4s
[3.437s]    150K .......... .......... .......... .......... ..........  4% 17.5M 3s
[3.471s]    200K .......... .......... .......... .......... ..........  6% 1.46M 3s
[3.510s]    250K .......... .......... .......... .......... ..........  7% 1.26M 3s
[3.510s]    300K .......... .......... .......... .......... ..........  8%  353M 2s
[3.533s]    350K .......... .......... .......... .......... ..........  9% 2.24M 2s
[3.538s]    400K .......... .......... .......... .......... .......... 10% 6.97M 2s
[3.549s]    450K .......... .......... .......... .......... .......... 12% 4.69M 2s
[3.549s]    500K .......... .......... .......... .......... .......... 13%  290M 2s
[3.590s]    550K .......... .......... .......... .......... .......... 14% 1.18M 2s
[3.599s]    600K .......... .......... .......... .......... .......... 15% 5.22M 2s
[3.604s]    650K .......... .......... .......... .......... .......... 17% 10.0M 2s
[3.616s]    700K .......... .......... .......... .......... .......... 18% 5.02M 1s
[3.635s]    750K .......... .......... .......... .......... .......... 19% 2.41M 1s
[3.635s]    800K .......... .......... .......... .......... .......... 20%  299M 1s
[3.643s]    850K .......... .......... .......... .......... .......... 21% 5.58M 1s
[3.647s]    900K .......... .......... .......... .......... .......... 23% 11.8M 1s
[3.652s]    950K .......... .......... .......... .......... .......... 24% 11.8M 1s
[3.657s]   1000K .......... .......... .......... .......... .......... 25% 8.58M 1s
[3.660s]   1050K .......... .......... .......... .......... .......... 26% 19.0M 1s
[3.667s]   1100K .......... .......... .......... .......... .......... 28% 6.54M 1s
[3.729s]   1150K .......... .......... .......... .......... .......... 29%  813K 1s
[3.730s]   1200K .......... .......... .......... .......... .......... 30%  165M 1s
[3.744s]   1250K .......... .......... .......... .......... .......... 31% 3.19M 1s
[3.750s]   1300K .......... .......... .......... .......... .......... 32% 9.75M 1s
[3.764s]   1350K .......... .......... .......... .......... .......... 34% 4.60M 1s
[3.764s]   1400K .......... .......... .......... .......... .......... 35%  340M 1s
[3.766s]   1450K .......... .......... .......... .......... .......... 36% 8.91M 1s
[3.783s]   1500K .......... .......... .......... .......... .......... 37% 2.91M 1s
[3.785s]   1550K .......... .......... .......... .......... .......... 39% 17.1M 1s
[3.791s]   1600K .......... .......... .......... .......... .......... 40% 8.31M 1s
[3.796s]   1650K .......... .......... .......... .......... .......... 41% 10.0M 1s
[3.813s]   1700K .......... .......... .......... .......... .......... 42% 2.94M 1s
[3.827s]   1750K .......... .......... .......... .......... .......... 43% 3.50M 1s
[3.841s]   1800K .......... .......... .......... .......... .......... 45% 3.29M 1s
[3.859s]   1850K .......... .......... .......... .......... .......... 46% 2.71M 1s
[3.870s]   1900K .......... .......... .......... .......... .......... 47% 4.69M 1s
[3.882s]   1950K .......... .......... .......... .......... .......... 48% 4.18M 1s
[3.886s]   2000K .......... .......... .......... .......... .......... 50% 11.1M 1s
[3.890s]   2050K .......... .......... .......... .......... .......... 51% 13.2M 1s
[3.890s]   2100K .......... .......... .......... .......... .......... 52%  242M 1s
[3.895s]   2150K .......... .......... .......... .......... .......... 53% 8.90M 1s
[3.905s]   2200K .......... .......... .......... .......... .......... 54% 5.31M 1s
[3.912s]   2250K .......... .......... .......... .......... .......... 56% 6.71M 0s
[3.917s]   2300K .......... .......... .......... .......... .......... 57% 9.14M 0s
[3.919s]   2350K .......... .......... .......... .......... .......... 58% 29.8M 0s
[3.937s]   2400K .......... .......... .......... .......... .......... 59% 2.71M 0s
[3.937s]   2450K .......... .......... .......... .......... .......... 61%  246M 0s
[4.032s]   2500K .......... .......... .......... .......... .......... 62%  527K 0s
[4.066s]   2550K .......... .......... .......... .......... .......... 63% 1.44M 0s
[4.070s]   2600K .......... .......... .......... .......... .......... 64% 11.3M 0s
[4.108s]   2650K .......... .......... .......... .......... .......... 65% 1.30M 0s
[4.150s]   2700K .......... .......... .......... .......... .......... 67% 1.14M 0s
[4.151s]   2750K .......... .......... .......... .......... .......... 68%  348M 0s
[4.169s]   2800K .......... .......... .......... .......... .......... 69% 2.57M 0s
[4.170s]   2850K .......... .......... .......... .......... .......... 70%  324M 0s
[4.180s]   2900K .......... .......... .......... .......... .......... 72% 4.79M 0s
[4.186s]   2950K .......... .......... .......... .......... .......... 73% 7.56M 0s
[4.194s]   3000K .......... .......... .......... .......... .......... 74% 6.42M 0s
[4.194s]   3050K .......... .......... .......... .......... .......... 75%  253M 0s
[4.202s]   3100K .......... .......... .......... .......... .......... 76% 5.81M 0s
[4.210s]   3150K .......... .......... .......... .......... .......... 78% 6.32M 0s
[4.220s]   3200K .......... .......... .......... .......... .......... 79% 5.04M 0s
[4.227s]   3250K .......... .......... .......... .......... .......... 80% 6.90M 0s
[4.232s]   3300K .......... .......... .......... .......... .......... 81% 8.75M 0s
[4.238s]   3350K .......... .......... .......... .......... .......... 83% 9.26M 0s
[4.243s]   3400K .......... .......... .......... .......... .......... 84% 9.96M 0s
[4.257s]   3450K .......... .......... .......... .......... .......... 85% 3.53M 0s
[4.262s]   3500K .......... .......... .......... .......... .......... 86% 9.92M 0s
[4.277s]   3550K .......... .......... .......... .......... .......... 87% 3.22M 0s
[4.281s]   3600K .......... .......... .......... .......... .......... 89% 11.3M 0s
[4.353s]   3650K .......... .......... .......... .......... .......... 90%  691K 0s
[4.356s]   3700K .......... .......... .......... .......... .......... 91% 17.0M 0s
[4.361s]   3750K .......... .......... .......... .......... .......... 92% 10.2M 0s
[4.366s]   3800K .......... .......... .......... .......... .......... 93% 10.4M 0s
[4.370s]   3850K .......... .......... .......... .......... .......... 95% 11.4M 0s
[4.378s]   3900K .......... .......... .......... .......... .......... 96% 6.26M 0s
[4.383s]   3950K .......... .......... .......... .......... .......... 97% 8.73M 0s
[4.383s]   4000K .......... .......... .......... .......... .......... 98%  281M 0s
[4.393s]   4050K .......... .......... .......... .......... ......    100% 4.91M=1.1s
[4.393s] 
[4.393s] 2024-06-19 17:17:29 (3.61 MB/s) - ‘/home/kev/ldlidar_ros2_ws/build/multirobot_map_merge/map00.pgm’ saved [4194362/4194362]
[4.393s] 
[4.394s] Checking MD5 sum of /home/kev/ldlidar_ros2_ws/build/multirobot_map_merge/map00.pgm
[4.401s] /home/kev/ldlidar_ros2_ws/build/multirobot_map_merge/map00.pgm: OK
[4.406s] --2024-06-19 17:17:29--  https://raw.githubusercontent.com/hrnr/m-explore-extra/master/map_merge/hector_maps/map05.pgm
[4.408s] Resolving raw.githubusercontent.com (raw.githubusercontent.com)... 185.199.109.133, 185.199.108.133, 185.199.110.133, ...
[4.448s] Connecting to raw.githubusercontent.com (raw.githubusercontent.com)|185.199.109.133|:443... connected.
[4.937s] HTTP request sent, awaiting response... 200 OK
[4.937s] Length: 4194362 (4.0M) [application/octet-stream]
[4.937s] Saving to: ‘/home/kev/ldlidar_ros2_ws/build/multirobot_map_merge/map05.pgm’
[4.937s] 
[4.996s]      0K .......... .......... .......... .......... ..........  1%  843K 5s
[5.052s]     50K .......... .......... .......... .......... ..........  2%  907K 5s
[5.060s]    100K .......... .......... .......... .......... ..........  3% 5.64M 3s
[5.074s]    150K .......... .......... .......... .......... ..........  4% 3.48M 3s
[5.104s]    200K .......... .......... .......... .......... ..........  6% 1.66M 3s
[5.113s]    250K .......... .......... .......... .......... ..........  7% 5.02M 2s
[5.118s]    300K .......... .......... .......... .......... ..........  8% 11.1M 2s
[5.148s]    350K .......... .......... .......... .......... ..........  9%  363M 2s
[5.148s]    400K .......... .......... .......... .......... .......... 10% 1.60M 2s
[5.169s]    450K .......... .......... .......... .......... .......... 12% 2.33M 2s
[5.170s]    500K .......... .......... .......... .......... .......... 13%  346M 1s
[5.181s]    550K .......... .......... .......... .......... .......... 14% 4.16M 1s
[5.181s]    600K .......... .......... .......... .......... .......... 15%  379M 1s
[5.260s]    650K .......... .......... .......... .......... .......... 17%  637K 2s
[5.265s]    700K .......... .......... .......... .......... .......... 18% 9.57M 1s
[5.275s]    750K .......... .......... .......... .......... .......... 19% 4.98M 1s
[5.275s]    800K .......... .......... .......... .......... .......... 20%  352M 1s
[5.282s]    850K .......... .......... .......... .......... .......... 21% 6.97M 1s
[5.282s]    900K .......... .......... .......... .......... .......... 23%  371M 1s
[5.286s]    950K .......... .......... .......... .......... .......... 24% 12.5M 1s
[5.314s]   1000K .......... .......... .......... .......... .......... 25% 1.71M 1s
[5.324s]   1050K .......... .......... .......... .......... .......... 26% 5.10M 1s
[5.324s]   1100K .......... .......... .......... .......... .......... 28%  297M 1s
[5.330s]   1150K .......... .......... .......... .......... .......... 29% 7.92M 1s
[5.335s]   1200K .......... .......... .......... .......... .......... 30% 10.7M 1s
[5.344s]   1250K .......... .......... .......... .......... .......... 31% 5.28M 1s
[5.349s]   1300K .......... .......... .......... .......... .......... 32% 11.0M 1s
[5.353s]   1350K .......... .......... .......... .......... .......... 34% 10.1M 1s
[5.360s]   1400K .......... .......... .......... .......... .......... 35% 7.29M 1s
[5.368s]   1450K .......... .......... .......... .......... .......... 36% 6.10M 1s
[5.369s]   1500K .......... .......... .......... .......... .......... 37%  279M 1s
[5.381s]   1550K .......... .......... .......... .......... .......... 39% 3.84M 1s
[5.381s]   1600K .......... .......... .......... .......... .......... 40%  287M 1s
[5.386s]   1650K .......... .......... .......... .......... .......... 41% 10.1M 1s
[5.391s]   1700K .......... .......... .......... .......... .......... 42% 9.72M 1s
[5.419s]   1750K .......... .......... .......... .......... .......... 43% 1.75M 1s
[5.427s]   1800K .......... .......... .......... .......... .......... 45% 5.96M 1s
[5.431s]   1850K .......... .......... .......... .......... .......... 46% 12.5M 1s
[5.433s]   1900K .......... .......... .......... .......... .......... 47% 22.4M 1s
[5.440s]   1950K .......... .......... .......... .......... .......... 48% 6.94M 1s
[5.440s]   2000K .......... .......... .......... .......... .......... 50%  276M 1s
[5.448s]   2050K .......... .......... .......... .......... .......... 51% 6.34M 0s
[5.454s]   2100K .......... .......... .......... .......... .......... 52% 8.85M 0s
[5.460s]   2150K .......... .......... .......... .......... .......... 53% 7.53M 0s
[5.468s]   2200K .......... .......... .......... .......... .......... 54% 6.14M 0s
[5.472s]   2250K .......... .......... .......... .......... .......... 56% 11.9M 0s
[5.479s]   2300K .......... .......... .......... .......... .......... 57% 7.38M 0s
[5.535s]   2350K .......... .......... .......... .......... .......... 58%  896K 0s
[5.540s]   2400K .......... .......... .......... .......... .......... 59% 9.90M 0s
[5.564s]   2450K .......... .......... .......... .......... .......... 61% 2.03M 0s
[5.564s]   2500K .......... .......... .......... .......... .......... 62%  299M 0s
[5.638s]   2550K .......... .......... .......... .......... .......... 63%  673K 0s
[5.645s]   2600K .......... .......... .......... .......... .......... 64% 7.49M 0s
[5.654s]   2650K .......... .......... .......... .......... .......... 65% 5.40M 0s
[5.658s]   2700K .......... .......... .......... .......... .......... 67% 10.1M 0s
[5.671s]   2750K .......... .......... .......... .......... .......... 68% 3.81M 0s
[5.676s]   2800K .......... .......... .......... .......... .......... 69% 11.4M 0s
[5.682s]   2850K .......... .......... .......... .......... .......... 70% 7.56M 0s
[5.682s]   2900K .......... .......... .......... .......... .......... 72%  314M 0s
[5.692s]   2950K .......... .......... .......... .......... .......... 73% 4.85M 0s
[5.692s]   3000K .......... .......... .......... .......... .......... 74%  269M 0s
[5.700s]   3050K .......... .......... .......... .......... .......... 75% 6.42M 0s
[5.700s]   3100K .......... .......... .......... .......... .......... 76%  294M 0s
[5.705s]   3150K .......... .......... .......... .......... .......... 78% 9.18M 0s
[5.710s]   3200K .......... .......... .......... .......... .......... 79% 12.3M 0s
[5.720s]   3250K .......... .......... .......... .......... .......... 80% 4.50M 0s
[5.720s]   3300K .......... .......... .......... .......... .......... 81%  357M 0s
[5.728s]   3350K .......... .......... .......... .......... .......... 83% 6.56M 0s
[5.736s]   3400K .......... .......... .......... .......... .......... 84% 5.80M 0s
[5.754s]   3450K .......... .......... .......... .......... .......... 85% 2.80M 0s
[5.758s]   3500K .......... .......... .......... .......... .......... 86% 12.6M 0s
[5.758s]   3550K .......... .......... .......... .......... .......... 87%  361M 0s
[5.764s]   3600K .......... .......... .......... .......... .......... 89% 7.64M 0s
[5.770s]   3650K .......... .......... .......... .......... .......... 90% 8.49M 0s
[5.830s]   3700K .......... .......... .......... .......... .......... 91%  838K 0s
[5.834s]   3750K .......... .......... .......... .......... .......... 92% 12.6M 0s
[5.837s]   3800K .......... .......... .......... .......... .......... 93% 13.1M 0s
[5.871s]   3850K .......... .......... .......... .......... .......... 95% 1.46M 0s
[5.876s]   3900K .......... .......... .......... .......... .......... 96% 9.18M 0s
[5.885s]   3950K .......... .......... .......... .......... .......... 97% 5.46M 0s
[5.885s]   4000K .......... .......... .......... .......... .......... 98%  275M 0s
[5.893s]   4050K .......... .......... .......... .......... ......    100% 5.77M=1.0s
[5.893s] 
[5.893s] 2024-06-19 17:17:31 (4.18 MB/s) - ‘/home/kev/ldlidar_ros2_ws/build/multirobot_map_merge/map05.pgm’ saved [4194362/4194362]
[5.893s] 
[5.894s] Checking MD5 sum of /home/kev/ldlidar_ros2_ws/build/multirobot_map_merge/map05.pgm
[5.902s] /home/kev/ldlidar_ros2_ws/build/multirobot_map_merge/map05.pgm: OK
[5.909s] --2024-06-19 17:17:31--  https://raw.githubusercontent.com/hrnr/m-explore-extra/master/map_merge/gmapping_maps/2011-08-09-12-22-52.pgm
[5.912s] Resolving raw.githubusercontent.com (raw.githubusercontent.com)... 185.199.110.133, 185.199.111.133, 185.199.109.133, ...
[5.964s] Connecting to raw.githubusercontent.com (raw.githubusercontent.com)|185.199.110.133|:443... connected.
[7.326s] HTTP request sent, awaiting response... 200 OK
[7.326s] Length: 16000058 (15M) [application/octet-stream]
[7.326s] Saving to: ‘/home/kev/ldlidar_ros2_ws/build/multirobot_map_merge/2011-08-09-12-22-52.pgm’
[7.326s] 
[7.380s]      0K .......... .......... .......... .......... ..........  0%  926K 17s
[7.487s]     50K .......... .......... .......... .......... ..........  0%  468K 25s
[7.494s]    100K .......... .......... .......... .......... ..........  0% 6.57M 17s
[7.531s]    150K .......... .......... .......... .......... ..........  1% 1.32M 16s
[7.535s]    200K .......... .......... .......... .......... ..........  1% 11.5M 13s
[7.540s]    250K .......... .......... .......... .......... ..........  1% 11.1M 11s
[7.549s]    300K .......... .......... .......... .......... ..........  2% 5.49M 10s
[7.637s]    350K .......... .......... .......... .......... ..........  2%  564K 12s
[7.637s]    400K .......... .......... .......... .......... ..........  2%  317M 11s
[7.648s]    450K .......... .......... .......... .......... ..........  3% 4.85M 10s
[7.648s]    500K .......... .......... .......... .......... ..........  3%  281M 9s
[7.664s]    550K .......... .......... .......... .......... ..........  3% 2.99M 8s
[7.747s]    600K .......... .......... .......... .......... ..........  4%  603K 10s
[7.761s]    650K .......... .......... .......... .......... ..........  4% 3.46M 9s
[7.761s]    700K .......... .......... .......... .......... ..........  4%  354M 9s
[7.774s]    750K .......... .......... .......... .......... ..........  5% 3.83M 8s
[7.806s]    800K .......... .......... .......... .......... ..........  5% 1.54M 8s
[7.816s]    850K .......... .......... .......... .......... ..........  5% 4.68M 8s
[7.819s]    900K .......... .......... .......... .......... ..........  6% 18.7M 8s
[7.847s]    950K .......... .......... .......... .......... ..........  6% 1.70M 8s
[7.861s]   1000K .......... .......... .......... .......... ..........  6% 3.65M 7s
[7.886s]   1050K .......... .......... .......... .......... ..........  7% 1.96M 7s
[7.926s]   1100K .......... .......... .......... .......... ..........  7% 1.20M 8s
[7.926s]   1150K .......... .......... .......... .......... ..........  7%  318M 7s
[8.013s]   1200K .......... .......... .......... .......... ..........  7%  579K 8s
[8.032s]   1250K .......... .......... .......... .......... ..........  8% 2.48M 8s
[8.044s]   1300K .......... .......... .......... .......... ..........  8% 4.27M 8s
[8.048s]   1350K .......... .......... .......... .......... ..........  8% 11.9M 7s
[8.048s]   1400K .......... .......... .......... .......... ..........  9%  256M 7s
[8.053s]   1450K .......... .......... .......... .......... ..........  9% 9.96M 7s
[8.060s]   1500K .......... .......... .......... .......... ..........  9% 6.81M 7s
[8.079s]   1550K .......... .......... .......... .......... .......... 10% 2.52M 7s
[8.086s]   1600K .......... .......... .......... .......... .......... 10% 6.97M 6s
[8.087s]   1650K .......... .......... .......... .......... .......... 10%  395M 6s
[8.090s]   1700K .......... .......... .......... .......... .......... 11% 12.9M 6s
[8.096s]   1750K .......... .......... .......... .......... .......... 11% 9.12M 6s
[8.113s]   1800K .......... .......... .......... .......... .......... 11% 2.88M 6s
[8.120s]   1850K .......... .......... .......... .......... .......... 12% 6.57M 6s
[8.149s]   1900K .......... .......... .......... .......... .......... 12%  367M 6s
[8.149s]   1950K .......... .......... .......... .......... .......... 12% 1.70M 6s
[8.267s]   2000K .......... .......... .......... .......... .......... 13%  424K 6s
[8.267s]   2050K .......... .......... .......... .......... .......... 13%  230M 6s
[8.271s]   2100K .......... .......... .......... .......... .......... 13% 12.2M 6s
[8.275s]   2150K .......... .......... .......... .......... .......... 14% 12.5M 6s
[8.281s]   2200K .......... .......... .......... .......... .......... 14% 7.98M 6s
[8.372s]   2250K .......... .......... .......... .......... .......... 14%  549K 6s
[8.400s]   2300K .......... .......... .......... .......... .......... 15% 7.03M 6s
[8.400s]   2350K .......... .......... .......... .......... .......... 15% 2.35M 6s
[8.406s]   2400K .......... .......... .......... .......... .......... 15% 8.44M 6s
[8.429s]   2450K .......... .......... .......... .......... .......... 15% 2.13M 6s
[8.429s]   2500K .......... .......... .......... .......... .......... 16%  376M 6s
[8.432s]   2550K .......... .......... .......... .......... .......... 16% 13.3M 6s
[8.449s]   2600K .......... .......... .......... .......... .......... 16% 2.89M 6s
[8.453s]   2650K .......... .......... .......... .......... .......... 17% 14.8M 5s
[8.462s]   2700K .......... .......... .......... .......... .......... 17% 5.46M 5s
[8.467s]   2750K .......... .......... .......... .......... .......... 17% 9.50M 5s
[8.474s]   2800K .......... .......... .......... .......... .......... 18% 6.60M 5s
[8.478s]   2850K .......... .......... .......... .......... .......... 18% 13.0M 5s
[8.524s]   2900K .......... .......... .......... .......... .......... 18% 1.05M 5s
[8.524s]   2950K .......... .......... .......... .......... .......... 19%  344M 5s
[8.529s]   3000K .......... .......... .......... .......... .......... 19% 11.5M 5s
[8.534s]   3050K .......... .......... .......... .......... .......... 19% 8.50M 5s
[8.540s]   3100K .......... .......... .......... .......... .......... 20% 8.44M 5s
[8.548s]   3150K .......... .......... .......... .......... .......... 20% 6.68M 5s
[8.548s]   3200K .......... .......... .......... .......... .......... 20%  306M 5s
[8.555s]   3250K .......... .......... .......... .......... .......... 21% 6.82M 5s
[8.573s]   3300K .......... .......... .......... .......... .......... 21% 2.67M 5s
[8.578s]   3350K .......... .......... .......... .......... .......... 21% 10.8M 5s
[8.601s]   3400K .......... .......... .......... .......... .......... 22% 2.06M 5s
[8.605s]   3450K .......... .......... .......... .......... .......... 22% 12.9M 4s
[8.609s]   3500K .......... .......... .......... .......... .......... 22% 12.6M 4s
[8.624s]   3550K .......... .......... .......... .......... .......... 23% 3.29M 4s
[8.631s]   3600K .......... .......... .......... .......... .......... 23% 6.81M 4s
[8.638s]   3650K .......... .......... .......... .......... .......... 23% 6.66M 4s
[8.665s]   3700K .......... .......... .......... .......... .......... 23% 1.84M 4s
[8.669s]   3750K .......... .......... .......... .......... .......... 24% 13.0M 4s
[8.672s]   3800K .......... .......... .......... .......... .......... 24% 15.8M 4s
[8.672s]   3850K .......... .......... .......... .......... .......... 24%  379M 4s
[8.676s]   3900K .......... .......... .......... .......... .......... 25% 12.8M 4s
[8.680s]   3950K .......... .......... .......... .......... .......... 25% 11.8M 4s
[8.684s]   4000K .......... .......... .......... .......... .......... 25% 12.7M 4s
[8.739s]   4050K .......... .......... .......... .......... .......... 26%  898K 4s
[8.746s]   4100K .......... .......... .......... .......... .......... 26% 7.02M 4s
[8.757s]   4150K .......... .......... .......... .......... .......... 26% 4.63M 4s
[8.825s]   4200K .......... .......... .......... .......... .......... 27%  735K 4s
[8.825s]   4250K .......... .......... .......... .......... .......... 27%  253M 4s
[8.848s]   4300K .......... .......... .......... .......... .......... 27% 2.14M 4s
[8.865s]   4350K .......... .......... .......... .......... .......... 28% 2.82M 4s
[8.873s]   4400K .......... .......... .......... .......... .......... 28% 6.44M 4s
[8.886s]   4450K .......... .......... .......... .......... .......... 28% 3.79M 4s
[8.900s]   4500K .......... .......... .......... .......... .......... 29% 3.45M 4s
[8.922s]   4550K .......... .......... .......... .......... .......... 29% 2.26M 4s
[8.926s]   4600K .......... .......... .......... .......... .......... 29% 11.5M 4s
[8.934s]   4650K .......... .......... .......... .......... .......... 30% 6.28M 4s
[8.941s]   4700K .......... .......... .......... .......... .......... 30% 6.54M 4s
[8.946s]   4750K .......... .......... .......... .......... .......... 30% 9.06M 4s
[8.955s]   4800K .......... .......... .......... .......... .......... 31% 5.98M 4s
[8.964s]   4850K .......... .......... .......... .......... .......... 31% 5.08M 4s
[8.969s]   4900K .......... .......... .......... .......... .......... 31% 10.9M 4s
[8.973s]   4950K .......... .......... .......... .......... .......... 31% 11.3M 3s
[8.973s]   5000K .......... .......... .......... .......... .......... 32%  352M 3s
[8.978s]   5050K .......... .......... .......... .......... .......... 32% 10.0M 3s
[8.984s]   5100K .......... .......... .......... .......... .......... 32% 8.57M 3s
[8.987s]   5150K .......... .......... .......... .......... .......... 33% 14.5M 3s
[8.998s]   5200K .......... .......... .......... .......... .......... 33% 4.65M 3s
[9.003s]   5250K .......... .......... .......... .......... .......... 33% 9.25M 3s
[9.015s]   5300K .......... .......... .......... .......... .......... 34% 4.02M 3s
[9.015s]   5350K .......... .......... .......... .......... .......... 34%  229M 3s
[9.019s]   5400K .......... .......... .......... .......... .......... 34% 13.4M 3s
[9.043s]   5450K .......... .......... .......... .......... .......... 35% 2.05M 3s
[9.043s]   5500K .......... .......... .......... .......... .......... 35%  368M 3s
[9.046s]   5550K .......... .......... .......... .......... .......... 35% 12.6M 3s
[9.788s]   5600K .......... .......... .......... .......... .......... 36% 67.5K 4s
[9.788s]   5650K .......... .......... .......... .......... .......... 36%  269M 4s
[9.788s]   5700K .......... .......... .......... .......... .......... 36%  266M 4s
[9.788s]   5750K .......... .......... .......... .......... .......... 37%  304M 4s
[9.788s]   5800K .......... .......... .......... .......... .......... 37%  430M 4s
[9.788s]   5850K .......... .......... .......... .......... .......... 37%  439M 4s
[9.788s]   5900K .......... .......... .......... .......... .......... 38%  377M 4s
[9.788s]   5950K .......... .......... .......... .......... .......... 38%  376M 4s
[9.789s]   6000K .......... .......... .......... .......... .......... 38%  464M 4s
[9.789s]   6050K .......... .......... .......... .......... .......... 39%  442M 4s
[9.789s]   6100K .......... .......... .......... .......... .......... 39%  343M 4s
[9.789s]   6150K .......... .......... .......... .......... .......... 39%  453M 4s
[9.789s]   6200K .......... .......... .......... .......... .......... 39%  439M 4s
[9.789s]   6250K .......... .......... .......... .......... .......... 40%  450M 4s
[9.789s]   6300K .......... .......... .......... .......... .......... 40%  397M 4s
[9.790s]   6350K .......... .......... .......... .......... .......... 40%  443M 4s
[9.790s]   6400K .......... .......... .......... .......... .......... 41%  461M 4s
[9.790s]   6450K .......... .......... .......... .......... .......... 41%  467M 3s
[9.790s]   6500K .......... .......... .......... .......... .......... 41%  390M 3s
[9.790s]   6550K .......... .......... .......... .......... .......... 42%  477M 3s
[9.790s]   6600K .......... .......... .......... .......... .......... 42%  446M 3s
[9.790s]   6650K .......... .......... .......... .......... .......... 42%  433M 3s
[9.790s]   6700K .......... .......... .......... .......... .......... 43%  369M 3s
[9.790s]   6750K .......... .......... .......... .......... .......... 43%  428M 3s
[9.790s]   6800K .......... .......... .......... .......... .......... 43%  437M 3s
[9.791s]   6850K .......... .......... .......... .......... .......... 44%  430M 3s
[9.791s]   6900K .......... .......... .......... .......... .......... 44%  349M 3s
[9.829s]   6950K .......... .......... .......... .......... .......... 44% 1.29M 3s
[9.829s]   7000K .......... .......... .......... .......... .......... 45%  189M 3s
[9.830s]   7050K .......... .......... .......... .......... .......... 45%  235M 3s
[9.830s]   7100K .......... .......... .......... .......... .......... 45%  205M 3s
[9.851s]   7150K .......... .......... .......... .......... .......... 46% 2.22M 3s
[9.855s]   7200K .......... .......... .......... .......... .......... 46% 12.8M 3s
[9.865s]   7250K .......... .......... .......... .......... .......... 46% 4.82M 3s
[9.865s]   7300K .......... .......... .......... .......... .......... 47%  380M 3s
[9.872s]   7350K .......... .......... .......... .......... .......... 47% 7.24M 3s
[9.876s]   7400K .......... .......... .......... .......... .......... 47% 12.6M 3s
[9.891s]   7450K .......... .......... .......... .......... .......... 47% 3.18M 3s
[9.896s]   7500K .......... .......... .......... .......... .......... 48% 9.67M 3s
[9.896s]   7550K .......... .......... .......... .......... .......... 48%  467M 3s
[9.908s]   7600K .......... .......... .......... .......... .......... 48% 4.12M 3s
[9.908s]   7650K .......... .......... .......... .......... .......... 49%  196M 3s
[9.912s]   7700K .......... .......... .......... .......... .......... 49% 13.3M 3s
[9.929s]   7750K .......... .......... .......... .......... .......... 49% 2.97M 3s
[9.929s]   7800K .......... .......... .......... .......... .......... 50%  334M 3s
[9.932s]   7850K .......... .......... .......... .......... .......... 50% 13.0M 3s
[9.938s]   7900K .......... .......... .......... .......... .......... 50% 9.60M 3s
[9.952s]   7950K .......... .......... .......... .......... .......... 51% 3.32M 3s
[9.952s]   8000K .......... .......... .......... .......... .......... 51%  313M 2s
[9.956s]   8050K .......... .......... .......... .......... .......... 51% 12.6M 2s
[9.965s]   8100K .......... .......... .......... .......... .......... 52% 5.93M 2s
[9.969s]   8150K .......... .......... .......... .......... .......... 52% 11.0M 2s
[9.970s]   8200K .......... .......... .......... .......... .......... 52%  188M 2s
[9.977s]   8250K .......... .......... .......... .......... .......... 53% 6.34M 2s
[9.981s]   8300K .......... .......... .......... .......... .......... 53% 12.4M 2s
[10.028s]   8350K .......... .......... .......... .......... .......... 53% 1.04M 2s
[10.032s]   8400K .......... .......... .......... .......... .......... 54% 11.9M 2s
[10.045s]   8450K .......... .......... .......... .......... .......... 54% 3.73M 2s
[10.045s]   8500K .......... .......... .......... .......... .......... 54%  304M 2s
[10.062s]   8550K .......... .......... .......... .......... .......... 55% 2.86M 2s
[10.069s]   8600K .......... .......... .......... .......... .......... 55% 6.95M 2s
[10.074s]   8650K .......... .......... .......... .......... .......... 55% 12.4M 2s
[10.074s]   8700K .......... .......... .......... .......... .......... 55%  316M 2s
[10.077s]   8750K .......... .......... .......... .......... .......... 56% 12.9M 2s
[10.082s]   8800K .......... .......... .......... .......... .......... 56% 11.2M 2s
[10.097s]   8850K .......... .......... .......... .......... .......... 56% 3.19M 2s
[10.097s]   8900K .......... .......... .......... .......... .......... 57%  505M 2s
[10.106s]   8950K .......... .......... .......... .......... .......... 57% 5.66M 2s
[10.106s]   9000K .......... .......... .......... .......... .......... 57%  270M 2s
[10.118s]   9050K .......... .......... .......... .......... .......... 58% 4.11M 2s
[10.130s]   9100K .......... .......... .......... .......... .......... 58% 4.17M 2s
[10.139s]   9150K .......... .......... .......... .......... .......... 58%  248M 2s
[10.139s]   9200K .......... .......... .......... .......... .......... 59% 5.40M 2s
[10.144s]   9250K .......... .......... .......... .......... .......... 59% 8.73M 2s
[10.150s]   9300K .......... .......... .......... .......... .......... 59% 9.20M 2s
[10.157s]   9350K .......... .......... .......... .......... .......... 60% 6.40M 2s
[10.158s]   9400K .......... .......... .......... .......... .......... 60%  241M 2s
[10.168s]   9450K .......... .......... .......... .......... .......... 60% 4.56M 2s
[10.168s]   9500K .......... .......... .......... .......... .......... 61%  394M 2s
[10.179s]   9550K .......... .......... .......... .......... .......... 61% 4.63M 2s
[10.183s]   9600K .......... .......... .......... .......... .......... 61% 11.0M 2s
[10.194s]   9650K .......... .......... .......... .......... .......... 62% 4.53M 2s
[10.198s]   9700K .......... .......... .......... .......... .......... 62% 13.4M 2s
[10.198s]   9750K .......... .......... .......... .......... .......... 62%  262M 2s
[10.202s]   9800K .......... .......... .......... .......... .......... 63% 11.7M 2s
[10.212s]   9850K .......... .......... .......... .......... .......... 63% 4.89M 2s
[10.234s]   9900K .......... .......... .......... .......... .......... 63%  293M 2s
[10.235s]   9950K .......... .......... .......... .......... .......... 63% 2.18M 2s
[10.247s]  10000K .......... .......... .......... .......... .......... 64% 3.89M 2s
[10.337s]  10050K .......... .......... .......... .......... .......... 64%  555K 2s
[10.337s]  10100K .......... .......... .......... .......... .......... 64%  182M 2s
[10.343s]  10150K .......... .......... .......... .......... .......... 65% 9.22M 2s
[10.346s]  10200K .......... .......... .......... .......... .......... 65% 12.7M 2s
[10.349s]  10250K .......... .......... .......... .......... .......... 65% 19.6M 2s
[10.368s]  10300K .......... .......... .......... .......... .......... 66% 3.34M 2s
[10.372s]  10350K .......... .......... .......... .......... .......... 66% 6.14M 2s
[10.372s]  10400K .......... .......... .......... .......... .......... 66%  298M 2s
[10.377s]  10450K .......... .......... .......... .......... .......... 67% 9.29M 1s
[10.383s]  10500K .......... .......... .......... .......... .......... 67% 8.10M 1s
[10.390s]  10550K .......... .......... .......... .......... .......... 67% 6.90M 1s
[10.400s]  10600K .......... .......... .......... .......... .......... 68% 4.97M 1s
[10.409s]  10650K .......... .......... .......... .......... .......... 68% 5.48M 1s
[10.417s]  10700K .......... .......... .......... .......... .......... 68% 6.04M 1s
[10.444s]  10750K .......... .......... .......... .......... .......... 69% 1.79M 1s
[10.444s]  10800K .......... .......... .......... .......... .......... 69%  277M 1s
[10.448s]  10850K .......... .......... .......... .......... .......... 69% 13.5M 1s
[10.454s]  10900K .......... .......... .......... .......... .......... 70% 7.77M 1s
[10.468s]  10950K .......... .......... .......... .......... .......... 70% 3.47M 1s
[10.472s]  11000K .......... .......... .......... .......... .......... 70% 12.5M 1s
[10.479s]  11050K .......... .......... .......... .......... .......... 71% 7.08M 1s
[10.488s]  11100K .......... .......... .......... .......... .......... 71% 5.63M 1s
[10.488s]  11150K .......... .......... .......... .......... .......... 71%  287M 1s
[10.503s]  11200K .......... .......... .......... .......... .......... 71% 3.31M 1s
[10.508s]  11250K .......... .......... .......... .......... .......... 72% 9.63M 1s
[10.513s]  11300K .......... .......... .......... .......... .......... 72% 9.31M 1s
[10.538s]  11350K .......... .......... .......... .......... .......... 72% 1.97M 1s
[10.538s]  11400K .......... .......... .......... .......... .......... 73%  252M 1s
[10.547s]  11450K .......... .......... .......... .......... .......... 73% 11.2M 1s
[10.642s]  11500K .......... .......... .......... .......... .......... 73%  504K 1s
[10.665s]  11550K .......... .......... .......... .......... .......... 74% 2.15M 1s
[10.676s]  11600K .......... .......... .......... .......... .......... 74% 4.37M 1s
[10.681s]  11650K .......... .......... .......... .......... .......... 74% 8.55M 1s
[10.718s]  11700K .......... .......... .......... .......... .......... 75% 1.32M 1s
[10.725s]  11750K .......... .......... .......... .......... .......... 75% 7.05M 1s
[10.725s]  11800K .......... .......... .......... .......... .......... 75%  285M 1s
[10.730s]  11850K .......... .......... .......... .......... .......... 76% 9.32M 1s
[10.738s]  11900K .......... .......... .......... .......... .......... 76% 6.18M 1s
[10.744s]  11950K .......... .......... .......... .......... .......... 76% 9.09M 1s
[10.752s]  12000K .......... .......... .......... .......... .......... 77% 5.67M 1s
[10.761s]  12050K .......... .......... .......... .......... .......... 77% 5.62M 1s
[10.774s]  12100K .......... .......... .......... .......... .......... 77% 3.73M 1s
[10.778s]  12150K .......... .......... .......... .......... .......... 78% 12.1M 1s
[10.778s]  12200K .......... .......... .......... .......... .......... 78%  264M 1s
[10.783s]  12250K .......... .......... .......... .......... .......... 78% 11.5M 1s
[10.795s]  12300K .......... .......... .......... .......... .......... 79% 4.04M 1s
[10.806s]  12350K .......... .......... .......... .......... .......... 79% 4.29M 1s
[10.811s]  12400K .......... .......... .......... .......... .......... 79% 9.89M 1s
[10.815s]  12450K .......... .......... .......... .......... .......... 79% 10.9M 1s
[10.820s]  12500K .......... .......... .......... .......... .......... 80% 10.2M 1s
[10.829s]  12550K .......... .......... .......... .......... .......... 80% 5.82M 1s
[10.840s]  12600K .......... .......... .......... .......... .......... 80% 4.18M 1s
[10.841s]  12650K .......... .......... .......... .......... .......... 81%  528M 1s
[10.846s]  12700K .......... .......... .......... .......... .......... 81% 9.46M 1s
[10.849s]  12750K .......... .......... .......... .......... .......... 81% 12.5M 1s
[10.855s]  12800K .......... .......... .......... .......... .......... 82% 9.55M 1s
[10.862s]  12850K .......... .......... .......... .......... .......... 82% 6.95M 1s
[10.862s]  12900K .......... .......... .......... .......... .......... 82%  336M 1s
[10.880s]  12950K .......... .......... .......... .......... .......... 83% 2.70M 1s
[10.882s]  13000K .......... .......... .......... .......... .......... 83% 19.5M 1s
[10.931s]  13050K .......... .......... .......... .......... .......... 83% 1.00M 1s
[10.935s]  13100K .......... .......... .......... .......... .......... 84% 12.7M 1s
[10.943s]  13150K .......... .......... .......... .......... .......... 84% 6.06M 1s
[10.956s]  13200K .......... .......... .......... .......... .......... 84% 3.74M 1s
[10.956s]  13250K .......... .......... .......... .......... .......... 85%  273M 1s
[10.961s]  13300K .......... .......... .......... .......... .......... 85% 9.72M 1s
[10.971s]  13350K .......... .......... .......... .......... .......... 85% 5.00M 1s
[10.977s]  13400K .......... .......... .......... .......... .......... 86% 8.52M 1s
[10.989s]  13450K .......... .......... .......... .......... .......... 86% 4.14M 1s
[11.006s]  13500K .......... .......... .......... .......... .......... 86% 2.87M 1s
[11.006s]  13550K .......... .......... .......... .......... .......... 87%  315M 1s
[11.014s]  13600K .......... .......... .......... .......... .......... 87% 5.89M 1s
[11.022s]  13650K .......... .......... .......... .......... .......... 87% 6.00M 1s
[11.026s]  13700K .......... .......... .......... .......... .......... 87% 12.2M 1s
[11.026s]  13750K .......... .......... .......... .......... .......... 88%  424M 0s
[11.046s]  13800K .......... .......... .......... .......... .......... 88% 2.55M 0s
[11.046s]  13850K .......... .......... .......... .......... .......... 88%  427M 0s
[11.052s]  13900K .......... .......... .......... .......... .......... 89% 7.81M 0s
[11.062s]  13950K .......... .......... .......... .......... .......... 89% 4.63M 0s
[11.063s]  14000K .......... .......... .......... .......... .......... 89%  386M 0s
[11.084s]  14050K .......... .......... .......... .......... .......... 90% 2.32M 0s
[11.084s]  14100K .......... .......... .......... .......... .......... 90%  373M 0s
[11.088s]  14150K .......... .......... .......... .......... .......... 90% 10.6M 0s
[11.095s]  14200K .......... .......... .......... .......... .......... 91% 7.31M 0s
[11.099s]  14250K .......... .......... .......... .......... .......... 91% 12.9M 0s
[11.112s]  14300K .......... .......... .......... .......... .......... 91% 3.84M 0s
[11.112s]  14350K .......... .......... .......... .......... .......... 92%  445M 0s
[11.123s]  14400K .......... .......... .......... .......... .......... 92% 4.44M 0s
[11.123s]  14450K .......... .......... .......... .......... .......... 92%  281M 0s
[11.128s]  14500K .......... .......... .......... .......... .......... 93% 9.08M 0s
[11.137s]  14550K .......... .......... .......... .......... .......... 93% 5.45M 0s
[11.141s]  14600K .......... .......... .......... .......... .......... 93% 12.8M 0s
[11.151s]  14650K .......... .......... .......... .......... .......... 94% 4.82M 0s
[11.155s]  14700K .......... .......... .......... .......... .......... 94% 11.4M 0s
[11.230s]  14750K .......... .......... .......... .......... .......... 94%  672K 0s
[11.230s]  14800K .......... .......... .......... .......... .......... 95%  305M 0s
[11.237s]  14850K .......... .......... .......... .......... .......... 95% 7.06M 0s
[11.246s]  14900K .......... .......... .......... .......... .......... 95% 5.50M 0s
[11.252s]  14950K .......... .......... .......... .......... .......... 95% 8.06M 0s
[11.257s]  15000K .......... .......... .......... .......... .......... 96% 8.94M 0s
[11.262s]  15050K .......... .......... .......... .......... .......... 96% 11.1M 0s
[11.265s]  15100K .......... .......... .......... .......... .......... 96% 12.9M 0s
[11.266s]  15150K .......... .......... .......... .......... .......... 97%  293M 0s
[11.271s]  15200K .......... .......... .......... .......... .......... 97% 9.83M 0s
[11.274s]  15250K .......... .......... .......... .......... .......... 97% 12.4M 0s
[11.302s]  15300K .......... .......... .......... .......... .......... 98% 1.82M 0s
[11.302s]  15350K .......... .......... .......... .......... .......... 98%  518M 0s
[11.319s]  15400K .......... .......... .......... .......... .......... 98% 2.75M 0s
[11.337s]  15450K .......... .......... .......... .......... .......... 99% 2.80M 0s
[11.341s]  15500K .......... .......... .......... .......... .......... 99% 11.7M 0s
[11.350s]  15550K .......... .......... .......... .......... .......... 99% 5.61M 0s
[11.350s]  15600K .......... .......... .....                           100%  330M=4.0s
[11.350s] 
[11.350s] 2024-06-19 17:17:36 (3.79 MB/s) - ‘/home/kev/ldlidar_ros2_ws/build/multirobot_map_merge/2011-08-09-12-22-52.pgm’ saved [16000058/16000058]
[11.350s] 
[11.351s] Checking MD5 sum of /home/kev/ldlidar_ros2_ws/build/multirobot_map_merge/2011-08-09-12-22-52.pgm
[11.373s] /home/kev/ldlidar_ros2_ws/build/multirobot_map_merge/2011-08-09-12-22-52.pgm: OK
[11.378s] --2024-06-19 17:17:36--  https://raw.githubusercontent.com/hrnr/m-explore-extra/master/map_merge/gmapping_maps/2012-01-28-11-12-01.pgm
[11.380s] Resolving raw.githubusercontent.com (raw.githubusercontent.com)... 185.199.110.133, 185.199.109.133, 185.199.108.133, ...
[11.411s] Connecting to raw.githubusercontent.com (raw.githubusercontent.com)|185.199.110.133|:443... connected.
[12.338s] HTTP request sent, awaiting response... 200 OK
[12.338s] Length: 16000058 (15M) [application/octet-stream]
[12.338s] Saving to: ‘/home/kev/ldlidar_ros2_ws/build/multirobot_map_merge/2012-01-28-11-12-01.pgm’
[12.338s] 
[12.468s]      0K .......... .......... .......... .......... ..........  0%  386K 40s
[12.498s]     50K .......... .......... .......... .......... ..........  0% 1.63M 25s
[12.513s]    100K .......... .......... .......... .......... ..........  0% 3.28M 18s
[12.550s]    150K .......... .......... .......... .......... ..........  1% 1.29M 16s
[12.555s]    200K .......... .......... .......... .......... ..........  1% 11.4M 13s
[12.560s]    250K .......... .......... .......... .......... ..........  1% 8.55M 11s
[12.589s]    300K .......... .......... .......... .......... ..........  2% 2.68M 10s
[12.589s]    350K .......... .......... .......... .......... ..........  2% 4.59M 10s
[12.615s]    400K .......... .......... .......... .......... ..........  2% 1.93M 9s
[12.615s]    450K .......... .......... .......... .......... ..........  3%  302M 8s
[12.632s]    500K .......... .......... .......... .......... ..........  3% 2.75M 8s
[12.633s]    550K .......... .......... .......... .......... ..........  3%  324M 7s
[12.636s]    600K .......... .......... .......... .......... ..........  4% 12.8M 7s
[12.724s]    650K .......... .......... .......... .......... ..........  4%  573K 8s
[12.728s]    700K .......... .......... .......... .......... ..........  4%  352M 8s
[12.728s]    750K .......... .......... .......... .......... ..........  5% 10.6M 7s
[12.743s]    800K .......... .......... .......... .......... ..........  5% 3.43M 7s
[12.746s]    850K .......... .......... .......... .......... ..........  5% 13.0M 7s
[12.746s]    900K .......... .......... .......... .......... ..........  6%  329M 6s
[12.753s]    950K .......... .......... .......... .......... ..........  6% 7.39M 6s
[12.767s]   1000K .......... .......... .......... .......... ..........  6% 3.43M 6s
[12.803s]   1050K .......... .......... .......... .......... ..........  7% 1.36M 6s
[12.825s]   1100K .......... .......... .......... .......... ..........  7% 5.01M 6s
[12.825s]   1150K .......... .......... .......... .......... ..........  7% 4.14M 6s
[12.832s]   1200K .......... .......... .......... .......... ..........  7% 7.10M 6s
[12.838s]   1250K .......... .......... .......... .......... ..........  8% 7.35M 6s
[12.848s]   1300K .......... .......... .......... .......... ..........  8% 5.33M 5s
[12.854s]   1350K .......... .......... .......... .......... ..........  8% 8.06M 5s
[12.857s]   1400K .......... .......... .......... .......... ..........  9% 13.2M 5s
[12.857s]   1450K .......... .......... .......... .......... ..........  9%  259M 5s
[12.867s]   1500K .......... .......... .......... .......... ..........  9% 4.99M 5s
[12.867s]   1550K .......... .......... .......... .......... .......... 10%  376M 5s
[12.874s]   1600K .......... .......... .......... .......... .......... 10% 7.53M 5s
[12.879s]   1650K .......... .......... .......... .......... .......... 10% 9.46M 4s
[12.887s]   1700K .......... .......... .......... .......... .......... 11% 6.10M 4s
[12.893s]   1750K .......... .......... .......... .......... .......... 11% 8.91M 4s
[12.898s]   1800K .......... .......... .......... .......... .......... 11% 9.10M 4s
[12.905s]   1850K .......... .......... .......... .......... .......... 12% 7.38M 4s
[12.905s]   1900K .......... .......... .......... .......... .......... 12%  251M 4s
[12.914s]   1950K .......... .......... .......... .......... .......... 12% 5.36M 4s
[12.925s]   2000K .......... .......... .......... .......... .......... 13% 4.33M 4s
[12.933s]   2050K .......... .......... .......... .......... .......... 13% 6.02M 4s
[12.938s]   2100K .......... .......... .......... .......... .......... 13% 9.63M 4s
[12.938s]   2150K .......... .......... .......... .......... .......... 14%  398M 4s
[12.951s]   2200K .......... .......... .......... .......... .......... 14% 3.98M 4s
[12.957s]   2250K .......... .......... .......... .......... .......... 14% 7.81M 4s
[12.961s]   2300K .......... .......... .......... .......... .......... 15% 13.2M 4s
[12.971s]   2350K .......... .......... .......... .......... .......... 15% 4.88M 3s
[13.032s]   2400K .......... .......... .......... .......... .......... 15%  809K 4s
[13.038s]   2450K .......... .......... .......... .......... .......... 15% 9.11M 4s
[13.047s]   2500K .......... .......... .......... .......... .......... 16% 5.49M 4s
[13.052s]   2550K .......... .......... .......... .......... .......... 16%  425M 4s
[13.052s]   2600K .......... .......... .......... .......... .......... 16% 8.86M 3s
[13.058s]   2650K .......... .......... .......... .......... .......... 17% 8.23M 3s
[13.065s]   2700K .......... .......... .......... .......... .......... 17% 7.18M 3s
[13.065s]   2750K .......... .......... .......... .......... .......... 17%  466M 3s
[13.100s]   2800K .......... .......... .......... .......... .......... 18% 1.42M 3s
[13.105s]   2850K .......... .......... .......... .......... .......... 18% 8.65M 3s
[13.105s]   2900K .......... .......... .......... .......... .......... 18%  367M 3s
[13.836s]   2950K .......... .......... .......... .......... .......... 19% 69.0K 6s
[13.836s]   3000K .......... .......... .......... .......... .......... 19% 8.49M 6s
[13.845s]   3050K .......... .......... .......... .......... .......... 19% 5.00M 6s
[13.845s]   3100K .......... .......... .......... .......... .......... 20%  361M 6s
[13.932s]   3150K .......... .......... .......... .......... .......... 20%  575K 6s
[13.982s]   3200K .......... .......... .......... .......... .......... 20% 1019K 6s
[13.982s]   3250K .......... .......... .......... .......... .......... 21%  428M 6s
[13.982s]   3300K .......... .......... .......... .......... .......... 21%  379M 6s
[13.982s]   3350K .......... .......... .......... .......... .......... 21%  403M 6s
[13.988s]   3400K .......... .......... .......... .......... .......... 22% 7.64M 6s
[13.988s]   3450K .......... .......... .......... .......... .......... 22%  331M 6s
[13.989s]   3500K .......... .......... .......... .......... .......... 22%  384M 6s
[13.989s]   3550K .......... .......... .......... .......... .......... 23%  465M 6s
[13.989s]   3600K .......... .......... .......... .......... .......... 23%  490M 5s
[13.989s]   3650K .......... .......... .......... .......... .......... 23%  371M 5s
[13.989s]   3700K .......... .......... .......... .......... .......... 23%  387M 5s
[13.989s]   3750K .......... .......... .......... .......... .......... 24%  499M 5s
[13.989s]   3800K .......... .......... .......... .......... .......... 24%  498M 5s
[13.989s]   3850K .......... .......... .......... .......... .......... 24%  511M 5s
[13.989s]   3900K .......... .......... .......... .......... .......... 25%  374M 5s
[13.989s]   3950K .......... .......... .......... .......... .......... 25%  400M 5s
[13.990s]   4000K .......... .......... .......... .......... .......... 25%  258M 5s
[13.990s]   4050K .......... .......... .......... .......... .......... 26%  598M 5s
[13.990s]   4100K .......... .......... .......... .......... .......... 26%  600M 5s
[13.990s]   4150K .......... .......... .......... .......... .......... 26%  546M 4s
[13.990s]   4200K .......... .......... .......... .......... .......... 27%  585M 4s
[13.990s]   4250K .......... .......... .......... .......... .......... 27%  622M 4s
[13.990s]   4300K .......... .......... .......... .......... .......... 27%  534M 4s
[13.990s]   4350K .......... .......... .......... .......... .......... 28%  518M 4s
[13.990s]   4400K .......... .......... .......... .......... .......... 28%  541M 4s
[14.035s]   4450K .......... .......... .......... .......... .......... 28% 1.10M 4s
[14.051s]   4500K .......... .......... .......... .......... .......... 29% 3.10M 4s
[14.054s]   4550K .......... .......... .......... .......... .......... 29% 13.5M 4s
[14.063s]   4600K .......... .......... .......... .......... .......... 29% 5.95M 4s
[14.063s]   4650K .......... .......... .......... .......... .......... 30%  458M 4s
[14.066s]   4700K .......... .......... .......... .......... .......... 30% 16.0M 4s
[14.083s]   4750K .......... .......... .......... .......... .......... 30% 2.85M 4s
[14.083s]   4800K .......... .......... .......... .......... .......... 31%  307M 4s
[14.096s]   4850K .......... .......... .......... .......... .......... 31% 3.92M 4s
[14.096s]   4900K .......... .......... .......... .......... .......... 31%  337M 4s
[14.106s]   4950K .......... .......... .......... .......... .......... 31% 4.83M 4s
[14.106s]   5000K .......... .......... .......... .......... .......... 32%  448M 4s
[14.110s]   5050K .......... .......... .......... .......... .......... 32% 10.7M 4s
[14.119s]   5100K .......... .......... .......... .......... .......... 32% 5.56M 4s
[14.127s]   5150K .......... .......... .......... .......... .......... 33% 6.27M 4s
[14.137s]   5200K .......... .......... .......... .......... .......... 33% 5.02M 4s
[14.137s]   5250K .......... .......... .......... .......... .......... 33%  336M 4s
[14.138s]   5300K .......... .......... .......... .......... .......... 34% 30.5M 3s
[14.233s]   5350K .......... .......... .......... .......... .......... 34%  532K 4s
[14.244s]   5400K .......... .......... .......... .......... .......... 34% 4.23M 4s
[14.244s]   5450K .......... .......... .......... .......... .......... 35%  360M 4s
[14.262s]   5500K .......... .......... .......... .......... .......... 35% 2.76M 3s
[14.267s]   5550K .......... .......... .......... .......... .......... 35%  445M 3s
[14.267s]   5600K .......... .......... .......... .......... .......... 36% 9.00M 3s
[14.283s]   5650K .......... .......... .......... .......... .......... 36% 6.73M 3s
[14.283s]   5700K .......... .......... .......... .......... .......... 36% 7.73M 3s
[14.298s]   5750K .......... .......... .......... .......... .......... 37% 2.90M 3s
[14.304s]   5800K .......... .......... .......... .......... .......... 37% 8.35M 3s
[14.309s]   5850K .......... .......... .......... .......... .......... 37% 9.68M 3s
[14.317s]   5900K .......... .......... .......... .......... .......... 38% 5.97M 3s
[14.419s]   5950K .......... .......... .......... .......... .......... 38%  488K 3s
[14.425s]   6000K .......... .......... .......... .......... .......... 38% 7.89M 3s
[14.431s]   6050K .......... .......... .......... .......... .......... 39% 9.00M 3s
[14.444s]   6100K .......... .......... .......... .......... .......... 39% 3.87M 3s
[14.451s]   6150K .......... .......... .......... .......... .......... 39% 6.91M 3s
[14.464s]   6200K .......... .......... .......... .......... .......... 39% 3.68M 3s
[14.472s]   6250K .......... .......... .......... .......... .......... 40% 6.43M 3s
[14.473s]   6300K .......... .......... .......... .......... .......... 40% 24.6M 3s
[14.480s]   6350K .......... .......... .......... .......... .......... 40% 7.40M 3s
[14.484s]   6400K .......... .......... .......... .......... .......... 41% 12.4M 3s
[14.549s]   6450K .......... .......... .......... .......... .......... 41%  771K 3s
[14.550s]   6500K .......... .......... .......... .......... .......... 41% 49.2M 3s
[14.560s]   6550K .......... .......... .......... .......... .......... 42% 4.67M 3s
[14.567s]   6600K .......... .......... .......... .......... .......... 42% 6.95M 3s
[14.583s]   6650K .......... .......... .......... .......... .......... 42% 3.12M 3s
[14.583s]   6700K .......... .......... .......... .......... .......... 43%  511M 3s
[14.595s]   6750K .......... .......... .......... .......... .......... 43% 4.08M 3s
[14.600s]   6800K .......... .......... .......... .......... .......... 43% 8.90M 3s
[14.610s]   6850K .......... .......... .......... .......... .......... 44% 4.98M 3s
[14.610s]   6900K .......... .......... .......... .......... .......... 44%  262M 3s
[14.615s]   6950K .......... .......... .......... .......... .......... 44% 9.94M 3s
[14.630s]   7000K .......... .......... .......... .......... .......... 45% 3.41M 3s
[14.634s]   7050K .......... .......... .......... .......... .......... 45% 11.1M 3s
[14.642s]   7100K .......... .......... .......... .......... .......... 45% 5.95M 3s
[14.681s]   7150K .......... .......... .......... .......... .......... 46% 1.26M 3s
[14.698s]   7200K .......... .......... .......... .......... .......... 46% 2.89M 3s
[14.705s]   7250K .......... .......... .......... .......... .......... 46% 7.59M 3s
[14.736s]   7300K .......... .......... .......... .......... .......... 47% 1.55M 3s
[14.741s]   7350K .......... .......... .......... .......... .......... 47% 9.01M 3s
[14.750s]   7400K .......... .......... .......... .......... .......... 47% 5.77M 3s
[14.775s]   7450K .......... .......... .......... .......... .......... 47% 1.97M 3s
[14.775s]   7500K .......... .......... .......... .......... .......... 48%  424M 3s
[14.779s]   7550K .......... .......... .......... .......... .......... 48% 12.1M 3s
[14.842s]   7600K .......... .......... .......... .......... .......... 48%  784K 3s
[14.847s]   7650K .......... .......... .......... .......... .......... 49% 10.5M 3s
[14.853s]   7700K .......... .......... .......... .......... .......... 49% 8.92M 3s
[14.861s]   7750K .......... .......... .......... .......... .......... 49% 5.75M 3s
[14.908s]   7800K .......... .......... .......... .......... .......... 50% 1.04M 3s
[14.908s]   7850K .......... .......... .......... .......... .......... 50%  418M 3s
[14.912s]   7900K .......... .......... .......... .......... .......... 50% 12.3M 2s
[14.919s]   7950K .......... .......... .......... .......... .......... 51% 6.76M 2s
[14.925s]   8000K .......... .......... .......... .......... .......... 51% 8.27M 2s
[14.946s]   8050K .......... .......... .......... .......... .......... 51% 2.37M 2s
[14.950s]   8100K .......... .......... .......... .......... .......... 52% 12.6M 2s
[14.954s]   8150K .......... .......... .......... .......... .......... 52% 12.3M 2s
[14.992s]   8200K .......... .......... .......... .......... .......... 52% 1.28M 2s
[14.992s]   8250K .......... .......... .......... .......... .......... 53%  290M 2s
[15.006s]   8300K .......... .......... .......... .......... .......... 53% 3.43M 2s
[15.016s]   8350K .......... .......... .......... .......... .......... 53% 4.68M 2s
[15.028s]   8400K .......... .......... .......... .......... .......... 54% 4.15M 2s
[15.028s]   8450K .......... .......... .......... .......... .......... 54%  426M 2s
[15.040s]   8500K .......... .......... .......... .......... .......... 54% 4.07M 2s
[15.055s]   8550K .......... .......... .......... .......... .......... 55% 3.33M 2s
[15.059s]   8600K .......... .......... .......... .......... .......... 55% 12.9M 2s
[15.063s]   8650K .......... .......... .......... .......... .......... 55% 11.9M 2s
[15.067s]   8700K .......... .......... .......... .......... .......... 55% 12.8M 2s
[15.073s]   8750K .......... .......... .......... .......... .......... 56% 7.44M 2s
[15.082s]   8800K .......... .......... .......... .......... .......... 56% 5.33M 2s
[15.083s]   8850K .......... .......... .......... .......... .......... 56%  481M 2s
[15.170s]   8900K .......... .......... .......... .......... .......... 57%  572K 2s
[15.228s]   8950K .......... .......... .......... .......... .......... 57%  862K 2s
[15.280s]   9000K .......... .......... .......... .......... .......... 57%  973K 2s
[15.288s]   9050K .......... .......... .......... .......... .......... 58% 6.02M 2s
[15.297s]   9100K .......... .......... .......... .......... .......... 58% 5.43M 2s
[15.297s]   9150K .......... .......... .......... .......... .......... 58%  125M 2s
[15.301s]   9200K .......... .......... .......... .......... .......... 59% 12.9M 2s
[15.313s]   9250K .......... .......... .......... .......... .......... 59% 3.97M 2s
[15.339s]   9300K .......... .......... .......... .......... .......... 59% 1.93M 2s
[15.339s]   9350K .......... .......... .......... .......... .......... 60%  145M 2s
[15.348s]   9400K .......... .......... .......... .......... .......... 60% 5.23M 2s
[15.353s]   9450K .......... .......... .......... .......... .......... 60% 9.81M 2s
[15.358s]   9500K .......... .......... .......... .......... .......... 61% 9.62M 2s
[15.365s]   9550K .......... .......... .......... .......... .......... 61% 7.07M 2s
[15.383s]   9600K .......... .......... .......... .......... .......... 61% 2.82M 2s
[15.383s]   9650K .......... .......... .......... .......... .......... 62%  151M 2s
[15.387s]   9700K .......... .......... .......... .......... .......... 62% 12.2M 2s
[15.455s]   9750K .......... .......... .......... .......... .......... 62%  730K 2s
[15.497s]   9800K .......... .......... .......... .......... .......... 63% 1.18M 2s
[15.504s]   9850K .......... .......... .......... .......... .......... 63% 6.42M 2s
[15.523s]   9900K .......... .......... .......... .......... .......... 63% 2.59M 2s
[15.524s]   9950K .......... .......... .......... .......... .......... 63%  154M 2s
[15.528s]  10000K .......... .......... .......... .......... .......... 64% 10.6M 2s
[15.541s]  10050K .......... .......... .......... .......... .......... 64% 3.76M 2s
[15.556s]  10100K .......... .......... .......... .......... .......... 64% 3.15M 2s
[15.556s]  10150K .......... .......... .......... .......... .......... 65%  277M 2s
[15.564s]  10200K .......... .......... .......... .......... .......... 65% 6.83M 2s
[15.564s]  10250K .......... .......... .......... .......... .......... 65%  284M 2s
[15.567s]  10300K .......... .......... .......... .......... .......... 66% 13.2M 2s
[15.572s]  10350K .......... .......... .......... .......... .......... 66% 12.1M 2s
[15.593s]  10400K .......... .......... .......... .......... .......... 66% 2.36M 2s
[15.593s]  10450K .......... .......... .......... .......... .......... 67%  142M 2s
[15.599s]  10500K .......... .......... .......... .......... .......... 67% 7.11M 2s
[15.606s]  10550K .......... .......... .......... .......... .......... 67% 7.80M 2s
[15.614s]  10600K .......... .......... .......... .......... .......... 68% 5.80M 2s
[15.628s]  10650K .......... .......... .......... .......... .......... 68% 3.69M 2s
[15.727s]  10700K .......... .......... .......... .......... .......... 68%  504K 2s
[15.727s]  10750K .......... .......... .......... .......... .......... 69%  116M 2s
[15.732s]  10800K .......... .......... .......... .......... .......... 69% 9.93M 1s
[15.739s]  10850K .......... .......... .......... .......... .......... 69% 7.25M 1s
[15.744s]  10900K .......... .......... .......... .......... .......... 70% 8.99M 1s
[15.748s]  10950K .......... .......... .......... .......... .......... 70% 12.9M 1s
[15.751s]  11000K .......... .......... .......... .......... .......... 70% 15.9M 1s
[15.829s]  11050K .......... .......... .......... .......... .......... 71%  642K 1s
[15.833s]  11100K .......... .......... .......... .......... .......... 71% 12.7M 1s
[15.837s]  11150K .......... .......... .......... .......... .......... 71% 13.5M 1s
[15.843s]  11200K .......... .......... .......... .......... .......... 71% 7.39M 1s
[15.843s]  11250K .......... .......... .......... .......... .......... 72%  186M 1s
[15.847s]  11300K .......... .......... .......... .......... .......... 72% 12.8M 1s
[15.852s]  11350K .......... .......... .......... .......... .......... 72% 9.91M 1s
[15.861s]  11400K .......... .......... .......... .......... .......... 73% 5.53M 1s
[15.865s]  11450K .......... .......... .......... .......... .......... 73% 12.1M 1s
[15.879s]  11500K .......... .......... .......... .......... .......... 73% 3.59M 1s
[15.885s]  11550K .......... .......... .......... .......... .......... 74% 7.32M 1s
[15.895s]  11600K .......... .......... .......... .......... .......... 74% 5.06M 1s
[15.901s]  11650K .......... .......... .......... .......... .......... 74% 7.86M 1s
[15.901s]  11700K .......... .......... .......... .......... .......... 75%  125M 1s
[15.913s]  11750K .......... .......... .......... .......... .......... 75% 4.13M 1s
[15.913s]  11800K .......... .......... .......... .......... .......... 75%  433M 1s
[15.932s]  11850K .......... .......... .......... .......... .......... 76% 2.63M 1s
[15.968s]  11900K .......... .......... .......... .......... .......... 76% 1.36M 1s
[15.975s]  11950K .......... .......... .......... .......... .......... 76% 6.78M 1s
[15.975s]  12000K .......... .......... .......... .......... .......... 77%  163M 1s
[15.979s]  12050K .......... .......... .......... .......... .......... 77% 13.2M 1s
[16.026s]  12100K .......... .......... .......... .......... .......... 77% 1.05M 1s
[16.031s]  12150K .......... .......... .......... .......... .......... 78% 10.0M 1s
[16.031s]  12200K .......... .......... .......... .......... .......... 78%  150M 1s
[16.041s]  12250K .......... .......... .......... .......... .......... 78% 4.72M 1s
[16.045s]  12300K .......... .......... .......... .......... .......... 79% 13.9M 1s
[16.054s]  12350K .......... .......... .......... .......... .......... 79% 5.71M 1s
[16.054s]  12400K .......... .......... .......... .......... .......... 79%  112M 1s
[16.056s]  12450K .......... .......... .......... .......... .......... 79% 17.4M 1s
[16.060s]  12500K .......... .......... .......... .......... .......... 80% 12.8M 1s
[16.078s]  12550K .......... .......... .......... .......... .......... 80% 2.82M 1s
[16.082s]  12600K .......... .......... .......... .......... .......... 80% 13.0M 1s
[16.082s]  12650K .......... .......... .......... .......... .......... 81%  166M 1s
[16.094s]  12700K .......... .......... .......... .......... .......... 81% 4.05M 1s
[16.094s]  12750K .......... .......... .......... .......... .......... 81%  196M 1s
[16.098s]  12800K .......... .......... .......... .......... .......... 82% 11.0M 1s
[16.103s]  12850K .......... .......... .......... .......... .......... 82% 11.1M 1s
[16.232s]  12900K .......... .......... .......... .......... .......... 82%  389K 1s
[16.232s]  12950K .......... .......... .......... .......... .......... 83%  179M 1s
[16.235s]  13000K .......... .......... .......... .......... .......... 83% 12.8M 1s
[16.249s]  13050K .......... .......... .......... .......... .......... 83% 3.70M 1s
[16.249s]  13100K .......... .......... .......... .......... .......... 84%  156M 1s
[16.255s]  13150K .......... .......... .......... .......... .......... 84% 8.11M 1s
[16.259s]  13200K .......... .......... .......... .......... .......... 84% 12.4M 1s
[16.271s]  13250K .......... .......... .......... .......... .......... 85% 4.20M 1s
[16.271s]  13300K .......... .......... .......... .......... .......... 85%  183M 1s
[16.274s]  13350K .......... .......... .......... .......... .......... 85% 13.8M 1s
[16.283s]  13400K .......... .......... .......... .......... .......... 86% 5.72M 1s
[16.342s]  13450K .......... .......... .......... .......... .......... 86%  841K 1s
[16.343s]  13500K .......... .......... .......... .......... .......... 86%  189M 1s
[16.347s]  13550K .......... .......... .......... .......... .......... 87% 11.7M 1s
[16.351s]  13600K .......... .......... .......... .......... .......... 87% 11.2M 1s
[16.355s]  13650K .......... .......... .......... .......... .......... 87% 11.3M 1s
[16.359s]  13700K .......... .......... .......... .......... .......... 87% 12.5M 1s
[16.367s]  13750K .......... .......... .......... .......... .......... 88% 6.72M 1s
[16.378s]  13800K .......... .......... .......... .......... .......... 88% 4.33M 1s
[16.378s]  13850K .......... .......... .......... .......... .......... 88%  148M 1s
[16.416s]  13900K .......... .......... .......... .......... .......... 89% 1.29M 0s
[16.422s]  13950K .......... .......... .......... .......... .......... 89% 8.89M 0s
[16.428s]  14000K .......... .......... .......... .......... .......... 89% 8.14M 0s
[16.442s]  14050K .......... .......... .......... .......... .......... 90% 3.30M 0s
[16.452s]  14100K .......... .......... .......... .......... .......... 90% 5.31M 0s
[16.460s]  14150K .......... .......... .......... .......... .......... 90% 5.64M 0s
[16.461s]  14200K .......... .......... .......... .......... .......... 91%  103M 0s
[16.470s]  14250K .......... .......... .......... .......... .......... 91% 5.30M 0s
[16.490s]  14300K .......... .......... .......... .......... .......... 91% 2.51M 0s
[16.497s]  14350K .......... .......... .......... .......... .......... 92% 6.19M 0s
[16.497s]  14400K .......... .......... .......... .......... .......... 92%  190M 0s
[16.506s]  14450K .......... .......... .......... .......... .......... 92% 5.52M 0s
[16.551s]  14500K .......... .......... .......... .......... .......... 93% 1.10M 0s
[16.566s]  14550K .......... .......... .......... .......... .......... 93% 3.12M 0s
[16.567s]  14600K .......... .......... .......... .......... .......... 93%  344M 0s
[16.631s]  14650K .......... .......... .......... .......... .......... 94%  778K 0s
[16.637s]  14700K .......... .......... .......... .......... .......... 94% 8.08M 0s
[16.649s]  14750K .......... .......... .......... .......... .......... 94% 4.35M 0s
[16.649s]  14800K .......... .......... .......... .......... .......... 95%  194M 0s
[16.653s]  14850K .......... .......... .......... .......... .......... 95% 9.98M 0s
[16.663s]  14900K .......... .......... .......... .......... .......... 95% 5.00M 0s
[16.664s]  14950K .......... .......... .......... .......... .......... 95%  177M 0s
[16.667s]  15000K .......... .......... .......... .......... .......... 96% 13.1M 0s
[16.671s]  15050K .......... .......... .......... .......... .......... 96% 13.1M 0s
[16.685s]  15100K .......... .......... .......... .......... .......... 96% 3.59M 0s
[16.690s]  15150K .......... .......... .......... .......... .......... 97% 8.92M 0s
[16.695s]  15200K .......... .......... .......... .......... .......... 97% 9.43M 0s
[16.701s]  15250K .......... .......... .......... .......... .......... 97% 7.86M 0s
[16.715s]  15300K .......... .......... .......... .......... .......... 98% 3.64M 0s
[16.717s]  15350K .......... .......... .......... .......... .......... 98% 18.9M 0s
[16.721s]  15400K .......... .......... .......... .......... .......... 98% 12.8M 0s
[16.728s]  15450K .......... .......... .......... .......... .......... 99% 6.80M 0s
[16.732s]  15500K .......... .......... .......... .......... .......... 99% 13.9M 0s
[16.736s]  15550K .......... .......... .......... .......... .......... 99% 12.3M 0s
[16.736s]  15600K .......... .......... .....                           100%  148M=4.4s
[16.736s] 
[16.737s] 2024-06-19 17:17:41 (3.47 MB/s) - ‘/home/kev/ldlidar_ros2_ws/build/multirobot_map_merge/2012-01-28-11-12-01.pgm’ saved [16000058/16000058]
[16.737s] 
[16.738s] Checking MD5 sum of /home/kev/ldlidar_ros2_ws/build/multirobot_map_merge/2012-01-28-11-12-01.pgm
[16.773s] /home/kev/ldlidar_ros2_ws/build/multirobot_map_merge/2012-01-28-11-12-01.pgm: OK
[16.775s] -- Found gtest sources under '/opt/ros/humble/src/gtest_vendor': C++ tests using 'Google Test' will be built
[16.782s] -- Added test 'cppcheck' to perform static code analysis on C / C++ code
[16.782s] -- Configured cppcheck include dirs: /home/kev/ldlidar_ros2_ws/src/m-explore-ros2/map_merge/include;$<BUILD_INTERFACE:/home/kev/ldlidar_ros2_ws/src/m-explore-ros2/map_merge/include>
[16.782s] -- Configured cppcheck exclude dirs and/or files: 
[16.783s] -- Added test 'flake8' to check Python code syntax and style conventions
[16.783s] -- Added test 'lint_cmake' to check CMake code style
[16.783s] -- Added test 'pep257' to check Python code against some of the docstring style conventions in PEP 257
[16.785s] -- Added test 'uncrustify' to check C / C++ code style
[16.785s] -- Configured uncrustify additional arguments: 
[16.785s] -- Added test 'xmllint' to check XML markup files
[16.787s] -- Configuring done
[16.829s] -- Generating done
[16.830s] -- Build files have been written to: /home/kev/ldlidar_ros2_ws/build/multirobot_map_merge
[16.841s] Invoked command in '/home/kev/ldlidar_ros2_ws/build/multirobot_map_merge' returned '0': CMAKE_PREFIX_PATH=/opt/ros/humble /usr/bin/cmake /home/kev/ldlidar_ros2_ws/src/m-explore-ros2/map_merge -DAMENT_CMAKE_SYMLINK_INSTALL=1 -DCMAKE_INSTALL_PREFIX=/home/kev/ldlidar_ros2_ws/install/multirobot_map_merge
[16.842s] Invoking command in '/home/kev/ldlidar_ros2_ws/build/multirobot_map_merge': CMAKE_PREFIX_PATH=/opt/ros/humble /usr/bin/cmake --build /home/kev/ldlidar_ros2_ws/build/multirobot_map_merge -- -j8 -l8
[16.881s] [ 25%] [32mBuilding CXX object CMakeFiles/combine_grids.dir/src/combine_grids/merging_pipeline.cpp.o[0m
[16.881s] [ 25%] [32mBuilding CXX object CMakeFiles/combine_grids.dir/src/combine_grids/grid_compositor.cpp.o[0m
[16.881s] [ 25%] [32mBuilding CXX object gtest/CMakeFiles/gtest_main.dir/src/gtest_main.cc.o[0m
[16.881s] [ 33%] [32mBuilding CXX object gtest/CMakeFiles/gtest.dir/src/gtest-all.cc.o[0m
[16.882s] [ 41%] [32mBuilding CXX object CMakeFiles/combine_grids.dir/src/combine_grids/grid_warper.cpp.o[0m
[17.558s] [ 50%] [32m[1mLinking CXX static library libgtest_main.a[0m
[17.593s] [ 50%] Built target gtest_main
[19.157s] [ 58%] [32m[1mLinking CXX static library libgtest.a[0m
[19.199s] [ 58%] Built target gtest
[19.655s] [ 66%] [32m[1mLinking CXX static library libcombine_grids.a[0m
[19.687s] [ 66%] Built target combine_grids
[19.705s] [ 83%] [32mBuilding CXX object CMakeFiles/map_merge.dir/src/map_merge.cpp.o[0m
[19.705s] [ 83%] [32mBuilding CXX object CMakeFiles/test_merging_pipeline.dir/test/test_merging_pipeline.cpp.o[0m
[19.848s] In file included from [01m[K/home/kev/ldlidar_ros2_ws/src/m-explore-ros2/map_merge/test/testing_helpers.h:7[m[K,
[19.848s]                  from [01m[K/home/kev/ldlidar_ros2_ws/src/m-explore-ros2/map_merge/test/test_merging_pipeline.cpp:42[m[K:
[19.848s] [01m[K/opt/ros/humble/include/tf2_geometry_msgs/tf2_geometry_msgs/tf2_geometry_msgs.h:35:2:[m[K [01;35m[Kwarning: [m[K#warning This header is obsolete, please include tf2_geometry_msgs/tf2_geometry_msgs.hpp instead [[01;35m[K]8;;https://gcc.gnu.org/onlinedocs/gcc/Warning-Options.html#index-Wcpp-Wcpp]8;;[m[K]
[19.848s]    35 | #[01;35m[Kwarning[m[K This header is obsolete, please include tf2_geometry_msgs/tf2_geometry_msgs.hpp instead
[19.848s]       |  [01;35m[K^~~~~~~[m[K
[20.434s] In file included from [01m[K/home/kev/ldlidar_ros2_ws/src/m-explore-ros2/map_merge/src/map_merge.cpp:44[m[K:
[20.434s] [01m[K/opt/ros/humble/include/tf2_geometry_msgs/tf2_geometry_msgs/tf2_geometry_msgs.h:35:2:[m[K [01;35m[Kwarning: [m[K#warning This header is obsolete, please include tf2_geometry_msgs/tf2_geometry_msgs.hpp instead [[01;35m[K]8;;https://gcc.gnu.org/onlinedocs/gcc/Warning-Options.html#index-Wcpp-Wcpp]8;;[m[K]
[20.434s]    35 | #[01;35m[Kwarning[m[K This header is obsolete, please include tf2_geometry_msgs/tf2_geometry_msgs.hpp instead
[20.434s]       |  [01;35m[K^~~~~~~[m[K
[23.082s] [ 91%] [32m[1mLinking CXX executable test_merging_pipeline[0m
[23.596s] [ 91%] Built target test_merging_pipeline
[29.165s] [100%] [32m[1mLinking CXX executable map_merge[0m
[29.985s] [100%] Built target map_merge
[29.996s] Invoked command in '/home/kev/ldlidar_ros2_ws/build/multirobot_map_merge' returned '0': CMAKE_PREFIX_PATH=/opt/ros/humble /usr/bin/cmake --build /home/kev/ldlidar_ros2_ws/build/multirobot_map_merge -- -j8 -l8
[30.039s] Invoking command in '/home/kev/ldlidar_ros2_ws/build/multirobot_map_merge': CMAKE_PREFIX_PATH=/opt/ros/humble /usr/bin/cmake --install /home/kev/ldlidar_ros2_ws/build/multirobot_map_merge
[30.045s] -- Install configuration: ""
[30.045s] -- Execute custom install script
[30.046s] -- Symlinking: /home/kev/ldlidar_ros2_ws/install/multirobot_map_merge/include/map_merge//map_merge.h
[30.053s] -- Symlinking: /home/kev/ldlidar_ros2_ws/install/multirobot_map_merge/include/map_merge//ros1_names.hpp
[30.059s] -- Symlinking: /home/kev/ldlidar_ros2_ws/install/multirobot_map_merge/share/multirobot_map_merge/launch/from_map_server.launch.py
[30.066s] -- Symlinking: /home/kev/ldlidar_ros2_ws/install/multirobot_map_merge/share/multirobot_map_merge/launch/map_merge.launch.py
[30.072s] -- Symlinking: /home/kev/ldlidar_ros2_ws/install/multirobot_map_merge/share/multirobot_map_merge/launch/map_merge.rviz
[30.079s] -- Symlinking: /home/kev/ldlidar_ros2_ws/install/multirobot_map_merge/share/multirobot_map_merge/launch/tb3_simulation/bringup_launch.py
[30.086s] -- Symlinking: /home/kev/ldlidar_ros2_ws/install/multirobot_map_merge/share/multirobot_map_merge/launch/tb3_simulation/config/nav2_multirobot_params_1.yaml
[30.092s] -- Symlinking: /home/kev/ldlidar_ros2_ws/install/multirobot_map_merge/share/multirobot_map_merge/launch/tb3_simulation/config/nav2_multirobot_params_2.yaml
[30.100s] -- Symlinking: /home/kev/ldlidar_ros2_ws/install/multirobot_map_merge/share/multirobot_map_merge/launch/tb3_simulation/multi_tb3_simulation_launch.py
[30.106s] -- Symlinking: /home/kev/ldlidar_ros2_ws/install/multirobot_map_merge/share/multirobot_map_merge/launch/tb3_simulation/slam_toolbox.py
[30.113s] -- Symlinking: /home/kev/ldlidar_ros2_ws/install/multirobot_map_merge/share/multirobot_map_merge/launch/tb3_simulation/tb3_simulation_launch.py
[30.119s] -- Symlinking: /home/kev/ldlidar_ros2_ws/install/multirobot_map_merge/share/multirobot_map_merge/launch/tb3_simulation/worlds/world_only.model
[30.126s] -- Symlinking: /home/kev/ldlidar_ros2_ws/install/multirobot_map_merge/share/multirobot_map_merge/config/params.yaml
[30.133s] -- Symlinking: /home/kev/ldlidar_ros2_ws/install/multirobot_map_merge/lib/multirobot_map_merge/map_merge
[30.140s] -- Symlinking: /home/kev/ldlidar_ros2_ws/install/multirobot_map_merge/share/multirobot_map_merge/environment/library_path.sh
[30.147s] -- Symlinking: /home/kev/ldlidar_ros2_ws/install/multirobot_map_merge/share/multirobot_map_merge/environment/library_path.dsv
[30.153s] -- Symlinking: /home/kev/ldlidar_ros2_ws/install/multirobot_map_merge/share/ament_index/resource_index/package_run_dependencies/multirobot_map_merge
[30.161s] -- Symlinking: /home/kev/ldlidar_ros2_ws/install/multirobot_map_merge/share/ament_index/resource_index/parent_prefix_path/multirobot_map_merge
[30.167s] -- Symlinking: /home/kev/ldlidar_ros2_ws/install/multirobot_map_merge/share/multirobot_map_merge/environment/ament_prefix_path.sh
[30.173s] -- Symlinking: /home/kev/ldlidar_ros2_ws/install/multirobot_map_merge/share/multirobot_map_merge/environment/ament_prefix_path.dsv
[30.180s] -- Symlinking: /home/kev/ldlidar_ros2_ws/install/multirobot_map_merge/share/multirobot_map_merge/environment/path.sh
[30.187s] -- Symlinking: /home/kev/ldlidar_ros2_ws/install/multirobot_map_merge/share/multirobot_map_merge/environment/path.dsv
[30.194s] -- Symlinking: /home/kev/ldlidar_ros2_ws/install/multirobot_map_merge/share/multirobot_map_merge/local_setup.bash
[30.200s] -- Symlinking: /home/kev/ldlidar_ros2_ws/install/multirobot_map_merge/share/multirobot_map_merge/local_setup.sh
[30.206s] -- Symlinking: /home/kev/ldlidar_ros2_ws/install/multirobot_map_merge/share/multirobot_map_merge/local_setup.zsh
[30.212s] -- Symlinking: /home/kev/ldlidar_ros2_ws/install/multirobot_map_merge/share/multirobot_map_merge/local_setup.dsv
[30.219s] -- Symlinking: /home/kev/ldlidar_ros2_ws/install/multirobot_map_merge/share/multirobot_map_merge/package.dsv
[30.226s] -- Symlinking: /home/kev/ldlidar_ros2_ws/install/multirobot_map_merge/share/ament_index/resource_index/packages/multirobot_map_merge
[30.233s] -- Symlinking: /home/kev/ldlidar_ros2_ws/install/multirobot_map_merge/share/multirobot_map_merge/cmake/ament_cmake_export_include_directories-extras.cmake
[30.240s] -- Symlinking: /home/kev/ldlidar_ros2_ws/install/multirobot_map_merge/share/multirobot_map_merge/cmake/ament_cmake_export_libraries-extras.cmake
[30.247s] -- Symlinking: /home/kev/ldlidar_ros2_ws/install/multirobot_map_merge/share/multirobot_map_merge/cmake/multirobot_map_mergeConfig.cmake
[30.253s] -- Symlinking: /home/kev/ldlidar_ros2_ws/install/multirobot_map_merge/share/multirobot_map_merge/cmake/multirobot_map_mergeConfig-version.cmake
[30.260s] -- Symlinking: /home/kev/ldlidar_ros2_ws/install/multirobot_map_merge/share/multirobot_map_merge/package.xml
[30.266s] -- Installing: /home/kev/ldlidar_ros2_ws/install/multirobot_map_merge/lib/libcombine_grids.a
[30.268s] Invoked command in '/home/kev/ldlidar_ros2_ws/build/multirobot_map_merge' returned '0': CMAKE_PREFIX_PATH=/opt/ros/humble /usr/bin/cmake --install /home/kev/ldlidar_ros2_ws/build/multirobot_map_merge
