[1.138s] Invoking command in '/home/kev/ldlidar_ros2_ws/build/autonomous_exploration': PYTHONPATH=/home/kev/ldlidar_ros2_ws/build/autonomous_exploration/prefix_override:/home/kev/ldlidar_ros2_ws/install/autonomous_exploration/lib/python3.10/site-packages:${PYTHONPATH} /usr/bin/python3 -W ignore:setup.py install is deprecated setup.py develop --editable --build-directory /home/kev/ldlidar_ros2_ws/build/autonomous_exploration/build --no-deps symlink_data --force
[1.497s] running develop
[1.498s] /usr/lib/python3/dist-packages/setuptools/command/easy_install.py:158: EasyInstallDeprecationWarning: easy_install command is deprecated. Use build and pip and other standards-based tools.
[1.498s]   warnings.warn(
[1.786s] running egg_info
[1.786s] writing autonomous_exploration.egg-info/PKG-INFO
[1.786s] writing dependency_links to autonomous_exploration.egg-info/dependency_links.txt
[1.786s] writing entry points to autonomous_exploration.egg-info/entry_points.txt
[1.786s] writing requirements to autonomous_exploration.egg-info/requires.txt
[1.787s] writing top-level names to autonomous_exploration.egg-info/top_level.txt
[1.792s] reading manifest file 'autonomous_exploration.egg-info/SOURCES.txt'
[1.792s] writing manifest file 'autonomous_exploration.egg-info/SOURCES.txt'
[1.792s] running build_ext
[1.793s] Creating /home/kev/ldlidar_ros2_ws/install/autonomous_exploration/lib/python3.10/site-packages/autonomous-exploration.egg-link (link to .)
[1.793s] Installing control script to /home/kev/ldlidar_ros2_ws/install/autonomous_exploration/lib/autonomous_exploration
[1.793s] 
[1.793s] Installed /home/kev/ldlidar_ros2_ws/build/autonomous_exploration
[1.793s] running symlink_data
[1.793s] symbolically linking /home/kev/ldlidar_ros2_ws/build/autonomous_exploration/resource/autonomous_exploration -> /home/kev/ldlidar_ros2_ws/install/autonomous_exploration/share/ament_index/resource_index/packages
[1.793s] symbolically linking /home/kev/ldlidar_ros2_ws/build/autonomous_exploration/package.xml -> /home/kev/ldlidar_ros2_ws/install/autonomous_exploration/share/autonomous_exploration
[1.793s] symbolically linking /home/kev/ldlidar_ros2_ws/build/autonomous_exploration/autonomous_exploration/config/params.yaml -> /home/kev/ldlidar_ros2_ws/install/autonomous_exploration/share/autonomous_exploration/config
[1.847s] Invoked command in '/home/kev/ldlidar_ros2_ws/build/autonomous_exploration' returned '0': PYTHONPATH=/home/kev/ldlidar_ros2_ws/build/autonomous_exploration/prefix_override:/home/kev/ldlidar_ros2_ws/install/autonomous_exploration/lib/python3.10/site-packages:${PYTHONPATH} /usr/bin/python3 -W ignore:setup.py install is deprecated setup.py develop --editable --build-directory /home/kev/ldlidar_ros2_ws/build/autonomous_exploration/build --no-deps symlink_data --force
