[0.072s] DEBUG:colcon:Command line arguments: ['/usr/bin/colcon', 'build']
[0.072s] DEBUG:colcon:Parsed command line arguments: Namespace(log_base=None, log_level=None, verb_name='build', build_base='build', install_base='install', merge_install=False, symlink_install=False, test_result_base=None, continue_on_error=False, executor='parallel', parallel_workers=8, event_handlers=None, ignore_user_meta=False, metas=['./colcon.meta'], base_paths=['.'], packages_ignore=None, packages_ignore_regex=None, paths=None, packages_up_to=None, packages_up_to_regex=None, packages_above=None, packages_above_and_dependencies=None, packages_above_depth=None, packages_select_by_dep=None, packages_skip_by_dep=None, packages_skip_up_to=None, packages_select_build_failed=False, packages_skip_build_finished=False, packages_select_test_failures=False, packages_skip_test_passed=False, packages_select=None, packages_skip=None, packages_select_regex=None, packages_skip_regex=None, packages_start=None, packages_end=None, allow_overriding=[], cmake_args=None, cmake_target=None, cmake_target_skip_unavailable=False, cmake_clean_cache=False, cmake_clean_first=False, cmake_force_configure=False, ament_cmake_args=None, catkin_cmake_args=None, catkin_skip_building_tests=False, mixin_files=None, mixin=None, verb_parser=<colcon_mixin.mixin.mixin_argument.MixinArgumentDecorator object at 0x73813b137730>, verb_extension=<colcon_core.verb.build.BuildVerb object at 0x73813b233e80>, main=<bound method BuildVerb.main of <colcon_core.verb.build.BuildVerb object at 0x73813b233e80>>, mixin_verb=('build',))
[0.188s] Level 1:colcon.colcon_core.package_discovery:discover_packages(colcon_meta) check parameters
[0.188s] Level 1:colcon.colcon_core.package_discovery:discover_packages(recursive) check parameters
[0.188s] Level 1:colcon.colcon_core.package_discovery:discover_packages(ignore) check parameters
[0.188s] Level 1:colcon.colcon_core.package_discovery:discover_packages(path) check parameters
[0.188s] Level 1:colcon.colcon_core.package_discovery:discover_packages(colcon_meta) discover
[0.188s] Level 1:colcon.colcon_core.package_discovery:discover_packages(recursive) discover
[0.188s] INFO:colcon.colcon_core.package_discovery:Crawling recursively for packages in '/home/kev/ldlidar_ros2_ws'
[0.188s] Level 1:colcon.colcon_core.package_identification:_identify(.) by extensions ['ignore', 'ignore_ament_install']
[0.188s] Level 1:colcon.colcon_core.package_identification:_identify(.) by extension 'ignore'
[0.188s] Level 1:colcon.colcon_core.package_identification:_identify(.) by extension 'ignore_ament_install'
[0.188s] Level 1:colcon.colcon_core.package_identification:_identify(.) by extensions ['colcon_pkg']
[0.188s] Level 1:colcon.colcon_core.package_identification:_identify(.) by extension 'colcon_pkg'
[0.188s] Level 1:colcon.colcon_core.package_identification:_identify(.) by extensions ['colcon_meta']
[0.188s] Level 1:colcon.colcon_core.package_identification:_identify(.) by extension 'colcon_meta'
[0.188s] Level 1:colcon.colcon_core.package_identification:_identify(.) by extensions ['ros']
[0.188s] Level 1:colcon.colcon_core.package_identification:_identify(.) by extension 'ros'
[0.196s] Level 1:colcon.colcon_core.package_identification:_identify(.) by extensions ['cmake', 'python']
[0.196s] Level 1:colcon.colcon_core.package_identification:_identify(.) by extension 'cmake'
[0.196s] Level 1:colcon.colcon_core.package_identification:_identify(.) by extension 'python'
[0.196s] Level 1:colcon.colcon_core.package_identification:_identify(.) by extensions ['python_setup_py']
[0.196s] Level 1:colcon.colcon_core.package_identification:_identify(.) by extension 'python_setup_py'
[0.196s] Level 1:colcon.colcon_core.package_identification:_identify(build) by extensions ['ignore', 'ignore_ament_install']
[0.196s] Level 1:colcon.colcon_core.package_identification:_identify(build) by extension 'ignore'
[0.196s] Level 1:colcon.colcon_core.package_identification:_identify(build) ignored
[0.196s] Level 1:colcon.colcon_core.package_identification:_identify(install) by extensions ['ignore', 'ignore_ament_install']
[0.196s] Level 1:colcon.colcon_core.package_identification:_identify(install) by extension 'ignore'
[0.196s] Level 1:colcon.colcon_core.package_identification:_identify(install) ignored
[0.196s] Level 1:colcon.colcon_core.package_identification:_identify(log) by extensions ['ignore', 'ignore_ament_install']
[0.196s] Level 1:colcon.colcon_core.package_identification:_identify(log) by extension 'ignore'
[0.196s] Level 1:colcon.colcon_core.package_identification:_identify(log) ignored
[0.196s] Level 1:colcon.colcon_core.package_identification:_identify(maps) by extensions ['ignore', 'ignore_ament_install']
[0.196s] Level 1:colcon.colcon_core.package_identification:_identify(maps) by extension 'ignore'
[0.196s] Level 1:colcon.colcon_core.package_identification:_identify(maps) by extension 'ignore_ament_install'
[0.197s] Level 1:colcon.colcon_core.package_identification:_identify(maps) by extensions ['colcon_pkg']
[0.197s] Level 1:colcon.colcon_core.package_identification:_identify(maps) by extension 'colcon_pkg'
[0.197s] Level 1:colcon.colcon_core.package_identification:_identify(maps) by extensions ['colcon_meta']
[0.197s] Level 1:colcon.colcon_core.package_identification:_identify(maps) by extension 'colcon_meta'
[0.197s] Level 1:colcon.colcon_core.package_identification:_identify(maps) by extensions ['ros']
[0.197s] Level 1:colcon.colcon_core.package_identification:_identify(maps) by extension 'ros'
[0.197s] Level 1:colcon.colcon_core.package_identification:_identify(maps) by extensions ['cmake', 'python']
[0.197s] Level 1:colcon.colcon_core.package_identification:_identify(maps) by extension 'cmake'
[0.197s] Level 1:colcon.colcon_core.package_identification:_identify(maps) by extension 'python'
[0.197s] Level 1:colcon.colcon_core.package_identification:_identify(maps) by extensions ['python_setup_py']
[0.197s] Level 1:colcon.colcon_core.package_identification:_identify(maps) by extension 'python_setup_py'
[0.197s] Level 1:colcon.colcon_core.package_identification:_identify(src) by extensions ['ignore', 'ignore_ament_install']
[0.197s] Level 1:colcon.colcon_core.package_identification:_identify(src) by extension 'ignore'
[0.197s] Level 1:colcon.colcon_core.package_identification:_identify(src) by extension 'ignore_ament_install'
[0.197s] Level 1:colcon.colcon_core.package_identification:_identify(src) by extensions ['colcon_pkg']
[0.197s] Level 1:colcon.colcon_core.package_identification:_identify(src) by extension 'colcon_pkg'
[0.197s] Level 1:colcon.colcon_core.package_identification:_identify(src) by extensions ['colcon_meta']
[0.197s] Level 1:colcon.colcon_core.package_identification:_identify(src) by extension 'colcon_meta'
[0.197s] Level 1:colcon.colcon_core.package_identification:_identify(src) by extensions ['ros']
[0.197s] Level 1:colcon.colcon_core.package_identification:_identify(src) by extension 'ros'
[0.197s] Level 1:colcon.colcon_core.package_identification:_identify(src) by extensions ['cmake', 'python']
[0.197s] Level 1:colcon.colcon_core.package_identification:_identify(src) by extension 'cmake'
[0.197s] Level 1:colcon.colcon_core.package_identification:_identify(src) by extension 'python'
[0.197s] Level 1:colcon.colcon_core.package_identification:_identify(src) by extensions ['python_setup_py']
[0.197s] Level 1:colcon.colcon_core.package_identification:_identify(src) by extension 'python_setup_py'
[0.197s] Level 1:colcon.colcon_core.package_identification:_identify(src/autonomous_exploration) by extensions ['ignore', 'ignore_ament_install']
[0.197s] Level 1:colcon.colcon_core.package_identification:_identify(src/autonomous_exploration) by extension 'ignore'
[0.197s] Level 1:colcon.colcon_core.package_identification:_identify(src/autonomous_exploration) by extension 'ignore_ament_install'
[0.197s] Level 1:colcon.colcon_core.package_identification:_identify(src/autonomous_exploration) by extensions ['colcon_pkg']
[0.197s] Level 1:colcon.colcon_core.package_identification:_identify(src/autonomous_exploration) by extension 'colcon_pkg'
[0.197s] Level 1:colcon.colcon_core.package_identification:_identify(src/autonomous_exploration) by extensions ['colcon_meta']
[0.197s] Level 1:colcon.colcon_core.package_identification:_identify(src/autonomous_exploration) by extension 'colcon_meta'
[0.197s] Level 1:colcon.colcon_core.package_identification:_identify(src/autonomous_exploration) by extensions ['ros']
[0.197s] Level 1:colcon.colcon_core.package_identification:_identify(src/autonomous_exploration) by extension 'ros'
[0.199s] DEBUG:colcon.colcon_core.package_identification:Package 'src/autonomous_exploration' with type 'ros.ament_python' and name 'autonomous_exploration'
[0.199s] Level 1:colcon.colcon_core.package_identification:_identify(src/lidar_cartographer) by extensions ['ignore', 'ignore_ament_install']
[0.199s] Level 1:colcon.colcon_core.package_identification:_identify(src/lidar_cartographer) by extension 'ignore'
[0.199s] Level 1:colcon.colcon_core.package_identification:_identify(src/lidar_cartographer) by extension 'ignore_ament_install'
[0.199s] Level 1:colcon.colcon_core.package_identification:_identify(src/lidar_cartographer) by extensions ['colcon_pkg']
[0.199s] Level 1:colcon.colcon_core.package_identification:_identify(src/lidar_cartographer) by extension 'colcon_pkg'
[0.199s] Level 1:colcon.colcon_core.package_identification:_identify(src/lidar_cartographer) by extensions ['colcon_meta']
[0.199s] Level 1:colcon.colcon_core.package_identification:_identify(src/lidar_cartographer) by extension 'colcon_meta'
[0.199s] Level 1:colcon.colcon_core.package_identification:_identify(src/lidar_cartographer) by extensions ['ros']
[0.199s] Level 1:colcon.colcon_core.package_identification:_identify(src/lidar_cartographer) by extension 'ros'
[0.200s] DEBUG:colcon.colcon_core.package_identification:Package 'src/lidar_cartographer' with type 'ros.ament_cmake' and name 'lidar_cartographer'
[0.200s] Level 1:colcon.colcon_core.package_identification:_identify(src/map_remapper) by extensions ['ignore', 'ignore_ament_install']
[0.200s] Level 1:colcon.colcon_core.package_identification:_identify(src/map_remapper) by extension 'ignore'
[0.200s] Level 1:colcon.colcon_core.package_identification:_identify(src/map_remapper) by extension 'ignore_ament_install'
[0.200s] Level 1:colcon.colcon_core.package_identification:_identify(src/map_remapper) by extensions ['colcon_pkg']
[0.200s] Level 1:colcon.colcon_core.package_identification:_identify(src/map_remapper) by extension 'colcon_pkg'
[0.200s] Level 1:colcon.colcon_core.package_identification:_identify(src/map_remapper) by extensions ['colcon_meta']
[0.200s] Level 1:colcon.colcon_core.package_identification:_identify(src/map_remapper) by extension 'colcon_meta'
[0.200s] Level 1:colcon.colcon_core.package_identification:_identify(src/map_remapper) by extensions ['ros']
[0.200s] Level 1:colcon.colcon_core.package_identification:_identify(src/map_remapper) by extension 'ros'
[0.200s] DEBUG:colcon.colcon_core.package_identification:Package 'src/map_remapper' with type 'ros.ament_python' and name 'map_remapper'
[0.201s] Level 1:colcon.colcon_core.package_identification:_identify(src/remapping) by extensions ['ignore', 'ignore_ament_install']
[0.201s] Level 1:colcon.colcon_core.package_identification:_identify(src/remapping) by extension 'ignore'
[0.201s] Level 1:colcon.colcon_core.package_identification:_identify(src/remapping) by extension 'ignore_ament_install'
[0.201s] Level 1:colcon.colcon_core.package_identification:_identify(src/remapping) by extensions ['colcon_pkg']
[0.201s] Level 1:colcon.colcon_core.package_identification:_identify(src/remapping) by extension 'colcon_pkg'
[0.201s] Level 1:colcon.colcon_core.package_identification:_identify(src/remapping) by extensions ['colcon_meta']
[0.201s] Level 1:colcon.colcon_core.package_identification:_identify(src/remapping) by extension 'colcon_meta'
[0.201s] Level 1:colcon.colcon_core.package_identification:_identify(src/remapping) by extensions ['ros']
[0.201s] Level 1:colcon.colcon_core.package_identification:_identify(src/remapping) by extension 'ros'
[0.201s] DEBUG:colcon.colcon_core.package_identification:Package 'src/remapping' with type 'ros.ament_python' and name 'remapping'
[0.201s] Level 1:colcon.colcon_core.package_identification:_identify(src/rf2o_laser_odometry) by extensions ['ignore', 'ignore_ament_install']
[0.201s] Level 1:colcon.colcon_core.package_identification:_identify(src/rf2o_laser_odometry) by extension 'ignore'
[0.201s] Level 1:colcon.colcon_core.package_identification:_identify(src/rf2o_laser_odometry) by extension 'ignore_ament_install'
[0.201s] Level 1:colcon.colcon_core.package_identification:_identify(src/rf2o_laser_odometry) by extensions ['colcon_pkg']
[0.201s] Level 1:colcon.colcon_core.package_identification:_identify(src/rf2o_laser_odometry) by extension 'colcon_pkg'
[0.201s] Level 1:colcon.colcon_core.package_identification:_identify(src/rf2o_laser_odometry) by extensions ['colcon_meta']
[0.201s] Level 1:colcon.colcon_core.package_identification:_identify(src/rf2o_laser_odometry) by extension 'colcon_meta'
[0.201s] Level 1:colcon.colcon_core.package_identification:_identify(src/rf2o_laser_odometry) by extensions ['ros']
[0.201s] Level 1:colcon.colcon_core.package_identification:_identify(src/rf2o_laser_odometry) by extension 'ros'
[0.203s] DEBUG:colcon.colcon_core.package_identification:Package 'src/rf2o_laser_odometry' with type 'ros.ament_cmake' and name 'rf2o_laser_odometry'
[0.203s] Level 1:colcon.colcon_core.package_discovery:discover_packages(recursive) using defaults
[0.203s] Level 1:colcon.colcon_core.package_discovery:discover_packages(ignore) discover
[0.203s] Level 1:colcon.colcon_core.package_discovery:discover_packages(ignore) using defaults
[0.203s] Level 1:colcon.colcon_core.package_discovery:discover_packages(path) discover
[0.203s] Level 1:colcon.colcon_core.package_discovery:discover_packages(path) using defaults
[0.226s] Level 1:colcon.colcon_core.package_discovery:discover_packages(prefix_path) check parameters
[0.226s] Level 1:colcon.colcon_core.package_discovery:discover_packages(prefix_path) discover
[0.227s] DEBUG:colcon.colcon_installed_package_information.package_discovery:Found 9 installed packages in /home/kev/ldlidar_ros2_ws/install
[0.228s] DEBUG:colcon.colcon_installed_package_information.package_discovery:Found 424 installed packages in /opt/ros/humble
[0.229s] Level 1:colcon.colcon_core.package_discovery:discover_packages(prefix_path) using defaults
[0.261s] Level 5:colcon.colcon_core.verb:set package 'autonomous_exploration' build argument 'cmake_args' from command line to 'None'
[0.261s] Level 5:colcon.colcon_core.verb:set package 'autonomous_exploration' build argument 'cmake_target' from command line to 'None'
[0.261s] Level 5:colcon.colcon_core.verb:set package 'autonomous_exploration' build argument 'cmake_target_skip_unavailable' from command line to 'False'
[0.261s] Level 5:colcon.colcon_core.verb:set package 'autonomous_exploration' build argument 'cmake_clean_cache' from command line to 'False'
[0.261s] Level 5:colcon.colcon_core.verb:set package 'autonomous_exploration' build argument 'cmake_clean_first' from command line to 'False'
[0.261s] Level 5:colcon.colcon_core.verb:set package 'autonomous_exploration' build argument 'cmake_force_configure' from command line to 'False'
[0.261s] Level 5:colcon.colcon_core.verb:set package 'autonomous_exploration' build argument 'ament_cmake_args' from command line to 'None'
[0.261s] Level 5:colcon.colcon_core.verb:set package 'autonomous_exploration' build argument 'catkin_cmake_args' from command line to 'None'
[0.261s] Level 5:colcon.colcon_core.verb:set package 'autonomous_exploration' build argument 'catkin_skip_building_tests' from command line to 'False'
[0.261s] DEBUG:colcon.colcon_core.verb:Building package 'autonomous_exploration' with the following arguments: {'ament_cmake_args': None, 'build_base': '/home/kev/ldlidar_ros2_ws/build/autonomous_exploration', 'catkin_cmake_args': None, 'catkin_skip_building_tests': False, 'cmake_args': None, 'cmake_clean_cache': False, 'cmake_clean_first': False, 'cmake_force_configure': False, 'cmake_target': None, 'cmake_target_skip_unavailable': False, 'install_base': '/home/kev/ldlidar_ros2_ws/install/autonomous_exploration', 'merge_install': False, 'path': '/home/kev/ldlidar_ros2_ws/src/autonomous_exploration', 'symlink_install': False, 'test_result_base': None}
[0.261s] Level 5:colcon.colcon_core.verb:set package 'lidar_cartographer' build argument 'cmake_args' from command line to 'None'
[0.261s] Level 5:colcon.colcon_core.verb:set package 'lidar_cartographer' build argument 'cmake_target' from command line to 'None'
[0.261s] Level 5:colcon.colcon_core.verb:set package 'lidar_cartographer' build argument 'cmake_target_skip_unavailable' from command line to 'False'
[0.261s] Level 5:colcon.colcon_core.verb:set package 'lidar_cartographer' build argument 'cmake_clean_cache' from command line to 'False'
[0.261s] Level 5:colcon.colcon_core.verb:set package 'lidar_cartographer' build argument 'cmake_clean_first' from command line to 'False'
[0.261s] Level 5:colcon.colcon_core.verb:set package 'lidar_cartographer' build argument 'cmake_force_configure' from command line to 'False'
[0.261s] Level 5:colcon.colcon_core.verb:set package 'lidar_cartographer' build argument 'ament_cmake_args' from command line to 'None'
[0.261s] Level 5:colcon.colcon_core.verb:set package 'lidar_cartographer' build argument 'catkin_cmake_args' from command line to 'None'
[0.261s] Level 5:colcon.colcon_core.verb:set package 'lidar_cartographer' build argument 'catkin_skip_building_tests' from command line to 'False'
[0.261s] DEBUG:colcon.colcon_core.verb:Building package 'lidar_cartographer' with the following arguments: {'ament_cmake_args': None, 'build_base': '/home/kev/ldlidar_ros2_ws/build/lidar_cartographer', 'catkin_cmake_args': None, 'catkin_skip_building_tests': False, 'cmake_args': None, 'cmake_clean_cache': False, 'cmake_clean_first': False, 'cmake_force_configure': False, 'cmake_target': None, 'cmake_target_skip_unavailable': False, 'install_base': '/home/kev/ldlidar_ros2_ws/install/lidar_cartographer', 'merge_install': False, 'path': '/home/kev/ldlidar_ros2_ws/src/lidar_cartographer', 'symlink_install': False, 'test_result_base': None}
[0.262s] Level 5:colcon.colcon_core.verb:set package 'map_remapper' build argument 'cmake_args' from command line to 'None'
[0.262s] Level 5:colcon.colcon_core.verb:set package 'map_remapper' build argument 'cmake_target' from command line to 'None'
[0.262s] Level 5:colcon.colcon_core.verb:set package 'map_remapper' build argument 'cmake_target_skip_unavailable' from command line to 'False'
[0.262s] Level 5:colcon.colcon_core.verb:set package 'map_remapper' build argument 'cmake_clean_cache' from command line to 'False'
[0.262s] Level 5:colcon.colcon_core.verb:set package 'map_remapper' build argument 'cmake_clean_first' from command line to 'False'
[0.262s] Level 5:colcon.colcon_core.verb:set package 'map_remapper' build argument 'cmake_force_configure' from command line to 'False'
[0.262s] Level 5:colcon.colcon_core.verb:set package 'map_remapper' build argument 'ament_cmake_args' from command line to 'None'
[0.262s] Level 5:colcon.colcon_core.verb:set package 'map_remapper' build argument 'catkin_cmake_args' from command line to 'None'
[0.262s] Level 5:colcon.colcon_core.verb:set package 'map_remapper' build argument 'catkin_skip_building_tests' from command line to 'False'
[0.262s] DEBUG:colcon.colcon_core.verb:Building package 'map_remapper' with the following arguments: {'ament_cmake_args': None, 'build_base': '/home/kev/ldlidar_ros2_ws/build/map_remapper', 'catkin_cmake_args': None, 'catkin_skip_building_tests': False, 'cmake_args': None, 'cmake_clean_cache': False, 'cmake_clean_first': False, 'cmake_force_configure': False, 'cmake_target': None, 'cmake_target_skip_unavailable': False, 'install_base': '/home/kev/ldlidar_ros2_ws/install/map_remapper', 'merge_install': False, 'path': '/home/kev/ldlidar_ros2_ws/src/map_remapper', 'symlink_install': False, 'test_result_base': None}
[0.262s] Level 5:colcon.colcon_core.verb:set package 'remapping' build argument 'cmake_args' from command line to 'None'
[0.262s] Level 5:colcon.colcon_core.verb:set package 'remapping' build argument 'cmake_target' from command line to 'None'
[0.262s] Level 5:colcon.colcon_core.verb:set package 'remapping' build argument 'cmake_target_skip_unavailable' from command line to 'False'
[0.262s] Level 5:colcon.colcon_core.verb:set package 'remapping' build argument 'cmake_clean_cache' from command line to 'False'
[0.262s] Level 5:colcon.colcon_core.verb:set package 'remapping' build argument 'cmake_clean_first' from command line to 'False'
[0.262s] Level 5:colcon.colcon_core.verb:set package 'remapping' build argument 'cmake_force_configure' from command line to 'False'
[0.262s] Level 5:colcon.colcon_core.verb:set package 'remapping' build argument 'ament_cmake_args' from command line to 'None'
[0.262s] Level 5:colcon.colcon_core.verb:set package 'remapping' build argument 'catkin_cmake_args' from command line to 'None'
[0.262s] Level 5:colcon.colcon_core.verb:set package 'remapping' build argument 'catkin_skip_building_tests' from command line to 'False'
[0.262s] DEBUG:colcon.colcon_core.verb:Building package 'remapping' with the following arguments: {'ament_cmake_args': None, 'build_base': '/home/kev/ldlidar_ros2_ws/build/remapping', 'catkin_cmake_args': None, 'catkin_skip_building_tests': False, 'cmake_args': None, 'cmake_clean_cache': False, 'cmake_clean_first': False, 'cmake_force_configure': False, 'cmake_target': None, 'cmake_target_skip_unavailable': False, 'install_base': '/home/kev/ldlidar_ros2_ws/install/remapping', 'merge_install': False, 'path': '/home/kev/ldlidar_ros2_ws/src/remapping', 'symlink_install': False, 'test_result_base': None}
[0.262s] Level 5:colcon.colcon_core.verb:set package 'rf2o_laser_odometry' build argument 'cmake_args' from command line to 'None'
[0.262s] Level 5:colcon.colcon_core.verb:set package 'rf2o_laser_odometry' build argument 'cmake_target' from command line to 'None'
[0.262s] Level 5:colcon.colcon_core.verb:set package 'rf2o_laser_odometry' build argument 'cmake_target_skip_unavailable' from command line to 'False'
[0.262s] Level 5:colcon.colcon_core.verb:set package 'rf2o_laser_odometry' build argument 'cmake_clean_cache' from command line to 'False'
[0.262s] Level 5:colcon.colcon_core.verb:set package 'rf2o_laser_odometry' build argument 'cmake_clean_first' from command line to 'False'
[0.262s] Level 5:colcon.colcon_core.verb:set package 'rf2o_laser_odometry' build argument 'cmake_force_configure' from command line to 'False'
[0.262s] Level 5:colcon.colcon_core.verb:set package 'rf2o_laser_odometry' build argument 'ament_cmake_args' from command line to 'None'
[0.263s] Level 5:colcon.colcon_core.verb:set package 'rf2o_laser_odometry' build argument 'catkin_cmake_args' from command line to 'None'
[0.263s] Level 5:colcon.colcon_core.verb:set package 'rf2o_laser_odometry' build argument 'catkin_skip_building_tests' from command line to 'False'
[0.263s] DEBUG:colcon.colcon_core.verb:Building package 'rf2o_laser_odometry' with the following arguments: {'ament_cmake_args': None, 'build_base': '/home/kev/ldlidar_ros2_ws/build/rf2o_laser_odometry', 'catkin_cmake_args': None, 'catkin_skip_building_tests': False, 'cmake_args': None, 'cmake_clean_cache': False, 'cmake_clean_first': False, 'cmake_force_configure': False, 'cmake_target': None, 'cmake_target_skip_unavailable': False, 'install_base': '/home/kev/ldlidar_ros2_ws/install/rf2o_laser_odometry', 'merge_install': False, 'path': '/home/kev/ldlidar_ros2_ws/src/rf2o_laser_odometry', 'symlink_install': False, 'test_result_base': None}
[0.263s] INFO:colcon.colcon_core.executor:Executing jobs using 'parallel' executor
[0.263s] DEBUG:colcon.colcon_parallel_executor.executor.parallel:run_until_complete
[0.264s] INFO:colcon.colcon_ros.task.ament_python.build:Building ROS package in '/home/kev/ldlidar_ros2_ws/src/autonomous_exploration' with build type 'ament_python'
[0.264s] Level 1:colcon.colcon_core.shell:create_environment_hook('autonomous_exploration', 'ament_prefix_path')
[0.265s] INFO:colcon.colcon_core.plugin_system:Skipping extension 'colcon_core.shell.bat': Not used on non-Windows systems
[0.265s] INFO:colcon.colcon_core.shell:Creating environment hook '/home/kev/ldlidar_ros2_ws/install/autonomous_exploration/share/autonomous_exploration/hook/ament_prefix_path.ps1'
[0.266s] INFO:colcon.colcon_core.shell:Creating environment descriptor '/home/kev/ldlidar_ros2_ws/install/autonomous_exploration/share/autonomous_exploration/hook/ament_prefix_path.dsv'
[0.266s] INFO:colcon.colcon_core.shell:Creating environment hook '/home/kev/ldlidar_ros2_ws/install/autonomous_exploration/share/autonomous_exploration/hook/ament_prefix_path.sh'
[0.266s] INFO:colcon.colcon_core.shell:Skip shell extension 'powershell' for command environment: Not usable outside of PowerShell
[0.266s] DEBUG:colcon.colcon_core.shell:Skip shell extension 'dsv' for command environment
[0.269s] INFO:colcon.colcon_ros.task.ament_cmake.build:Building ROS package in '/home/kev/ldlidar_ros2_ws/src/lidar_cartographer' with build type 'ament_cmake'
[0.269s] INFO:colcon.colcon_cmake.task.cmake.build:Building CMake package in '/home/kev/ldlidar_ros2_ws/src/lidar_cartographer'
[0.269s] INFO:colcon.colcon_core.shell:Skip shell extension 'powershell' for command environment: Not usable outside of PowerShell
[0.269s] DEBUG:colcon.colcon_core.shell:Skip shell extension 'dsv' for command environment
[0.271s] INFO:colcon.colcon_ros.task.ament_python.build:Building ROS package in '/home/kev/ldlidar_ros2_ws/src/map_remapper' with build type 'ament_python'
[0.272s] Level 1:colcon.colcon_core.shell:create_environment_hook('map_remapper', 'ament_prefix_path')
[0.272s] INFO:colcon.colcon_core.shell:Creating environment hook '/home/kev/ldlidar_ros2_ws/install/map_remapper/share/map_remapper/hook/ament_prefix_path.ps1'
[0.272s] INFO:colcon.colcon_core.shell:Creating environment descriptor '/home/kev/ldlidar_ros2_ws/install/map_remapper/share/map_remapper/hook/ament_prefix_path.dsv'
[0.272s] INFO:colcon.colcon_core.shell:Creating environment hook '/home/kev/ldlidar_ros2_ws/install/map_remapper/share/map_remapper/hook/ament_prefix_path.sh'
[0.272s] INFO:colcon.colcon_core.shell:Skip shell extension 'powershell' for command environment: Not usable outside of PowerShell
[0.272s] DEBUG:colcon.colcon_core.shell:Skip shell extension 'dsv' for command environment
[0.275s] INFO:colcon.colcon_ros.task.ament_python.build:Building ROS package in '/home/kev/ldlidar_ros2_ws/src/remapping' with build type 'ament_python'
[0.275s] Level 1:colcon.colcon_core.shell:create_environment_hook('remapping', 'ament_prefix_path')
[0.275s] INFO:colcon.colcon_core.shell:Creating environment hook '/home/kev/ldlidar_ros2_ws/install/remapping/share/remapping/hook/ament_prefix_path.ps1'
[0.275s] INFO:colcon.colcon_core.shell:Creating environment descriptor '/home/kev/ldlidar_ros2_ws/install/remapping/share/remapping/hook/ament_prefix_path.dsv'
[0.276s] INFO:colcon.colcon_core.shell:Creating environment hook '/home/kev/ldlidar_ros2_ws/install/remapping/share/remapping/hook/ament_prefix_path.sh'
[0.276s] INFO:colcon.colcon_core.shell:Skip shell extension 'powershell' for command environment: Not usable outside of PowerShell
[0.276s] DEBUG:colcon.colcon_core.shell:Skip shell extension 'dsv' for command environment
[0.279s] INFO:colcon.colcon_ros.task.ament_cmake.build:Building ROS package in '/home/kev/ldlidar_ros2_ws/src/rf2o_laser_odometry' with build type 'ament_cmake'
[0.279s] INFO:colcon.colcon_cmake.task.cmake.build:Building CMake package in '/home/kev/ldlidar_ros2_ws/src/rf2o_laser_odometry'
[0.279s] INFO:colcon.colcon_core.shell:Skip shell extension 'powershell' for command environment: Not usable outside of PowerShell
[0.279s] DEBUG:colcon.colcon_core.shell:Skip shell extension 'dsv' for command environment
[0.453s] INFO:colcon.colcon_core.task.python.build:Building Python package in '/home/kev/ldlidar_ros2_ws/src/autonomous_exploration'
[0.454s] INFO:colcon.colcon_core.shell:Skip shell extension 'powershell' for command environment: Not usable outside of PowerShell
[0.454s] DEBUG:colcon.colcon_core.shell:Skip shell extension 'dsv' for command environment
[0.460s] DEBUG:colcon.colcon_core.event_handler.log_command:Invoking command in '/home/kev/ldlidar_ros2_ws/build/lidar_cartographer': CMAKE_PREFIX_PATH=${CMAKE_PREFIX_PATH}:/home/kev/ldlidar_ros2_ws/install/remapping:/home/kev/ldlidar_ros2_ws/install/my_turtlebot3_simulations:/home/kev/ldlidar_ros2_ws/install/map_remapper:/home/kev/ldlidar_ros2_ws/install/autonomous_exploration:/opt/ros/humble /usr/bin/cmake --build /home/kev/ldlidar_ros2_ws/build/lidar_cartographer -- -j8 -l8
[0.645s] INFO:colcon.colcon_core.task.python.build:Building Python package in '/home/kev/ldlidar_ros2_ws/src/map_remapper'
[0.646s] INFO:colcon.colcon_core.shell:Skip shell extension 'powershell' for command environment: Not usable outside of PowerShell
[0.646s] DEBUG:colcon.colcon_core.shell:Skip shell extension 'dsv' for command environment
[0.823s] INFO:colcon.colcon_core.task.python.build:Building Python package in '/home/kev/ldlidar_ros2_ws/src/remapping'
[0.823s] INFO:colcon.colcon_core.shell:Skip shell extension 'powershell' for command environment: Not usable outside of PowerShell
[0.823s] DEBUG:colcon.colcon_core.shell:Skip shell extension 'dsv' for command environment
[0.829s] DEBUG:colcon.colcon_core.event_handler.log_command:Invoking command in '/home/kev/ldlidar_ros2_ws/build/rf2o_laser_odometry': CMAKE_PREFIX_PATH=${CMAKE_PREFIX_PATH}:/home/kev/ldlidar_ros2_ws/install/remapping:/home/kev/ldlidar_ros2_ws/install/my_turtlebot3_simulations:/home/kev/ldlidar_ros2_ws/install/map_remapper:/home/kev/ldlidar_ros2_ws/install/autonomous_exploration:/opt/ros/humble /usr/bin/cmake --build /home/kev/ldlidar_ros2_ws/build/rf2o_laser_odometry -- -j8 -l8
[0.829s] DEBUG:colcon.colcon_core.event_handler.log_command:Invoked command in '/home/kev/ldlidar_ros2_ws/build/lidar_cartographer' returned '0': CMAKE_PREFIX_PATH=${CMAKE_PREFIX_PATH}:/home/kev/ldlidar_ros2_ws/install/remapping:/home/kev/ldlidar_ros2_ws/install/my_turtlebot3_simulations:/home/kev/ldlidar_ros2_ws/install/map_remapper:/home/kev/ldlidar_ros2_ws/install/autonomous_exploration:/opt/ros/humble /usr/bin/cmake --build /home/kev/ldlidar_ros2_ws/build/lidar_cartographer -- -j8 -l8
[0.864s] DEBUG:colcon.colcon_core.event_handler.log_command:Invoking command in '/home/kev/ldlidar_ros2_ws/build/lidar_cartographer': CMAKE_PREFIX_PATH=${CMAKE_PREFIX_PATH}:/home/kev/ldlidar_ros2_ws/install/remapping:/home/kev/ldlidar_ros2_ws/install/my_turtlebot3_simulations:/home/kev/ldlidar_ros2_ws/install/map_remapper:/home/kev/ldlidar_ros2_ws/install/autonomous_exploration:/opt/ros/humble /usr/bin/cmake --install /home/kev/ldlidar_ros2_ws/build/lidar_cartographer
[0.892s] Level 1:colcon.colcon_core.environment:create_environment_scripts_only(lidar_cartographer)
[0.892s] DEBUG:colcon.colcon_core.event_handler.log_command:Invoked command in '/home/kev/ldlidar_ros2_ws/build/lidar_cartographer' returned '0': CMAKE_PREFIX_PATH=${CMAKE_PREFIX_PATH}:/home/kev/ldlidar_ros2_ws/install/remapping:/home/kev/ldlidar_ros2_ws/install/my_turtlebot3_simulations:/home/kev/ldlidar_ros2_ws/install/map_remapper:/home/kev/ldlidar_ros2_ws/install/autonomous_exploration:/opt/ros/humble /usr/bin/cmake --install /home/kev/ldlidar_ros2_ws/build/lidar_cartographer
[0.895s] Level 1:colcon.colcon_core.environment:checking '/home/kev/ldlidar_ros2_ws/install/lidar_cartographer' for CMake module files
[0.895s] Level 1:colcon.colcon_core.environment:checking '/home/kev/ldlidar_ros2_ws/install/lidar_cartographer' for CMake config files
[0.896s] Level 1:colcon.colcon_core.shell:create_environment_hook('lidar_cartographer', 'cmake_prefix_path')
[0.896s] INFO:colcon.colcon_core.shell:Creating environment hook '/home/kev/ldlidar_ros2_ws/install/lidar_cartographer/share/lidar_cartographer/hook/cmake_prefix_path.ps1'
[0.897s] INFO:colcon.colcon_core.shell:Creating environment descriptor '/home/kev/ldlidar_ros2_ws/install/lidar_cartographer/share/lidar_cartographer/hook/cmake_prefix_path.dsv'
[0.897s] INFO:colcon.colcon_core.shell:Creating environment hook '/home/kev/ldlidar_ros2_ws/install/lidar_cartographer/share/lidar_cartographer/hook/cmake_prefix_path.sh'
[0.898s] Level 1:colcon.colcon_core.environment:checking '/home/kev/ldlidar_ros2_ws/install/lidar_cartographer/bin'
[0.898s] Level 1:colcon.colcon_core.environment:checking '/home/kev/ldlidar_ros2_ws/install/lidar_cartographer/lib/pkgconfig/lidar_cartographer.pc'
[0.898s] Level 1:colcon.colcon_core.environment:checking '/home/kev/ldlidar_ros2_ws/install/lidar_cartographer/lib/python3.10/site-packages'
[0.898s] Level 1:colcon.colcon_core.environment:checking '/home/kev/ldlidar_ros2_ws/install/lidar_cartographer/bin'
[0.899s] INFO:colcon.colcon_core.shell:Creating package script '/home/kev/ldlidar_ros2_ws/install/lidar_cartographer/share/lidar_cartographer/package.ps1'
[0.899s] INFO:colcon.colcon_core.shell:Creating package descriptor '/home/kev/ldlidar_ros2_ws/install/lidar_cartographer/share/lidar_cartographer/package.dsv'
[0.900s] INFO:colcon.colcon_core.shell:Creating package script '/home/kev/ldlidar_ros2_ws/install/lidar_cartographer/share/lidar_cartographer/package.sh'
[0.902s] INFO:colcon.colcon_core.shell:Creating package script '/home/kev/ldlidar_ros2_ws/install/lidar_cartographer/share/lidar_cartographer/package.bash'
[0.903s] INFO:colcon.colcon_core.shell:Creating package script '/home/kev/ldlidar_ros2_ws/install/lidar_cartographer/share/lidar_cartographer/package.zsh'
[0.903s] Level 1:colcon.colcon_core.environment:create_file_with_runtime_dependencies(/home/kev/ldlidar_ros2_ws/install/lidar_cartographer/share/colcon-core/packages/lidar_cartographer)
[0.905s] DEBUG:colcon.colcon_core.event_handler.log_command:Invoked command in '/home/kev/ldlidar_ros2_ws/build/rf2o_laser_odometry' returned '0': CMAKE_PREFIX_PATH=${CMAKE_PREFIX_PATH}:/home/kev/ldlidar_ros2_ws/install/remapping:/home/kev/ldlidar_ros2_ws/install/my_turtlebot3_simulations:/home/kev/ldlidar_ros2_ws/install/map_remapper:/home/kev/ldlidar_ros2_ws/install/autonomous_exploration:/opt/ros/humble /usr/bin/cmake --build /home/kev/ldlidar_ros2_ws/build/rf2o_laser_odometry -- -j8 -l8
[0.921s] Level 1:colcon.colcon_core.environment:create_environment_scripts_only(lidar_cartographer)
[0.922s] Level 1:colcon.colcon_core.environment:checking '/home/kev/ldlidar_ros2_ws/install/lidar_cartographer' for CMake module files
[0.922s] Level 1:colcon.colcon_core.environment:checking '/home/kev/ldlidar_ros2_ws/install/lidar_cartographer' for CMake config files
[0.923s] Level 1:colcon.colcon_core.shell:create_environment_hook('lidar_cartographer', 'cmake_prefix_path')
[0.923s] INFO:colcon.colcon_core.shell:Creating environment hook '/home/kev/ldlidar_ros2_ws/install/lidar_cartographer/share/lidar_cartographer/hook/cmake_prefix_path.ps1'
[0.923s] INFO:colcon.colcon_core.shell:Creating environment descriptor '/home/kev/ldlidar_ros2_ws/install/lidar_cartographer/share/lidar_cartographer/hook/cmake_prefix_path.dsv'
[0.924s] INFO:colcon.colcon_core.shell:Creating environment hook '/home/kev/ldlidar_ros2_ws/install/lidar_cartographer/share/lidar_cartographer/hook/cmake_prefix_path.sh'
[0.924s] Level 1:colcon.colcon_core.environment:checking '/home/kev/ldlidar_ros2_ws/install/lidar_cartographer/bin'
[0.925s] Level 1:colcon.colcon_core.environment:checking '/home/kev/ldlidar_ros2_ws/install/lidar_cartographer/lib/pkgconfig/lidar_cartographer.pc'
[0.925s] Level 1:colcon.colcon_core.environment:checking '/home/kev/ldlidar_ros2_ws/install/lidar_cartographer/lib/python3.10/site-packages'
[0.925s] Level 1:colcon.colcon_core.environment:checking '/home/kev/ldlidar_ros2_ws/install/lidar_cartographer/bin'
[0.925s] INFO:colcon.colcon_core.shell:Creating package script '/home/kev/ldlidar_ros2_ws/install/lidar_cartographer/share/lidar_cartographer/package.ps1'
[0.926s] INFO:colcon.colcon_core.shell:Creating package descriptor '/home/kev/ldlidar_ros2_ws/install/lidar_cartographer/share/lidar_cartographer/package.dsv'
[0.926s] INFO:colcon.colcon_core.shell:Creating package script '/home/kev/ldlidar_ros2_ws/install/lidar_cartographer/share/lidar_cartographer/package.sh'
[0.927s] INFO:colcon.colcon_core.shell:Creating package script '/home/kev/ldlidar_ros2_ws/install/lidar_cartographer/share/lidar_cartographer/package.bash'
[0.927s] INFO:colcon.colcon_core.shell:Creating package script '/home/kev/ldlidar_ros2_ws/install/lidar_cartographer/share/lidar_cartographer/package.zsh'
[0.927s] Level 1:colcon.colcon_core.environment:create_file_with_runtime_dependencies(/home/kev/ldlidar_ros2_ws/install/lidar_cartographer/share/colcon-core/packages/lidar_cartographer)
[0.935s] DEBUG:colcon.colcon_core.event_handler.log_command:Invoking command in '/home/kev/ldlidar_ros2_ws/build/rf2o_laser_odometry': CMAKE_PREFIX_PATH=${CMAKE_PREFIX_PATH}:/home/kev/ldlidar_ros2_ws/install/remapping:/home/kev/ldlidar_ros2_ws/install/my_turtlebot3_simulations:/home/kev/ldlidar_ros2_ws/install/map_remapper:/home/kev/ldlidar_ros2_ws/install/autonomous_exploration:/opt/ros/humble /usr/bin/cmake --install /home/kev/ldlidar_ros2_ws/build/rf2o_laser_odometry
[0.958s] Level 1:colcon.colcon_core.environment:create_environment_scripts_only(rf2o_laser_odometry)
[0.958s] Level 1:colcon.colcon_core.environment:checking '/home/kev/ldlidar_ros2_ws/install/rf2o_laser_odometry' for CMake module files
[0.959s] DEBUG:colcon.colcon_core.event_handler.log_command:Invoked command in '/home/kev/ldlidar_ros2_ws/build/rf2o_laser_odometry' returned '0': CMAKE_PREFIX_PATH=${CMAKE_PREFIX_PATH}:/home/kev/ldlidar_ros2_ws/install/remapping:/home/kev/ldlidar_ros2_ws/install/my_turtlebot3_simulations:/home/kev/ldlidar_ros2_ws/install/map_remapper:/home/kev/ldlidar_ros2_ws/install/autonomous_exploration:/opt/ros/humble /usr/bin/cmake --install /home/kev/ldlidar_ros2_ws/build/rf2o_laser_odometry
[0.959s] Level 1:colcon.colcon_core.environment:checking '/home/kev/ldlidar_ros2_ws/install/rf2o_laser_odometry' for CMake config files
[0.959s] Level 1:colcon.colcon_core.shell:create_environment_hook('rf2o_laser_odometry', 'cmake_prefix_path')
[0.960s] INFO:colcon.colcon_core.shell:Creating environment hook '/home/kev/ldlidar_ros2_ws/install/rf2o_laser_odometry/share/rf2o_laser_odometry/hook/cmake_prefix_path.ps1'
[0.960s] INFO:colcon.colcon_core.shell:Creating environment descriptor '/home/kev/ldlidar_ros2_ws/install/rf2o_laser_odometry/share/rf2o_laser_odometry/hook/cmake_prefix_path.dsv'
[0.960s] INFO:colcon.colcon_core.shell:Creating environment hook '/home/kev/ldlidar_ros2_ws/install/rf2o_laser_odometry/share/rf2o_laser_odometry/hook/cmake_prefix_path.sh'
[0.961s] Level 1:colcon.colcon_core.environment:checking '/home/kev/ldlidar_ros2_ws/install/rf2o_laser_odometry/lib'
[0.961s] Level 1:colcon.colcon_core.environment:checking '/home/kev/ldlidar_ros2_ws/install/rf2o_laser_odometry/bin'
[0.961s] Level 1:colcon.colcon_core.environment:checking '/home/kev/ldlidar_ros2_ws/install/rf2o_laser_odometry/lib/pkgconfig/rf2o_laser_odometry.pc'
[0.961s] Level 1:colcon.colcon_core.environment:checking '/home/kev/ldlidar_ros2_ws/install/rf2o_laser_odometry/lib/python3.10/site-packages'
[0.962s] Level 1:colcon.colcon_core.environment:checking '/home/kev/ldlidar_ros2_ws/install/rf2o_laser_odometry/bin'
[0.962s] INFO:colcon.colcon_core.shell:Creating package script '/home/kev/ldlidar_ros2_ws/install/rf2o_laser_odometry/share/rf2o_laser_odometry/package.ps1'
[0.962s] INFO:colcon.colcon_core.shell:Creating package descriptor '/home/kev/ldlidar_ros2_ws/install/rf2o_laser_odometry/share/rf2o_laser_odometry/package.dsv'
[0.963s] INFO:colcon.colcon_core.shell:Creating package script '/home/kev/ldlidar_ros2_ws/install/rf2o_laser_odometry/share/rf2o_laser_odometry/package.sh'
[0.963s] INFO:colcon.colcon_core.shell:Creating package script '/home/kev/ldlidar_ros2_ws/install/rf2o_laser_odometry/share/rf2o_laser_odometry/package.bash'
[0.963s] INFO:colcon.colcon_core.shell:Creating package script '/home/kev/ldlidar_ros2_ws/install/rf2o_laser_odometry/share/rf2o_laser_odometry/package.zsh'
[0.964s] Level 1:colcon.colcon_core.environment:create_file_with_runtime_dependencies(/home/kev/ldlidar_ros2_ws/install/rf2o_laser_odometry/share/colcon-core/packages/rf2o_laser_odometry)
[0.988s] Level 1:colcon.colcon_core.environment:create_environment_scripts_only(rf2o_laser_odometry)
[0.988s] Level 1:colcon.colcon_core.environment:checking '/home/kev/ldlidar_ros2_ws/install/rf2o_laser_odometry' for CMake module files
[0.989s] Level 1:colcon.colcon_core.environment:checking '/home/kev/ldlidar_ros2_ws/install/rf2o_laser_odometry' for CMake config files
[0.989s] Level 1:colcon.colcon_core.shell:create_environment_hook('rf2o_laser_odometry', 'cmake_prefix_path')
[0.989s] INFO:colcon.colcon_core.shell:Creating environment hook '/home/kev/ldlidar_ros2_ws/install/rf2o_laser_odometry/share/rf2o_laser_odometry/hook/cmake_prefix_path.ps1'
[0.990s] INFO:colcon.colcon_core.shell:Creating environment descriptor '/home/kev/ldlidar_ros2_ws/install/rf2o_laser_odometry/share/rf2o_laser_odometry/hook/cmake_prefix_path.dsv'
[0.990s] INFO:colcon.colcon_core.shell:Creating environment hook '/home/kev/ldlidar_ros2_ws/install/rf2o_laser_odometry/share/rf2o_laser_odometry/hook/cmake_prefix_path.sh'
[0.991s] Level 1:colcon.colcon_core.environment:checking '/home/kev/ldlidar_ros2_ws/install/rf2o_laser_odometry/lib'
[0.991s] Level 1:colcon.colcon_core.environment:checking '/home/kev/ldlidar_ros2_ws/install/rf2o_laser_odometry/bin'
[0.991s] Level 1:colcon.colcon_core.environment:checking '/home/kev/ldlidar_ros2_ws/install/rf2o_laser_odometry/lib/pkgconfig/rf2o_laser_odometry.pc'
[0.991s] Level 1:colcon.colcon_core.environment:checking '/home/kev/ldlidar_ros2_ws/install/rf2o_laser_odometry/lib/python3.10/site-packages'
[0.992s] Level 1:colcon.colcon_core.environment:checking '/home/kev/ldlidar_ros2_ws/install/rf2o_laser_odometry/bin'
[0.992s] INFO:colcon.colcon_core.shell:Creating package script '/home/kev/ldlidar_ros2_ws/install/rf2o_laser_odometry/share/rf2o_laser_odometry/package.ps1'
[0.992s] INFO:colcon.colcon_core.shell:Creating package descriptor '/home/kev/ldlidar_ros2_ws/install/rf2o_laser_odometry/share/rf2o_laser_odometry/package.dsv'
[0.993s] INFO:colcon.colcon_core.shell:Creating package script '/home/kev/ldlidar_ros2_ws/install/rf2o_laser_odometry/share/rf2o_laser_odometry/package.sh'
[0.993s] INFO:colcon.colcon_core.shell:Creating package script '/home/kev/ldlidar_ros2_ws/install/rf2o_laser_odometry/share/rf2o_laser_odometry/package.bash'
[0.993s] INFO:colcon.colcon_core.shell:Creating package script '/home/kev/ldlidar_ros2_ws/install/rf2o_laser_odometry/share/rf2o_laser_odometry/package.zsh'
[0.994s] Level 1:colcon.colcon_core.environment:create_file_with_runtime_dependencies(/home/kev/ldlidar_ros2_ws/install/rf2o_laser_odometry/share/colcon-core/packages/rf2o_laser_odometry)
[1.149s] DEBUG:colcon.colcon_core.event_handler.log_command:Invoking command in '/home/kev/ldlidar_ros2_ws/src/remapping': PYTHONPATH=/home/kev/ldlidar_ros2_ws/build/remapping/prefix_override:/home/kev/ldlidar_ros2_ws/install/remapping/lib/python3.10/site-packages:${PYTHONPATH} /usr/bin/python3 -W ignore:setup.py install is deprecated setup.py egg_info --egg-base ../../build/remapping build --build-base /home/kev/ldlidar_ros2_ws/build/remapping/build install --record /home/kev/ldlidar_ros2_ws/build/remapping/install.log --single-version-externally-managed install_data
[1.152s] DEBUG:colcon.colcon_core.event_handler.log_command:Invoking command in '/home/kev/ldlidar_ros2_ws/src/autonomous_exploration': PYTHONPATH=/home/kev/ldlidar_ros2_ws/build/autonomous_exploration/prefix_override:/home/kev/ldlidar_ros2_ws/install/autonomous_exploration/lib/python3.10/site-packages:${PYTHONPATH} /usr/bin/python3 -W ignore:setup.py install is deprecated setup.py egg_info --egg-base ../../build/autonomous_exploration build --build-base /home/kev/ldlidar_ros2_ws/build/autonomous_exploration/build install --record /home/kev/ldlidar_ros2_ws/build/autonomous_exploration/install.log --single-version-externally-managed install_data
[1.153s] DEBUG:colcon.colcon_core.event_handler.log_command:Invoking command in '/home/kev/ldlidar_ros2_ws/src/map_remapper': PYTHONPATH=/home/kev/ldlidar_ros2_ws/build/map_remapper/prefix_override:/home/kev/ldlidar_ros2_ws/install/map_remapper/lib/python3.10/site-packages:${PYTHONPATH} /usr/bin/python3 -W ignore:setup.py install is deprecated setup.py egg_info --egg-base ../../build/map_remapper build --build-base /home/kev/ldlidar_ros2_ws/build/map_remapper/build install --record /home/kev/ldlidar_ros2_ws/build/map_remapper/install.log --single-version-externally-managed install_data
[1.368s] Level 1:colcon.colcon_core.environment:checking '/home/kev/ldlidar_ros2_ws/install/map_remapper' for CMake module files
[1.369s] DEBUG:colcon.colcon_core.event_handler.log_command:Invoked command in '/home/kev/ldlidar_ros2_ws/src/map_remapper' returned '0': PYTHONPATH=/home/kev/ldlidar_ros2_ws/build/map_remapper/prefix_override:/home/kev/ldlidar_ros2_ws/install/map_remapper/lib/python3.10/site-packages:${PYTHONPATH} /usr/bin/python3 -W ignore:setup.py install is deprecated setup.py egg_info --egg-base ../../build/map_remapper build --build-base /home/kev/ldlidar_ros2_ws/build/map_remapper/build install --record /home/kev/ldlidar_ros2_ws/build/map_remapper/install.log --single-version-externally-managed install_data
[1.370s] Level 1:colcon.colcon_core.environment:checking '/home/kev/ldlidar_ros2_ws/install/map_remapper' for CMake config files
[1.370s] Level 1:colcon.colcon_core.environment:checking '/home/kev/ldlidar_ros2_ws/install/map_remapper/lib'
[1.370s] Level 1:colcon.colcon_core.environment:checking '/home/kev/ldlidar_ros2_ws/install/map_remapper/bin'
[1.370s] Level 1:colcon.colcon_core.environment:checking '/home/kev/ldlidar_ros2_ws/install/map_remapper/lib/pkgconfig/map_remapper.pc'
[1.371s] Level 1:colcon.colcon_core.environment:checking '/home/kev/ldlidar_ros2_ws/install/map_remapper/lib/python3.10/site-packages'
[1.371s] Level 1:colcon.colcon_core.shell:create_environment_hook('map_remapper', 'pythonpath')
[1.371s] INFO:colcon.colcon_core.shell:Creating environment hook '/home/kev/ldlidar_ros2_ws/install/map_remapper/share/map_remapper/hook/pythonpath.ps1'
[1.372s] INFO:colcon.colcon_core.shell:Creating environment descriptor '/home/kev/ldlidar_ros2_ws/install/map_remapper/share/map_remapper/hook/pythonpath.dsv'
[1.372s] INFO:colcon.colcon_core.shell:Creating environment hook '/home/kev/ldlidar_ros2_ws/install/map_remapper/share/map_remapper/hook/pythonpath.sh'
[1.372s] Level 1:colcon.colcon_core.environment:checking '/home/kev/ldlidar_ros2_ws/install/map_remapper/bin'
[1.372s] Level 1:colcon.colcon_core.environment:create_environment_scripts_only(map_remapper)
[1.373s] INFO:colcon.colcon_core.shell:Creating package script '/home/kev/ldlidar_ros2_ws/install/map_remapper/share/map_remapper/package.ps1'
[1.373s] INFO:colcon.colcon_core.shell:Creating package descriptor '/home/kev/ldlidar_ros2_ws/install/map_remapper/share/map_remapper/package.dsv'
[1.374s] INFO:colcon.colcon_core.shell:Creating package script '/home/kev/ldlidar_ros2_ws/install/map_remapper/share/map_remapper/package.sh'
[1.374s] INFO:colcon.colcon_core.shell:Creating package script '/home/kev/ldlidar_ros2_ws/install/map_remapper/share/map_remapper/package.bash'
[1.374s] INFO:colcon.colcon_core.shell:Creating package script '/home/kev/ldlidar_ros2_ws/install/map_remapper/share/map_remapper/package.zsh'
[1.375s] Level 1:colcon.colcon_core.environment:create_file_with_runtime_dependencies(/home/kev/ldlidar_ros2_ws/install/map_remapper/share/colcon-core/packages/map_remapper)
[1.376s] Level 1:colcon.colcon_core.environment:checking '/home/kev/ldlidar_ros2_ws/install/remapping' for CMake module files
[1.376s] DEBUG:colcon.colcon_core.event_handler.log_command:Invoked command in '/home/kev/ldlidar_ros2_ws/src/remapping' returned '0': PYTHONPATH=/home/kev/ldlidar_ros2_ws/build/remapping/prefix_override:/home/kev/ldlidar_ros2_ws/install/remapping/lib/python3.10/site-packages:${PYTHONPATH} /usr/bin/python3 -W ignore:setup.py install is deprecated setup.py egg_info --egg-base ../../build/remapping build --build-base /home/kev/ldlidar_ros2_ws/build/remapping/build install --record /home/kev/ldlidar_ros2_ws/build/remapping/install.log --single-version-externally-managed install_data
[1.376s] Level 1:colcon.colcon_core.environment:checking '/home/kev/ldlidar_ros2_ws/install/remapping' for CMake config files
[1.377s] Level 1:colcon.colcon_core.environment:checking '/home/kev/ldlidar_ros2_ws/install/remapping/lib'
[1.377s] Level 1:colcon.colcon_core.environment:checking '/home/kev/ldlidar_ros2_ws/install/remapping/bin'
[1.377s] Level 1:colcon.colcon_core.environment:checking '/home/kev/ldlidar_ros2_ws/install/remapping/lib/pkgconfig/remapping.pc'
[1.377s] Level 1:colcon.colcon_core.environment:checking '/home/kev/ldlidar_ros2_ws/install/remapping/lib/python3.10/site-packages'
[1.377s] Level 1:colcon.colcon_core.shell:create_environment_hook('remapping', 'pythonpath')
[1.378s] INFO:colcon.colcon_core.shell:Creating environment hook '/home/kev/ldlidar_ros2_ws/install/remapping/share/remapping/hook/pythonpath.ps1'
[1.378s] INFO:colcon.colcon_core.shell:Creating environment descriptor '/home/kev/ldlidar_ros2_ws/install/remapping/share/remapping/hook/pythonpath.dsv'
[1.378s] INFO:colcon.colcon_core.shell:Creating environment hook '/home/kev/ldlidar_ros2_ws/install/remapping/share/remapping/hook/pythonpath.sh'
[1.379s] Level 1:colcon.colcon_core.environment:checking '/home/kev/ldlidar_ros2_ws/install/remapping/bin'
[1.379s] Level 1:colcon.colcon_core.environment:create_environment_scripts_only(remapping)
[1.379s] INFO:colcon.colcon_core.shell:Creating package script '/home/kev/ldlidar_ros2_ws/install/remapping/share/remapping/package.ps1'
[1.379s] INFO:colcon.colcon_core.shell:Creating package descriptor '/home/kev/ldlidar_ros2_ws/install/remapping/share/remapping/package.dsv'
[1.380s] INFO:colcon.colcon_core.shell:Creating package script '/home/kev/ldlidar_ros2_ws/install/remapping/share/remapping/package.sh'
[1.380s] INFO:colcon.colcon_core.shell:Creating package script '/home/kev/ldlidar_ros2_ws/install/remapping/share/remapping/package.bash'
[1.380s] INFO:colcon.colcon_core.shell:Creating package script '/home/kev/ldlidar_ros2_ws/install/remapping/share/remapping/package.zsh'
[1.381s] Level 1:colcon.colcon_core.environment:create_file_with_runtime_dependencies(/home/kev/ldlidar_ros2_ws/install/remapping/share/colcon-core/packages/remapping)
[1.383s] Level 1:colcon.colcon_core.environment:checking '/home/kev/ldlidar_ros2_ws/install/autonomous_exploration' for CMake module files
[1.384s] DEBUG:colcon.colcon_core.event_handler.log_command:Invoked command in '/home/kev/ldlidar_ros2_ws/src/autonomous_exploration' returned '0': PYTHONPATH=/home/kev/ldlidar_ros2_ws/build/autonomous_exploration/prefix_override:/home/kev/ldlidar_ros2_ws/install/autonomous_exploration/lib/python3.10/site-packages:${PYTHONPATH} /usr/bin/python3 -W ignore:setup.py install is deprecated setup.py egg_info --egg-base ../../build/autonomous_exploration build --build-base /home/kev/ldlidar_ros2_ws/build/autonomous_exploration/build install --record /home/kev/ldlidar_ros2_ws/build/autonomous_exploration/install.log --single-version-externally-managed install_data
[1.384s] Level 1:colcon.colcon_core.environment:checking '/home/kev/ldlidar_ros2_ws/install/autonomous_exploration' for CMake config files
[1.384s] Level 1:colcon.colcon_core.environment:checking '/home/kev/ldlidar_ros2_ws/install/autonomous_exploration/lib'
[1.384s] Level 1:colcon.colcon_core.environment:checking '/home/kev/ldlidar_ros2_ws/install/autonomous_exploration/bin'
[1.384s] Level 1:colcon.colcon_core.environment:checking '/home/kev/ldlidar_ros2_ws/install/autonomous_exploration/lib/pkgconfig/autonomous_exploration.pc'
[1.384s] Level 1:colcon.colcon_core.environment:checking '/home/kev/ldlidar_ros2_ws/install/autonomous_exploration/lib/python3.10/site-packages'
[1.384s] Level 1:colcon.colcon_core.shell:create_environment_hook('autonomous_exploration', 'pythonpath')
[1.384s] INFO:colcon.colcon_core.shell:Creating environment hook '/home/kev/ldlidar_ros2_ws/install/autonomous_exploration/share/autonomous_exploration/hook/pythonpath.ps1'
[1.385s] INFO:colcon.colcon_core.shell:Creating environment descriptor '/home/kev/ldlidar_ros2_ws/install/autonomous_exploration/share/autonomous_exploration/hook/pythonpath.dsv'
[1.385s] INFO:colcon.colcon_core.shell:Creating environment hook '/home/kev/ldlidar_ros2_ws/install/autonomous_exploration/share/autonomous_exploration/hook/pythonpath.sh'
[1.385s] Level 1:colcon.colcon_core.environment:checking '/home/kev/ldlidar_ros2_ws/install/autonomous_exploration/bin'
[1.385s] Level 1:colcon.colcon_core.environment:create_environment_scripts_only(autonomous_exploration)
[1.385s] INFO:colcon.colcon_core.shell:Creating package script '/home/kev/ldlidar_ros2_ws/install/autonomous_exploration/share/autonomous_exploration/package.ps1'
[1.386s] INFO:colcon.colcon_core.shell:Creating package descriptor '/home/kev/ldlidar_ros2_ws/install/autonomous_exploration/share/autonomous_exploration/package.dsv'
[1.386s] INFO:colcon.colcon_core.shell:Creating package script '/home/kev/ldlidar_ros2_ws/install/autonomous_exploration/share/autonomous_exploration/package.sh'
[1.386s] INFO:colcon.colcon_core.shell:Creating package script '/home/kev/ldlidar_ros2_ws/install/autonomous_exploration/share/autonomous_exploration/package.bash'
[1.386s] INFO:colcon.colcon_core.shell:Creating package script '/home/kev/ldlidar_ros2_ws/install/autonomous_exploration/share/autonomous_exploration/package.zsh'
[1.386s] Level 1:colcon.colcon_core.environment:create_file_with_runtime_dependencies(/home/kev/ldlidar_ros2_ws/install/autonomous_exploration/share/colcon-core/packages/autonomous_exploration)
[1.387s] DEBUG:colcon.colcon_parallel_executor.executor.parallel:closing loop
[1.387s] DEBUG:colcon.colcon_parallel_executor.executor.parallel:loop closed
[1.387s] DEBUG:colcon.colcon_parallel_executor.executor.parallel:run_until_complete finished with '0'
[1.387s] DEBUG:colcon.colcon_core.event_reactor:joining thread
[1.390s] INFO:colcon.colcon_core.plugin_system:Skipping extension 'colcon_notification.desktop_notification.terminal_notifier': Not used on non-Darwin systems
[1.390s] INFO:colcon.colcon_core.plugin_system:Skipping extension 'colcon_notification.desktop_notification.win32': Not used on non-Windows systems
[1.390s] INFO:colcon.colcon_notification.desktop_notification:Sending desktop notification using 'notify2'
[1.398s] DEBUG:colcon.colcon_core.event_reactor:joined thread
[1.399s] INFO:colcon.colcon_core.shell:Creating prefix script '/home/kev/ldlidar_ros2_ws/install/local_setup.ps1'
[1.399s] INFO:colcon.colcon_core.shell:Creating prefix util module '/home/kev/ldlidar_ros2_ws/install/_local_setup_util_ps1.py'
[1.401s] INFO:colcon.colcon_core.shell:Creating prefix chain script '/home/kev/ldlidar_ros2_ws/install/setup.ps1'
[1.402s] INFO:colcon.colcon_core.shell:Creating prefix script '/home/kev/ldlidar_ros2_ws/install/local_setup.sh'
[1.402s] INFO:colcon.colcon_core.shell:Creating prefix util module '/home/kev/ldlidar_ros2_ws/install/_local_setup_util_sh.py'
[1.402s] INFO:colcon.colcon_core.shell:Creating prefix chain script '/home/kev/ldlidar_ros2_ws/install/setup.sh'
[1.403s] INFO:colcon.colcon_core.shell:Creating prefix script '/home/kev/ldlidar_ros2_ws/install/local_setup.bash'
[1.403s] INFO:colcon.colcon_core.shell:Creating prefix chain script '/home/kev/ldlidar_ros2_ws/install/setup.bash'
[1.404s] INFO:colcon.colcon_core.shell:Creating prefix script '/home/kev/ldlidar_ros2_ws/install/local_setup.zsh'
[1.404s] INFO:colcon.colcon_core.shell:Creating prefix chain script '/home/kev/ldlidar_ros2_ws/install/setup.zsh'
