[1.094s] Invoking command in '/home/kev/ldlidar_ros2_ws/src/my_turtlebot3_simulations': PYTHONPATH=/home/kev/ldlidar_ros2_ws/build/my_turtlebot3_simulations/prefix_override:/home/kev/ldlidar_ros2_ws/install/my_turtlebot3_simulations/lib/python3.10/site-packages:${PYTHONPATH} /usr/bin/python3 -W ignore:setup.py install is deprecated setup.py egg_info --egg-base ../../build/my_turtlebot3_simulations build --build-base /home/kev/ldlidar_ros2_ws/build/my_turtlebot3_simulations/build install --record /home/kev/ldlidar_ros2_ws/build/my_turtlebot3_simulations/install.log --single-version-externally-managed install_data
[1.279s] running egg_info
[1.280s] creating ../../build/my_turtlebot3_simulations/my_turtlebot3_simulations.egg-info
[1.280s] writing ../../build/my_turtlebot3_simulations/my_turtlebot3_simulations.egg-info/PKG-INFO
[1.280s] writing dependency_links to ../../build/my_turtlebot3_simulations/my_turtlebot3_simulations.egg-info/dependency_links.txt
[1.280s] writing entry points to ../../build/my_turtlebot3_simulations/my_turtlebot3_simulations.egg-info/entry_points.txt
[1.280s] writing requirements to ../../build/my_turtlebot3_simulations/my_turtlebot3_simulations.egg-info/requires.txt
[1.280s] writing top-level names to ../../build/my_turtlebot3_simulations/my_turtlebot3_simulations.egg-info/top_level.txt
[1.280s] writing manifest file '../../build/my_turtlebot3_simulations/my_turtlebot3_simulations.egg-info/SOURCES.txt'
[1.281s] reading manifest file '../../build/my_turtlebot3_simulations/my_turtlebot3_simulations.egg-info/SOURCES.txt'
[1.282s] writing manifest file '../../build/my_turtlebot3_simulations/my_turtlebot3_simulations.egg-info/SOURCES.txt'
[1.282s] running build
[1.282s] running build_py
[1.282s] creating /home/kev/ldlidar_ros2_ws/build/my_turtlebot3_simulations/build
[1.282s] creating /home/kev/ldlidar_ros2_ws/build/my_turtlebot3_simulations/build/lib
[1.282s] creating /home/kev/ldlidar_ros2_ws/build/my_turtlebot3_simulations/build/lib/my_turtlebot3_simulations
[1.282s] copying my_turtlebot3_simulations/__init__.py -> /home/kev/ldlidar_ros2_ws/build/my_turtlebot3_simulations/build/lib/my_turtlebot3_simulations
[1.282s] running install
[1.282s] running install_lib
[1.283s] creating /home/kev/ldlidar_ros2_ws/install/my_turtlebot3_simulations/lib/python3.10/site-packages/my_turtlebot3_simulations
[1.283s] copying /home/kev/ldlidar_ros2_ws/build/my_turtlebot3_simulations/build/lib/my_turtlebot3_simulations/__init__.py -> /home/kev/ldlidar_ros2_ws/install/my_turtlebot3_simulations/lib/python3.10/site-packages/my_turtlebot3_simulations
[1.283s] byte-compiling /home/kev/ldlidar_ros2_ws/install/my_turtlebot3_simulations/lib/python3.10/site-packages/my_turtlebot3_simulations/__init__.py to __init__.cpython-310.pyc
[1.284s] running install_data
[1.284s] creating /home/kev/ldlidar_ros2_ws/install/my_turtlebot3_simulations/share/my_turtlebot3_simulations/launch
[1.284s] copying launch/turtlebot3_my_map.launch.py -> /home/kev/ldlidar_ros2_ws/install/my_turtlebot3_simulations/share/my_turtlebot3_simulations/launch
[1.284s] creating /home/kev/ldlidar_ros2_ws/install/my_turtlebot3_simulations/share/my_turtlebot3_simulations/worlds
[1.284s] copying worlds/my_map.world -> /home/kev/ldlidar_ros2_ws/install/my_turtlebot3_simulations/share/my_turtlebot3_simulations/worlds
[1.284s] running install_egg_info
[1.285s] Copying ../../build/my_turtlebot3_simulations/my_turtlebot3_simulations.egg-info to /home/kev/ldlidar_ros2_ws/install/my_turtlebot3_simulations/lib/python3.10/site-packages/my_turtlebot3_simulations-0.0.0-py3.10.egg-info
[1.285s] running install_scripts
[1.300s] writing list of installed files to '/home/kev/ldlidar_ros2_ws/build/my_turtlebot3_simulations/install.log'
[1.320s] Invoked command in '/home/kev/ldlidar_ros2_ws/src/my_turtlebot3_simulations' returned '0': PYTHONPATH=/home/kev/ldlidar_ros2_ws/build/my_turtlebot3_simulations/prefix_override:/home/kev/ldlidar_ros2_ws/install/my_turtlebot3_simulations/lib/python3.10/site-packages:${PYTHONPATH} /usr/bin/python3 -W ignore:setup.py install is deprecated setup.py egg_info --egg-base ../../build/my_turtlebot3_simulations build --build-base /home/kev/ldlidar_ros2_ws/build/my_turtlebot3_simulations/build install --record /home/kev/ldlidar_ros2_ws/build/my_turtlebot3_simulations/install.log --single-version-externally-managed install_data
