[0.975s] Invoking command in '/home/kev/ldlidar_ros2_ws/build/remapping': PYTHONPATH=/home/kev/ldlidar_ros2_ws/build/remapping/prefix_override:/home/kev/ldlidar_ros2_ws/install/remapping/lib/python3.10/site-packages:${PYTHONPATH} /usr/bin/python3 -W ignore:setup.py install is deprecated setup.py develop --uninstall --editable --build-directory /home/kev/ldlidar_ros2_ws/build/remapping/build
[1.304s] running develop
[1.305s] /usr/lib/python3/dist-packages/setuptools/command/easy_install.py:158: EasyInstallDeprecationWarning: easy_install command is deprecated. Use build and pip and other standards-based tools.
[1.305s]   warnings.warn(
[1.573s] Removing /home/kev/ldlidar_ros2_ws/install/remapping/lib/python3.10/site-packages/remapping.egg-link (link to .)
[1.612s] Invoked command in '/home/kev/ldlidar_ros2_ws/build/remapping' returned '0': PYTHONPATH=/home/kev/ldlidar_ros2_ws/build/remapping/prefix_override:/home/kev/ldlidar_ros2_ws/install/remapping/lib/python3.10/site-packages:${PYTHONPATH} /usr/bin/python3 -W ignore:setup.py install is deprecated setup.py develop --uninstall --editable --build-directory /home/kev/ldlidar_ros2_ws/build/remapping/build
[1.613s] Invoking command in '/home/kev/ldlidar_ros2_ws/src/remapping': PYTHONPATH=/home/kev/ldlidar_ros2_ws/build/remapping/prefix_override:/home/kev/ldlidar_ros2_ws/install/remapping/lib/python3.10/site-packages:${PYTHONPATH} /usr/bin/python3 -W ignore:setup.py install is deprecated setup.py egg_info --egg-base ../../build/remapping build --build-base /home/kev/ldlidar_ros2_ws/build/remapping/build install --record /home/kev/ldlidar_ros2_ws/build/remapping/install.log --single-version-externally-managed install_data --force
[1.779s] running egg_info
[1.779s] writing ../../build/remapping/remapping.egg-info/PKG-INFO
[1.780s] writing dependency_links to ../../build/remapping/remapping.egg-info/dependency_links.txt
[1.780s] writing entry points to ../../build/remapping/remapping.egg-info/entry_points.txt
[1.780s] writing requirements to ../../build/remapping/remapping.egg-info/requires.txt
[1.780s] writing top-level names to ../../build/remapping/remapping.egg-info/top_level.txt
[1.781s] reading manifest file '../../build/remapping/remapping.egg-info/SOURCES.txt'
[1.781s] writing manifest file '../../build/remapping/remapping.egg-info/SOURCES.txt'
[1.781s] running build
[1.781s] running build_py
[1.782s] running install
[1.782s] running install_lib
[1.782s] creating /home/kev/ldlidar_ros2_ws/install/remapping/lib/python3.10/site-packages/remapping
[1.782s] copying /home/kev/ldlidar_ros2_ws/build/remapping/build/lib/remapping/remap.py -> /home/kev/ldlidar_ros2_ws/install/remapping/lib/python3.10/site-packages/remapping
[1.783s] copying /home/kev/ldlidar_ros2_ws/build/remapping/build/lib/remapping/__init__.py -> /home/kev/ldlidar_ros2_ws/install/remapping/lib/python3.10/site-packages/remapping
[1.783s] byte-compiling /home/kev/ldlidar_ros2_ws/install/remapping/lib/python3.10/site-packages/remapping/remap.py to remap.cpython-310.pyc
[1.783s] byte-compiling /home/kev/ldlidar_ros2_ws/install/remapping/lib/python3.10/site-packages/remapping/__init__.py to __init__.cpython-310.pyc
[1.783s] running install_data
[1.783s] copying resource/remapping -> /home/kev/ldlidar_ros2_ws/install/remapping/share/ament_index/resource_index/packages
[1.783s] copying package.xml -> /home/kev/ldlidar_ros2_ws/install/remapping/share/remapping
[1.784s] running install_egg_info
[1.785s] Copying ../../build/remapping/remapping.egg-info to /home/kev/ldlidar_ros2_ws/install/remapping/lib/python3.10/site-packages/remapping-0.0.0-py3.10.egg-info
[1.785s] running install_scripts
[1.799s] Installing remap script to /home/kev/ldlidar_ros2_ws/install/remapping/lib/remapping
[1.800s] writing list of installed files to '/home/kev/ldlidar_ros2_ws/build/remapping/install.log'
[1.822s] Invoked command in '/home/kev/ldlidar_ros2_ws/src/remapping' returned '0': PYTHONPATH=/home/kev/ldlidar_ros2_ws/build/remapping/prefix_override:/home/kev/ldlidar_ros2_ws/install/remapping/lib/python3.10/site-packages:${PYTHONPATH} /usr/bin/python3 -W ignore:setup.py install is deprecated setup.py egg_info --egg-base ../../build/remapping build --build-base /home/kev/ldlidar_ros2_ws/build/remapping/build install --record /home/kev/ldlidar_ros2_ws/build/remapping/install.log --single-version-externally-managed install_data --force
