[0.516s] Invoking command in '/home/kev/ldlidar_ros2_ws/build/toolbox_lidar': CMAKE_PREFIX_PATH=${CMAKE_PREFIX_PATH}:/home/kev/ldlidar_ros2_ws/install/remapping:/home/kev/ldlidar_ros2_ws/install/map_remapper:/home/kev/ldlidar_ros2_ws/install/autonomous_exploration:/opt/ros/humble /usr/bin/cmake /home/kev/ldlidar_ros2_ws/src/toolbox_lidar -DCMAKE_INSTALL_PREFIX=/home/kev/ldlidar_ros2_ws/install/toolbox_lidar
[0.566s] -- The C compiler identification is GNU 11.4.0
[0.626s] -- The CXX compiler identification is GNU 11.4.0
[0.634s] -- Detecting C compiler ABI info
[0.698s] -- Detecting C compiler ABI info - done
[0.707s] -- Check for working C compiler: /usr/bin/cc - skipped
[0.708s] -- Detecting C compile features
[0.709s] -- Detecting C compile features - done
[0.710s] -- Detecting CXX compiler ABI info
[0.789s] -- Detecting CXX compiler ABI info - done
[0.794s] -- Check for working CXX compiler: /usr/bin/c++ - skipped
[0.794s] -- Detecting CXX compile features
[0.795s] -- Detecting CXX compile features - done
[0.797s] -- Found ament_cmake: 1.3.9 (/opt/ros/humble/share/ament_cmake/cmake)
[0.932s] -- Found Python3: /usr/bin/python3 (found version "3.10.12") found components: Interpreter 
[1.040s] -- Found rclcpp: 16.0.9 (/opt/ros/humble/share/rclcpp/cmake)
[1.096s] -- Found rosidl_generator_c: 3.1.5 (/opt/ros/humble/share/rosidl_generator_c/cmake)
[1.102s] -- Found rosidl_adapter: 3.1.5 (/opt/ros/humble/share/rosidl_adapter/cmake)
[1.112s] -- Found rosidl_generator_cpp: 3.1.5 (/opt/ros/humble/share/rosidl_generator_cpp/cmake)
[1.130s] -- Using all available rosidl_typesupport_c: rosidl_typesupport_fastrtps_c;rosidl_typesupport_introspection_c
[1.155s] -- Using all available rosidl_typesupport_cpp: rosidl_typesupport_fastrtps_cpp;rosidl_typesupport_introspection_cpp
[1.234s] -- Found rmw_implementation_cmake: 6.1.2 (/opt/ros/humble/share/rmw_implementation_cmake/cmake)
[1.237s] -- Found rmw_fastrtps_cpp: 6.2.6 (/opt/ros/humble/share/rmw_fastrtps_cpp/cmake)
[1.301s] -- Found OpenSSL: /usr/lib/x86_64-linux-gnu/libcrypto.so (found version "3.0.2")  
[1.323s] -- Found FastRTPS: /opt/ros/humble/include  
[1.357s] -- Using RMW implementation 'rmw_fastrtps_cpp' as default
[1.364s] -- Looking for pthread.h
[1.412s] -- Looking for pthread.h - found
[1.413s] -- Performing Test CMAKE_HAVE_LIBC_PTHREAD
[1.462s] -- Performing Test CMAKE_HAVE_LIBC_PTHREAD - Success
[1.463s] -- Found Threads: TRUE  
[1.561s] -- Found slam_toolbox: 2.6.8 (/opt/ros/humble/share/slam_toolbox/cmake)
[2.173s] -- Found eigen3_cmake_module: 0.1.1 (/opt/ros/humble/share/eigen3_cmake_module/cmake)
[2.174s] -- Found Eigen3: TRUE (found version "3.4.0") 
[2.174s] -- Ensuring Eigen3 include directory is part of orocos-kdl CMake target
[2.278s] -- Setting OGRE_DIR to: '/opt/ros/humble/share/rviz_ogre_vendor/cmake/../../../opt/rviz_ogre_vendor/lib/OGRE/cmake'
[2.279s] -- Found OGRE
[2.280s] --   static     : OFF
[2.280s] --   components : HLMS;MeshLodGenerator;Overlay;Paging;Property;RTShaderSystem;Terrain;Volume
[2.280s] --   plugins    : Plugin_BSPSceneManager;Plugin_OctreeSceneManager;Plugin_PCZSceneManager;Plugin_ParticleFX;RenderSystem_GL;RenderSystem_GL3Plus;Codec_STBI
[2.280s] --   media      : /opt/ros/humble/opt/rviz_ogre_vendor/share/OGRE/Media
[2.280s] -- OGRE_LIBRARIES: OgreHLMS;OgreMeshLodGenerator;OgreOverlay;OgrePaging;OgreProperty;OgreRTShaderSystem;OgreTerrain;OgreVolume;OgreMain
[2.280s] -- OGRE_LIBRARY_DIRS: /opt/ros/humble/opt/rviz_ogre_vendor/lib
[2.280s] -- OGRE_PLUGINS: Plugin_BSPSceneManager;Plugin_OctreeSceneManager;Plugin_PCZSceneManager;Plugin_ParticleFX;RenderSystem_GL;RenderSystem_GL3Plus;Codec_STBI
[2.280s] -- OGRE_PLUGIN_DIR: /opt/ros/humble/opt/rviz_ogre_vendor/lib/OGRE
[2.280s] -- rviz_ogre_vendor::OgreOverlay for IMPORTED_LOCATION_RELEASE: /opt/ros/humble/opt/rviz_ogre_vendor/lib/libOgreOverlay.so
[2.280s] -- rviz_ogre_vendor::OgreOverlay for IMPORTED_LOCATION_DEBUG: /opt/ros/humble/opt/rviz_ogre_vendor/lib/libOgreOverlay.so
[2.280s] -- rviz_ogre_vendor::OgreMain for IMPORTED_LOCATION_RELEASE: /opt/ros/humble/opt/rviz_ogre_vendor/lib/libOgreMain.so
[2.280s] -- rviz_ogre_vendor::OgreMain for IMPORTED_LOCATION_DEBUG: /opt/ros/humble/opt/rviz_ogre_vendor/lib/libOgreMain.so
[2.304s] -- Found ZLIB: /usr/lib/x86_64-linux-gnu/libz.so (found version "1.2.11") 
[2.308s] -- Found OpenGL: /usr/lib/x86_64-linux-gnu/libOpenGL.so   
[2.379s] -- Found X11: /usr/include   
[2.380s] -- Looking for XOpenDisplay in /usr/lib/x86_64-linux-gnu/libX11.so;/usr/lib/x86_64-linux-gnu/libXext.so
[2.438s] -- Looking for XOpenDisplay in /usr/lib/x86_64-linux-gnu/libX11.so;/usr/lib/x86_64-linux-gnu/libXext.so - found
[2.438s] -- Looking for gethostbyname
[2.492s] -- Looking for gethostbyname - found
[2.492s] -- Looking for connect
[2.547s] -- Looking for connect - found
[2.547s] -- Looking for remove
[2.602s] -- Looking for remove - found
[2.603s] -- Looking for shmat
[2.655s] -- Looking for shmat - found
[2.655s] -- Looking for IceConnectionNumber in ICE
[2.712s] -- Looking for IceConnectionNumber in ICE - found
[2.714s] -- rviz_ogre_vendor::RenderSystem_GL for IMPORTED_LOCATION_RELEASE: _render_system_gl_static_library_abs-NOTFOUND
[2.714s] -- rviz_ogre_vendor::RenderSystem_GL for IMPORTED_LOCATION_DEBUG: _render_system_gl_static_library_abs-NOTFOUND
[2.786s] -- library: /usr/lib/x86_64-linux-gnu/libcurl.so
[3.171s] -- Found ament_lint_auto: 0.12.11 (/opt/ros/humble/share/ament_lint_auto/cmake)
[3.240s] -- Added test 'flake8' to check Python code syntax and style conventions
[3.241s] -- Added test 'lint_cmake' to check CMake code style
[3.241s] -- Added test 'pep257' to check Python code against some of the docstring style conventions in PEP 257
[3.243s] -- Added test 'xmllint' to check XML markup files
[3.244s] -- Configuring done
[3.250s] -- Generating done
[3.252s] -- Build files have been written to: /home/kev/ldlidar_ros2_ws/build/toolbox_lidar
[3.264s] Invoked command in '/home/kev/ldlidar_ros2_ws/build/toolbox_lidar' returned '0': CMAKE_PREFIX_PATH=${CMAKE_PREFIX_PATH}:/home/kev/ldlidar_ros2_ws/install/remapping:/home/kev/ldlidar_ros2_ws/install/map_remapper:/home/kev/ldlidar_ros2_ws/install/autonomous_exploration:/opt/ros/humble /usr/bin/cmake /home/kev/ldlidar_ros2_ws/src/toolbox_lidar -DCMAKE_INSTALL_PREFIX=/home/kev/ldlidar_ros2_ws/install/toolbox_lidar
[3.266s] Invoking command in '/home/kev/ldlidar_ros2_ws/build/toolbox_lidar': CMAKE_PREFIX_PATH=${CMAKE_PREFIX_PATH}:/home/kev/ldlidar_ros2_ws/install/remapping:/home/kev/ldlidar_ros2_ws/install/map_remapper:/home/kev/ldlidar_ros2_ws/install/autonomous_exploration:/opt/ros/humble /usr/bin/cmake --build /home/kev/ldlidar_ros2_ws/build/toolbox_lidar -- -j8 -l8
[3.301s] Invoked command in '/home/kev/ldlidar_ros2_ws/build/toolbox_lidar' returned '0': CMAKE_PREFIX_PATH=${CMAKE_PREFIX_PATH}:/home/kev/ldlidar_ros2_ws/install/remapping:/home/kev/ldlidar_ros2_ws/install/map_remapper:/home/kev/ldlidar_ros2_ws/install/autonomous_exploration:/opt/ros/humble /usr/bin/cmake --build /home/kev/ldlidar_ros2_ws/build/toolbox_lidar -- -j8 -l8
[3.320s] Invoking command in '/home/kev/ldlidar_ros2_ws/build/toolbox_lidar': CMAKE_PREFIX_PATH=${CMAKE_PREFIX_PATH}:/home/kev/ldlidar_ros2_ws/install/remapping:/home/kev/ldlidar_ros2_ws/install/map_remapper:/home/kev/ldlidar_ros2_ws/install/autonomous_exploration:/opt/ros/humble /usr/bin/cmake --install /home/kev/ldlidar_ros2_ws/build/toolbox_lidar
[3.328s] -- Install configuration: ""
[3.328s] -- Installing: /home/kev/ldlidar_ros2_ws/install/toolbox_lidar/share/toolbox_lidar/launch
[3.328s] -- Installing: /home/kev/ldlidar_ros2_ws/install/toolbox_lidar/share/toolbox_lidar/launch/slam_toolbox.launch.py
[3.328s] -- Installing: /home/kev/ldlidar_ros2_ws/install/toolbox_lidar/share/toolbox_lidar/config
[3.328s] -- Installing: /home/kev/ldlidar_ros2_ws/install/toolbox_lidar/share/toolbox_lidar/config/slam_toolbox_config.yaml
[3.329s] -- Installing: /home/kev/ldlidar_ros2_ws/install/toolbox_lidar/share/ament_index/resource_index/package_run_dependencies/toolbox_lidar
[3.329s] -- Installing: /home/kev/ldlidar_ros2_ws/install/toolbox_lidar/share/ament_index/resource_index/parent_prefix_path/toolbox_lidar
[3.329s] -- Installing: /home/kev/ldlidar_ros2_ws/install/toolbox_lidar/share/toolbox_lidar/environment/ament_prefix_path.sh
[3.329s] -- Installing: /home/kev/ldlidar_ros2_ws/install/toolbox_lidar/share/toolbox_lidar/environment/ament_prefix_path.dsv
[3.329s] -- Installing: /home/kev/ldlidar_ros2_ws/install/toolbox_lidar/share/toolbox_lidar/environment/path.sh
[3.329s] -- Installing: /home/kev/ldlidar_ros2_ws/install/toolbox_lidar/share/toolbox_lidar/environment/path.dsv
[3.329s] -- Installing: /home/kev/ldlidar_ros2_ws/install/toolbox_lidar/share/toolbox_lidar/local_setup.bash
[3.329s] -- Installing: /home/kev/ldlidar_ros2_ws/install/toolbox_lidar/share/toolbox_lidar/local_setup.sh
[3.329s] -- Installing: /home/kev/ldlidar_ros2_ws/install/toolbox_lidar/share/toolbox_lidar/local_setup.zsh
[3.329s] -- Installing: /home/kev/ldlidar_ros2_ws/install/toolbox_lidar/share/toolbox_lidar/local_setup.dsv
[3.329s] -- Installing: /home/kev/ldlidar_ros2_ws/install/toolbox_lidar/share/toolbox_lidar/package.dsv
[3.329s] -- Installing: /home/kev/ldlidar_ros2_ws/install/toolbox_lidar/share/ament_index/resource_index/packages/toolbox_lidar
[3.329s] -- Installing: /home/kev/ldlidar_ros2_ws/install/toolbox_lidar/share/toolbox_lidar/cmake/toolbox_lidarConfig.cmake
[3.329s] -- Installing: /home/kev/ldlidar_ros2_ws/install/toolbox_lidar/share/toolbox_lidar/cmake/toolbox_lidarConfig-version.cmake
[3.330s] -- Installing: /home/kev/ldlidar_ros2_ws/install/toolbox_lidar/share/toolbox_lidar/package.xml
[3.332s] Invoked command in '/home/kev/ldlidar_ros2_ws/build/toolbox_lidar' returned '0': CMAKE_PREFIX_PATH=${CMAKE_PREFIX_PATH}:/home/kev/ldlidar_ros2_ws/install/remapping:/home/kev/ldlidar_ros2_ws/install/map_remapper:/home/kev/ldlidar_ros2_ws/install/autonomous_exploration:/opt/ros/humble /usr/bin/cmake --install /home/kev/ldlidar_ros2_ws/build/toolbox_lidar
