[1.130s] Invoking command in '/home/kev/ldlidar_ros2_ws/src/remapping': PYTHONPATH=/home/kev/ldlidar_ros2_ws/build/remapping/prefix_override:/home/kev/ldlidar_ros2_ws/install/remapping/lib/python3.10/site-packages:${PYTHONPATH} /usr/bin/python3 -W ignore:setup.py install is deprecated setup.py egg_info --egg-base ../../build/remapping build --build-base /home/kev/ldlidar_ros2_ws/build/remapping/build install --record /home/kev/ldlidar_ros2_ws/build/remapping/install.log --single-version-externally-managed install_data
[1.409s] running egg_info
[1.410s] writing ../../build/remapping/remapping.egg-info/PKG-INFO
[1.410s] writing dependency_links to ../../build/remapping/remapping.egg-info/dependency_links.txt
[1.410s] writing entry points to ../../build/remapping/remapping.egg-info/entry_points.txt
[1.410s] writing requirements to ../../build/remapping/remapping.egg-info/requires.txt
[1.410s] writing top-level names to ../../build/remapping/remapping.egg-info/top_level.txt
[1.411s] reading manifest file '../../build/remapping/remapping.egg-info/SOURCES.txt'
[1.412s] writing manifest file '../../build/remapping/remapping.egg-info/SOURCES.txt'
[1.412s] running build
[1.412s] running build_py
[1.412s] running install
[1.413s] running install_lib
[1.414s] running install_data
[1.414s] running install_egg_info
[1.415s] removing '/home/kev/ldlidar_ros2_ws/install/remapping/lib/python3.10/site-packages/remapping-0.0.0-py3.10.egg-info' (and everything under it)
[1.415s] Copying ../../build/remapping/remapping.egg-info to /home/kev/ldlidar_ros2_ws/install/remapping/lib/python3.10/site-packages/remapping-0.0.0-py3.10.egg-info
[1.416s] running install_scripts
[1.432s] Installing remap script to /home/kev/ldlidar_ros2_ws/install/remapping/lib/remapping
[1.432s] writing list of installed files to '/home/kev/ldlidar_ros2_ws/build/remapping/install.log'
[1.461s] Invoked command in '/home/kev/ldlidar_ros2_ws/src/remapping' returned '0': PYTHONPATH=/home/kev/ldlidar_ros2_ws/build/remapping/prefix_override:/home/kev/ldlidar_ros2_ws/install/remapping/lib/python3.10/site-packages:${PYTHONPATH} /usr/bin/python3 -W ignore:setup.py install is deprecated setup.py egg_info --egg-base ../../build/remapping build --build-base /home/kev/ldlidar_ros2_ws/build/remapping/build install --record /home/kev/ldlidar_ros2_ws/build/remapping/install.log --single-version-externally-managed install_data
