[0.191s] Invoking command in '/home/kev/ldlidar_ros2_ws/build/explore_lite': CMAKE_PREFIX_PATH=/opt/ros/humble /usr/bin/cmake /home/kev/ldlidar_ros2_ws/src/m-explore-ros2/explore -DAMENT_CMAKE_SYMLINK_INSTALL=1 -DCMAKE_INSTALL_PREFIX=/home/kev/ldlidar_ros2_ws/install/explore_lite
[0.625s] -- The C compiler identification is GNU 11.4.0
[0.626s] -- The CXX compiler identification is GNU 11.4.0
[0.626s] -- Detecting C compiler ABI info
[0.626s] -- Detecting C compiler ABI info - done
[0.626s] -- Check for working C compiler: /usr/bin/cc - skipped
[0.626s] -- Detecting C compile features
[0.627s] -- Detecting C compile features - done
[0.627s] -- Detecting CXX compiler ABI info
[0.627s] -- Detecting CXX compiler ABI info - done
[0.627s] -- Check for working CXX compiler: /usr/bin/c++ - skipped
[0.627s] -- Detecting CXX compile features
[0.627s] -- Detecting CXX compile features - done
[0.627s] -- BuilD for ROS2: humble
[0.627s] -- Found ament_cmake: 1.3.9 (/opt/ros/humble/share/ament_cmake/cmake)
[0.627s] -- Found Python3: /usr/bin/python3 (found version "3.10.12") found components: Interpreter 
[0.627s] -- Override CMake install command with custom implementation using symlinks instead of copying resources
[0.627s] -- Found rclcpp: 16.0.9 (/opt/ros/humble/share/rclcpp/cmake)
[0.677s] -- Found rosidl_generator_c: 3.1.5 (/opt/ros/humble/share/rosidl_generator_c/cmake)
[0.684s] -- Found rosidl_adapter: 3.1.5 (/opt/ros/humble/share/rosidl_adapter/cmake)
[0.701s] -- Found rosidl_generator_cpp: 3.1.5 (/opt/ros/humble/share/rosidl_generator_cpp/cmake)
[0.720s] -- Using all available rosidl_typesupport_c: rosidl_typesupport_fastrtps_c;rosidl_typesupport_introspection_c
[0.751s] -- Using all available rosidl_typesupport_cpp: rosidl_typesupport_fastrtps_cpp;rosidl_typesupport_introspection_cpp
[0.913s] -- Found rmw_implementation_cmake: 6.1.2 (/opt/ros/humble/share/rmw_implementation_cmake/cmake)
[0.917s] -- Found rmw_fastrtps_cpp: 6.2.6 (/opt/ros/humble/share/rmw_fastrtps_cpp/cmake)
[1.163s] -- Found OpenSSL: /usr/lib/x86_64-linux-gnu/libcrypto.so (found version "3.0.2")  
[1.207s] -- Found FastRTPS: /opt/ros/humble/include  
[1.251s] -- Using RMW implementation 'rmw_fastrtps_cpp' as default
[1.259s] -- Looking for pthread.h
[1.323s] -- Looking for pthread.h - found
[1.323s] -- Performing Test CMAKE_HAVE_LIBC_PTHREAD
[1.420s] -- Performing Test CMAKE_HAVE_LIBC_PTHREAD - Success
[1.420s] -- Found Threads: TRUE  
[1.635s] -- Found sensor_msgs: 4.2.4 (/opt/ros/humble/share/sensor_msgs/cmake)
[1.750s] -- Found tf2_ros: 0.25.7 (/opt/ros/humble/share/tf2_ros/cmake)
[2.034s] -- Found tf2_geometry_msgs: 0.25.7 (/opt/ros/humble/share/tf2_geometry_msgs/cmake)
[2.046s] -- Found eigen3_cmake_module: 0.1.1 (/opt/ros/humble/share/eigen3_cmake_module/cmake)
[2.046s] -- Found Eigen3: TRUE (found version "3.4.0") 
[2.046s] -- Ensuring Eigen3 include directory is part of orocos-kdl CMake target
[2.054s] -- Found nav2_msgs: 1.1.15 (/opt/ros/humble/share/nav2_msgs/cmake)
[2.265s] -- Found map_msgs: 2.1.0 (/opt/ros/humble/share/map_msgs/cmake)
[2.398s] -- Found visualization_msgs: 4.2.4 (/opt/ros/humble/share/visualization_msgs/cmake)
[2.561s] -- Found nav2_costmap_2d: 1.1.15 (/opt/ros/humble/share/nav2_costmap_2d/cmake)
[3.266s] -- Found ament_lint_auto: 0.12.11 (/opt/ros/humble/share/ament_lint_auto/cmake)
[3.319s] -- Found ament_cmake_gtest: 1.3.9 (/opt/ros/humble/share/ament_cmake_gtest/cmake)
[3.321s] -- Found gtest sources under '/opt/ros/humble/src/gtest_vendor': C++ tests using 'Google Test' will be built
[3.330s] -- Added test 'cppcheck' to perform static code analysis on C / C++ code
[3.330s] -- Configured cppcheck include dirs: /home/kev/ldlidar_ros2_ws/src/m-explore-ros2/explore/include;$<BUILD_INTERFACE:/home/kev/ldlidar_ros2_ws/src/m-explore-ros2/explore/include>
[3.330s] -- Configured cppcheck exclude dirs and/or files: 
[3.331s] -- Added test 'flake8' to check Python code syntax and style conventions
[3.331s] -- Added test 'lint_cmake' to check CMake code style
[3.332s] -- Added test 'pep257' to check Python code against some of the docstring style conventions in PEP 257
[3.333s] -- Added test 'uncrustify' to check C / C++ code style
[3.333s] -- Configured uncrustify additional arguments: 
[3.333s] -- Added test 'xmllint' to check XML markup files
[3.334s] -- Configuring done
[3.398s] -- Generating done
[3.399s] -- Build files have been written to: /home/kev/ldlidar_ros2_ws/build/explore_lite
[3.410s] Invoked command in '/home/kev/ldlidar_ros2_ws/build/explore_lite' returned '0': CMAKE_PREFIX_PATH=/opt/ros/humble /usr/bin/cmake /home/kev/ldlidar_ros2_ws/src/m-explore-ros2/explore -DAMENT_CMAKE_SYMLINK_INSTALL=1 -DCMAKE_INSTALL_PREFIX=/home/kev/ldlidar_ros2_ws/install/explore_lite
[3.411s] Invoking command in '/home/kev/ldlidar_ros2_ws/build/explore_lite': CMAKE_PREFIX_PATH=/opt/ros/humble /usr/bin/cmake --build /home/kev/ldlidar_ros2_ws/build/explore_lite -- -j8 -l8
[3.457s] [ 10%] [32mBuilding CXX object CMakeFiles/explore.dir/src/costmap_client.cpp.o[0m
[3.457s] [ 20%] [32mBuilding CXX object gtest/CMakeFiles/gtest_main.dir/src/gtest_main.cc.o[0m
[3.457s] [ 30%] [32mBuilding CXX object gtest/CMakeFiles/gtest.dir/src/gtest-all.cc.o[0m
[3.458s] [ 50%] [32mBuilding CXX object CMakeFiles/explore.dir/src/explore.cpp.o[0m
[3.458s] [ 50%] [32mBuilding CXX object CMakeFiles/explore.dir/src/frontier_search.cpp.o[0m
[4.042s] [ 60%] [32m[1mLinking CXX static library libgtest_main.a[0m
[4.070s] [ 60%] Built target gtest_main
[6.091s] [ 70%] [32m[1mLinking CXX static library libgtest.a[0m
[6.136s] [ 70%] Built target gtest
[6.155s] [ 80%] [32mBuilding CXX object CMakeFiles/test_explore.dir/test/test_explore.cpp.o[0m
[7.007s] [ 90%] [32m[1mLinking CXX executable test_explore[0m
[7.684s] [ 90%] Built target test_explore
[13.546s] [100%] [32m[1mLinking CXX executable explore[0m
[14.985s] [100%] Built target explore
[14.993s] Invoked command in '/home/kev/ldlidar_ros2_ws/build/explore_lite' returned '0': CMAKE_PREFIX_PATH=/opt/ros/humble /usr/bin/cmake --build /home/kev/ldlidar_ros2_ws/build/explore_lite -- -j8 -l8
[15.018s] Invoking command in '/home/kev/ldlidar_ros2_ws/build/explore_lite': CMAKE_PREFIX_PATH=/opt/ros/humble /usr/bin/cmake --install /home/kev/ldlidar_ros2_ws/build/explore_lite
[15.024s] -- Install configuration: ""
[15.024s] -- Execute custom install script
[15.024s] -- Symlinking: /home/kev/ldlidar_ros2_ws/install/explore_lite/include/explore//costmap_client.h
[15.032s] -- Symlinking: /home/kev/ldlidar_ros2_ws/install/explore_lite/include/explore//costmap_tools.h
[15.038s] -- Symlinking: /home/kev/ldlidar_ros2_ws/install/explore_lite/include/explore//explore.h
[15.045s] -- Symlinking: /home/kev/ldlidar_ros2_ws/install/explore_lite/include/explore//frontier_search.h
[15.052s] -- Symlinking: /home/kev/ldlidar_ros2_ws/install/explore_lite/share/explore_lite/config/params.yaml
[15.059s] -- Symlinking: /home/kev/ldlidar_ros2_ws/install/explore_lite/share/explore_lite/config/params_costmap.yaml
[15.066s] -- Symlinking: /home/kev/ldlidar_ros2_ws/install/explore_lite/share/explore_lite/launch/explore.launch.py
[15.072s] -- Symlinking: /home/kev/ldlidar_ros2_ws/install/explore_lite/lib/explore_lite/explore
[15.079s] -- Symlinking: /home/kev/ldlidar_ros2_ws/install/explore_lite/share/ament_index/resource_index/package_run_dependencies/explore_lite
[15.085s] -- Symlinking: /home/kev/ldlidar_ros2_ws/install/explore_lite/share/ament_index/resource_index/parent_prefix_path/explore_lite
[15.092s] -- Symlinking: /home/kev/ldlidar_ros2_ws/install/explore_lite/share/explore_lite/environment/ament_prefix_path.sh
[15.099s] -- Symlinking: /home/kev/ldlidar_ros2_ws/install/explore_lite/share/explore_lite/environment/ament_prefix_path.dsv
[15.106s] -- Symlinking: /home/kev/ldlidar_ros2_ws/install/explore_lite/share/explore_lite/environment/path.sh
[15.112s] -- Symlinking: /home/kev/ldlidar_ros2_ws/install/explore_lite/share/explore_lite/environment/path.dsv
[15.118s] -- Symlinking: /home/kev/ldlidar_ros2_ws/install/explore_lite/share/explore_lite/local_setup.bash
[15.125s] -- Symlinking: /home/kev/ldlidar_ros2_ws/install/explore_lite/share/explore_lite/local_setup.sh
[15.131s] -- Symlinking: /home/kev/ldlidar_ros2_ws/install/explore_lite/share/explore_lite/local_setup.zsh
[15.138s] -- Symlinking: /home/kev/ldlidar_ros2_ws/install/explore_lite/share/explore_lite/local_setup.dsv
[15.146s] -- Symlinking: /home/kev/ldlidar_ros2_ws/install/explore_lite/share/explore_lite/package.dsv
[15.160s] -- Symlinking: /home/kev/ldlidar_ros2_ws/install/explore_lite/share/ament_index/resource_index/packages/explore_lite
[15.167s] -- Symlinking: /home/kev/ldlidar_ros2_ws/install/explore_lite/share/explore_lite/cmake/ament_cmake_export_include_directories-extras.cmake
[15.175s] -- Symlinking: /home/kev/ldlidar_ros2_ws/install/explore_lite/share/explore_lite/cmake/explore_liteConfig.cmake
[15.182s] -- Symlinking: /home/kev/ldlidar_ros2_ws/install/explore_lite/share/explore_lite/cmake/explore_liteConfig-version.cmake
[15.189s] -- Symlinking: /home/kev/ldlidar_ros2_ws/install/explore_lite/share/explore_lite/package.xml
[15.198s] Invoked command in '/home/kev/ldlidar_ros2_ws/build/explore_lite' returned '0': CMAKE_PREFIX_PATH=/opt/ros/humble /usr/bin/cmake --install /home/kev/ldlidar_ros2_ws/build/explore_lite
