[0.605s] Invoking command in '/home/kev/ldlidar_ros2_ws/src/map_remapper': PYTHONPATH=/home/kev/ldlidar_ros2_ws/build/map_remapper/prefix_override:/home/kev/ldlidar_ros2_ws/install/map_remapper/lib/python3.10/site-packages:${PYTHONPATH} /usr/bin/python3 -W ignore:setup.py install is deprecated setup.py egg_info --egg-base ../../build/map_remapper build --build-base /home/kev/ldlidar_ros2_ws/build/map_remapper/build install --record /home/kev/ldlidar_ros2_ws/build/map_remapper/install.log --single-version-externally-managed install_data
[0.758s] running egg_info
[0.758s] writing ../../build/map_remapper/map_remapper.egg-info/PKG-INFO
[0.758s] writing dependency_links to ../../build/map_remapper/map_remapper.egg-info/dependency_links.txt
[0.758s] writing entry points to ../../build/map_remapper/map_remapper.egg-info/entry_points.txt
[0.759s] writing requirements to ../../build/map_remapper/map_remapper.egg-info/requires.txt
[0.759s] writing top-level names to ../../build/map_remapper/map_remapper.egg-info/top_level.txt
[0.760s] reading manifest file '../../build/map_remapper/map_remapper.egg-info/SOURCES.txt'
[0.760s] writing manifest file '../../build/map_remapper/map_remapper.egg-info/SOURCES.txt'
[0.761s] running build
[0.761s] running build_py
[0.761s] running install
[0.761s] running install_lib
[0.762s] running install_data
[0.762s] running install_egg_info
[0.763s] removing '/home/kev/ldlidar_ros2_ws/install/map_remapper/lib/python3.10/site-packages/map_remapper-0.0.0-py3.10.egg-info' (and everything under it)
[0.763s] Copying ../../build/map_remapper/map_remapper.egg-info to /home/kev/ldlidar_ros2_ws/install/map_remapper/lib/python3.10/site-packages/map_remapper-0.0.0-py3.10.egg-info
[0.764s] running install_scripts
[0.777s] Installing map_remapper script to /home/kev/ldlidar_ros2_ws/install/map_remapper/lib/map_remapper
[0.777s] writing list of installed files to '/home/kev/ldlidar_ros2_ws/build/map_remapper/install.log'
[0.800s] Invoked command in '/home/kev/ldlidar_ros2_ws/src/map_remapper' returned '0': PYTHONPATH=/home/kev/ldlidar_ros2_ws/build/map_remapper/prefix_override:/home/kev/ldlidar_ros2_ws/install/map_remapper/lib/python3.10/site-packages:${PYTHONPATH} /usr/bin/python3 -W ignore:setup.py install is deprecated setup.py egg_info --egg-base ../../build/map_remapper build --build-base /home/kev/ldlidar_ros2_ws/build/map_remapper/build install --record /home/kev/ldlidar_ros2_ws/build/map_remapper/install.log --single-version-externally-managed install_data
